#
# There is insufficient memory for the Java Runtime Environment to continue.
# Native memory allocation (mmap) failed to map 209715200 bytes for G1 virtual space
# Possible reasons:
#   The system is out of physical RAM or swap space
#   The process is running with CompressedOops enabled, and the Java Heap may be blocking the growth of the native heap
# Possible solutions:
#   Reduce memory load on the system
#   Increase physical memory or swap space
#   Check if swap backing store is full
#   Decrease Java heap size (-Xmx/-Xms)
#   Decrease number of Java threads
#   Decrease Java thread stack sizes (-Xss)
#   Set larger code cache with -XX:ReservedCodeCacheSize=
#   JVM is running with Zero Based Compressed Oops mode in which the Java heap is
#     placed in the first 32GB address space. The Java Heap base address is the
#     maximum limit for the native heap growth. Please use -XX:HeapBaseMinAddress
#     to set the Java Heap base and to place the Java Heap above 32GB virtual address.
# This output file may be truncated or incomplete.
#
#  Out of Memory Error (os_windows.cpp:3548), pid=26508, tid=3116
#
# JRE version: Java(TM) SE Runtime Environment (17.0.12+8) (build 17.0.12+8-LTS-286)
# Java VM: Java HotSpot(TM) 64-Bit Server VM (17.0.12+8-LTS-286, mixed mode, sharing, tiered, compressed oops, compressed class ptrs, g1 gc, windows-amd64)
# No core dump will be written. Minidumps are not enabled by default on client versions of Windows
#

---------------  S U M M A R Y ------------

Command Line: E:\command-line-tools\sdk\default\openharmony\toolchains\lib\hap-sign-tool.jar sign-app -mode localSign -keystoreFile C:\Users\AI008\.ohos\config\default_my_-harmony-master_1V8hOf65nuchsZenh4-sAEUYSHK5dPm45Zy5sDU6aOk=.p12 -keystorePwd Cqdc3jQaG5c -keyAlias debugKey -keyPwd Cqdc3jQaG5c -signAlg SHA256withECDSA -profileFile C:\Users\AI008\.ohos\config\default_my_-harmony-master_1V8hOf65nuchsZenh4-sAEUYSHK5dPm45Zy5sDU6aOk=.p7b -appCertFile C:\Users\AI008\.ohos\config\default_my_-harmony-master_1V8hOf65nuchsZenh4-sAEUYSHK5dPm45Zy5sDU6aOk=.cer -inFile C:\Users\AI008\Desktop\my_-harmony-master\entry\build\default\outputs\default\entry-default-unsigned.hap -outFile C:\Users\AI008\Desktop\my_-harmony-master\entry\build\default\outputs\default\entry-default-signed.hap

Host: 13th Gen Intel(R) Core(TM) i5-1340P, 16 cores, 15G,  Windows 10 , 64 bit Build 19041 (10.0.19041.5915)
Time: Wed Oct 15 11:17:18 2025  Windows 10 , 64 bit Build 19041 (10.0.19041.5915) elapsed time: 1.392368 seconds (0d 0h 0m 1s)

---------------  T H R E A D  ---------------

Current thread (0x000001f87d18c6d0):  VMThread "VM Thread" [stack: 0x000000cf82f00000,0x000000cf83000000] [id=3116]

Stack: [0x000000cf82f00000,0x000000cf83000000]
Native frames: (J=compiled Java code, j=interpreted, Vv=VM code, C=native code)
V  [jvm.dll+0x67a04a]
V  [jvm.dll+0x7da4ed]
V  [jvm.dll+0x7dbe33]
V  [jvm.dll+0x7dc4a3]
V  [jvm.dll+0x24508f]
V  [jvm.dll+0x677089]
V  [jvm.dll+0x66bd32]
V  [jvm.dll+0x301fa6]
V  [jvm.dll+0x309546]
V  [jvm.dll+0x359d2e]
V  [jvm.dll+0x359f5f]
V  [jvm.dll+0x2d9078]
V  [jvm.dll+0x2d74ad]
V  [jvm.dll+0x2d6afc]
V  [jvm.dll+0x31a981]
V  [jvm.dll+0x7e0d9b]
V  [jvm.dll+0x7e1ad4]
V  [jvm.dll+0x7e1fed]
V  [jvm.dll+0x7e23c4]
V  [jvm.dll+0x7e2490]
V  [jvm.dll+0x78abea]
V  [jvm.dll+0x678f35]
C  [ucrtbase.dll+0x21bb2]
C  [KERNEL32.DLL+0x17374]
C  [ntdll.dll+0x4cc91]

VM_Operation (0x000000cf829fe978): G1TryInitiateConcMark, mode: safepoint, requested by thread 0x000001f86ba09cc0


---------------  P R O C E S S  ---------------

Threads class SMR info:
_java_thread_list=0x000001f850c9b7e0, length=20, elements={
0x000001f86ba09cc0, 0x000001f87d197180, 0x000001f87d199160, 0x000001f85008dd90,
0x000001f850090760, 0x000001f850091120, 0x000001f850092a00, 0x000001f8500936b0,
0x000001f850094070, 0x000001f85009d5c0, 0x000001f850149d70, 0x000001f85021e5e0,
0x000001f85021cc90, 0x000001f85023a6f0, 0x000001f8502e3c30, 0x000001f8502e6b90,
0x000001f85098d470, 0x000001f85098b9e0, 0x000001f85098d9c0, 0x000001f85098b490
}

Java Threads: ( => current thread )
  0x000001f86ba09cc0 JavaThread "main" [_thread_blocked, id=23720, stack(0x000000cf82900000,0x000000cf82a00000)]
  0x000001f87d197180 JavaThread "Reference Handler" daemon [_thread_blocked, id=28268, stack(0x000000cf83000000,0x000000cf83100000)]
  0x000001f87d199160 JavaThread "Finalizer" daemon [_thread_blocked, id=26956, stack(0x000000cf83100000,0x000000cf83200000)]
  0x000001f85008dd90 JavaThread "Signal Dispatcher" daemon [_thread_blocked, id=28368, stack(0x000000cf83200000,0x000000cf83300000)]
  0x000001f850090760 JavaThread "Attach Listener" daemon [_thread_blocked, id=27500, stack(0x000000cf83300000,0x000000cf83400000)]
  0x000001f850091120 JavaThread "Service Thread" daemon [_thread_blocked, id=14672, stack(0x000000cf83400000,0x000000cf83500000)]
  0x000001f850092a00 JavaThread "Monitor Deflation Thread" daemon [_thread_blocked, id=8704, stack(0x000000cf83500000,0x000000cf83600000)]
  0x000001f8500936b0 JavaThread "C2 CompilerThread0" daemon [_thread_in_native, id=24180, stack(0x000000cf83600000,0x000000cf83700000)]
  0x000001f850094070 JavaThread "C1 CompilerThread0" daemon [_thread_blocked, id=15928, stack(0x000000cf83700000,0x000000cf83800000)]
  0x000001f85009d5c0 JavaThread "Sweeper thread" daemon [_thread_blocked, id=24244, stack(0x000000cf83800000,0x000000cf83900000)]
  0x000001f850149d70 JavaThread "C1 CompilerThread1" daemon [_thread_blocked, id=16336, stack(0x000000cf83900000,0x000000cf83a00000)]
  0x000001f85021e5e0 JavaThread "Notification Thread" daemon [_thread_blocked, id=25596, stack(0x000000cf83a00000,0x000000cf83b00000)]
  0x000001f85021cc90 JavaThread "Common-Cleaner" daemon [_thread_blocked, id=5932, stack(0x000000cf83c00000,0x000000cf83d00000)]
  0x000001f85023a6f0 JavaThread "C2 CompilerThread1" daemon [_thread_blocked, id=16056, stack(0x000000cf83d00000,0x000000cf83e00000)]
  0x000001f8502e3c30 JavaThread "C1 CompilerThread2" daemon [_thread_blocked, id=24956, stack(0x000000cf83e00000,0x000000cf83f00000)]
  0x000001f8502e6b90 JavaThread "C1 CompilerThread3" daemon [_thread_blocked, id=27740, stack(0x000000cf83f00000,0x000000cf84000000)]
  0x000001f85098d470 JavaThread "C2 CompilerThread2" daemon [_thread_blocked, id=14692, stack(0x000000cf84b00000,0x000000cf84c00000)]
  0x000001f85098b9e0 JavaThread "C2 CompilerThread3" daemon [_thread_blocked, id=21944, stack(0x000000cf84c00000,0x000000cf84d00000)]
  0x000001f85098d9c0 JavaThread "C2 CompilerThread4" daemon [_thread_in_native, id=26704, stack(0x000000cf84d00000,0x000000cf84e00000)]
  0x000001f85098b490 JavaThread "C2 CompilerThread5" daemon [_thread_blocked, id=23412, stack(0x000000cf84e00000,0x000000cf84f00000)]

Other Threads:
=>0x000001f87d18c6d0 VMThread "VM Thread" [stack: 0x000000cf82f00000,0x000000cf83000000] [id=3116]
  0x000001f850224f70 WatcherThread [stack: 0x000000cf83b00000,0x000000cf83c00000] [id=24036]
  0x000001f87cfc5bb0 GCTaskThread "GC Thread#0" [stack: 0x000000cf82a00000,0x000000cf82b00000] [id=2764]
  0x000001f850832f20 GCTaskThread "GC Thread#1" [stack: 0x000000cf84000000,0x000000cf84100000] [id=23684]
  0x000001f850675b40 GCTaskThread "GC Thread#2" [stack: 0x000000cf84100000,0x000000cf84200000] [id=8692]
  0x000001f850675e00 GCTaskThread "GC Thread#3" [stack: 0x000000cf84200000,0x000000cf84300000] [id=2892]
  0x000001f8506764c0 GCTaskThread "GC Thread#4" [stack: 0x000000cf84300000,0x000000cf84400000] [id=27632]
  0x000001f850ac72e0 GCTaskThread "GC Thread#5" [stack: 0x000000cf84400000,0x000000cf84500000] [id=26204]
  0x000001f850ac75a0 GCTaskThread "GC Thread#6" [stack: 0x000000cf84500000,0x000000cf84600000] [id=17052]
  0x000001f850ac7860 GCTaskThread "GC Thread#7" [stack: 0x000000cf84600000,0x000000cf84700000] [id=7536]
  0x000001f850ac8620 GCTaskThread "GC Thread#8" [stack: 0x000000cf84700000,0x000000cf84800000] [id=14268]
  0x000001f850ac8360 GCTaskThread "GC Thread#9" [stack: 0x000000cf84800000,0x000000cf84900000] [id=21148]
  0x000001f850ac7b20 GCTaskThread "GC Thread#10" [stack: 0x000000cf84900000,0x000000cf84a00000] [id=14208]
  0x000001f850ac88e0 GCTaskThread "GC Thread#11" [stack: 0x000000cf84a00000,0x000000cf84b00000] [id=24508]
  0x000001f850ac7de0 GCTaskThread "GC Thread#12" [stack: 0x000000cf84f00000,0x000000cf85000000] [id=9888]
  0x000001f87cfd6300 ConcurrentGCThread "G1 Main Marker" [stack: 0x000000cf82b00000,0x000000cf82c00000] [id=11784]
  0x000001f87cfd7fd0 ConcurrentGCThread "G1 Conc#0" [stack: 0x000000cf82c00000,0x000000cf82d00000] [id=4704]
  0x000001f87d0c8320 ConcurrentGCThread "G1 Refine#0" [stack: 0x000000cf82d00000,0x000000cf82e00000] [id=27916]
  0x000001f87d0c8bf0 ConcurrentGCThread "G1 Service" [stack: 0x000000cf82e00000,0x000000cf82f00000] [id=27224]

Threads with active compile tasks:
C2 CompilerThread0     1448 1683       4       sun.util.locale.LanguageTag::parse (205 bytes)
C2 CompilerThread2     1448 1709       4       java.security.Provider::parseLegacyPut (434 bytes)
C2 CompilerThread3     1448 1695       4       sun.util.locale.InternalLocaleBuilder::setLanguageTag (173 bytes)
C2 CompilerThread4     1448 1682       4       java.util.Locale::forLanguageTag (74 bytes)
C2 CompilerThread5     1449 1684       4       sun.util.locale.BaseLocale$Key::equals (109 bytes)

VM state: at safepoint (normal execution)

VM Mutex/Monitor currently owned by a thread:  ([mutex/lock_event])
[0x000001f86ba04ab0] Threads_lock - owner thread: 0x000001f87d18c6d0
[0x000001f86ba047e0] Heap_lock - owner thread: 0x000001f86ba09cc0

Heap address: 0x0000000705a00000, size: 4006 MB, Compressed Oops mode: Zero based, Oop shift amount: 3

CDS archive(s) mapped at: [0x000001f80f000000-0x000001f80fbd0000-0x000001f80fbd0000), size 12386304, SharedBaseAddress: 0x000001f80f000000, ArchiveRelocationMode: 1.
Compressed class space mapped at: 0x000001f810000000-0x000001f850000000, reserved size: 1073741824
Narrow klass base: 0x000001f80f000000, Narrow klass shift: 0, Narrow klass range: 0x100000000

GC Precious Log:
 CPUs: 16 total, 16 available
 Memory: 16016M
 Large Page Support: Disabled
 NUMA Support: Disabled
 Compressed Oops: Enabled (Zero based)
 Heap Region Size: 2M
 Heap Min Capacity: 8M
 Heap Initial Capacity: 252M
 Heap Max Capacity: 4006M
 Pre-touch: Disabled
 Parallel Workers: 13
 Concurrent Workers: 3
 Concurrent Refinement Workers: 13
 Periodic GC: Disabled

Heap:
 garbage-first heap   total 258048K, used 9905K [0x0000000705a00000, 0x0000000800000000)
  region size 2048K, 3 young (6144K), 3 survivors (6144K)
 Metaspace       used 12781K, committed 12992K, reserved 1114112K
  class space    used 1593K, committed 1664K, reserved 1048576K

Heap Regions: E=young(eden), S=young(survivor), O=old, HS=humongous(starts), HC=humongous(continues), CS=collection set, F=free, OA=open archive, CA=closed archive, TAMS=top-at-mark-start (previous, next)
|   0|0x0000000705a00000, 0x0000000705c00000, 0x0000000705c00000|100%| O|  |TAMS 0x0000000705a00000, 0x0000000705c00000| Untracked 
|   1|0x0000000705c00000, 0x0000000705e00000, 0x0000000705e00000|100%| O|  |TAMS 0x0000000705c00000, 0x0000000705e00000| Untracked 
|   2|0x0000000705e00000, 0x0000000705f47c00, 0x0000000706000000| 64%| O|  |TAMS 0x0000000705e00000, 0x0000000705f47c00| Untracked 
|   3|0x0000000706000000, 0x0000000706000000, 0x0000000706200000|  0%| F|  |TAMS 0x0000000706000000, 0x0000000706000000| Untracked 
|   4|0x0000000706200000, 0x0000000706200000, 0x0000000706400000|  0%| F|  |TAMS 0x0000000706200000, 0x0000000706200000| Untracked 
|   5|0x0000000706400000, 0x0000000706400000, 0x0000000706600000|  0%| F|  |TAMS 0x0000000706400000, 0x0000000706400000| Untracked 
|   6|0x0000000706600000, 0x0000000706600000, 0x0000000706800000|  0%| F|  |TAMS 0x0000000706600000, 0x0000000706600000| Untracked 
|   7|0x0000000706800000, 0x0000000706800000, 0x0000000706a00000|  0%| F|  |TAMS 0x0000000706800000, 0x0000000706800000| Untracked 
|   8|0x0000000706a00000, 0x0000000706a00000, 0x0000000706c00000|  0%| F|  |TAMS 0x0000000706a00000, 0x0000000706a00000| Untracked 
|   9|0x0000000706c00000, 0x0000000706c00000, 0x0000000706e00000|  0%| F|  |TAMS 0x0000000706c00000, 0x0000000706c00000| Untracked 
|  10|0x0000000706e00000, 0x0000000706e00000, 0x0000000707000000|  0%| F|  |TAMS 0x0000000706e00000, 0x0000000706e00000| Untracked 
|  11|0x0000000707000000, 0x0000000707000000, 0x0000000707200000|  0%| F|  |TAMS 0x0000000707000000, 0x0000000707000000| Untracked 
|  12|0x0000000707200000, 0x0000000707200000, 0x0000000707400000|  0%| F|  |TAMS 0x0000000707200000, 0x0000000707200000| Untracked 
|  13|0x0000000707400000, 0x0000000707400000, 0x0000000707600000|  0%| F|  |TAMS 0x0000000707400000, 0x0000000707400000| Untracked 
|  14|0x0000000707600000, 0x0000000707600000, 0x0000000707800000|  0%| F|  |TAMS 0x0000000707600000, 0x0000000707600000| Untracked 
|  15|0x0000000707800000, 0x0000000707800000, 0x0000000707a00000|  0%| F|  |TAMS 0x0000000707800000, 0x0000000707800000| Untracked 
|  16|0x0000000707a00000, 0x0000000707a00000, 0x0000000707c00000|  0%| F|  |TAMS 0x0000000707a00000, 0x0000000707a00000| Untracked 
|  17|0x0000000707c00000, 0x0000000707c00000, 0x0000000707e00000|  0%| F|  |TAMS 0x0000000707c00000, 0x0000000707c00000| Untracked 
|  18|0x0000000707e00000, 0x0000000707e00000, 0x0000000708000000|  0%| F|  |TAMS 0x0000000707e00000, 0x0000000707e00000| Untracked 
|  19|0x0000000708000000, 0x0000000708000000, 0x0000000708200000|  0%| F|  |TAMS 0x0000000708000000, 0x0000000708000000| Untracked 
|  20|0x0000000708200000, 0x0000000708200000, 0x0000000708400000|  0%| F|  |TAMS 0x0000000708200000, 0x0000000708200000| Untracked 
|  21|0x0000000708400000, 0x0000000708400000, 0x0000000708600000|  0%| F|  |TAMS 0x0000000708400000, 0x0000000708400000| Untracked 
|  22|0x0000000708600000, 0x0000000708600000, 0x0000000708800000|  0%| F|  |TAMS 0x0000000708600000, 0x0000000708600000| Untracked 
|  23|0x0000000708800000, 0x0000000708800000, 0x0000000708a00000|  0%| F|  |TAMS 0x0000000708800000, 0x0000000708800000| Untracked 
|  24|0x0000000708a00000, 0x0000000708a00000, 0x0000000708c00000|  0%| F|  |TAMS 0x0000000708a00000, 0x0000000708a00000| Untracked 
|  25|0x0000000708c00000, 0x0000000708c00000, 0x0000000708e00000|  0%| F|  |TAMS 0x0000000708c00000, 0x0000000708c00000| Untracked 
|  26|0x0000000708e00000, 0x0000000708e00000, 0x0000000709000000|  0%| F|  |TAMS 0x0000000708e00000, 0x0000000708e00000| Untracked 
|  27|0x0000000709000000, 0x0000000709000000, 0x0000000709200000|  0%| F|  |TAMS 0x0000000709000000, 0x0000000709000000| Untracked 
|  28|0x0000000709200000, 0x0000000709200000, 0x0000000709400000|  0%| F|  |TAMS 0x0000000709200000, 0x0000000709200000| Untracked 
|  29|0x0000000709400000, 0x0000000709400000, 0x0000000709600000|  0%| F|  |TAMS 0x0000000709400000, 0x0000000709400000| Untracked 
|  30|0x0000000709600000, 0x0000000709600000, 0x0000000709800000|  0%| F|  |TAMS 0x0000000709600000, 0x0000000709600000| Untracked 
|  31|0x0000000709800000, 0x0000000709800000, 0x0000000709a00000|  0%| F|  |TAMS 0x0000000709800000, 0x0000000709800000| Untracked 
|  32|0x0000000709a00000, 0x0000000709a00000, 0x0000000709c00000|  0%| F|  |TAMS 0x0000000709a00000, 0x0000000709a00000| Untracked 
|  33|0x0000000709c00000, 0x0000000709c00000, 0x0000000709e00000|  0%| F|  |TAMS 0x0000000709c00000, 0x0000000709c00000| Untracked 
|  34|0x0000000709e00000, 0x0000000709e00000, 0x000000070a000000|  0%| F|  |TAMS 0x0000000709e00000, 0x0000000709e00000| Untracked 
|  35|0x000000070a000000, 0x000000070a000000, 0x000000070a200000|  0%| F|  |TAMS 0x000000070a000000, 0x000000070a000000| Untracked 
|  36|0x000000070a200000, 0x000000070a200000, 0x000000070a400000|  0%| F|  |TAMS 0x000000070a200000, 0x000000070a200000| Untracked 
|  37|0x000000070a400000, 0x000000070a400000, 0x000000070a600000|  0%| F|  |TAMS 0x000000070a400000, 0x000000070a400000| Untracked 
|  38|0x000000070a600000, 0x000000070a600000, 0x000000070a800000|  0%| F|  |TAMS 0x000000070a600000, 0x000000070a600000| Untracked 
|  39|0x000000070a800000, 0x000000070a800000, 0x000000070aa00000|  0%| F|  |TAMS 0x000000070a800000, 0x000000070a800000| Untracked 
|  40|0x000000070aa00000, 0x000000070aa00000, 0x000000070ac00000|  0%| F|  |TAMS 0x000000070aa00000, 0x000000070aa00000| Untracked 
|  41|0x000000070ac00000, 0x000000070ac00000, 0x000000070ae00000|  0%| F|  |TAMS 0x000000070ac00000, 0x000000070ac00000| Untracked 
|  42|0x000000070ae00000, 0x000000070ae00000, 0x000000070b000000|  0%| F|  |TAMS 0x000000070ae00000, 0x000000070ae00000| Untracked 
|  43|0x000000070b000000, 0x000000070b000000, 0x000000070b200000|  0%| F|  |TAMS 0x000000070b000000, 0x000000070b000000| Untracked 
|  44|0x000000070b200000, 0x000000070b200000, 0x000000070b400000|  0%| F|  |TAMS 0x000000070b200000, 0x000000070b200000| Untracked 
|  45|0x000000070b400000, 0x000000070b400000, 0x000000070b600000|  0%| F|  |TAMS 0x000000070b400000, 0x000000070b400000| Untracked 
|  46|0x000000070b600000, 0x000000070b600000, 0x000000070b800000|  0%| F|  |TAMS 0x000000070b600000, 0x000000070b600000| Untracked 
|  47|0x000000070b800000, 0x000000070b800000, 0x000000070ba00000|  0%| F|  |TAMS 0x000000070b800000, 0x000000070b800000| Untracked 
|  48|0x000000070ba00000, 0x000000070ba00000, 0x000000070bc00000|  0%| F|  |TAMS 0x000000070ba00000, 0x000000070ba00000| Untracked 
|  49|0x000000070bc00000, 0x000000070bc00000, 0x000000070be00000|  0%| F|  |TAMS 0x000000070bc00000, 0x000000070bc00000| Untracked 
|  50|0x000000070be00000, 0x000000070be00000, 0x000000070c000000|  0%| F|  |TAMS 0x000000070be00000, 0x000000070be00000| Untracked 
|  51|0x000000070c000000, 0x000000070c000000, 0x000000070c200000|  0%| F|  |TAMS 0x000000070c000000, 0x000000070c000000| Untracked 
|  52|0x000000070c200000, 0x000000070c200000, 0x000000070c400000|  0%| F|  |TAMS 0x000000070c200000, 0x000000070c200000| Untracked 
|  53|0x000000070c400000, 0x000000070c400000, 0x000000070c600000|  0%| F|  |TAMS 0x000000070c400000, 0x000000070c400000| Untracked 
|  54|0x000000070c600000, 0x000000070c600000, 0x000000070c800000|  0%| F|  |TAMS 0x000000070c600000, 0x000000070c600000| Untracked 
|  55|0x000000070c800000, 0x000000070c800000, 0x000000070ca00000|  0%| F|  |TAMS 0x000000070c800000, 0x000000070c800000| Untracked 
|  56|0x000000070ca00000, 0x000000070ca00000, 0x000000070cc00000|  0%| F|  |TAMS 0x000000070ca00000, 0x000000070ca00000| Untracked 
|  57|0x000000070cc00000, 0x000000070cc00000, 0x000000070ce00000|  0%| F|  |TAMS 0x000000070cc00000, 0x000000070cc00000| Untracked 
|  58|0x000000070ce00000, 0x000000070ce00000, 0x000000070d000000|  0%| F|  |TAMS 0x000000070ce00000, 0x000000070ce00000| Untracked 
|  59|0x000000070d000000, 0x000000070d000000, 0x000000070d200000|  0%| F|  |TAMS 0x000000070d000000, 0x000000070d000000| Untracked 
|  60|0x000000070d200000, 0x000000070d200000, 0x000000070d400000|  0%| F|  |TAMS 0x000000070d200000, 0x000000070d200000| Untracked 
|  61|0x000000070d400000, 0x000000070d400000, 0x000000070d600000|  0%| F|  |TAMS 0x000000070d400000, 0x000000070d400000| Untracked 
|  62|0x000000070d600000, 0x000000070d600000, 0x000000070d800000|  0%| F|  |TAMS 0x000000070d600000, 0x000000070d600000| Untracked 
|  63|0x000000070d800000, 0x000000070d800000, 0x000000070da00000|  0%| F|  |TAMS 0x000000070d800000, 0x000000070d800000| Untracked 
|  64|0x000000070da00000, 0x000000070da00000, 0x000000070dc00000|  0%| F|  |TAMS 0x000000070da00000, 0x000000070da00000| Untracked 
|  65|0x000000070dc00000, 0x000000070dc00000, 0x000000070de00000|  0%| F|  |TAMS 0x000000070dc00000, 0x000000070dc00000| Untracked 
|  66|0x000000070de00000, 0x000000070de00000, 0x000000070e000000|  0%| F|  |TAMS 0x000000070de00000, 0x000000070de00000| Untracked 
|  67|0x000000070e000000, 0x000000070e000000, 0x000000070e200000|  0%| F|  |TAMS 0x000000070e000000, 0x000000070e000000| Untracked 
|  68|0x000000070e200000, 0x000000070e200000, 0x000000070e400000|  0%| F|  |TAMS 0x000000070e200000, 0x000000070e200000| Untracked 
|  69|0x000000070e400000, 0x000000070e400000, 0x000000070e600000|  0%| F|  |TAMS 0x000000070e400000, 0x000000070e400000| Untracked 
|  70|0x000000070e600000, 0x000000070e600000, 0x000000070e800000|  0%| F|  |TAMS 0x000000070e600000, 0x000000070e600000| Untracked 
|  71|0x000000070e800000, 0x000000070e800000, 0x000000070ea00000|  0%| F|  |TAMS 0x000000070e800000, 0x000000070e800000| Untracked 
|  72|0x000000070ea00000, 0x000000070ea00000, 0x000000070ec00000|  0%| F|  |TAMS 0x000000070ea00000, 0x000000070ea00000| Untracked 
|  73|0x000000070ec00000, 0x000000070ec00000, 0x000000070ee00000|  0%| F|  |TAMS 0x000000070ec00000, 0x000000070ec00000| Untracked 
|  74|0x000000070ee00000, 0x000000070ee00000, 0x000000070f000000|  0%| F|  |TAMS 0x000000070ee00000, 0x000000070ee00000| Untracked 
|  75|0x000000070f000000, 0x000000070f000000, 0x000000070f200000|  0%| F|  |TAMS 0x000000070f000000, 0x000000070f000000| Untracked 
|  76|0x000000070f200000, 0x000000070f200000, 0x000000070f400000|  0%| F|  |TAMS 0x000000070f200000, 0x000000070f200000| Untracked 
|  77|0x000000070f400000, 0x000000070f400000, 0x000000070f600000|  0%| F|  |TAMS 0x000000070f400000, 0x000000070f400000| Untracked 
|  78|0x000000070f600000, 0x000000070f600000, 0x000000070f800000|  0%| F|  |TAMS 0x000000070f600000, 0x000000070f600000| Untracked 
|  79|0x000000070f800000, 0x000000070f800000, 0x000000070fa00000|  0%| F|  |TAMS 0x000000070f800000, 0x000000070f800000| Untracked 
|  80|0x000000070fa00000, 0x000000070fa00000, 0x000000070fc00000|  0%| F|  |TAMS 0x000000070fa00000, 0x000000070fa00000| Untracked 
|  81|0x000000070fc00000, 0x000000070fc00000, 0x000000070fe00000|  0%| F|  |TAMS 0x000000070fc00000, 0x000000070fc00000| Untracked 
|  82|0x000000070fe00000, 0x000000070fe00000, 0x0000000710000000|  0%| F|  |TAMS 0x000000070fe00000, 0x000000070fe00000| Untracked 
|  83|0x0000000710000000, 0x0000000710000000, 0x0000000710200000|  0%| F|  |TAMS 0x0000000710000000, 0x0000000710000000| Untracked 
|  84|0x0000000710200000, 0x0000000710200000, 0x0000000710400000|  0%| F|  |TAMS 0x0000000710200000, 0x0000000710200000| Untracked 
|  85|0x0000000710400000, 0x0000000710400000, 0x0000000710600000|  0%| F|  |TAMS 0x0000000710400000, 0x0000000710400000| Untracked 
|  86|0x0000000710600000, 0x0000000710600000, 0x0000000710800000|  0%| F|  |TAMS 0x0000000710600000, 0x0000000710600000| Untracked 
|  87|0x0000000710800000, 0x0000000710800000, 0x0000000710a00000|  0%| F|  |TAMS 0x0000000710800000, 0x0000000710800000| Untracked 
|  88|0x0000000710a00000, 0x0000000710a00000, 0x0000000710c00000|  0%| F|  |TAMS 0x0000000710a00000, 0x0000000710a00000| Untracked 
|  89|0x0000000710c00000, 0x0000000710c00000, 0x0000000710e00000|  0%| F|  |TAMS 0x0000000710c00000, 0x0000000710c00000| Untracked 
|  90|0x0000000710e00000, 0x0000000710e00000, 0x0000000711000000|  0%| F|  |TAMS 0x0000000710e00000, 0x0000000710e00000| Untracked 
|  91|0x0000000711000000, 0x0000000711000000, 0x0000000711200000|  0%| F|  |TAMS 0x0000000711000000, 0x0000000711000000| Untracked 
|  92|0x0000000711200000, 0x0000000711200000, 0x0000000711400000|  0%| F|  |TAMS 0x0000000711200000, 0x0000000711200000| Untracked 
|  93|0x0000000711400000, 0x0000000711400000, 0x0000000711600000|  0%| F|  |TAMS 0x0000000711400000, 0x0000000711400000| Untracked 
|  94|0x0000000711600000, 0x0000000711600000, 0x0000000711800000|  0%| F|  |TAMS 0x0000000711600000, 0x0000000711600000| Untracked 
|  95|0x0000000711800000, 0x0000000711800000, 0x0000000711a00000|  0%| F|  |TAMS 0x0000000711800000, 0x0000000711800000| Untracked 
|  96|0x0000000711a00000, 0x0000000711a00000, 0x0000000711c00000|  0%| F|  |TAMS 0x0000000711a00000, 0x0000000711a00000| Untracked 
|  97|0x0000000711c00000, 0x0000000711c00000, 0x0000000711e00000|  0%| F|  |TAMS 0x0000000711c00000, 0x0000000711c00000| Untracked 
|  98|0x0000000711e00000, 0x0000000711e00000, 0x0000000712000000|  0%| F|  |TAMS 0x0000000711e00000, 0x0000000711e00000| Untracked 
|  99|0x0000000712000000, 0x0000000712000000, 0x0000000712200000|  0%| F|  |TAMS 0x0000000712000000, 0x0000000712000000| Untracked 
| 100|0x0000000712200000, 0x0000000712200000, 0x0000000712400000|  0%| F|  |TAMS 0x0000000712200000, 0x0000000712200000| Untracked 
| 101|0x0000000712400000, 0x0000000712400000, 0x0000000712600000|  0%| F|  |TAMS 0x0000000712400000, 0x0000000712400000| Untracked 
| 102|0x0000000712600000, 0x0000000712600000, 0x0000000712800000|  0%| F|  |TAMS 0x0000000712600000, 0x0000000712600000| Untracked 
| 103|0x0000000712800000, 0x0000000712800000, 0x0000000712a00000|  0%| F|  |TAMS 0x0000000712800000, 0x0000000712800000| Untracked 
| 104|0x0000000712a00000, 0x0000000712a00000, 0x0000000712c00000|  0%| F|  |TAMS 0x0000000712a00000, 0x0000000712a00000| Untracked 
| 105|0x0000000712c00000, 0x0000000712c00000, 0x0000000712e00000|  0%| F|  |TAMS 0x0000000712c00000, 0x0000000712c00000| Untracked 
| 106|0x0000000712e00000, 0x0000000712e00000, 0x0000000713000000|  0%| F|  |TAMS 0x0000000712e00000, 0x0000000712e00000| Untracked 
| 107|0x0000000713000000, 0x0000000713000000, 0x0000000713200000|  0%| F|  |TAMS 0x0000000713000000, 0x0000000713000000| Untracked 
| 108|0x0000000713200000, 0x0000000713200000, 0x0000000713400000|  0%| F|  |TAMS 0x0000000713200000, 0x0000000713200000| Untracked 
| 109|0x0000000713400000, 0x0000000713400000, 0x0000000713600000|  0%| F|  |TAMS 0x0000000713400000, 0x0000000713400000| Untracked 
| 110|0x0000000713600000, 0x0000000713600000, 0x0000000713800000|  0%| F|  |TAMS 0x0000000713600000, 0x0000000713600000| Untracked 
| 111|0x0000000713800000, 0x0000000713800000, 0x0000000713a00000|  0%| F|  |TAMS 0x0000000713800000, 0x0000000713800000| Untracked 
| 112|0x0000000713a00000, 0x0000000713a00000, 0x0000000713c00000|  0%| F|  |TAMS 0x0000000713a00000, 0x0000000713a00000| Untracked 
| 113|0x0000000713c00000, 0x0000000713c00000, 0x0000000713e00000|  0%| F|  |TAMS 0x0000000713c00000, 0x0000000713c00000| Untracked 
| 114|0x0000000713e00000, 0x0000000713e00000, 0x0000000714000000|  0%| F|  |TAMS 0x0000000713e00000, 0x0000000713e00000| Untracked 
| 115|0x0000000714000000, 0x0000000714000000, 0x0000000714200000|  0%| F|  |TAMS 0x0000000714000000, 0x0000000714000000| Untracked 
| 116|0x0000000714200000, 0x0000000714200000, 0x0000000714400000|  0%| F|  |TAMS 0x0000000714200000, 0x0000000714200000| Untracked 
| 117|0x0000000714400000, 0x0000000714400000, 0x0000000714600000|  0%| F|  |TAMS 0x0000000714400000, 0x0000000714400000| Untracked 
| 118|0x0000000714600000, 0x0000000714600000, 0x0000000714800000|  0%| F|  |TAMS 0x0000000714600000, 0x0000000714600000| Untracked 
| 119|0x0000000714800000, 0x0000000714864908, 0x0000000714a00000| 19%| S|CS|TAMS 0x0000000714800000, 0x0000000714800000| Complete 
| 120|0x0000000714a00000, 0x0000000714a00000, 0x0000000714c00000|  0%| F|  |TAMS 0x0000000714a00000, 0x0000000714a00000| Untracked 
| 121|0x0000000714c00000, 0x0000000714c00000, 0x0000000714e00000|  0%| F|  |TAMS 0x0000000714c00000, 0x0000000714c00000| Untracked 
| 122|0x0000000714e00000, 0x0000000714e00000, 0x0000000715000000|  0%| F|  |TAMS 0x0000000714e00000, 0x0000000714e00000| Untracked 
| 123|0x0000000715000000, 0x0000000715200000, 0x0000000715200000|100%| S|CS|TAMS 0x0000000715000000, 0x0000000715000000| Complete 
| 124|0x0000000715200000, 0x0000000715400000, 0x0000000715400000|100%| S|CS|TAMS 0x0000000715200000, 0x0000000715200000| Complete 
| 125|0x0000000715400000, 0x0000000715400000, 0x0000000715600000|  0%| F|  |TAMS 0x0000000715400000, 0x0000000715400000| Untracked 

Card table byte_map: [0x000001f8742a0000,0x000001f874a80000] _byte_map_base: 0x000001f870a73000

Marking Bits (Prev, Next): (CMBitMap*) 0x000001f87cfc5f80, (CMBitMap*) 0x000001f87cfc5fc0
 Prev Bits: [0x000001f875260000, 0x000001f8790f8000)
 Next Bits: [0x000001f879100000, 0x000001f87cf98000)

Polling page: 0x000001f8675b0000

Metaspace:

Usage:
  Non-class:     10.93 MB used.
      Class:      1.56 MB used.
       Both:     12.48 MB used.

Virtual space:
  Non-class space:       64.00 MB reserved,      11.06 MB ( 17%) committed,  1 nodes.
      Class space:        1.00 GB reserved,       1.62 MB ( <1%) committed,  1 nodes.
             Both:        1.06 GB reserved,      12.69 MB (  1%) committed. 

Chunk freelists:
   Non-Class:  4.73 MB
       Class:  14.38 MB
        Both:  19.11 MB

MaxMetaspaceSize: unlimited
CompressedClassSpaceSize: 1.00 GB
Initial GC threshold: 21.00 MB
Current GC threshold: 21.00 MB
CDS: on
MetaspaceReclaimPolicy: balanced
 - commit_granule_bytes: 65536.
 - commit_granule_words: 8192.
 - virtual_space_node_default_size: 8388608.
 - enlarge_chunks_in_place: 1.
 - new_chunks_are_fully_committed: 0.
 - uncommit_free_chunks: 1.
 - use_allocation_guard: 0.
 - handle_deallocations: 1.


Internal statistics:

num_allocs_failed_limit: 0.
num_arena_births: 144.
num_arena_deaths: 0.
num_vsnodes_births: 2.
num_vsnodes_deaths: 0.
num_space_committed: 203.
num_space_uncommitted: 0.
num_chunks_returned_to_freelist: 0.
num_chunks_taken_from_freelist: 432.
num_chunk_merges: 0.
num_chunk_splits: 315.
num_chunks_enlarged: 250.
num_inconsistent_stats: 0.

CodeHeap 'non-profiled nmethods': size=119168Kb used=796Kb max_used=796Kb free=118371Kb
 bounds [0x000001f807ba0000, 0x000001f807e10000, 0x000001f80f000000]
CodeHeap 'profiled nmethods': size=119104Kb used=3299Kb max_used=3299Kb free=115804Kb
 bounds [0x000001f800000000, 0x000001f800340000, 0x000001f807450000]
CodeHeap 'non-nmethods': size=7488Kb used=2916Kb max_used=2960Kb free=4571Kb
 bounds [0x000001f807450000, 0x000001f807740000, 0x000001f807ba0000]
 total_blobs=2388 nmethods=1861 adapters=436
 compilation: enabled
              stopped_count=0, restarted_count=0
 full_count=0

Compilation events (20 events):
Event: 1.367 Thread 0x000001f85023a6f0 nmethod 1812 0x000001f807c62b90 code [0x000001f807c62d00, 0x000001f807c62d58]
Event: 1.367 Thread 0x000001f85023a6f0 1837       4       java.nio.HeapByteBuffer::ix (7 bytes)
Event: 1.368 Thread 0x000001f85023a6f0 nmethod 1837 0x000001f807c62e90 code [0x000001f807c63000, 0x000001f807c63078]
Event: 1.368 Thread 0x000001f85023a6f0 1765       4       org.bouncycastle.math.raw.Nat256::create (5 bytes)
Event: 1.368 Thread 0x000001f850094070 1864       3       java.nio.ByteBuffer::wrap (8 bytes)
Event: 1.368 Thread 0x000001f850094070 nmethod 1864 0x000001f800338510 code [0x000001f8003386a0, 0x000001f8003387c8]
Event: 1.369 Thread 0x000001f85023a6f0 nmethod 1765 0x000001f807c63190 code [0x000001f807c63300, 0x000001f807c633d8]
Event: 1.369 Thread 0x000001f85023a6f0 1770       4       org.bouncycastle.math.raw.Nat256::sub (251 bytes)
Event: 1.373 Thread 0x000001f85023a6f0 nmethod 1770 0x000001f807c63490 code [0x000001f807c63620, 0x000001f807c637f8]
Event: 1.373 Thread 0x000001f85023a6f0 1849       4       com.ohos.hapsigntool.zip.CentralDirectory::updateLength (22 bytes)
Event: 1.374 Thread 0x000001f850094070 1865       3       java.nio.ByteBuffer::order (48 bytes)
Event: 1.375 Thread 0x000001f850094070 nmethod 1865 0x000001f800338890 code [0x000001f800338a40, 0x000001f800338c78]
Event: 1.376 Thread 0x000001f85023a6f0 nmethod 1849 0x000001f807c63990 code [0x000001f807c63b00, 0x000001f807c63b98]
Event: 1.376 Thread 0x000001f85023a6f0 1734       4       org.bouncycastle.crypto.digests.SHA256Digest::Ch (10 bytes)
Event: 1.378 Thread 0x000001f85023a6f0 nmethod 1734 0x000001f807c63c90 code [0x000001f807c63e00, 0x000001f807c63e78]
Event: 1.378 Thread 0x000001f85023a6f0 1735       4       org.bouncycastle.crypto.digests.SHA256Digest::Sum0 (29 bytes)
Event: 1.381 Thread 0x000001f85023a6f0 nmethod 1735 0x000001f807c63f90 code [0x000001f807c64100, 0x000001f807c64178]
Event: 1.381 Thread 0x000001f85023a6f0 1736       4       org.bouncycastle.crypto.digests.SHA256Digest::Sum1 (30 bytes)
Event: 1.383 Thread 0x000001f85023a6f0 nmethod 1736 0x000001f807c64290 code [0x000001f807c64400, 0x000001f807c64478]
Event: 1.386 Thread 0x000001f85098b9e0 nmethod 1695 0x000001f807c64590 code [0x000001f807c64840, 0x000001f807c665c0]

GC Heap History (11 events):
Event: 0.520 GC heap before
{Heap before GC invocations=0 (full 0):
 garbage-first heap   total 258048K, used 20480K [0x0000000705a00000, 0x0000000800000000)
  region size 2048K, 11 young (22528K), 0 survivors (0K)
 Metaspace       used 5237K, committed 5440K, reserved 1114112K
  class space    used 667K, committed 768K, reserved 1048576K
}
Event: 0.525 GC heap after
{Heap after GC invocations=1 (full 0):
 garbage-first heap   total 258048K, used 5352K [0x0000000705a00000, 0x0000000800000000)
  region size 2048K, 2 young (4096K), 2 survivors (4096K)
 Metaspace       used 5237K, committed 5440K, reserved 1114112K
  class space    used 667K, committed 768K, reserved 1048576K
}
Event: 1.138 GC heap before
{Heap before GC invocations=1 (full 0):
 garbage-first heap   total 258048K, used 29928K [0x0000000705a00000, 0x0000000800000000)
  region size 2048K, 14 young (28672K), 2 survivors (4096K)
 Metaspace       used 12474K, committed 12672K, reserved 1114112K
  class space    used 1565K, committed 1664K, reserved 1048576K
}
Event: 1.147 GC heap after
{Heap after GC invocations=2 (full 0):
 garbage-first heap   total 258048K, used 8938K [0x0000000705a00000, 0x0000000800000000)
  region size 2048K, 2 young (4096K), 2 survivors (4096K)
 Metaspace       used 12474K, committed 12672K, reserved 1114112K
  class space    used 1565K, committed 1664K, reserved 1048576K
}
Event: 1.316 GC heap before
{Heap before GC invocations=2 (full 0):
 garbage-first heap   total 258048K, used 123626K [0x0000000705a00000, 0x0000000800000000)
  region size 2048K, 5 young (10240K), 2 survivors (4096K)
 Metaspace       used 12778K, committed 12992K, reserved 1114112K
  class space    used 1593K, committed 1664K, reserved 1048576K
}
Event: 1.320 GC heap after
{Heap after GC invocations=3 (full 0):
 garbage-first heap   total 258048K, used 9816K [0x0000000705a00000, 0x0000000800000000)
  region size 2048K, 3 young (6144K), 3 survivors (6144K)
 Metaspace       used 12778K, committed 12992K, reserved 1114112K
  class space    used 1593K, committed 1664K, reserved 1048576K
}
Event: 1.339 GC heap before
{Heap before GC invocations=3 (full 0):
 garbage-first heap   total 258048K, used 120408K [0x0000000705a00000, 0x0000000800000000)
  region size 2048K, 4 young (8192K), 3 survivors (6144K)
 Metaspace       used 12778K, committed 12992K, reserved 1114112K
  class space    used 1593K, committed 1664K, reserved 1048576K
}
Event: 1.342 GC heap after
{Heap after GC invocations=4 (full 0):
 garbage-first heap   total 258048K, used 9885K [0x0000000705a00000, 0x0000000800000000)
  region size 2048K, 3 young (6144K), 3 survivors (6144K)
 Metaspace       used 12778K, committed 12992K, reserved 1114112K
  class space    used 1593K, committed 1664K, reserved 1048576K
}
Event: 1.363 GC heap before
{Heap before GC invocations=4 (full 0):
 garbage-first heap   total 258048K, used 120477K [0x0000000705a00000, 0x0000000800000000)
  region size 2048K, 4 young (8192K), 3 survivors (6144K)
 Metaspace       used 12780K, committed 12992K, reserved 1114112K
  class space    used 1593K, committed 1664K, reserved 1048576K
}
Event: 1.366 GC heap after
{Heap after GC invocations=5 (full 0):
 garbage-first heap   total 258048K, used 9903K [0x0000000705a00000, 0x0000000800000000)
  region size 2048K, 3 young (6144K), 3 survivors (6144K)
 Metaspace       used 12780K, committed 12992K, reserved 1114112K
  class space    used 1593K, committed 1664K, reserved 1048576K
}
Event: 1.385 GC heap before
{Heap before GC invocations=5 (full 0):
 garbage-first heap   total 258048K, used 120495K [0x0000000705a00000, 0x0000000800000000)
  region size 2048K, 4 young (8192K), 3 survivors (6144K)
 Metaspace       used 12781K, committed 12992K, reserved 1114112K
  class space    used 1593K, committed 1664K, reserved 1048576K
}

Deoptimization events (20 events):
Event: 1.017 Thread 0x000001f86ba09cc0 DEOPT PACKING pc=0x000001f807bc8248 sp=0x000000cf829fe8b0
Event: 1.017 Thread 0x000001f86ba09cc0 DEOPT UNPACKING pc=0x000001f8074a23a3 sp=0x000000cf829fe828 mode 2
Event: 1.056 Thread 0x000001f86ba09cc0 DEOPT PACKING pc=0x000001f8002dcbe3 sp=0x000000cf829f9d90
Event: 1.056 Thread 0x000001f86ba09cc0 DEOPT UNPACKING pc=0x000001f8074a2b43 sp=0x000000cf829f92a0 mode 0
Event: 1.089 Thread 0x000001f86ba09cc0 DEOPT PACKING pc=0x000001f8002fece5 sp=0x000000cf829f9740
Event: 1.089 Thread 0x000001f86ba09cc0 DEOPT UNPACKING pc=0x000001f8074a2b43 sp=0x000000cf829f8b90 mode 0
Event: 1.122 Thread 0x000001f86ba09cc0 DEOPT PACKING pc=0x000001f8002dcbc2 sp=0x000000cf829fa1c0
Event: 1.122 Thread 0x000001f86ba09cc0 DEOPT UNPACKING pc=0x000001f8074a2b43 sp=0x000000cf829f96d0 mode 0
Event: 1.216 Thread 0x000001f86ba09cc0 Uncommon trap: trap_request=0xffffff45 fr.pc=0x000001f807c189f8 relative=0x0000000000000178
Event: 1.216 Thread 0x000001f86ba09cc0 Uncommon trap: reason=unstable_if action=reinterpret pc=0x000001f807c189f8 method=java.lang.String.indexOf(II)I @ 4 c2
Event: 1.216 Thread 0x000001f86ba09cc0 DEOPT PACKING pc=0x000001f807c189f8 sp=0x000000cf829fede0
Event: 1.216 Thread 0x000001f86ba09cc0 DEOPT UNPACKING pc=0x000001f8074a23a3 sp=0x000000cf829fed10 mode 2
Event: 1.216 Thread 0x000001f86ba09cc0 Uncommon trap: trap_request=0xffffff45 fr.pc=0x000001f807bb8ddc relative=0x00000000000001bc
Event: 1.216 Thread 0x000001f86ba09cc0 Uncommon trap: reason=unstable_if action=reinterpret pc=0x000001f807bb8ddc method=java.lang.String.indexOf(II)I @ 4 c2
Event: 1.216 Thread 0x000001f86ba09cc0 DEOPT PACKING pc=0x000001f807bb8ddc sp=0x000000cf829fec30
Event: 1.216 Thread 0x000001f86ba09cc0 DEOPT UNPACKING pc=0x000001f8074a23a3 sp=0x000000cf829febd0 mode 2
Event: 1.217 Thread 0x000001f86ba09cc0 Uncommon trap: trap_request=0xffffff45 fr.pc=0x000001f807c19880 relative=0x0000000000000100
Event: 1.217 Thread 0x000001f86ba09cc0 Uncommon trap: reason=unstable_if action=reinterpret pc=0x000001f807c19880 method=java.lang.String.getBytes([BIIBI)V @ 6 c2
Event: 1.217 Thread 0x000001f86ba09cc0 DEOPT PACKING pc=0x000001f807c19880 sp=0x000000cf829feb50
Event: 1.217 Thread 0x000001f86ba09cc0 DEOPT UNPACKING pc=0x000001f8074a23a3 sp=0x000000cf829feae8 mode 2

Classes unloaded (0 events):
No events

Classes redefined (0 events):
No events

Internal exceptions (20 events):
Event: 0.158 Thread 0x000001f86ba09cc0 Exception <a 'java/lang/NoSuchMethodError'{0x0000000714e63c50}: 'int java.lang.invoke.DirectMethodHandle$Holder.invokeStaticInit(java.lang.Object, java.lang.Object)'> (0x0000000714e63c50) 
thrown [s\open\src\hotspot\share\interpreter\linkResolver.cpp, line 759]
Event: 0.363 Thread 0x000001f86ba09cc0 Exception <a 'java/lang/NoSuchMethodError'{0x00000007146bf3b0}: 'void java.lang.invoke.DirectMethodHandle$Holder.invokeStatic(java.lang.Object, java.lang.Object, java.lang.Object, java.lang.Object)'> (0x00000007146bf3b0) 
thrown [s\open\src\hotspot\share\interpreter\linkResolver.cpp, line 759]
Event: 0.369 Thread 0x000001f86ba09cc0 Exception <a 'java/lang/NoSuchMethodError'{0x00000007146fb468}: 'int java.lang.invoke.DirectMethodHandle$Holder.invokeStatic(java.lang.Object, java.lang.Object, int)'> (0x00000007146fb468) 
thrown [s\open\src\hotspot\share\interpreter\linkResolver.cpp, line 759]
Event: 0.374 Thread 0x000001f86ba09cc0 Exception <a 'java/lang/NoSuchMethodError'{0x00000007147175e0}: 'int java.lang.invoke.DirectMethodHandle$Holder.invokeStatic(java.lang.Object)'> (0x00000007147175e0) 
thrown [s\open\src\hotspot\share\interpreter\linkResolver.cpp, line 759]
Event: 0.375 Thread 0x000001f86ba09cc0 Exception <a 'java/lang/NoSuchMethodError'{0x000000071471aa90}: 'int java.lang.invoke.DirectMethodHandle$Holder.invokeStaticInit(java.lang.Object)'> (0x000000071471aa90) 
thrown [s\open\src\hotspot\share\interpreter\linkResolver.cpp, line 759]
Event: 0.382 Thread 0x000001f86ba09cc0 Exception <a 'java/lang/NoSuchMethodError'{0x0000000714730c68}: 'java.lang.Object java.lang.invoke.DirectMethodHandle$Holder.invokeStaticInit(java.lang.Object)'> (0x0000000714730c68) 
thrown [s\open\src\hotspot\share\interpreter\linkResolver.cpp, line 759]
Event: 0.388 Thread 0x000001f86ba09cc0 Exception <a 'java/lang/NoSuchMethodError'{0x000000071474e890}: 'void java.lang.invoke.DirectMethodHandle$Holder.invokeStatic(java.lang.Object, java.lang.Object, java.lang.Object)'> (0x000000071474e890) 
thrown [s\open\src\hotspot\share\interpreter\linkResolver.cpp, line 759]
Event: 0.397 Thread 0x000001f86ba09cc0 Exception <a 'java/lang/NoSuchMethodError'{0x00000007147e3480}: 'java.lang.Object java.lang.invoke.DirectMethodHandle$Holder.invokeStatic(java.lang.Object, java.lang.Object, int)'> (0x00000007147e3480) 
thrown [s\open\src\hotspot\share\interpreter\linkResolver.cpp, line 759]
Event: 0.398 Thread 0x000001f86ba09cc0 Exception <a 'java/lang/NoSuchMethodError'{0x00000007147ef268}: 'void java.lang.invoke.DelegatingMethodHandle$Holder.delegate(java.lang.Object, java.lang.Object, int, java.lang.Object)'> (0x00000007147ef268) 
thrown [s\open\src\hotspot\share\interpreter\linkResolver.cpp, line 759]
Event: 0.399 Thread 0x000001f86ba09cc0 Exception <a 'java/lang/NoSuchMethodError'{0x00000007147f33b0}: 'int java.lang.invoke.DirectMethodHandle$Holder.invokeSpecial(java.lang.Object, java.lang.Object, java.lang.Object)'> (0x00000007147f33b0) 
thrown [s\open\src\hotspot\share\interpreter\linkResolver.cpp, line 759]
Event: 0.410 Thread 0x000001f86ba09cc0 Exception <a 'java/lang/NoSuchMethodError'{0x000000071442e320}: 'java.lang.Object java.lang.invoke.DirectMethodHandle$Holder.invokeInterface(java.lang.Object, java.lang.Object)'> (0x000000071442e320) 
thrown [s\open\src\hotspot\share\interpreter\linkResolver.cpp, line 759]
Event: 0.410 Thread 0x000001f86ba09cc0 Exception <a 'java/lang/IncompatibleClassChangeError'{0x0000000714431870}: Found class java.lang.Object, but interface was expected> (0x0000000714431870) 
thrown [s\open\src\hotspot\share\interpreter\linkResolver.cpp, line 826]
Event: 0.412 Thread 0x000001f86ba09cc0 Exception <a 'java/lang/NoSuchMethodError'{0x000000071443cb68}: 'void java.lang.invoke.DirectMethodHandle$Holder.invokeSpecial(java.lang.Object, java.lang.Object, java.lang.Object)'> (0x000000071443cb68) 
thrown [s\open\src\hotspot\share\interpreter\linkResolver.cpp, line 759]
Event: 0.416 Thread 0x000001f86ba09cc0 Exception <a 'java/lang/NoSuchMethodError'{0x00000007144577e8}: 'java.lang.Object java.lang.invoke.DirectMethodHandle$Holder.newInvokeSpecial(java.lang.Object, java.lang.Object, java.lang.Object, int, java.lang.Object)'> (0x00000007144577e8) 
thrown [s\open\src\hotspot\share\interpreter\linkResolver.cpp, line 759]
Event: 0.417 Thread 0x000001f86ba09cc0 Exception <a 'java/lang/NoSuchMethodError'{0x000000071445f3a8}: 'java.lang.Object java.lang.invoke.Invokers$Holder.linkToTargetMethod(java.lang.Object, java.lang.Object, int, java.lang.Object, java.lang.Object)'> (0x000000071445f3a8) 
thrown [s\open\src\hotspot\share\interpreter\linkResolver.cpp, line 759]
Event: 0.519 Thread 0x000001f86ba09cc0 Exception <a 'java/lang/NoSuchMethodError'{0x00000007141f61a0}: 'java.lang.Object java.lang.invoke.DirectMethodHandle$Holder.newInvokeSpecial(java.lang.Object, long, int, java.lang.Object)'> (0x00000007141f61a0) 
thrown [s\open\src\hotspot\share\interpreter\linkResolver.cpp, line 759]
Event: 0.532 Thread 0x000001f86ba09cc0 Exception <a 'java/lang/NoSuchMethodError'{0x0000000715440040}: 'void java.lang.invoke.DirectMethodHandle$Holder.invokeStaticInit(java.lang.Object, java.lang.Object, java.lang.Object, java.lang.Object)'> (0x0000000715440040) 
thrown [s\open\src\hotspot\share\interpreter\linkResolver.cpp, line 759]
Event: 0.642 Thread 0x000001f86ba09cc0 Exception <a 'java/lang/NoSuchMethodError'{0x0000000715394b18}: 'int java.lang.invoke.DirectMethodHandle$Holder.invokeInterface(java.lang.Object, java.lang.Object)'> (0x0000000715394b18) 
thrown [s\open\src\hotspot\share\interpreter\linkResolver.cpp, line 759]
Event: 0.642 Thread 0x000001f86ba09cc0 Exception <a 'java/lang/IncompatibleClassChangeError'{0x0000000715397e00}: Found class java.lang.Object, but interface was expected> (0x0000000715397e00) 
thrown [s\open\src\hotspot\share\interpreter\linkResolver.cpp, line 826]
Event: 0.643 Thread 0x000001f86ba09cc0 Exception <a 'java/lang/NoSuchMethodError'{0x000000071539d8c8}: 'void java.lang.invoke.DirectMethodHandle$Holder.invokeStatic(java.lang.Object, java.lang.Object)'> (0x000000071539d8c8) 
thrown [s\open\src\hotspot\share\interpreter\linkResolver.cpp, line 759]

VM Operations (20 events):
Event: 0.396 Executing VM operation: HandshakeAllThreads done
Event: 0.443 Executing VM operation: HandshakeAllThreads
Event: 0.443 Executing VM operation: HandshakeAllThreads done
Event: 0.520 Executing VM operation: G1CollectForAllocation
Event: 0.526 Executing VM operation: G1CollectForAllocation done
Event: 0.775 Executing VM operation: HandshakeAllThreads
Event: 0.775 Executing VM operation: HandshakeAllThreads done
Event: 0.943 Executing VM operation: HandshakeAllThreads
Event: 0.943 Executing VM operation: HandshakeAllThreads done
Event: 1.126 Executing VM operation: ICBufferFull
Event: 1.126 Executing VM operation: ICBufferFull done
Event: 1.138 Executing VM operation: G1CollectForAllocation
Event: 1.147 Executing VM operation: G1CollectForAllocation done
Event: 1.316 Executing VM operation: G1TryInitiateConcMark
Event: 1.320 Executing VM operation: G1TryInitiateConcMark done
Event: 1.339 Executing VM operation: G1TryInitiateConcMark
Event: 1.342 Executing VM operation: G1TryInitiateConcMark done
Event: 1.363 Executing VM operation: G1TryInitiateConcMark
Event: 1.366 Executing VM operation: G1TryInitiateConcMark done
Event: 1.385 Executing VM operation: G1TryInitiateConcMark

Events (20 events):
Event: 0.990 loading class sun/util/locale/provider/LocaleNameProviderImpl done
Event: 0.996 loading class sun/util/cldr/CLDRTimeZoneNameProviderImpl
Event: 0.996 loading class sun/util/locale/provider/TimeZoneNameProviderImpl
Event: 0.997 loading class sun/util/locale/provider/TimeZoneNameProviderImpl done
Event: 0.997 loading class sun/util/cldr/CLDRTimeZoneNameProviderImpl done
Event: 1.000 Thread 0x000001f85098b490 Thread added: 0x000001f85098b490
Event: 1.008 loading class java/util/ArrayList$SubList$1
Event: 1.008 loading class java/util/ArrayList$SubList$1 done
Event: 1.009 loading class sun/text/resources/cldr/FormatData_en
Event: 1.009 loading class sun/text/resources/cldr/FormatData_en done
Event: 1.015 loading class java/text/ParsePosition
Event: 1.015 loading class java/text/ParsePosition done
Event: 1.015 loading class java/text/CalendarBuilder
Event: 1.015 loading class java/text/CalendarBuilder done
Event: 1.212 loading class sun/security/util/Cache$EqualByteArray
Event: 1.212 loading class sun/security/util/Cache$EqualByteArray done
Event: 1.213 loading class sun/security/util/MemoryCache$SoftCacheEntry
Event: 1.214 loading class sun/security/util/MemoryCache$CacheEntry
Event: 1.214 loading class sun/security/util/MemoryCache$CacheEntry done
Event: 1.214 loading class sun/security/util/MemoryCache$SoftCacheEntry done


Dynamic libraries:
0x00007ff680f60000 - 0x00007ff680f70000 	D:\JDK\bin\java.exe
0x00007ffd31ad0000 - 0x00007ffd31cc8000 	C:\Windows\SYSTEM32\ntdll.dll
0x00007ffd31860000 - 0x00007ffd31922000 	C:\Windows\System32\KERNEL32.DLL
0x00007ffd2f510000 - 0x00007ffd2f806000 	C:\Windows\System32\KERNELBASE.dll
0x00007ffd058f0000 - 0x00007ffd05906000 	C:\InetPub\ftproot\Tipray\Ldterm\ghijt64.DLL
0x00007ffd2fc20000 - 0x00007ffd2fcd1000 	C:\Windows\System32\ADVAPI32.dll
0x00007ffd30580000 - 0x00007ffd3061e000 	C:\Windows\System32\msvcrt.dll
0x00007ffd30130000 - 0x00007ffd301cf000 	C:\Windows\System32\sechost.dll
0x00007ffd301d0000 - 0x00007ffd302f0000 	C:\Windows\System32\RPCRT4.dll
0x00007ffd2f4e0000 - 0x00007ffd2f507000 	C:\Windows\System32\bcrypt.dll
0x00007ffd2f1a0000 - 0x00007ffd2f2a0000 	C:\Windows\System32\ucrtbase.dll
0x00007ffd29e00000 - 0x00007ffd29e19000 	D:\JDK\bin\jli.dll
0x00007ffd29cf0000 - 0x00007ffd29d0b000 	D:\JDK\bin\VCRUNTIME140.dll
0x00007ffd2ff90000 - 0x00007ffd3012d000 	C:\Windows\System32\USER32.dll
0x00007ffd2f170000 - 0x00007ffd2f192000 	C:\Windows\System32\win32u.dll
0x00007ffd30370000 - 0x00007ffd3039b000 	C:\Windows\System32\GDI32.dll
0x00007ffd2f9e0000 - 0x00007ffd2faf9000 	C:\Windows\System32\gdi32full.dll
0x00007ffd2f940000 - 0x00007ffd2f9dd000 	C:\Windows\System32\msvcp_win.dll
0x00007ffd10a40000 - 0x00007ffd10cdb000 	C:\Windows\WinSxS\amd64_microsoft.windows.common-controls_6595b64144ccf1df_6.0.19041.6280_none_60bc30a171f2f3f3\COMCTL32.dll
0x00007ffd24800000 - 0x00007ffd2480a000 	C:\Windows\SYSTEM32\VERSION.dll
0x00007ffd055b0000 - 0x00007ffd05624000 	C:\Inetpub\ftproot\Tipray\LdTerm\LdSmartEnc64.dll
0x00007ffd26ad0000 - 0x00007ffd26adb000 	C:\Windows\SYSTEM32\FLTLIB.DLL
0x00007ffd31a60000 - 0x00007ffd31a8f000 	C:\Windows\System32\IMM32.DLL
0x00007ffd053d0000 - 0x00007ffd053ef000 	C:\Inetpub\ftproot\Tipray\LdTerm\HookCreateProcessInternal64.dll
0x00007ffd05380000 - 0x00007ffd053c8000 	C:\Inetpub\ftproot\Tipray\LdTerm\LdUserInjectDll64.dll
0x00007ffd05230000 - 0x00007ffd05258000 	C:\Inetpub\ftproot\Tipray\LdTerm\HookDataInteractionx64.dll
0x00007ffd04ba0000 - 0x00007ffd04e2a000 	C:\Inetpub\ftproot\Tipray\LdTerm\LdHook64.dll
0x00007ffd30620000 - 0x00007ffd3074b000 	C:\Windows\System32\ole32.dll
0x00007ffd31500000 - 0x00007ffd31853000 	C:\Windows\System32\combase.dll
0x00007ffd31420000 - 0x00007ffd31428000 	C:\Windows\System32\PSAPI.DLL
0x00007ffd05630000 - 0x00007ffd056d4000 	C:\Windows\SYSTEM32\WINSPOOL.DRV
0x00007ffd303a0000 - 0x00007ffd3044d000 	C:\Windows\System32\shcore.dll
0x00007ffd2e960000 - 0x00007ffd2e96c000 	C:\Windows\SYSTEM32\CRYPTBASE.DLL
0x00007ffd04750000 - 0x00007ffd04775000 	C:\Inetpub\ftproot\Tipray\LdTerm\ghhlp64.dll
0x00007ffcad010000 - 0x00007ffcad086000 	C:\Inetpub\ftproot\Tipray\LdTerm\MonFileOp64.dll
0x00007ffd30840000 - 0x00007ffd30fb0000 	C:\Windows\System32\SHELL32.dll
0x00007ffd314a0000 - 0x00007ffd314fb000 	C:\Windows\System32\SHLWAPI.dll
0x00007ffd26d70000 - 0x00007ffd26d8d000 	C:\Windows\SYSTEM32\MPR.dll
0x00007ffd2b050000 - 0x00007ffd2b05c000 	D:\JDK\bin\vcruntime140_1.dll
0x00007ffcd11d0000 - 0x00007ffcd15bc000 	C:\Inetpub\ftproot\Tipray\LdTerm\LdWaterMarkHook64.dll
0x00007ffd129a0000 - 0x00007ffd12b48000 	C:\Windows\WinSxS\amd64_microsoft.windows.gdiplus_6595b64144ccf1df_1.1.19041.6216_none_919f98d0cc8c5626\gdiplus.dll
0x00007ffce3fb0000 - 0x00007ffce403e000 	D:\JDK\bin\msvcp140.dll
0x00007ffd10d50000 - 0x00007ffd10f17000 	C:\Inetpub\ftproot\Tipray\LdTerm\LdPrintMonitor64.dll
0x00007ffd31430000 - 0x00007ffd3149b000 	C:\Windows\System32\WS2_32.dll
0x00007ffc8a1d0000 - 0x00007ffc8adb0000 	D:\JDK\bin\server\jvm.dll
0x00007ffce1570000 - 0x00007ffce1579000 	C:\Windows\SYSTEM32\WSOCK32.dll
0x00007ffd2b5e0000 - 0x00007ffd2b607000 	C:\Windows\SYSTEM32\WINMM.dll
0x00007ffd2d790000 - 0x00007ffd2d7a2000 	C:\Windows\SYSTEM32\kernel.appcore.dll
0x00007ffd2a130000 - 0x00007ffd2a13a000 	D:\JDK\bin\jimage.dll
0x00007ffd2d2b0000 - 0x00007ffd2d4b1000 	C:\Windows\SYSTEM32\DBGHELP.DLL
0x00007ffd07960000 - 0x00007ffd07994000 	C:\Windows\SYSTEM32\dbgcore.DLL
0x00007ffd2f2a0000 - 0x00007ffd2f322000 	C:\Windows\System32\bcryptPrimitives.dll
0x00007ffd10930000 - 0x00007ffd10955000 	D:\JDK\bin\java.dll
0x00007ffce28f0000 - 0x00007ffce29c7000 	D:\JDK\bin\jsvml.dll
0x00007ffd2c190000 - 0x00007ffd2c935000 	C:\Windows\SYSTEM32\windows.storage.dll
0x00007ffd2e9f0000 - 0x00007ffd2ea1b000 	C:\Windows\SYSTEM32\Wldp.dll
0x00007ffd31930000 - 0x00007ffd319fd000 	C:\Windows\System32\OLEAUT32.dll
0x00007ffd2f0a0000 - 0x00007ffd2f0c4000 	C:\Windows\SYSTEM32\profapi.dll
0x00007ffd29cd0000 - 0x00007ffd29ce9000 	D:\JDK\bin\net.dll
0x00007ffd2ab40000 - 0x00007ffd2ac4a000 	C:\Windows\SYSTEM32\WINHTTP.dll
0x00007ffd2e7d0000 - 0x00007ffd2e83a000 	C:\Windows\system32\mswsock.dll
0x00007ffd292b0000 - 0x00007ffd292c6000 	D:\JDK\bin\nio.dll
0x00007ffd11220000 - 0x00007ffd11238000 	D:\JDK\bin\zip.dll
0x00007ffd29df0000 - 0x00007ffd29dfe000 	D:\JDK\bin\sunmscapi.dll
0x00007ffd2f330000 - 0x00007ffd2f48d000 	C:\Windows\System32\CRYPT32.dll
0x00007ffd2eba0000 - 0x00007ffd2ebc7000 	C:\Windows\SYSTEM32\ncrypt.dll
0x00007ffd2eb60000 - 0x00007ffd2eb9b000 	C:\Windows\SYSTEM32\NTASN1.dll
0x00007ffd29640000 - 0x00007ffd2964a000 	D:\JDK\bin\management.dll
0x00007ffd28170000 - 0x00007ffd2817b000 	D:\JDK\bin\management_ext.dll
0x00007ffcfcec0000 - 0x00007ffcfced7000 	C:\Windows\system32\napinsp.dll
0x00007ffcfcea0000 - 0x00007ffcfcebb000 	C:\Windows\system32\pnrpnsp.dll
0x00007ffcfcb40000 - 0x00007ffcfcb5d000 	C:\Windows\system32\wshbth.dll
0x00007ffd2ab20000 - 0x00007ffd2ab3d000 	C:\Windows\system32\NLAapi.dll
0x00007ffd2e4d0000 - 0x00007ffd2e50b000 	C:\Windows\SYSTEM32\IPHLPAPI.DLL
0x00007ffd2e510000 - 0x00007ffd2e5da000 	C:\Windows\SYSTEM32\DNSAPI.dll
0x00007ffd2fd40000 - 0x00007ffd2fd48000 	C:\Windows\System32\NSI.dll
0x00007ffcfca50000 - 0x00007ffcfca62000 	C:\Windows\System32\winrnr.dll
0x00007ffd2a380000 - 0x00007ffd2a38a000 	C:\Windows\System32\rasadhlp.dll
0x00007ffd2a800000 - 0x00007ffd2a880000 	C:\Windows\System32\fwpuclnt.dll

dbghelp: loaded successfully - version: 4.0.5 - missing functions: none
symbol engine: initialized successfully - sym options: 0x614 - pdb path: .;D:\JDK\bin;C:\Windows\SYSTEM32;C:\InetPub\ftproot\Tipray\Ldterm;C:\Windows\WinSxS\amd64_microsoft.windows.common-controls_6595b64144ccf1df_6.0.19041.6280_none_60bc30a171f2f3f3;C:\Windows\WinSxS\amd64_microsoft.windows.gdiplus_6595b64144ccf1df_1.1.19041.6216_none_919f98d0cc8c5626;D:\JDK\bin\server

VM Arguments:
java_command: E:\command-line-tools\sdk\default\openharmony\toolchains\lib\hap-sign-tool.jar sign-app -mode localSign -keystoreFile C:\Users\AI008\.ohos\config\default_my_-harmony-master_1V8hOf65nuchsZenh4-sAEUYSHK5dPm45Zy5sDU6aOk=.p12 -keystorePwd Cqdc3jQaG5c -keyAlias debugKey -keyPwd Cqdc3jQaG5c -signAlg SHA256withECDSA -profileFile C:\Users\AI008\.ohos\config\default_my_-harmony-master_1V8hOf65nuchsZenh4-sAEUYSHK5dPm45Zy5sDU6aOk=.p7b -appCertFile C:\Users\AI008\.ohos\config\default_my_-harmony-master_1V8hOf65nuchsZenh4-sAEUYSHK5dPm45Zy5sDU6aOk=.cer -inFile C:\Users\AI008\Desktop\my_-harmony-master\entry\build\default\outputs\default\entry-default-unsigned.hap -outFile C:\Users\AI008\Desktop\my_-harmony-master\entry\build\default\outputs\default\entry-default-signed.hap
java_class_path (initial): E:\command-line-tools\sdk\default\openharmony\toolchains\lib\hap-sign-tool.jar
Launcher Type: SUN_STANDARD

[Global flags]
     intx CICompilerCount                          = 12                                        {product} {ergonomic}
     uint ConcGCThreads                            = 3                                         {product} {ergonomic}
     uint G1ConcRefinementThreads                  = 13                                        {product} {ergonomic}
   size_t G1HeapRegionSize                         = 2097152                                   {product} {ergonomic}
    uintx GCDrainStackTargetSize                   = 64                                        {product} {ergonomic}
   size_t InitialHeapSize                          = 264241152                                 {product} {ergonomic}
   size_t MarkStackSize                            = 4194304                                   {product} {ergonomic}
   size_t MaxHeapSize                              = 4200595456                                {product} {ergonomic}
   size_t MaxNewSize                               = 2518679552                                {product} {ergonomic}
   size_t MinHeapDeltaBytes                        = 2097152                                   {product} {ergonomic}
   size_t MinHeapSize                              = 8388608                                   {product} {ergonomic}
    uintx NonNMethodCodeHeapSize                   = 7602480                                {pd product} {ergonomic}
    uintx NonProfiledCodeHeapSize                  = 122027880                              {pd product} {ergonomic}
    uintx ProfiledCodeHeapSize                     = 122027880                              {pd product} {ergonomic}
    uintx ReservedCodeCacheSize                    = 251658240                              {pd product} {ergonomic}
     bool SegmentedCodeCache                       = true                                      {product} {ergonomic}
   size_t SoftMaxHeapSize                          = 4200595456                             {manageable} {ergonomic}
     bool UseCompressedClassPointers               = true                           {product lp64_product} {ergonomic}
     bool UseCompressedOops                        = true                           {product lp64_product} {ergonomic}
     bool UseG1GC                                  = true                                      {product} {ergonomic}
     bool UseLargePagesIndividualAllocation        = false                                  {pd product} {ergonomic}

Logging:
Log output configuration:
 #0: stdout all=warning uptime,level,tags
 #1: stderr all=off uptime,level,tags

Environment Variables:
PATH=E:\command-line-tools\tool\node;C:\Program Files\PowerShell\7;C:\Python313\Scripts\;C:\Python313\;C:\Program Files\Common Files\Oracle\Java\javapath;C:\Users\AI008\AppData\Local\Android\Sdk\emulator;C:\Users\AI008\AppData\Local\Android\Sdk\tools;C:\Users\AI008\AppData\Local\Android\Sdk\bin;C:\Users\AI008\AppData\Local\Android\Sdk\platform-tools;D:\VMware\bin\;C:\Windows\system32;C:\Windows;C:\Windows\System32\Wbem;C:\Windows\System32\WindowsPowerShell\v1.0\;C:\Windows\System32\OpenSSH\;C:\Program Files (x86)\Microsoft VS Code\bin;D:\mingw64\bin;D:\Git\cmd;D:\JDK\bin;C:\Program Files\Go\bin;E:\New Folder\;C:\ProgramData\chocolatey\bin;C:\Users\AI008\.cargo\bin;E:\OpenSSL-Win64\bin;E:\nvm;E:\nodejs;C:\Users\AI008\npm-global;C:\Program Files (x86)\Windows Kits\10\Windows Performance Toolkit\;C:\Program Files\PowerShell\7\;D:\New Folder\bin;C:\Users\AI008\AppData\Local\Programs\Python\Python38\Scripts\;C:\Users\AI008\AppData\Local\Programs\Python\Python38\;C:\Python313\Scripts\;C:\Python313\;C:\Program Files\Common Files\Oracle\Java\javapath;C:\Users\AI008\AppData\Local\Android\Sdk\emulator;C:\Users\AI008\AppData\Local\Android\Sdk\tools;C:\Users\AI008\AppData\Local\Android\Sdk\bin;C:\Users\AI008\AppData\Local\Android\Sdk\platform-tools;D:\VMware\bin\;C:\Windows\system32;C:\Windows;C:\Windows\System32\Wbem;C:\Windows\System32\WindowsPowerShell\v1.0\;C:\Windows\System32\OpenSSH\;C:\Program Files (x86)\Microsoft VS Code\bin;D:\mingw64\bin;D:\Git\cmd;D:\JDK\bin;C:\Program Files\Go\bin;E:\New Folder\;C:\ProgramData\chocolatey\bin;C:\Users\AI008\.cargo\bin;E:\OpenSSL-Win64\bin;E:\nvm;E:\nodejs;C:\Users\AI008\AppData\Local\Programs\Python\Python38\Scripts\;C:\Users\AI008\AppData\Local\Programs\Python\Python38\;D:\cursor\resources\app\bin;E:\command-line-tools\bin;E:\huawei\DevEco Studio\bin;C:\Users\AI008\AppData\Local\OpenHarmony\Sdk\15\toolchains;D:\Microsoft VS Code\bin;E:\nvm;E:\nodejs;D:\cursor\resources\app\bin;E:\command-line-tools\bin;E:\huawei\DevEco Studio\bin;E:\O
USERNAME=AI008
OS=Windows_NT
PROCESSOR_IDENTIFIER=Intel64 Family 6 Model 186 Stepping 2, GenuineIntel



---------------  S Y S T E M  ---------------

OS:
 Windows 10 , 64 bit Build 19041 (10.0.19041.5915)
OS uptime: 2 days 2:45 hours
Hyper-V role detected

CPU: total 16 (initial active 16) (8 cores per cpu, 2 threads per core) family 6 model 186 stepping 2 microcode 0x4128, cx8, cmov, fxsr, ht, mmx, 3dnowpref, sse, sse2, sse3, ssse3, sse4.1, sse4.2, popcnt, lzcnt, tsc, tscinvbit, avx, avx2, aes, erms, clmul, bmi1, bmi2, adx, sha, fma, vzeroupper, clflush, clflushopt, clwb, hv

Memory: 4k page, system-wide physical 16016M (1276M free)
TotalPageFile size 35088M (AvailPageFile size 78M)
current process WorkingSet (physical memory assigned to process): 212M, peak: 213M
current process commit charge ("private bytes"): 425M, peak: 622M

vm_info: Java HotSpot(TM) 64-Bit Server VM (17.0.12+8-LTS-286) for windows-amd64 JRE (17.0.12+8-LTS-286), built on Jun  5 2024 06:46:59 by "mach5one" with MS VC++ 17.6 (VS2022)

END.
