#
# There is insufficient memory for the Java Runtime Environment to continue.
# Native memory allocation (mmap) failed to map 17825792 bytes for G1 virtual space
# Possible reasons:
#   The system is out of physical RAM or swap space
#   The process is running with CompressedOops enabled, and the Java Heap may be blocking the growth of the native heap
# Possible solutions:
#   Reduce memory load on the system
#   Increase physical memory or swap space
#   Check if swap backing store is full
#   Decrease Java heap size (-Xmx/-Xms)
#   Decrease number of Java threads
#   Decrease Java thread stack sizes (-Xss)
#   Set larger code cache with -XX:ReservedCodeCacheSize=
#   JVM is running with Unscaled Compressed Oops mode in which the Java heap is
#     placed in the first 4GB address space. The Java Heap base address is the
#     maximum limit for the native heap growth. Please use -XX:HeapBaseMinAddress
#     to set the Java Heap base and to place the Java Heap above 4GB virtual address.
# This output file may be truncated or incomplete.
#
#  Out of Memory Error (os_windows.cpp:3548), pid=15608, tid=15628
#
# JRE version: Java(TM) SE Runtime Environment (17.0.12+8) (build 17.0.12+8-LTS-286)
# Java VM: Java HotSpot(TM) 64-Bit Server VM (17.0.12+8-LTS-286, mixed mode, sharing, tiered, compressed oops, compressed class ptrs, g1 gc, windows-amd64)
# No core dump will be written. Minidumps are not enabled by default on client versions of Windows
#

---------------  S U M M A R Y ------------

Command Line: -Xmx512m E:\command-line-tools\hvigor\hvigor\lib\hvigor-java-daemon.jar 45050 00000050ac4a9a2646bc8ec31bf57507ed90b0c3b14622dac1112f70ef00faca6551b96a9d456c047f7a67e0648af31ecc76e763164d508f5cf10539cfd4b78bac180727e87bd505f20572e769455182101b4bc4aa45f42c61178cfcb51793c1

Host: 13th Gen Intel(R) Core(TM) i5-1340P, 16 cores, 15G,  Windows 10 , 64 bit Build 19041 (10.0.19041.5915)
Time: Wed Oct 15 11:17:14 2025  Windows 10 , 64 bit Build 19041 (10.0.19041.5915) elapsed time: 173068.177675 seconds (2d 0h 4m 28s)

---------------  T H R E A D  ---------------

Current thread (0x0000019a602267d0):  VMThread "VM Thread" [stack: 0x0000004b9dc00000,0x0000004b9dd00000] [id=15628]

Stack: [0x0000004b9dc00000,0x0000004b9dd00000]
Native frames: (J=compiled Java code, j=interpreted, Vv=VM code, C=native code)
V  [jvm.dll+0x67a04a]
V  [jvm.dll+0x7da4ed]
V  [jvm.dll+0x7dbe33]
V  [jvm.dll+0x7dc4a3]
V  [jvm.dll+0x24508f]
V  [jvm.dll+0x677089]
V  [jvm.dll+0x66bd32]
V  [jvm.dll+0x301fa6]
V  [jvm.dll+0x309546]
V  [jvm.dll+0x359d2e]
V  [jvm.dll+0x359f5f]
V  [jvm.dll+0x2d9078]
V  [jvm.dll+0x2d74ad]
V  [jvm.dll+0x2d6afc]
V  [jvm.dll+0x31a981]
V  [jvm.dll+0x7e0d9b]
V  [jvm.dll+0x7e1ad4]
V  [jvm.dll+0x7e1fed]
V  [jvm.dll+0x7e23c4]
V  [jvm.dll+0x7e2490]
V  [jvm.dll+0x78abea]
V  [jvm.dll+0x678f35]
C  [ucrtbase.dll+0x21bb2]
C  [KERNEL32.DLL+0x17374]
C  [ntdll.dll+0x4cc91]

VM_Operation (0x0000004b9d0fe6d8): G1TryInitiateConcMark, mode: safepoint, requested by thread 0x0000019aa249d390


---------------  P R O C E S S  ---------------

Threads class SMR info:
_java_thread_list=0x0000019aa2bb95b0, length=31, elements={
0x0000019a60228b90, 0x0000019a6022a930, 0x0000019a6024e7c0, 0x0000019a6023f4f0,
0x0000019a60243df0, 0x0000019a602446c0, 0x0000019a602452c0, 0x0000019a60246290,
0x0000019a60246db0, 0x0000019aa22179e0, 0x0000019aa2221190, 0x0000019aa2231390,
0x0000019a459964b0, 0x0000019aa23f31a0, 0x0000019aa23f3680, 0x0000019aa23f3b60,
0x0000019aa23f4040, 0x0000019aa23f4520, 0x0000019aa24cb480, 0x0000019aa24cd7f0,
0x0000019aa24cc3b0, 0x0000019aa24ca550, 0x0000019aa24ccdd0, 0x0000019aa24cc8c0,
0x0000019aa24ca040, 0x0000019aa24cd2e0, 0x0000019aa24caa60, 0x0000019aa24caf70,
0x0000019aa24cbea0, 0x0000019aa24cb990, 0x0000019aa249d390
}

Java Threads: ( => current thread )
  0x0000019a60228b90 JavaThread "Reference Handler" daemon [_thread_blocked, id=19720, stack(0x0000004b9dd00000,0x0000004b9de00000)]
  0x0000019a6022a930 JavaThread "Finalizer" daemon [_thread_blocked, id=13808, stack(0x0000004b9de00000,0x0000004b9df00000)]
  0x0000019a6024e7c0 JavaThread "Signal Dispatcher" daemon [_thread_blocked, id=2024, stack(0x0000004b9df00000,0x0000004b9e000000)]
  0x0000019a6023f4f0 JavaThread "Attach Listener" daemon [_thread_blocked, id=21456, stack(0x0000004b9e000000,0x0000004b9e100000)]
  0x0000019a60243df0 JavaThread "Service Thread" daemon [_thread_blocked, id=1268, stack(0x0000004b9e100000,0x0000004b9e200000)]
  0x0000019a602446c0 JavaThread "Monitor Deflation Thread" daemon [_thread_blocked, id=22208, stack(0x0000004b9e200000,0x0000004b9e300000)]
  0x0000019a602452c0 JavaThread "C2 CompilerThread0" daemon [_thread_blocked, id=15612, stack(0x0000004b9e300000,0x0000004b9e400000)]
  0x0000019a60246290 JavaThread "C1 CompilerThread0" daemon [_thread_blocked, id=8908, stack(0x0000004b9e400000,0x0000004b9e500000)]
  0x0000019a60246db0 JavaThread "Sweeper thread" daemon [_thread_blocked, id=21160, stack(0x0000004b9e500000,0x0000004b9e600000)]
  0x0000019aa22179e0 JavaThread "Notification Thread" daemon [_thread_blocked, id=3060, stack(0x0000004b9e700000,0x0000004b9e800000)]
  0x0000019aa2221190 JavaThread "Common-Cleaner" daemon [_thread_blocked, id=4144, stack(0x0000004b9e900000,0x0000004b9ea00000)]
  0x0000019aa2231390 JavaThread "WebSocketSelector-39" [_thread_in_native, id=11700, stack(0x0000004b9ea00000,0x0000004b9eb00000)]
  0x0000019a459964b0 JavaThread "DestroyJavaVM" [_thread_blocked, id=22472, stack(0x0000004b9d600000,0x0000004b9d700000)]
  0x0000019aa23f31a0 JavaThread "connectionLostChecker-1" [_thread_blocked, id=22176, stack(0x0000004b9ed00000,0x0000004b9ee00000)]
  0x0000019aa23f3680 JavaThread "WebSocketWorker-23" [_thread_blocked, id=14716, stack(0x0000004b9ee00000,0x0000004b9ef00000)]
  0x0000019aa23f3b60 JavaThread "WebSocketWorker-24" [_thread_blocked, id=8432, stack(0x0000004b9ef00000,0x0000004b9f000000)]
  0x0000019aa23f4040 JavaThread "WebSocketWorker-25" [_thread_blocked, id=22468, stack(0x0000004b9f000000,0x0000004b9f100000)]
  0x0000019aa23f4520 JavaThread "WebSocketWorker-26" [_thread_blocked, id=11568, stack(0x0000004b9f100000,0x0000004b9f200000)]
  0x0000019aa24cb480 JavaThread "WebSocketWorker-27" [_thread_blocked, id=22128, stack(0x0000004b9f200000,0x0000004b9f300000)]
  0x0000019aa24cd7f0 JavaThread "WebSocketWorker-28" [_thread_blocked, id=21696, stack(0x0000004b9f300000,0x0000004b9f400000)]
  0x0000019aa24cc3b0 JavaThread "WebSocketWorker-29" [_thread_blocked, id=20540, stack(0x0000004b9f400000,0x0000004b9f500000)]
  0x0000019aa24ca550 JavaThread "WebSocketWorker-30" [_thread_blocked, id=19424, stack(0x0000004b9f500000,0x0000004b9f600000)]
  0x0000019aa24ccdd0 JavaThread "WebSocketWorker-31" [_thread_blocked, id=22124, stack(0x0000004b9f600000,0x0000004b9f700000)]
  0x0000019aa24cc8c0 JavaThread "WebSocketWorker-32" [_thread_blocked, id=14192, stack(0x0000004b9f700000,0x0000004b9f800000)]
  0x0000019aa24ca040 JavaThread "WebSocketWorker-33" [_thread_blocked, id=10664, stack(0x0000004b9f800000,0x0000004b9f900000)]
  0x0000019aa24cd2e0 JavaThread "WebSocketWorker-34" [_thread_blocked, id=17928, stack(0x0000004b9f900000,0x0000004b9fa00000)]
  0x0000019aa24caa60 JavaThread "WebSocketWorker-35" [_thread_blocked, id=21516, stack(0x0000004b9fa00000,0x0000004b9fb00000)]
  0x0000019aa24caf70 JavaThread "WebSocketWorker-36" [_thread_blocked, id=2572, stack(0x0000004b9fb00000,0x0000004b9fc00000)]
  0x0000019aa24cbea0 JavaThread "WebSocketWorker-37" [_thread_blocked, id=4588, stack(0x0000004b9fc00000,0x0000004b9fd00000)]
  0x0000019aa24cb990 JavaThread "WebSocketWorker-38" [_thread_blocked, id=13224, stack(0x0000004b9fd00000,0x0000004b9fe00000)]
  0x0000019aa249d390 JavaThread "pool-1-thread-85" [_thread_blocked, id=24348, stack(0x0000004b9d000000,0x0000004b9d100000)]

Other Threads:
=>0x0000019a602267d0 VMThread "VM Thread" [stack: 0x0000004b9dc00000,0x0000004b9dd00000] [id=15628]
  0x0000019aa221fef0 WatcherThread [stack: 0x0000004b9e800000,0x0000004b9e900000] [id=9048]
  0x0000019a459cc850 GCTaskThread "GC Thread#0" [stack: 0x0000004b9d700000,0x0000004b9d800000] [id=22356]
  0x0000019aa25f80a0 GCTaskThread "GC Thread#1" [stack: 0x0000004b9e600000,0x0000004b9e700000] [id=21640]
  0x0000019aa25f8360 GCTaskThread "GC Thread#2" [stack: 0x0000004b9eb00000,0x0000004b9ec00000] [id=2532]
  0x0000019aa25f8620 GCTaskThread "GC Thread#3" [stack: 0x0000004b9fe00000,0x0000004b9ff00000] [id=1868]
  0x0000019aa25f88e0 GCTaskThread "GC Thread#4" [stack: 0x0000004b9ff00000,0x0000004ba0000000] [id=16816]
  0x0000019aa25f8ba0 GCTaskThread "GC Thread#5" [stack: 0x0000004ba0000000,0x0000004ba0100000] [id=20652]
  0x0000019aa234fc70 GCTaskThread "GC Thread#6" [stack: 0x0000004ba0100000,0x0000004ba0200000] [id=20324]
  0x0000019aa234ff30 GCTaskThread "GC Thread#7" [stack: 0x0000004ba0200000,0x0000004ba0300000] [id=17652]
  0x0000019aa23501f0 GCTaskThread "GC Thread#8" [stack: 0x0000004ba0300000,0x0000004ba0400000] [id=16232]
  0x0000019aa282d840 GCTaskThread "GC Thread#9" [stack: 0x0000004ba0400000,0x0000004ba0500000] [id=21780]
  0x0000019aa282df10 GCTaskThread "GC Thread#10" [stack: 0x0000004ba0500000,0x0000004ba0600000] [id=10180]
  0x0000019aa28e1c00 GCTaskThread "GC Thread#11" [stack: 0x0000004ba0600000,0x0000004ba0700000] [id=21900]
  0x0000019aa28e22d0 GCTaskThread "GC Thread#12" [stack: 0x0000004ba0700000,0x0000004ba0800000] [id=22392]
  0x0000019a459d16b0 ConcurrentGCThread "G1 Main Marker" [stack: 0x0000004b9d800000,0x0000004b9d900000] [id=7792]
  0x0000019a459d2fe0 ConcurrentGCThread "G1 Conc#0" [stack: 0x0000004b9d900000,0x0000004b9da00000] [id=18880]
  0x0000019aa259e650 ConcurrentGCThread "G1 Conc#1" [stack: 0x0000004ba0f00000,0x0000004ba1000000] [id=22140]
  0x0000019aa259d050 ConcurrentGCThread "G1 Conc#2" [stack: 0x0000004ba1000000,0x0000004ba1100000] [id=20632]
  0x0000019a6016cb20 ConcurrentGCThread "G1 Refine#0" [stack: 0x0000004b9da00000,0x0000004b9db00000] [id=15572]
  0x0000019a6016d460 ConcurrentGCThread "G1 Service" [stack: 0x0000004b9db00000,0x0000004b9dc00000] [id=21200]

Threads with active compile tasks:

VM state: at safepoint (normal execution)

VM Mutex/Monitor currently owned by a thread:  ([mutex/lock_event])
[0x0000019a45991ce0] Threads_lock - owner thread: 0x0000019a602267d0
[0x0000019a45990930] Heap_lock - owner thread: 0x0000019aa249d390

Heap address: 0x00000000e0000000, size: 512 MB, Compressed Oops mode: 32-bit

CDS archive(s) mapped at: [0x0000019a61000000-0x0000019a61bd0000-0x0000019a61bd0000), size 12386304, SharedBaseAddress: 0x0000019a61000000, ArchiveRelocationMode: 1.
Compressed class space mapped at: 0x0000019a62000000-0x0000019aa2000000, reserved size: 1073741824
Narrow klass base: 0x0000019a61000000, Narrow klass shift: 0, Narrow klass range: 0x100000000

GC Precious Log:
 CPUs: 16 total, 16 available
 Memory: 16016M
 Large Page Support: Disabled
 NUMA Support: Disabled
 Compressed Oops: Enabled (32-bit)
 Heap Region Size: 1M
 Heap Min Capacity: 8M
 Heap Initial Capacity: 252M
 Heap Max Capacity: 512M
 Pre-touch: Disabled
 Parallel Workers: 13
 Concurrent Workers: 3
 Concurrent Refinement Workers: 13
 Periodic GC: Disabled

Heap:
 garbage-first heap   total 287744K, used 15762K [0x00000000e0000000, 0x0000000100000000)
  region size 1024K, 1 young (1024K), 1 survivors (1024K)
 Metaspace       used 35039K, committed 35392K, reserved 1114112K
  class space    used 3673K, committed 3840K, reserved 1048576K

Heap Regions: E=young(eden), S=young(survivor), O=old, HS=humongous(starts), HC=humongous(continues), CS=collection set, F=free, OA=open archive, CA=closed archive, TAMS=top-at-mark-start (previous, next)
|   0|0x00000000e0000000, 0x00000000e00ffff0, 0x00000000e0100000| 99%| O|  |TAMS 0x00000000e00ffff0, 0x00000000e00ffff0| Untracked 
|   1|0x00000000e0100000, 0x00000000e01ffff0, 0x00000000e0200000| 99%| O|  |TAMS 0x00000000e01ffff0, 0x00000000e01ffff0| Untracked 
|   2|0x00000000e0200000, 0x00000000e0300000, 0x00000000e0300000|100%|HS|  |TAMS 0x00000000e0300000, 0x00000000e0300000| Untracked 
|   3|0x00000000e0300000, 0x00000000e0400000, 0x00000000e0400000|100%| O|  |TAMS 0x00000000e0400000, 0x00000000e0400000| Untracked 
|   4|0x00000000e0400000, 0x00000000e04ffff0, 0x00000000e0500000| 99%| O|  |TAMS 0x00000000e04ffff0, 0x00000000e04ffff0| Untracked 
|   5|0x00000000e0500000, 0x00000000e05fb1b8, 0x00000000e0600000| 98%| O|  |TAMS 0x00000000e05fb1b8, 0x00000000e05fb1b8| Untracked 
|   6|0x00000000e0600000, 0x00000000e06ffff8, 0x00000000e0700000| 99%| O|  |TAMS 0x00000000e06ffff8, 0x00000000e06ffff8| Untracked 
|   7|0x00000000e0700000, 0x00000000e0800000, 0x00000000e0800000|100%| O|  |TAMS 0x00000000e0800000, 0x00000000e0800000| Untracked 
|   8|0x00000000e0800000, 0x00000000e08fffe8, 0x00000000e0900000| 99%| O|  |TAMS 0x00000000e08fffe8, 0x00000000e08fffe8| Untracked 
|   9|0x00000000e0900000, 0x00000000e09ffe90, 0x00000000e0a00000| 99%| O|  |TAMS 0x00000000e09ffe90, 0x00000000e09ffe90| Untracked 
|  10|0x00000000e0a00000, 0x00000000e0ae6bb0, 0x00000000e0b00000| 90%| O|  |TAMS 0x00000000e0a00000, 0x00000000e0ae6bb0| Untracked 
|  11|0x00000000e0b00000, 0x00000000e0bfed00, 0x00000000e0c00000| 99%| O|  |TAMS 0x00000000e0bfed00, 0x00000000e0bfed00| Untracked 
|  12|0x00000000e0c00000, 0x00000000e0cfffe8, 0x00000000e0d00000| 99%| O|  |TAMS 0x00000000e0cfffe8, 0x00000000e0cfffe8| Untracked 
|  13|0x00000000e0d00000, 0x00000000e0e00000, 0x00000000e0e00000|100%|HS|  |TAMS 0x00000000e0e00000, 0x00000000e0e00000| Untracked 
|  14|0x00000000e0e00000, 0x00000000e0e73a08, 0x00000000e0f00000| 45%| O|  |TAMS 0x00000000e0e00000, 0x00000000e0e73a08| Untracked 
|  15|0x00000000e0f00000, 0x00000000e0f0f510, 0x00000000e1000000|  5%| O|  |TAMS 0x00000000e0f00000, 0x00000000e0f0f510| Untracked 
|  16|0x00000000e1000000, 0x00000000e1000000, 0x00000000e1100000|  0%| F|  |TAMS 0x00000000e1000000, 0x00000000e1000000| Untracked 
|  17|0x00000000e1100000, 0x00000000e1100000, 0x00000000e1200000|  0%| F|  |TAMS 0x00000000e1100000, 0x00000000e1100000| Untracked 
|  18|0x00000000e1200000, 0x00000000e1200000, 0x00000000e1300000|  0%| F|  |TAMS 0x00000000e1200000, 0x00000000e1200000| Untracked 
|  19|0x00000000e1300000, 0x00000000e1300000, 0x00000000e1400000|  0%| F|  |TAMS 0x00000000e1300000, 0x00000000e1300000| Untracked 
|  20|0x00000000e1400000, 0x00000000e1400000, 0x00000000e1500000|  0%| F|  |TAMS 0x00000000e1400000, 0x00000000e1400000| Untracked 
|  21|0x00000000e1500000, 0x00000000e1500000, 0x00000000e1600000|  0%| F|  |TAMS 0x00000000e1500000, 0x00000000e1500000| Untracked 
|  22|0x00000000e1600000, 0x00000000e1600000, 0x00000000e1700000|  0%| F|  |TAMS 0x00000000e1600000, 0x00000000e1600000| Untracked 
|  23|0x00000000e1700000, 0x00000000e1700000, 0x00000000e1800000|  0%| F|  |TAMS 0x00000000e1700000, 0x00000000e1700000| Untracked 
|  24|0x00000000e1800000, 0x00000000e18eb000, 0x00000000e1900000| 91%| O|  |TAMS 0x00000000e1800000, 0x00000000e18e7e00| Untracked 
|  25|0x00000000e1900000, 0x00000000e1900108, 0x00000000e1a00000|  0%| O|  |TAMS 0x00000000e1900000, 0x00000000e1900108| Untracked 
|  26|0x00000000e1a00000, 0x00000000e1a00000, 0x00000000e1b00000|  0%| F|  |TAMS 0x00000000e1a00000, 0x00000000e1a00000| Untracked 
|  27|0x00000000e1b00000, 0x00000000e1b00000, 0x00000000e1c00000|  0%| F|  |TAMS 0x00000000e1b00000, 0x00000000e1b00000| Untracked 
|  28|0x00000000e1c00000, 0x00000000e1c00000, 0x00000000e1d00000|  0%| F|  |TAMS 0x00000000e1c00000, 0x00000000e1c00000| Untracked 
|  29|0x00000000e1d00000, 0x00000000e1d00000, 0x00000000e1e00000|  0%| F|  |TAMS 0x00000000e1d00000, 0x00000000e1d00000| Untracked 
|  30|0x00000000e1e00000, 0x00000000e1e00000, 0x00000000e1f00000|  0%| F|  |TAMS 0x00000000e1e00000, 0x00000000e1e00000| Untracked 
|  31|0x00000000e1f00000, 0x00000000e1f00000, 0x00000000e2000000|  0%| F|  |TAMS 0x00000000e1f00000, 0x00000000e1f00000| Untracked 
|  32|0x00000000e2000000, 0x00000000e2000000, 0x00000000e2100000|  0%| F|  |TAMS 0x00000000e2000000, 0x00000000e2000000| Untracked 
|  33|0x00000000e2100000, 0x00000000e2100000, 0x00000000e2200000|  0%| F|  |TAMS 0x00000000e2100000, 0x00000000e2100000| Untracked 
|  34|0x00000000e2200000, 0x00000000e2200000, 0x00000000e2300000|  0%| F|  |TAMS 0x00000000e2200000, 0x00000000e2200000| Untracked 
|  35|0x00000000e2300000, 0x00000000e2300000, 0x00000000e2400000|  0%| F|  |TAMS 0x00000000e2300000, 0x00000000e2300000| Untracked 
|  36|0x00000000e2400000, 0x00000000e2400000, 0x00000000e2500000|  0%| F|  |TAMS 0x00000000e2400000, 0x00000000e2400000| Untracked 
|  37|0x00000000e2500000, 0x00000000e2500000, 0x00000000e2600000|  0%| F|  |TAMS 0x00000000e2500000, 0x00000000e2500000| Untracked 
|  38|0x00000000e2600000, 0x00000000e2600000, 0x00000000e2700000|  0%| F|  |TAMS 0x00000000e2600000, 0x00000000e2600000| Untracked 
|  39|0x00000000e2700000, 0x00000000e2700000, 0x00000000e2800000|  0%| F|  |TAMS 0x00000000e2700000, 0x00000000e2700000| Untracked 
|  40|0x00000000e2800000, 0x00000000e2800000, 0x00000000e2900000|  0%| F|  |TAMS 0x00000000e2800000, 0x00000000e2800000| Untracked 
|  41|0x00000000e2900000, 0x00000000e2900000, 0x00000000e2a00000|  0%| F|  |TAMS 0x00000000e2900000, 0x00000000e2900000| Untracked 
|  42|0x00000000e2a00000, 0x00000000e2a00000, 0x00000000e2b00000|  0%| F|  |TAMS 0x00000000e2a00000, 0x00000000e2a00000| Untracked 
|  43|0x00000000e2b00000, 0x00000000e2b00000, 0x00000000e2c00000|  0%| F|  |TAMS 0x00000000e2b00000, 0x00000000e2b00000| Untracked 
|  44|0x00000000e2c00000, 0x00000000e2c00000, 0x00000000e2d00000|  0%| F|  |TAMS 0x00000000e2c00000, 0x00000000e2c00000| Untracked 
|  45|0x00000000e2d00000, 0x00000000e2d00000, 0x00000000e2e00000|  0%| F|  |TAMS 0x00000000e2d00000, 0x00000000e2d00000| Untracked 
|  46|0x00000000e2e00000, 0x00000000e2e00000, 0x00000000e2f00000|  0%| F|  |TAMS 0x00000000e2e00000, 0x00000000e2e00000| Untracked 
|  47|0x00000000e2f00000, 0x00000000e2f00000, 0x00000000e3000000|  0%| F|  |TAMS 0x00000000e2f00000, 0x00000000e2f00000| Untracked 
|  48|0x00000000e3000000, 0x00000000e3000000, 0x00000000e3100000|  0%| F|  |TAMS 0x00000000e3000000, 0x00000000e3000000| Untracked 
|  49|0x00000000e3100000, 0x00000000e3100000, 0x00000000e3200000|  0%| F|  |TAMS 0x00000000e3100000, 0x00000000e3100000| Untracked 
|  50|0x00000000e3200000, 0x00000000e3200000, 0x00000000e3300000|  0%| F|  |TAMS 0x00000000e3200000, 0x00000000e3200000| Untracked 
|  51|0x00000000e3300000, 0x00000000e3300000, 0x00000000e3400000|  0%| F|  |TAMS 0x00000000e3300000, 0x00000000e3300000| Untracked 
|  52|0x00000000e3400000, 0x00000000e3400000, 0x00000000e3500000|  0%| F|  |TAMS 0x00000000e3400000, 0x00000000e3400000| Untracked 
|  53|0x00000000e3500000, 0x00000000e3500000, 0x00000000e3600000|  0%| F|  |TAMS 0x00000000e3500000, 0x00000000e3500000| Untracked 
|  54|0x00000000e3600000, 0x00000000e3600000, 0x00000000e3700000|  0%| F|  |TAMS 0x00000000e3600000, 0x00000000e3600000| Untracked 
|  55|0x00000000e3700000, 0x00000000e3700000, 0x00000000e3800000|  0%| F|  |TAMS 0x00000000e3700000, 0x00000000e3700000| Untracked 
|  56|0x00000000e3800000, 0x00000000e3800000, 0x00000000e3900000|  0%| F|  |TAMS 0x00000000e3800000, 0x00000000e3800000| Untracked 
|  57|0x00000000e3900000, 0x00000000e3900000, 0x00000000e3a00000|  0%| F|  |TAMS 0x00000000e3900000, 0x00000000e3900000| Untracked 
|  58|0x00000000e3a00000, 0x00000000e3a00000, 0x00000000e3b00000|  0%| F|  |TAMS 0x00000000e3a00000, 0x00000000e3a00000| Untracked 
|  59|0x00000000e3b00000, 0x00000000e3b00000, 0x00000000e3c00000|  0%| F|  |TAMS 0x00000000e3b00000, 0x00000000e3b00000| Untracked 
|  60|0x00000000e3c00000, 0x00000000e3c00000, 0x00000000e3d00000|  0%| F|  |TAMS 0x00000000e3c00000, 0x00000000e3c00000| Untracked 
|  61|0x00000000e3d00000, 0x00000000e3d00000, 0x00000000e3e00000|  0%| F|  |TAMS 0x00000000e3d00000, 0x00000000e3d00000| Untracked 
|  62|0x00000000e3e00000, 0x00000000e3e00000, 0x00000000e3f00000|  0%| F|  |TAMS 0x00000000e3e00000, 0x00000000e3e00000| Untracked 
|  63|0x00000000e3f00000, 0x00000000e3f00000, 0x00000000e4000000|  0%| F|  |TAMS 0x00000000e3f00000, 0x00000000e3f00000| Untracked 
|  64|0x00000000e4000000, 0x00000000e4000000, 0x00000000e4100000|  0%| F|  |TAMS 0x00000000e4000000, 0x00000000e4000000| Untracked 
|  65|0x00000000e4100000, 0x00000000e4100000, 0x00000000e4200000|  0%| F|  |TAMS 0x00000000e4100000, 0x00000000e4100000| Untracked 
|  66|0x00000000e4200000, 0x00000000e4200000, 0x00000000e4300000|  0%| F|  |TAMS 0x00000000e4200000, 0x00000000e4200000| Untracked 
|  67|0x00000000e4300000, 0x00000000e4300000, 0x00000000e4400000|  0%| F|  |TAMS 0x00000000e4300000, 0x00000000e4300000| Untracked 
|  68|0x00000000e4400000, 0x00000000e4400000, 0x00000000e4500000|  0%| F|  |TAMS 0x00000000e4400000, 0x00000000e4400000| Untracked 
|  69|0x00000000e4500000, 0x00000000e4500000, 0x00000000e4600000|  0%| F|  |TAMS 0x00000000e4500000, 0x00000000e4500000| Untracked 
|  70|0x00000000e4600000, 0x00000000e4600000, 0x00000000e4700000|  0%| F|  |TAMS 0x00000000e4600000, 0x00000000e4600000| Untracked 
|  71|0x00000000e4700000, 0x00000000e4700000, 0x00000000e4800000|  0%| F|  |TAMS 0x00000000e4700000, 0x00000000e4700000| Untracked 
|  72|0x00000000e4800000, 0x00000000e4800000, 0x00000000e4900000|  0%| F|  |TAMS 0x00000000e4800000, 0x00000000e4800000| Untracked 
|  73|0x00000000e4900000, 0x00000000e4900000, 0x00000000e4a00000|  0%| F|  |TAMS 0x00000000e4900000, 0x00000000e4900000| Untracked 
|  74|0x00000000e4a00000, 0x00000000e4a00000, 0x00000000e4b00000|  0%| F|  |TAMS 0x00000000e4a00000, 0x00000000e4a00000| Untracked 
|  75|0x00000000e4b00000, 0x00000000e4b00000, 0x00000000e4c00000|  0%| F|  |TAMS 0x00000000e4b00000, 0x00000000e4b00000| Untracked 
|  76|0x00000000e4c00000, 0x00000000e4c00000, 0x00000000e4d00000|  0%| F|  |TAMS 0x00000000e4c00000, 0x00000000e4c00000| Untracked 
|  77|0x00000000e4d00000, 0x00000000e4d00000, 0x00000000e4e00000|  0%| F|  |TAMS 0x00000000e4d00000, 0x00000000e4d00000| Untracked 
|  78|0x00000000e4e00000, 0x00000000e4e00000, 0x00000000e4f00000|  0%| F|  |TAMS 0x00000000e4e00000, 0x00000000e4e00000| Untracked 
|  79|0x00000000e4f00000, 0x00000000e4f00000, 0x00000000e5000000|  0%| F|  |TAMS 0x00000000e4f00000, 0x00000000e4f00000| Untracked 
|  80|0x00000000e5000000, 0x00000000e5000000, 0x00000000e5100000|  0%| F|  |TAMS 0x00000000e5000000, 0x00000000e5000000| Untracked 
|  81|0x00000000e5100000, 0x00000000e5100000, 0x00000000e5200000|  0%| F|  |TAMS 0x00000000e5100000, 0x00000000e5100000| Untracked 
|  82|0x00000000e5200000, 0x00000000e5200000, 0x00000000e5300000|  0%| F|  |TAMS 0x00000000e5200000, 0x00000000e5200000| Untracked 
|  83|0x00000000e5300000, 0x00000000e5300000, 0x00000000e5400000|  0%| F|  |TAMS 0x00000000e5300000, 0x00000000e5300000| Untracked 
|  84|0x00000000e5400000, 0x00000000e5400000, 0x00000000e5500000|  0%| F|  |TAMS 0x00000000e5400000, 0x00000000e5400000| Untracked 
|  85|0x00000000e5500000, 0x00000000e5500000, 0x00000000e5600000|  0%| F|  |TAMS 0x00000000e5500000, 0x00000000e5500000| Untracked 
|  86|0x00000000e5600000, 0x00000000e5600000, 0x00000000e5700000|  0%| F|  |TAMS 0x00000000e5600000, 0x00000000e5600000| Untracked 
|  87|0x00000000e5700000, 0x00000000e5700000, 0x00000000e5800000|  0%| F|  |TAMS 0x00000000e5700000, 0x00000000e5700000| Untracked 
|  88|0x00000000e5800000, 0x00000000e5800000, 0x00000000e5900000|  0%| F|  |TAMS 0x00000000e5800000, 0x00000000e5800000| Untracked 
|  89|0x00000000e5900000, 0x00000000e5900000, 0x00000000e5a00000|  0%| F|  |TAMS 0x00000000e5900000, 0x00000000e5900000| Untracked 
|  90|0x00000000e5a00000, 0x00000000e5a00000, 0x00000000e5b00000|  0%| F|  |TAMS 0x00000000e5a00000, 0x00000000e5a00000| Untracked 
|  91|0x00000000e5b00000, 0x00000000e5b00000, 0x00000000e5c00000|  0%| F|  |TAMS 0x00000000e5b00000, 0x00000000e5b00000| Untracked 
|  92|0x00000000e5c00000, 0x00000000e5c00000, 0x00000000e5d00000|  0%| F|  |TAMS 0x00000000e5c00000, 0x00000000e5c00000| Untracked 
|  93|0x00000000e5d00000, 0x00000000e5d00000, 0x00000000e5e00000|  0%| F|  |TAMS 0x00000000e5d00000, 0x00000000e5d00000| Untracked 
|  94|0x00000000e5e00000, 0x00000000e5e00000, 0x00000000e5f00000|  0%| F|  |TAMS 0x00000000e5e00000, 0x00000000e5e00000| Untracked 
|  95|0x00000000e5f00000, 0x00000000e5f00000, 0x00000000e6000000|  0%| F|  |TAMS 0x00000000e5f00000, 0x00000000e5f00000| Untracked 
|  96|0x00000000e6000000, 0x00000000e6000000, 0x00000000e6100000|  0%| F|  |TAMS 0x00000000e6000000, 0x00000000e6000000| Untracked 
|  97|0x00000000e6100000, 0x00000000e6100000, 0x00000000e6200000|  0%| F|  |TAMS 0x00000000e6100000, 0x00000000e6100000| Untracked 
|  98|0x00000000e6200000, 0x00000000e6200000, 0x00000000e6300000|  0%| F|  |TAMS 0x00000000e6200000, 0x00000000e6200000| Untracked 
|  99|0x00000000e6300000, 0x00000000e6300000, 0x00000000e6400000|  0%| F|  |TAMS 0x00000000e6300000, 0x00000000e6300000| Untracked 
| 100|0x00000000e6400000, 0x00000000e6400000, 0x00000000e6500000|  0%| F|  |TAMS 0x00000000e6400000, 0x00000000e6400000| Untracked 
| 101|0x00000000e6500000, 0x00000000e6500000, 0x00000000e6600000|  0%| F|  |TAMS 0x00000000e6500000, 0x00000000e6500000| Untracked 
| 102|0x00000000e6600000, 0x00000000e6600000, 0x00000000e6700000|  0%| F|  |TAMS 0x00000000e6600000, 0x00000000e6600000| Untracked 
| 103|0x00000000e6700000, 0x00000000e6700000, 0x00000000e6800000|  0%| F|  |TAMS 0x00000000e6700000, 0x00000000e6700000| Untracked 
| 104|0x00000000e6800000, 0x00000000e6800000, 0x00000000e6900000|  0%| F|  |TAMS 0x00000000e6800000, 0x00000000e6800000| Untracked 
| 105|0x00000000e6900000, 0x00000000e6900000, 0x00000000e6a00000|  0%| F|  |TAMS 0x00000000e6900000, 0x00000000e6900000| Untracked 
| 106|0x00000000e6a00000, 0x00000000e6a00000, 0x00000000e6b00000|  0%| F|  |TAMS 0x00000000e6a00000, 0x00000000e6a00000| Untracked 
| 107|0x00000000e6b00000, 0x00000000e6b00000, 0x00000000e6c00000|  0%| F|  |TAMS 0x00000000e6b00000, 0x00000000e6b00000| Untracked 
| 108|0x00000000e6c00000, 0x00000000e6c00000, 0x00000000e6d00000|  0%| F|  |TAMS 0x00000000e6c00000, 0x00000000e6c00000| Untracked 
| 109|0x00000000e6d00000, 0x00000000e6d00000, 0x00000000e6e00000|  0%| F|  |TAMS 0x00000000e6d00000, 0x00000000e6d00000| Untracked 
| 110|0x00000000e6e00000, 0x00000000e6e00000, 0x00000000e6f00000|  0%| F|  |TAMS 0x00000000e6e00000, 0x00000000e6e00000| Untracked 
| 111|0x00000000e6f00000, 0x00000000e6f00000, 0x00000000e7000000|  0%| F|  |TAMS 0x00000000e6f00000, 0x00000000e6f00000| Untracked 
| 112|0x00000000e7000000, 0x00000000e7000000, 0x00000000e7100000|  0%| F|  |TAMS 0x00000000e7000000, 0x00000000e7000000| Untracked 
| 113|0x00000000e7100000, 0x00000000e7100000, 0x00000000e7200000|  0%| F|  |TAMS 0x00000000e7100000, 0x00000000e7100000| Untracked 
| 114|0x00000000e7200000, 0x00000000e7200000, 0x00000000e7300000|  0%| F|  |TAMS 0x00000000e7200000, 0x00000000e7200000| Untracked 
| 115|0x00000000e7300000, 0x00000000e7300000, 0x00000000e7400000|  0%| F|  |TAMS 0x00000000e7300000, 0x00000000e7300000| Untracked 
| 116|0x00000000e7400000, 0x00000000e7400000, 0x00000000e7500000|  0%| F|  |TAMS 0x00000000e7400000, 0x00000000e7400000| Untracked 
| 117|0x00000000e7500000, 0x00000000e7500000, 0x00000000e7600000|  0%| F|  |TAMS 0x00000000e7500000, 0x00000000e7500000| Untracked 
| 118|0x00000000e7600000, 0x00000000e7600000, 0x00000000e7700000|  0%| F|  |TAMS 0x00000000e7600000, 0x00000000e7600000| Untracked 
| 119|0x00000000e7700000, 0x00000000e7700000, 0x00000000e7800000|  0%| F|  |TAMS 0x00000000e7700000, 0x00000000e7700000| Untracked 
| 120|0x00000000e7800000, 0x00000000e7800000, 0x00000000e7900000|  0%| F|  |TAMS 0x00000000e7800000, 0x00000000e7800000| Untracked 
| 121|0x00000000e7900000, 0x00000000e7900000, 0x00000000e7a00000|  0%| F|  |TAMS 0x00000000e7900000, 0x00000000e7900000| Untracked 
| 122|0x00000000e7a00000, 0x00000000e7a00000, 0x00000000e7b00000|  0%| F|  |TAMS 0x00000000e7a00000, 0x00000000e7a00000| Untracked 
| 123|0x00000000e7b00000, 0x00000000e7b00000, 0x00000000e7c00000|  0%| F|  |TAMS 0x00000000e7b00000, 0x00000000e7b00000| Untracked 
| 124|0x00000000e7c00000, 0x00000000e7c00000, 0x00000000e7d00000|  0%| F|  |TAMS 0x00000000e7c00000, 0x00000000e7c00000| Untracked 
| 125|0x00000000e7d00000, 0x00000000e7d00000, 0x00000000e7e00000|  0%| F|  |TAMS 0x00000000e7d00000, 0x00000000e7d00000| Untracked 
| 126|0x00000000e7e00000, 0x00000000e7e00000, 0x00000000e7f00000|  0%| F|  |TAMS 0x00000000e7e00000, 0x00000000e7e00000| Untracked 
| 127|0x00000000e7f00000, 0x00000000e7f00000, 0x00000000e8000000|  0%| F|  |TAMS 0x00000000e7f00000, 0x00000000e7f00000| Untracked 
| 128|0x00000000e8000000, 0x00000000e8000000, 0x00000000e8100000|  0%| F|  |TAMS 0x00000000e8000000, 0x00000000e8000000| Untracked 
| 129|0x00000000e8100000, 0x00000000e8100000, 0x00000000e8200000|  0%| F|  |TAMS 0x00000000e8100000, 0x00000000e8100000| Untracked 
| 130|0x00000000e8200000, 0x00000000e8200000, 0x00000000e8300000|  0%| F|  |TAMS 0x00000000e8200000, 0x00000000e8200000| Untracked 
| 131|0x00000000e8300000, 0x00000000e8300000, 0x00000000e8400000|  0%| F|  |TAMS 0x00000000e8300000, 0x00000000e8300000| Untracked 
| 132|0x00000000e8400000, 0x00000000e8400000, 0x00000000e8500000|  0%| F|  |TAMS 0x00000000e8400000, 0x00000000e8400000| Untracked 
| 133|0x00000000e8500000, 0x00000000e8500000, 0x00000000e8600000|  0%| F|  |TAMS 0x00000000e8500000, 0x00000000e8500000| Untracked 
| 134|0x00000000e8600000, 0x00000000e8600000, 0x00000000e8700000|  0%| F|  |TAMS 0x00000000e8600000, 0x00000000e8600000| Untracked 
| 135|0x00000000e8700000, 0x00000000e8700000, 0x00000000e8800000|  0%| F|  |TAMS 0x00000000e8700000, 0x00000000e8700000| Untracked 
| 136|0x00000000e8800000, 0x00000000e8800000, 0x00000000e8900000|  0%| F|  |TAMS 0x00000000e8800000, 0x00000000e8800000| Untracked 
| 137|0x00000000e8900000, 0x00000000e8900000, 0x00000000e8a00000|  0%| F|  |TAMS 0x00000000e8900000, 0x00000000e8900000| Untracked 
| 138|0x00000000e8a00000, 0x00000000e8a00000, 0x00000000e8b00000|  0%| F|  |TAMS 0x00000000e8a00000, 0x00000000e8a00000| Untracked 
| 139|0x00000000e8b00000, 0x00000000e8b00000, 0x00000000e8c00000|  0%| F|  |TAMS 0x00000000e8b00000, 0x00000000e8b00000| Untracked 
| 140|0x00000000e8c00000, 0x00000000e8c00000, 0x00000000e8d00000|  0%| F|  |TAMS 0x00000000e8c00000, 0x00000000e8c00000| Untracked 
| 141|0x00000000e8d00000, 0x00000000e8d00000, 0x00000000e8e00000|  0%| F|  |TAMS 0x00000000e8d00000, 0x00000000e8d00000| Untracked 
| 142|0x00000000e8e00000, 0x00000000e8e00000, 0x00000000e8f00000|  0%| F|  |TAMS 0x00000000e8e00000, 0x00000000e8e00000| Untracked 
| 143|0x00000000e8f00000, 0x00000000e8f00000, 0x00000000e9000000|  0%| F|  |TAMS 0x00000000e8f00000, 0x00000000e8f00000| Untracked 
| 144|0x00000000e9000000, 0x00000000e9000000, 0x00000000e9100000|  0%| F|  |TAMS 0x00000000e9000000, 0x00000000e9000000| Untracked 
| 145|0x00000000e9100000, 0x00000000e9100000, 0x00000000e9200000|  0%| F|  |TAMS 0x00000000e9100000, 0x00000000e9100000| Untracked 
| 146|0x00000000e9200000, 0x00000000e9200000, 0x00000000e9300000|  0%| F|  |TAMS 0x00000000e9200000, 0x00000000e9200000| Untracked 
| 147|0x00000000e9300000, 0x00000000e9300000, 0x00000000e9400000|  0%| F|  |TAMS 0x00000000e9300000, 0x00000000e9300000| Untracked 
| 148|0x00000000e9400000, 0x00000000e9400000, 0x00000000e9500000|  0%| F|  |TAMS 0x00000000e9400000, 0x00000000e9400000| Untracked 
| 149|0x00000000e9500000, 0x00000000e9500000, 0x00000000e9600000|  0%| F|  |TAMS 0x00000000e9500000, 0x00000000e9500000| Untracked 
| 150|0x00000000e9600000, 0x00000000e9600000, 0x00000000e9700000|  0%| F|  |TAMS 0x00000000e9600000, 0x00000000e9600000| Untracked 
| 151|0x00000000e9700000, 0x00000000e9700000, 0x00000000e9800000|  0%| F|  |TAMS 0x00000000e9700000, 0x00000000e9700000| Untracked 
| 152|0x00000000e9800000, 0x00000000e9800000, 0x00000000e9900000|  0%| F|  |TAMS 0x00000000e9800000, 0x00000000e9800000| Untracked 
| 153|0x00000000e9900000, 0x00000000e9900000, 0x00000000e9a00000|  0%| F|  |TAMS 0x00000000e9900000, 0x00000000e9900000| Untracked 
| 154|0x00000000e9a00000, 0x00000000e9a00000, 0x00000000e9b00000|  0%| F|  |TAMS 0x00000000e9a00000, 0x00000000e9a00000| Untracked 
| 155|0x00000000e9b00000, 0x00000000e9b00000, 0x00000000e9c00000|  0%| F|  |TAMS 0x00000000e9b00000, 0x00000000e9b00000| Untracked 
| 156|0x00000000e9c00000, 0x00000000e9c00000, 0x00000000e9d00000|  0%| F|  |TAMS 0x00000000e9c00000, 0x00000000e9c00000| Untracked 
| 157|0x00000000e9d00000, 0x00000000e9d00000, 0x00000000e9e00000|  0%| F|  |TAMS 0x00000000e9d00000, 0x00000000e9d00000| Untracked 
| 158|0x00000000e9e00000, 0x00000000e9e00000, 0x00000000e9f00000|  0%| F|  |TAMS 0x00000000e9e00000, 0x00000000e9e00000| Untracked 
| 159|0x00000000e9f00000, 0x00000000e9f00000, 0x00000000ea000000|  0%| F|  |TAMS 0x00000000e9f00000, 0x00000000e9f00000| Untracked 
| 160|0x00000000ea000000, 0x00000000ea000000, 0x00000000ea100000|  0%| F|  |TAMS 0x00000000ea000000, 0x00000000ea000000| Untracked 
| 161|0x00000000ea100000, 0x00000000ea100000, 0x00000000ea200000|  0%| F|  |TAMS 0x00000000ea100000, 0x00000000ea100000| Untracked 
| 162|0x00000000ea200000, 0x00000000ea200000, 0x00000000ea300000|  0%| F|  |TAMS 0x00000000ea200000, 0x00000000ea200000| Untracked 
| 163|0x00000000ea300000, 0x00000000ea300000, 0x00000000ea400000|  0%| F|  |TAMS 0x00000000ea300000, 0x00000000ea300000| Untracked 
| 164|0x00000000ea400000, 0x00000000ea400000, 0x00000000ea500000|  0%| F|  |TAMS 0x00000000ea400000, 0x00000000ea400000| Untracked 
| 165|0x00000000ea500000, 0x00000000ea500000, 0x00000000ea600000|  0%| F|  |TAMS 0x00000000ea500000, 0x00000000ea500000| Untracked 
| 166|0x00000000ea600000, 0x00000000ea600000, 0x00000000ea700000|  0%| F|  |TAMS 0x00000000ea600000, 0x00000000ea600000| Untracked 
| 167|0x00000000ea700000, 0x00000000ea700000, 0x00000000ea800000|  0%| F|  |TAMS 0x00000000ea700000, 0x00000000ea700000| Untracked 
| 168|0x00000000ea800000, 0x00000000ea800000, 0x00000000ea900000|  0%| F|  |TAMS 0x00000000ea800000, 0x00000000ea800000| Untracked 
| 169|0x00000000ea900000, 0x00000000ea900000, 0x00000000eaa00000|  0%| F|  |TAMS 0x00000000ea900000, 0x00000000ea900000| Untracked 
| 170|0x00000000eaa00000, 0x00000000eaa00000, 0x00000000eab00000|  0%| F|  |TAMS 0x00000000eaa00000, 0x00000000eaa00000| Untracked 
| 171|0x00000000eab00000, 0x00000000eab00000, 0x00000000eac00000|  0%| F|  |TAMS 0x00000000eab00000, 0x00000000eab00000| Untracked 
| 172|0x00000000eac00000, 0x00000000eac00000, 0x00000000ead00000|  0%| F|  |TAMS 0x00000000eac00000, 0x00000000eac00000| Untracked 
| 173|0x00000000ead00000, 0x00000000ead00000, 0x00000000eae00000|  0%| F|  |TAMS 0x00000000ead00000, 0x00000000ead00000| Untracked 
| 174|0x00000000eae00000, 0x00000000eae00000, 0x00000000eaf00000|  0%| F|  |TAMS 0x00000000eae00000, 0x00000000eae00000| Untracked 
| 175|0x00000000eaf00000, 0x00000000eaf00000, 0x00000000eb000000|  0%| F|  |TAMS 0x00000000eaf00000, 0x00000000eaf00000| Untracked 
| 176|0x00000000eb000000, 0x00000000eb000000, 0x00000000eb100000|  0%| F|  |TAMS 0x00000000eb000000, 0x00000000eb000000| Untracked 
| 177|0x00000000eb100000, 0x00000000eb100000, 0x00000000eb200000|  0%| F|  |TAMS 0x00000000eb100000, 0x00000000eb100000| Untracked 
| 178|0x00000000eb200000, 0x00000000eb200000, 0x00000000eb300000|  0%| F|  |TAMS 0x00000000eb200000, 0x00000000eb200000| Untracked 
| 179|0x00000000eb300000, 0x00000000eb300000, 0x00000000eb400000|  0%| F|  |TAMS 0x00000000eb300000, 0x00000000eb300000| Untracked 
| 180|0x00000000eb400000, 0x00000000eb400000, 0x00000000eb500000|  0%| F|  |TAMS 0x00000000eb400000, 0x00000000eb400000| Untracked 
| 181|0x00000000eb500000, 0x00000000eb500000, 0x00000000eb600000|  0%| F|  |TAMS 0x00000000eb500000, 0x00000000eb500000| Untracked 
| 182|0x00000000eb600000, 0x00000000eb600000, 0x00000000eb700000|  0%| F|  |TAMS 0x00000000eb600000, 0x00000000eb600000| Untracked 
| 183|0x00000000eb700000, 0x00000000eb700000, 0x00000000eb800000|  0%| F|  |TAMS 0x00000000eb700000, 0x00000000eb700000| Untracked 
| 184|0x00000000eb800000, 0x00000000eb800000, 0x00000000eb900000|  0%| F|  |TAMS 0x00000000eb800000, 0x00000000eb800000| Untracked 
| 185|0x00000000eb900000, 0x00000000eb900000, 0x00000000eba00000|  0%| F|  |TAMS 0x00000000eb900000, 0x00000000eb900000| Untracked 
| 186|0x00000000eba00000, 0x00000000eba00000, 0x00000000ebb00000|  0%| F|  |TAMS 0x00000000eba00000, 0x00000000eba00000| Untracked 
| 187|0x00000000ebb00000, 0x00000000ebb00000, 0x00000000ebc00000|  0%| F|  |TAMS 0x00000000ebb00000, 0x00000000ebb00000| Untracked 
| 188|0x00000000ebc00000, 0x00000000ebc00000, 0x00000000ebd00000|  0%| F|  |TAMS 0x00000000ebc00000, 0x00000000ebc00000| Untracked 
| 189|0x00000000ebd00000, 0x00000000ebd00000, 0x00000000ebe00000|  0%| F|  |TAMS 0x00000000ebd00000, 0x00000000ebd00000| Untracked 
| 190|0x00000000ebe00000, 0x00000000ebe00000, 0x00000000ebf00000|  0%| F|  |TAMS 0x00000000ebe00000, 0x00000000ebe00000| Untracked 
| 191|0x00000000ebf00000, 0x00000000ebf00000, 0x00000000ec000000|  0%| F|  |TAMS 0x00000000ebf00000, 0x00000000ebf00000| Untracked 
| 192|0x00000000ec000000, 0x00000000ec000000, 0x00000000ec100000|  0%| F|  |TAMS 0x00000000ec000000, 0x00000000ec000000| Untracked 
| 193|0x00000000ec100000, 0x00000000ec100000, 0x00000000ec200000|  0%| F|  |TAMS 0x00000000ec100000, 0x00000000ec100000| Untracked 
| 194|0x00000000ec200000, 0x00000000ec200000, 0x00000000ec300000|  0%| F|  |TAMS 0x00000000ec200000, 0x00000000ec200000| Untracked 
| 195|0x00000000ec300000, 0x00000000ec300000, 0x00000000ec400000|  0%| F|  |TAMS 0x00000000ec300000, 0x00000000ec300000| Untracked 
| 196|0x00000000ec400000, 0x00000000ec400000, 0x00000000ec500000|  0%| F|  |TAMS 0x00000000ec400000, 0x00000000ec400000| Untracked 
| 197|0x00000000ec500000, 0x00000000ec500000, 0x00000000ec600000|  0%| F|  |TAMS 0x00000000ec500000, 0x00000000ec500000| Untracked 
| 198|0x00000000ec600000, 0x00000000ec600000, 0x00000000ec700000|  0%| F|  |TAMS 0x00000000ec600000, 0x00000000ec600000| Untracked 
| 199|0x00000000ec700000, 0x00000000ec700000, 0x00000000ec800000|  0%| F|  |TAMS 0x00000000ec700000, 0x00000000ec700000| Untracked 
| 200|0x00000000ec800000, 0x00000000ec800000, 0x00000000ec900000|  0%| F|  |TAMS 0x00000000ec800000, 0x00000000ec800000| Untracked 
| 201|0x00000000ec900000, 0x00000000ec900000, 0x00000000eca00000|  0%| F|  |TAMS 0x00000000ec900000, 0x00000000ec900000| Untracked 
| 202|0x00000000eca00000, 0x00000000eca00000, 0x00000000ecb00000|  0%| F|  |TAMS 0x00000000eca00000, 0x00000000eca00000| Untracked 
| 203|0x00000000ecb00000, 0x00000000ecb00000, 0x00000000ecc00000|  0%| F|  |TAMS 0x00000000ecb00000, 0x00000000ecb00000| Untracked 
| 204|0x00000000ecc00000, 0x00000000ecc00000, 0x00000000ecd00000|  0%| F|  |TAMS 0x00000000ecc00000, 0x00000000ecc00000| Untracked 
| 205|0x00000000ecd00000, 0x00000000ecd00000, 0x00000000ece00000|  0%| F|  |TAMS 0x00000000ecd00000, 0x00000000ecd00000| Untracked 
| 206|0x00000000ece00000, 0x00000000ece00000, 0x00000000ecf00000|  0%| F|  |TAMS 0x00000000ece00000, 0x00000000ece00000| Untracked 
| 207|0x00000000ecf00000, 0x00000000ecf00000, 0x00000000ed000000|  0%| F|  |TAMS 0x00000000ecf00000, 0x00000000ecf00000| Untracked 
| 208|0x00000000ed000000, 0x00000000ed000000, 0x00000000ed100000|  0%| F|  |TAMS 0x00000000ed000000, 0x00000000ed000000| Untracked 
| 209|0x00000000ed100000, 0x00000000ed100000, 0x00000000ed200000|  0%| F|  |TAMS 0x00000000ed100000, 0x00000000ed100000| Untracked 
| 210|0x00000000ed200000, 0x00000000ed200000, 0x00000000ed300000|  0%| F|  |TAMS 0x00000000ed200000, 0x00000000ed200000| Untracked 
| 211|0x00000000ed300000, 0x00000000ed300000, 0x00000000ed400000|  0%| F|  |TAMS 0x00000000ed300000, 0x00000000ed300000| Untracked 
| 212|0x00000000ed400000, 0x00000000ed400000, 0x00000000ed500000|  0%| F|  |TAMS 0x00000000ed400000, 0x00000000ed400000| Untracked 
| 213|0x00000000ed500000, 0x00000000ed500000, 0x00000000ed600000|  0%| F|  |TAMS 0x00000000ed500000, 0x00000000ed500000| Untracked 
| 214|0x00000000ed600000, 0x00000000ed600000, 0x00000000ed700000|  0%| F|  |TAMS 0x00000000ed600000, 0x00000000ed600000| Untracked 
| 215|0x00000000ed700000, 0x00000000ed700000, 0x00000000ed800000|  0%| F|  |TAMS 0x00000000ed700000, 0x00000000ed700000| Untracked 
| 216|0x00000000ed800000, 0x00000000ed800000, 0x00000000ed900000|  0%| F|  |TAMS 0x00000000ed800000, 0x00000000ed800000| Untracked 
| 217|0x00000000ed900000, 0x00000000ed900000, 0x00000000eda00000|  0%| F|  |TAMS 0x00000000ed900000, 0x00000000ed900000| Untracked 
| 218|0x00000000eda00000, 0x00000000eda00000, 0x00000000edb00000|  0%| F|  |TAMS 0x00000000eda00000, 0x00000000eda00000| Untracked 
| 219|0x00000000edb00000, 0x00000000edb00000, 0x00000000edc00000|  0%| F|  |TAMS 0x00000000edb00000, 0x00000000edb00000| Untracked 
| 220|0x00000000edc00000, 0x00000000edc00000, 0x00000000edd00000|  0%| F|  |TAMS 0x00000000edc00000, 0x00000000edc00000| Untracked 
| 221|0x00000000edd00000, 0x00000000edd00000, 0x00000000ede00000|  0%| F|  |TAMS 0x00000000edd00000, 0x00000000edd00000| Untracked 
| 222|0x00000000ede00000, 0x00000000ede00000, 0x00000000edf00000|  0%| F|  |TAMS 0x00000000ede00000, 0x00000000ede00000| Untracked 
| 223|0x00000000edf00000, 0x00000000edf00000, 0x00000000ee000000|  0%| F|  |TAMS 0x00000000edf00000, 0x00000000edf00000| Untracked 
| 224|0x00000000ee000000, 0x00000000ee000000, 0x00000000ee100000|  0%| F|  |TAMS 0x00000000ee000000, 0x00000000ee000000| Untracked 
| 225|0x00000000ee100000, 0x00000000ee100000, 0x00000000ee200000|  0%| F|  |TAMS 0x00000000ee100000, 0x00000000ee100000| Untracked 
| 226|0x00000000ee200000, 0x00000000ee200000, 0x00000000ee300000|  0%| F|  |TAMS 0x00000000ee200000, 0x00000000ee200000| Untracked 
| 227|0x00000000ee300000, 0x00000000ee300000, 0x00000000ee400000|  0%| F|  |TAMS 0x00000000ee300000, 0x00000000ee300000| Untracked 
| 228|0x00000000ee400000, 0x00000000ee400000, 0x00000000ee500000|  0%| F|  |TAMS 0x00000000ee400000, 0x00000000ee400000| Untracked 
| 229|0x00000000ee500000, 0x00000000ee500000, 0x00000000ee600000|  0%| F|  |TAMS 0x00000000ee500000, 0x00000000ee500000| Untracked 
| 230|0x00000000ee600000, 0x00000000ee600000, 0x00000000ee700000|  0%| F|  |TAMS 0x00000000ee600000, 0x00000000ee600000| Untracked 
| 231|0x00000000ee700000, 0x00000000ee700000, 0x00000000ee800000|  0%| F|  |TAMS 0x00000000ee700000, 0x00000000ee700000| Untracked 
| 232|0x00000000ee800000, 0x00000000ee800000, 0x00000000ee900000|  0%| F|  |TAMS 0x00000000ee800000, 0x00000000ee800000| Untracked 
| 233|0x00000000ee900000, 0x00000000ee900000, 0x00000000eea00000|  0%| F|  |TAMS 0x00000000ee900000, 0x00000000ee900000| Untracked 
| 234|0x00000000eea00000, 0x00000000eea00000, 0x00000000eeb00000|  0%| F|  |TAMS 0x00000000eea00000, 0x00000000eea00000| Untracked 
| 235|0x00000000eeb00000, 0x00000000eeb00000, 0x00000000eec00000|  0%| F|  |TAMS 0x00000000eeb00000, 0x00000000eeb00000| Untracked 
| 236|0x00000000eec00000, 0x00000000eec00000, 0x00000000eed00000|  0%| F|  |TAMS 0x00000000eec00000, 0x00000000eec00000| Untracked 
| 237|0x00000000eed00000, 0x00000000eed00000, 0x00000000eee00000|  0%| F|  |TAMS 0x00000000eed00000, 0x00000000eed00000| Untracked 
| 238|0x00000000eee00000, 0x00000000eee00000, 0x00000000eef00000|  0%| F|  |TAMS 0x00000000eee00000, 0x00000000eee00000| Untracked 
| 239|0x00000000eef00000, 0x00000000eef00000, 0x00000000ef000000|  0%| F|  |TAMS 0x00000000eef00000, 0x00000000eef00000| Untracked 
| 240|0x00000000ef000000, 0x00000000ef000000, 0x00000000ef100000|  0%| F|  |TAMS 0x00000000ef000000, 0x00000000ef000000| Untracked 
| 241|0x00000000ef100000, 0x00000000ef100000, 0x00000000ef200000|  0%| F|  |TAMS 0x00000000ef100000, 0x00000000ef100000| Untracked 
| 242|0x00000000ef200000, 0x00000000ef200000, 0x00000000ef300000|  0%| F|  |TAMS 0x00000000ef200000, 0x00000000ef200000| Untracked 
| 243|0x00000000ef300000, 0x00000000ef300000, 0x00000000ef400000|  0%| F|  |TAMS 0x00000000ef300000, 0x00000000ef300000| Untracked 
| 244|0x00000000ef400000, 0x00000000ef400000, 0x00000000ef500000|  0%| F|  |TAMS 0x00000000ef400000, 0x00000000ef400000| Untracked 
| 245|0x00000000ef500000, 0x00000000ef500000, 0x00000000ef600000|  0%| F|  |TAMS 0x00000000ef500000, 0x00000000ef500000| Untracked 
| 246|0x00000000ef600000, 0x00000000ef600000, 0x00000000ef700000|  0%| F|  |TAMS 0x00000000ef600000, 0x00000000ef600000| Untracked 
| 247|0x00000000ef700000, 0x00000000ef700000, 0x00000000ef800000|  0%| F|  |TAMS 0x00000000ef700000, 0x00000000ef700000| Untracked 
| 248|0x00000000ef800000, 0x00000000ef800000, 0x00000000ef900000|  0%| F|  |TAMS 0x00000000ef800000, 0x00000000ef800000| Untracked 
| 249|0x00000000ef900000, 0x00000000ef900000, 0x00000000efa00000|  0%| F|  |TAMS 0x00000000ef900000, 0x00000000ef900000| Untracked 
| 250|0x00000000efa00000, 0x00000000efa00000, 0x00000000efb00000|  0%| F|  |TAMS 0x00000000efa00000, 0x00000000efa00000| Untracked 
| 251|0x00000000efb00000, 0x00000000efb00000, 0x00000000efc00000|  0%| F|  |TAMS 0x00000000efb00000, 0x00000000efb00000| Untracked 
| 252|0x00000000efc00000, 0x00000000efc00000, 0x00000000efd00000|  0%| F|  |TAMS 0x00000000efc00000, 0x00000000efc00000| Untracked 
| 253|0x00000000efd00000, 0x00000000efd00000, 0x00000000efe00000|  0%| F|  |TAMS 0x00000000efd00000, 0x00000000efd00000| Untracked 
| 254|0x00000000efe00000, 0x00000000efe00000, 0x00000000eff00000|  0%| F|  |TAMS 0x00000000efe00000, 0x00000000efe00000| Untracked 
| 255|0x00000000eff00000, 0x00000000eff00000, 0x00000000f0000000|  0%| F|  |TAMS 0x00000000eff00000, 0x00000000eff00000| Untracked 
| 256|0x00000000f0000000, 0x00000000f0000000, 0x00000000f0100000|  0%| F|  |TAMS 0x00000000f0000000, 0x00000000f0000000| Untracked 
| 257|0x00000000f0100000, 0x00000000f0100000, 0x00000000f0200000|  0%| F|  |TAMS 0x00000000f0100000, 0x00000000f0100000| Untracked 
| 258|0x00000000f0200000, 0x00000000f0200000, 0x00000000f0300000|  0%| F|  |TAMS 0x00000000f0200000, 0x00000000f0200000| Untracked 
| 259|0x00000000f0300000, 0x00000000f0300000, 0x00000000f0400000|  0%| F|  |TAMS 0x00000000f0300000, 0x00000000f0300000| Untracked 
| 260|0x00000000f0400000, 0x00000000f0400000, 0x00000000f0500000|  0%| F|  |TAMS 0x00000000f0400000, 0x00000000f0400000| Untracked 
| 261|0x00000000f0500000, 0x00000000f0500000, 0x00000000f0600000|  0%| F|  |TAMS 0x00000000f0500000, 0x00000000f0500000| Untracked 
| 262|0x00000000f0600000, 0x00000000f0600000, 0x00000000f0700000|  0%| F|  |TAMS 0x00000000f0600000, 0x00000000f0600000| Untracked 
| 263|0x00000000f0700000, 0x00000000f0700000, 0x00000000f0800000|  0%| F|  |TAMS 0x00000000f0700000, 0x00000000f0700000| Untracked 
| 264|0x00000000f0800000, 0x00000000f0800000, 0x00000000f0900000|  0%| F|  |TAMS 0x00000000f0800000, 0x00000000f0800000| Untracked 
| 265|0x00000000f0900000, 0x00000000f0900000, 0x00000000f0a00000|  0%| F|  |TAMS 0x00000000f0900000, 0x00000000f0900000| Untracked 
| 266|0x00000000f0a00000, 0x00000000f0a00000, 0x00000000f0b00000|  0%| F|  |TAMS 0x00000000f0a00000, 0x00000000f0a00000| Untracked 
| 267|0x00000000f0b00000, 0x00000000f0b00000, 0x00000000f0c00000|  0%| F|  |TAMS 0x00000000f0b00000, 0x00000000f0b00000| Untracked 
| 268|0x00000000f0c00000, 0x00000000f0c00000, 0x00000000f0d00000|  0%| F|  |TAMS 0x00000000f0c00000, 0x00000000f0c00000| Untracked 
| 269|0x00000000f0d00000, 0x00000000f0d00000, 0x00000000f0e00000|  0%| F|  |TAMS 0x00000000f0d00000, 0x00000000f0d00000| Untracked 
| 270|0x00000000f0e00000, 0x00000000f0e00000, 0x00000000f0f00000|  0%| F|  |TAMS 0x00000000f0e00000, 0x00000000f0e00000| Untracked 
| 271|0x00000000f0f00000, 0x00000000f0f00000, 0x00000000f1000000|  0%| F|  |TAMS 0x00000000f0f00000, 0x00000000f0f00000| Untracked 
| 272|0x00000000f1000000, 0x00000000f1000000, 0x00000000f1100000|  0%| F|  |TAMS 0x00000000f1000000, 0x00000000f1000000| Untracked 
| 273|0x00000000f1100000, 0x00000000f1100000, 0x00000000f1200000|  0%| F|  |TAMS 0x00000000f1100000, 0x00000000f1100000| Untracked 
| 274|0x00000000f1200000, 0x00000000f1200000, 0x00000000f1300000|  0%| F|  |TAMS 0x00000000f1200000, 0x00000000f1200000| Untracked 
| 275|0x00000000f1300000, 0x00000000f1300000, 0x00000000f1400000|  0%| F|  |TAMS 0x00000000f1300000, 0x00000000f1300000| Untracked 
| 276|0x00000000f1400000, 0x00000000f1400000, 0x00000000f1500000|  0%| F|  |TAMS 0x00000000f1400000, 0x00000000f1400000| Untracked 
| 277|0x00000000f1500000, 0x00000000f1500000, 0x00000000f1600000|  0%| F|  |TAMS 0x00000000f1500000, 0x00000000f1500000| Untracked 
| 278|0x00000000f1600000, 0x00000000f16162c0, 0x00000000f1700000|  8%| S|CS|TAMS 0x00000000f1600000, 0x00000000f1600000| Complete 
| 279|0x00000000f1700000, 0x00000000f1700000, 0x00000000f1800000|  0%| F|  |TAMS 0x00000000f1700000, 0x00000000f1700000| Untracked 
| 280|0x00000000f1800000, 0x00000000f1800000, 0x00000000f1900000|  0%| F|  |TAMS 0x00000000f1800000, 0x00000000f1800000| Untracked 

Card table byte_map: [0x0000019a5cb50000,0x0000019a5cc50000] _byte_map_base: 0x0000019a5c450000

Marking Bits (Prev, Next): (CMBitMap*) 0x0000019a459ccd80, (CMBitMap*) 0x0000019a459ccdc0
 Prev Bits: [0x0000019a5cd50000, 0x0000019a5d550000)
 Next Bits: [0x0000019a5d550000, 0x0000019a5dd50000)

Polling page: 0x0000019a41780000

Metaspace:

Usage:
  Non-class:     30.63 MB used.
      Class:      3.59 MB used.
       Both:     34.22 MB used.

Virtual space:
  Non-class space:       64.00 MB reserved,      30.81 MB ( 48%) committed,  1 nodes.
      Class space:        1.00 GB reserved,       3.75 MB ( <1%) committed,  1 nodes.
             Both:        1.06 GB reserved,      34.56 MB (  3%) committed. 

Chunk freelists:
   Non-Class:  400.00 KB
       Class:  12.16 MB
        Both:  12.55 MB

MaxMetaspaceSize: unlimited
CompressedClassSpaceSize: 1.00 GB
Initial GC threshold: 21.00 MB
Current GC threshold: 57.50 MB
CDS: on
MetaspaceReclaimPolicy: balanced
 - commit_granule_bytes: 65536.
 - commit_granule_words: 8192.
 - virtual_space_node_default_size: 8388608.
 - enlarge_chunks_in_place: 1.
 - new_chunks_are_fully_committed: 0.
 - uncommit_free_chunks: 1.
 - use_allocation_guard: 0.
 - handle_deallocations: 1.


Internal statistics:

num_allocs_failed_limit: 0.
num_arena_births: 526.
num_arena_deaths: 234.
num_vsnodes_births: 2.
num_vsnodes_deaths: 0.
num_space_committed: 553.
num_space_uncommitted: 0.
num_chunks_returned_to_freelist: 324.
num_chunks_taken_from_freelist: 1706.
num_chunk_merges: 100.
num_chunk_splits: 1082.
num_chunks_enlarged: 772.
num_inconsistent_stats: 0.

CodeHeap 'non-profiled nmethods': size=119168Kb used=5490Kb max_used=5490Kb free=113677Kb
 bounds [0x0000019a54d70000, 0x0000019a552d0000, 0x0000019a5c1d0000]
CodeHeap 'profiled nmethods': size=119104Kb used=15727Kb max_used=15727Kb free=103377Kb
 bounds [0x0000019a4d1d0000, 0x0000019a4e130000, 0x0000019a54620000]
CodeHeap 'non-nmethods': size=7488Kb used=1303Kb max_used=3058Kb free=6184Kb
 bounds [0x0000019a54620000, 0x0000019a54930000, 0x0000019a54d70000]
 total_blobs=7997 nmethods=7375 adapters=534
 compilation: enabled
              stopped_count=0, restarted_count=0
 full_count=0

Compilation events (20 events):
Event: 172694.636 Thread 0x0000019a60246290 nmethod 8301 0x0000019a4e125110 code [0x0000019a4e1252c0, 0x0000019a4e1254d8]
Event: 172694.636 Thread 0x0000019a60246290 8299       1       com.ohos.hapsigntool.hap.config.SignerConfig::getCompatibleVersion (5 bytes)
Event: 172694.637 Thread 0x0000019aa9e28420 nmethod 8298 0x0000019a4e125590 code [0x0000019a4e125820, 0x0000019a4e126258]
Event: 172694.637 Thread 0x0000019a60246290 nmethod 8299 0x0000019a552cab10 code [0x0000019a552caca0, 0x0000019a552cad78]
Event: 172694.637 Thread 0x0000019aa9e219e0 nmethod 8296 0x0000019a4e126790 code [0x0000019a4e126a60, 0x0000019a4e127c88]
Event: 172694.637 Thread 0x0000019aa9e24f00 nmethod 8285 0x0000019a4e128210 code [0x0000019a4e1285e0, 0x0000019a4e129e98]
Event: 172721.305 Thread 0x0000019a602452c0 8302       4       org.bouncycastle.asn1.ASN1Set::asn1Equals (113 bytes)
Event: 172721.317 Thread 0x0000019a602452c0 nmethod 8302 0x0000019a552cae10 code [0x0000019a552cafe0, 0x0000019a552cb858]
Event: 172721.345 Thread 0x0000019a602452c0 8303       4       java.util.regex.Pattern::append (43 bytes)
Event: 172721.346 Thread 0x0000019a602452c0 nmethod 8303 0x0000019a552cc190 code [0x0000019a552cc300, 0x0000019a552cc3d8]
Event: 172784.780 Thread 0x0000019a60246290 8304       3       jdk.internal.misc.Unsafe::freeMemory (18 bytes)
Event: 172784.781 Thread 0x0000019a60246290 nmethod 8304 0x0000019a4e12a990 code [0x0000019a4e12ab60, 0x0000019a4e12ae38]
Event: 172784.781 Thread 0x0000019a60246290 8305       3       jdk.internal.misc.Unsafe::freeMemoryChecks (7 bytes)
Event: 172784.781 Thread 0x0000019a60246290 nmethod 8305 0x0000019a4e12af90 code [0x0000019a4e12b140, 0x0000019a4e12b338]
Event: 173063.177 Thread 0x0000019a60246290 8307       3       sun.util.locale.provider.TimeZoneNameUtility::retrieveDisplayNamesImpl (205 bytes)
Event: 173063.180 Thread 0x0000019a60246290 nmethod 8307 0x0000019a4e12b410 code [0x0000019a4e12b760, 0x0000019a4e12d508]
Event: 173067.605 Thread 0x0000019a60246290 8308       3       java.security.cert.CertificateParsingException::<init> (6 bytes)
Event: 173067.605 Thread 0x0000019a60246290 nmethod 8308 0x0000019a4e12dd10 code [0x0000019a4e12dec0, 0x0000019a4e12e128]
Event: 173067.605 Thread 0x0000019a60246290 8309       3       sun.security.x509.CertificateValidity::get (38 bytes)
Event: 173067.606 Thread 0x0000019a60246290 nmethod 8309 0x0000019a4e12e210 code [0x0000019a4e12e440, 0x0000019a4e12ec28]

GC Heap History (20 events):
Event: 173068.044 GC heap after
{Heap after GC invocations=23656 (full 261):
 garbage-first heap   total 277504K, used 15661K [0x00000000e0000000, 0x0000000100000000)
  region size 1024K, 1 young (1024K), 1 survivors (1024K)
 Metaspace       used 35039K, committed 35392K, reserved 1114112K
  class space    used 3673K, committed 3840K, reserved 1048576K
}
Event: 173068.056 GC heap before
{Heap before GC invocations=23656 (full 261):
 garbage-first heap   total 277504K, used 122157K [0x00000000e0000000, 0x0000000100000000)
  region size 1024K, 2 young (2048K), 1 survivors (1024K)
 Metaspace       used 35039K, committed 35392K, reserved 1114112K
  class space    used 3673K, committed 3840K, reserved 1048576K
}
Event: 173068.057 GC heap after
{Heap after GC invocations=23657 (full 261):
 garbage-first heap   total 277504K, used 15668K [0x00000000e0000000, 0x0000000100000000)
  region size 1024K, 1 young (1024K), 1 survivors (1024K)
 Metaspace       used 35039K, committed 35392K, reserved 1114112K
  class space    used 3673K, committed 3840K, reserved 1048576K
}
Event: 173068.069 GC heap before
{Heap before GC invocations=23657 (full 261):
 garbage-first heap   total 277504K, used 122164K [0x00000000e0000000, 0x0000000100000000)
  region size 1024K, 2 young (2048K), 1 survivors (1024K)
 Metaspace       used 35039K, committed 35392K, reserved 1114112K
  class space    used 3673K, committed 3840K, reserved 1048576K
}
Event: 173068.070 GC heap after
{Heap after GC invocations=23658 (full 261):
 garbage-first heap   total 287744K, used 15676K [0x00000000e0000000, 0x0000000100000000)
  region size 1024K, 1 young (1024K), 1 survivors (1024K)
 Metaspace       used 35039K, committed 35392K, reserved 1114112K
  class space    used 3673K, committed 3840K, reserved 1048576K
}
Event: 173068.084 GC heap before
{Heap before GC invocations=23658 (full 261):
 garbage-first heap   total 287744K, used 126268K [0x00000000e0000000, 0x0000000100000000)
  region size 1024K, 2 young (2048K), 1 survivors (1024K)
 Metaspace       used 35039K, committed 35392K, reserved 1114112K
  class space    used 3673K, committed 3840K, reserved 1048576K
}
Event: 173068.085 GC heap after
{Heap after GC invocations=23659 (full 261):
 garbage-first heap   total 287744K, used 15693K [0x00000000e0000000, 0x0000000100000000)
  region size 1024K, 1 young (1024K), 1 survivors (1024K)
 Metaspace       used 35039K, committed 35392K, reserved 1114112K
  class space    used 3673K, committed 3840K, reserved 1048576K
}
Event: 173068.096 GC heap before
{Heap before GC invocations=23659 (full 261):
 garbage-first heap   total 287744K, used 126285K [0x00000000e0000000, 0x0000000100000000)
  region size 1024K, 2 young (2048K), 1 survivors (1024K)
 Metaspace       used 35039K, committed 35392K, reserved 1114112K
  class space    used 3673K, committed 3840K, reserved 1048576K
}
Event: 173068.097 GC heap after
{Heap after GC invocations=23660 (full 261):
 garbage-first heap   total 287744K, used 15703K [0x00000000e0000000, 0x0000000100000000)
  region size 1024K, 1 young (1024K), 1 survivors (1024K)
 Metaspace       used 35039K, committed 35392K, reserved 1114112K
  class space    used 3673K, committed 3840K, reserved 1048576K
}
Event: 173068.109 GC heap before
{Heap before GC invocations=23660 (full 261):
 garbage-first heap   total 287744K, used 126295K [0x00000000e0000000, 0x0000000100000000)
  region size 1024K, 2 young (2048K), 1 survivors (1024K)
 Metaspace       used 35039K, committed 35392K, reserved 1114112K
  class space    used 3673K, committed 3840K, reserved 1048576K
}
Event: 173068.111 GC heap after
{Heap after GC invocations=23661 (full 261):
 garbage-first heap   total 287744K, used 15704K [0x00000000e0000000, 0x0000000100000000)
  region size 1024K, 1 young (1024K), 1 survivors (1024K)
 Metaspace       used 35039K, committed 35392K, reserved 1114112K
  class space    used 3673K, committed 3840K, reserved 1048576K
}
Event: 173068.123 GC heap before
{Heap before GC invocations=23661 (full 261):
 garbage-first heap   total 287744K, used 126296K [0x00000000e0000000, 0x0000000100000000)
  region size 1024K, 2 young (2048K), 1 survivors (1024K)
 Metaspace       used 35039K, committed 35392K, reserved 1114112K
  class space    used 3673K, committed 3840K, reserved 1048576K
}
Event: 173068.124 GC heap after
{Heap after GC invocations=23662 (full 261):
 garbage-first heap   total 287744K, used 15710K [0x00000000e0000000, 0x0000000100000000)
  region size 1024K, 1 young (1024K), 1 survivors (1024K)
 Metaspace       used 35039K, committed 35392K, reserved 1114112K
  class space    used 3673K, committed 3840K, reserved 1048576K
}
Event: 173068.135 GC heap before
{Heap before GC invocations=23662 (full 261):
 garbage-first heap   total 287744K, used 126302K [0x00000000e0000000, 0x0000000100000000)
  region size 1024K, 2 young (2048K), 1 survivors (1024K)
 Metaspace       used 35039K, committed 35392K, reserved 1114112K
  class space    used 3673K, committed 3840K, reserved 1048576K
}
Event: 173068.136 GC heap after
{Heap after GC invocations=23663 (full 261):
 garbage-first heap   total 287744K, used 15723K [0x00000000e0000000, 0x0000000100000000)
  region size 1024K, 1 young (1024K), 1 survivors (1024K)
 Metaspace       used 35039K, committed 35392K, reserved 1114112K
  class space    used 3673K, committed 3840K, reserved 1048576K
}
Event: 173068.147 GC heap before
{Heap before GC invocations=23663 (full 261):
 garbage-first heap   total 287744K, used 126315K [0x00000000e0000000, 0x0000000100000000)
  region size 1024K, 2 young (2048K), 1 survivors (1024K)
 Metaspace       used 35039K, committed 35392K, reserved 1114112K
  class space    used 3673K, committed 3840K, reserved 1048576K
}
Event: 173068.148 GC heap after
{Heap after GC invocations=23664 (full 261):
 garbage-first heap   total 287744K, used 15735K [0x00000000e0000000, 0x0000000100000000)
  region size 1024K, 1 young (1024K), 1 survivors (1024K)
 Metaspace       used 35039K, committed 35392K, reserved 1114112K
  class space    used 3673K, committed 3840K, reserved 1048576K
}
Event: 173068.159 GC heap before
{Heap before GC invocations=23664 (full 261):
 garbage-first heap   total 287744K, used 126327K [0x00000000e0000000, 0x0000000100000000)
  region size 1024K, 2 young (2048K), 1 survivors (1024K)
 Metaspace       used 35039K, committed 35392K, reserved 1114112K
  class space    used 3673K, committed 3840K, reserved 1048576K
}
Event: 173068.160 GC heap after
{Heap after GC invocations=23665 (full 261):
 garbage-first heap   total 287744K, used 15748K [0x00000000e0000000, 0x0000000100000000)
  region size 1024K, 1 young (1024K), 1 survivors (1024K)
 Metaspace       used 35039K, committed 35392K, reserved 1114112K
  class space    used 3673K, committed 3840K, reserved 1048576K
}
Event: 173068.172 GC heap before
{Heap before GC invocations=23665 (full 261):
 garbage-first heap   total 287744K, used 126340K [0x00000000e0000000, 0x0000000100000000)
  region size 1024K, 2 young (2048K), 1 survivors (1024K)
 Metaspace       used 35039K, committed 35392K, reserved 1114112K
  class space    used 3673K, committed 3840K, reserved 1048576K
}

Deoptimization events (20 events):
Event: 164082.318 Thread 0x0000019aa249bf50 DEOPT PACKING pc=0x0000019a551f8054 sp=0x0000004b9d1fe080
Event: 164082.318 Thread 0x0000019aa249bf50 DEOPT UNPACKING pc=0x0000019a546723a3 sp=0x0000004b9d1fe000 mode 2
Event: 164497.152 Thread 0x0000019aa249e2c0 DEOPT PACKING pc=0x0000019a4da1c983 sp=0x0000004b9d0fdc90
Event: 164497.152 Thread 0x0000019aa249e2c0 DEOPT UNPACKING pc=0x0000019a54672b43 sp=0x0000004b9d0fd100 mode 0
Event: 164574.067 Thread 0x0000019aa249e2c0 DEOPT PACKING pc=0x0000019a4dc5dd7a sp=0x0000004b9d0fdca0
Event: 164574.067 Thread 0x0000019aa249e2c0 DEOPT UNPACKING pc=0x0000019a54672b43 sp=0x0000004b9d0fd230 mode 0
Event: 165552.155 Thread 0x0000019aa24ccdd0 DEOPT PACKING pc=0x0000019a4d6899dc sp=0x0000004b9f6fef40
Event: 165552.155 Thread 0x0000019aa24ccdd0 DEOPT UNPACKING pc=0x0000019a54672b43 sp=0x0000004b9f6fe3c0 mode 0
Event: 165671.137 Thread 0x0000019aa24a0b40 Uncommon trap: trap_request=0xffffff45 fr.pc=0x0000019a54f754e8 relative=0x00000000000001a8
Event: 165671.137 Thread 0x0000019aa24a0b40 Uncommon trap: reason=unstable_if action=reinterpret pc=0x0000019a54f754e8 method=java.nio.charset.CharsetEncoder.encode(Ljava/nio/CharBuffer;Ljava/nio/ByteBuffer;Z)Ljava/nio/charset/CoderResult; @ 82 c2
Event: 165671.137 Thread 0x0000019aa24a0b40 DEOPT PACKING pc=0x0000019a54f754e8 sp=0x0000004b9d0fd6c0
Event: 165671.137 Thread 0x0000019aa24a0b40 DEOPT UNPACKING pc=0x0000019a546723a3 sp=0x0000004b9d0fd658 mode 2
Event: 167615.457 Thread 0x0000019aa24a0120 DEOPT PACKING pc=0x0000019a4db46aa4 sp=0x0000004b9d0fe330
Event: 167615.458 Thread 0x0000019aa24a0120 DEOPT UNPACKING pc=0x0000019a54672b43 sp=0x0000004b9d0fd908 mode 0
Event: 167615.475 Thread 0x0000019aa24a0120 DEOPT PACKING pc=0x0000019a4db18155 sp=0x0000004b9d0fdfb0
Event: 167615.476 Thread 0x0000019aa24a0120 DEOPT UNPACKING pc=0x0000019a54672b43 sp=0x0000004b9d0fd438 mode 0
Event: 169398.602 Thread 0x0000019aa24a1f80 DEOPT PACKING pc=0x0000019a4db00247 sp=0x0000004b9d0fe140
Event: 169398.602 Thread 0x0000019aa24a1f80 DEOPT UNPACKING pc=0x0000019a54672b43 sp=0x0000004b9d0fd698 mode 0
Event: 171601.563 Thread 0x0000019aa24a1f80 DEOPT PACKING pc=0x0000019a4db9acf5 sp=0x0000004b9d0fdbe0
Event: 171601.563 Thread 0x0000019aa24a1f80 DEOPT UNPACKING pc=0x0000019a54672b43 sp=0x0000004b9d0fd0a8 mode 0

Classes unloaded (20 events):
Event: 163313.087 Thread 0x0000019a602267d0 Unloading class 0x0000019a62298000 'jdk/internal/reflect/GeneratedConstructorAccessor78'
Event: 163313.087 Thread 0x0000019a602267d0 Unloading class 0x0000019a621d4c00 'jdk/internal/reflect/GeneratedConstructorAccessor77'
Event: 163313.087 Thread 0x0000019a602267d0 Unloading class 0x0000019a621d4800 'jdk/internal/reflect/GeneratedConstructorAccessor76'
Event: 163313.087 Thread 0x0000019a602267d0 Unloading class 0x0000019a621d4400 'jdk/internal/reflect/GeneratedConstructorAccessor75'
Event: 163313.087 Thread 0x0000019a602267d0 Unloading class 0x0000019a621d4000 'jdk/internal/reflect/GeneratedConstructorAccessor74'
Event: 163313.087 Thread 0x0000019a602267d0 Unloading class 0x0000019a62178400 'jdk/internal/reflect/GeneratedConstructorAccessor73'
Event: 163313.087 Thread 0x0000019a602267d0 Unloading class 0x0000019a62178000 'jdk/internal/reflect/GeneratedConstructorAccessor72'
Event: 163313.087 Thread 0x0000019a602267d0 Unloading class 0x0000019a621d3000 'jdk/internal/reflect/GeneratedConstructorAccessor71'
Event: 163313.087 Thread 0x0000019a602267d0 Unloading class 0x0000019a621d5000 'jdk/internal/reflect/GeneratedConstructorAccessor70'
Event: 163313.087 Thread 0x0000019a602267d0 Unloading class 0x0000019a62012000 'jdk/internal/reflect/GeneratedConstructorAccessor69'
Event: 163313.087 Thread 0x0000019a602267d0 Unloading class 0x0000019a62095400 'jdk/internal/reflect/GeneratedConstructorAccessor68'
Event: 163313.087 Thread 0x0000019a602267d0 Unloading class 0x0000019a62170800 'jdk/internal/reflect/GeneratedMethodAccessor3'
Event: 163313.087 Thread 0x0000019a602267d0 Unloading class 0x0000019a62171400 'jdk/internal/reflect/GeneratedConstructorAccessor28'
Event: 164028.794 Thread 0x0000019a602267d0 Unloading class 0x0000019a62345c00 'java/lang/invoke/LambdaForm$MH+0x0000019a62345c00'
Event: 164028.794 Thread 0x0000019a602267d0 Unloading class 0x0000019a62345800 'java/lang/invoke/LambdaForm$MH+0x0000019a62345800'
Event: 164028.794 Thread 0x0000019a602267d0 Unloading class 0x0000019a62345400 'java/lang/invoke/LambdaForm$MH+0x0000019a62345400'
Event: 164028.794 Thread 0x0000019a602267d0 Unloading class 0x0000019a62344c00 'java/lang/invoke/LambdaForm$MH+0x0000019a62344c00'
Event: 164028.794 Thread 0x0000019a602267d0 Unloading class 0x0000019a62344800 'java/lang/invoke/LambdaForm$MH+0x0000019a62344800'
Event: 164028.794 Thread 0x0000019a602267d0 Unloading class 0x0000019a62344400 'java/lang/invoke/LambdaForm$MH+0x0000019a62344400'
Event: 164028.794 Thread 0x0000019a602267d0 Unloading class 0x0000019a62344000 'java/lang/invoke/LambdaForm$DMH+0x0000019a62344000'

Classes redefined (0 events):
No events

Internal exceptions (20 events):
Event: 172724.705 Thread 0x0000019aa249f1f0 Exception <a 'java/io/IOException'{0x00000000f1b21878}> (0x00000000f1b21878) 
thrown [s\open\src\hotspot\share\prims\jni.cpp, line 516]
Event: 172724.708 Thread 0x0000019aa249f1f0 Exception <a 'java/io/IOException'{0x00000000f1bae3b8}> (0x00000000f1bae3b8) 
thrown [s\open\src\hotspot\share\prims\jni.cpp, line 516]
Event: 172724.708 Thread 0x0000019aa249f1f0 Exception <a 'java/io/IOException'{0x00000000f1baea10}> (0x00000000f1baea10) 
thrown [s\open\src\hotspot\share\prims\jni.cpp, line 516]
Event: 172724.710 Thread 0x0000019aa249f1f0 Exception <a 'java/io/IOException'{0x00000000f1a24740}> (0x00000000f1a24740) 
thrown [s\open\src\hotspot\share\prims\jni.cpp, line 516]
Event: 172724.711 Thread 0x0000019aa249f1f0 Exception <a 'java/io/IOException'{0x00000000f190eef0}> (0x00000000f190eef0) 
thrown [s\open\src\hotspot\share\prims\jni.cpp, line 516]
Event: 172724.711 Thread 0x0000019aa249f1f0 Exception <a 'java/io/IOException'{0x00000000f190f2a0}> (0x00000000f190f2a0) 
thrown [s\open\src\hotspot\share\prims\jni.cpp, line 516]
Event: 172724.712 Thread 0x0000019aa249f1f0 Exception <a 'java/io/IOException'{0x00000000f19614b0}> (0x00000000f19614b0) 
thrown [s\open\src\hotspot\share\prims\jni.cpp, line 516]
Event: 172724.713 Thread 0x0000019aa249f1f0 Exception <a 'java/io/IOException'{0x00000000f18179f0}> (0x00000000f18179f0) 
thrown [s\open\src\hotspot\share\prims\jni.cpp, line 516]
Event: 172724.713 Thread 0x0000019aa249f1f0 Exception <a 'java/io/IOException'{0x00000000f1817da0}> (0x00000000f1817da0) 
thrown [s\open\src\hotspot\share\prims\jni.cpp, line 516]
Event: 172724.745 Thread 0x0000019aa249f1f0 Exception <a 'java/io/IOException'{0x00000000f29171a0}> (0x00000000f29171a0) 
thrown [s\open\src\hotspot\share\prims\jni.cpp, line 516]
Event: 172724.745 Thread 0x0000019aa249f1f0 Exception <a 'java/io/IOException'{0x00000000f29177f8}> (0x00000000f29177f8) 
thrown [s\open\src\hotspot\share\prims\jni.cpp, line 516]
Event: 172724.745 Thread 0x0000019aa249f1f0 Exception <a 'java/io/IOException'{0x00000000f2917e50}> (0x00000000f2917e50) 
thrown [s\open\src\hotspot\share\prims\jni.cpp, line 516]
Event: 172724.746 Thread 0x0000019aa249f1f0 Exception <a 'java/io/IOException'{0x00000000f29b7120}> (0x00000000f29b7120) 
thrown [s\open\src\hotspot\share\prims\jni.cpp, line 516]
Event: 172724.746 Thread 0x0000019aa249f1f0 Exception <a 'java/io/IOException'{0x00000000f29b74d0}> (0x00000000f29b74d0) 
thrown [s\open\src\hotspot\share\prims\jni.cpp, line 516]
Event: 172724.747 Thread 0x0000019aa249f1f0 Exception <a 'java/io/IOException'{0x00000000f29b82b8}> (0x00000000f29b82b8) 
thrown [s\open\src\hotspot\share\prims\jni.cpp, line 516]
Event: 172724.747 Thread 0x0000019aa249f1f0 Exception <a 'java/io/IOException'{0x00000000f29b8668}> (0x00000000f29b8668) 
thrown [s\open\src\hotspot\share\prims\jni.cpp, line 516]
Event: 173067.662 Thread 0x0000019aa249d390 Exception <a 'java/io/IOException'{0x00000000e374c750}> (0x00000000e374c750) 
thrown [s\open\src\hotspot\share\prims\jni.cpp, line 516]
Event: 173067.662 Thread 0x0000019aa249d390 Exception <a 'java/io/IOException'{0x00000000e374cb00}> (0x00000000e374cb00) 
thrown [s\open\src\hotspot\share\prims\jni.cpp, line 516]
Event: 173067.666 Thread 0x0000019aa249d390 Exception <a 'java/io/IOException'{0x00000000e374d3b8}> (0x00000000e374d3b8) 
thrown [s\open\src\hotspot\share\prims\jni.cpp, line 516]
Event: 173067.667 Thread 0x0000019aa249d390 Exception <a 'java/io/IOException'{0x00000000e36871f0}> (0x00000000e36871f0) 
thrown [s\open\src\hotspot\share\prims\jni.cpp, line 516]

VM Operations (20 events):
Event: 173068.044 Executing VM operation: G1TryInitiateConcMark done
Event: 173068.055 Executing VM operation: G1TryInitiateConcMark
Event: 173068.057 Executing VM operation: G1TryInitiateConcMark done
Event: 173068.069 Executing VM operation: G1TryInitiateConcMark
Event: 173068.070 Executing VM operation: G1TryInitiateConcMark done
Event: 173068.084 Executing VM operation: G1TryInitiateConcMark
Event: 173068.085 Executing VM operation: G1TryInitiateConcMark done
Event: 173068.096 Executing VM operation: G1TryInitiateConcMark
Event: 173068.097 Executing VM operation: G1TryInitiateConcMark done
Event: 173068.109 Executing VM operation: G1TryInitiateConcMark
Event: 173068.111 Executing VM operation: G1TryInitiateConcMark done
Event: 173068.123 Executing VM operation: G1TryInitiateConcMark
Event: 173068.124 Executing VM operation: G1TryInitiateConcMark done
Event: 173068.135 Executing VM operation: G1TryInitiateConcMark
Event: 173068.136 Executing VM operation: G1TryInitiateConcMark done
Event: 173068.147 Executing VM operation: G1TryInitiateConcMark
Event: 173068.148 Executing VM operation: G1TryInitiateConcMark done
Event: 173068.159 Executing VM operation: G1TryInitiateConcMark
Event: 173068.160 Executing VM operation: G1TryInitiateConcMark done
Event: 173068.172 Executing VM operation: G1TryInitiateConcMark

Events (20 events):
Event: 172694.535 Thread 0x0000019aa249d390 Thread added: 0x0000019aa249d390
Event: 172694.536 Thread 0x0000019aa249ddb0 Thread added: 0x0000019aa249ddb0
Event: 172694.542 Thread 0x0000019aa24a2490 Thread added: 0x0000019aa24a2490
Event: 172694.542 Thread 0x0000019aa249ddb0 Thread exited: 0x0000019aa249ddb0
Event: 172694.542 Thread 0x0000019aa24a2490 Thread exited: 0x0000019aa24a2490
Event: 172694.542 Thread 0x0000019aa249bf50 Thread exited: 0x0000019aa249bf50
Event: 172694.542 Thread 0x0000019aa249d390 Thread exited: 0x0000019aa249d390
Event: 172699.646 Thread 0x0000019aa9e24f00 Thread exited: 0x0000019aa9e24f00
Event: 172699.646 Thread 0x0000019aa9e219e0 Thread exited: 0x0000019aa9e219e0
Event: 172704.661 Thread 0x0000019aa9e28420 Thread exited: 0x0000019aa9e28420
Event: 172724.673 Thread 0x0000019aa249f700 Thread added: 0x0000019aa249f700
Event: 172724.680 Thread 0x0000019aa24a29a0 Thread added: 0x0000019aa24a29a0
Event: 172724.681 Thread 0x0000019aa249fc10 Thread added: 0x0000019aa249fc10
Event: 172724.685 Thread 0x0000019aa24a0630 Thread added: 0x0000019aa24a0630
Event: 172724.686 Thread 0x0000019aa249f700 Thread exited: 0x0000019aa249f700
Event: 172724.686 Thread 0x0000019aa24a29a0 Thread exited: 0x0000019aa24a29a0
Event: 172724.686 Thread 0x0000019aa249fc10 Thread exited: 0x0000019aa249fc10
Event: 172724.686 Thread 0x0000019aa24a0630 Thread exited: 0x0000019aa24a0630
Event: 172784.780 Thread 0x0000019aa249f1f0 Thread exited: 0x0000019aa249f1f0
Event: 173063.180 Thread 0x0000019aa249d390 Thread added: 0x0000019aa249d390


Dynamic libraries:
0x00007ff680f60000 - 0x00007ff680f70000 	D:\JDK\bin\java.exe
0x00007ffd31ad0000 - 0x00007ffd31cc8000 	C:\Windows\SYSTEM32\ntdll.dll
0x00007ffd31860000 - 0x00007ffd31922000 	C:\Windows\System32\KERNEL32.DLL
0x00007ffd2f510000 - 0x00007ffd2f806000 	C:\Windows\System32\KERNELBASE.dll
0x00007ffd058f0000 - 0x00007ffd05906000 	C:\InetPub\ftproot\Tipray\Ldterm\ghijt64.DLL
0x00007ffd2fc20000 - 0x00007ffd2fcd1000 	C:\Windows\System32\ADVAPI32.dll
0x00007ffd30580000 - 0x00007ffd3061e000 	C:\Windows\System32\msvcrt.dll
0x00007ffd30130000 - 0x00007ffd301cf000 	C:\Windows\System32\sechost.dll
0x00007ffd301d0000 - 0x00007ffd302f0000 	C:\Windows\System32\RPCRT4.dll
0x00007ffd2f4e0000 - 0x00007ffd2f507000 	C:\Windows\System32\bcrypt.dll
0x00007ffd2f1a0000 - 0x00007ffd2f2a0000 	C:\Windows\System32\ucrtbase.dll
0x00007ffd29df0000 - 0x00007ffd29e09000 	D:\JDK\bin\jli.dll
0x00007ffd292b0000 - 0x00007ffd292cb000 	D:\JDK\bin\VCRUNTIME140.dll
0x00007ffd2ff90000 - 0x00007ffd3012d000 	C:\Windows\System32\USER32.dll
0x00007ffd2f170000 - 0x00007ffd2f192000 	C:\Windows\System32\win32u.dll
0x00007ffd30370000 - 0x00007ffd3039b000 	C:\Windows\System32\GDI32.dll
0x00007ffd2f9e0000 - 0x00007ffd2faf9000 	C:\Windows\System32\gdi32full.dll
0x00007ffd2f940000 - 0x00007ffd2f9dd000 	C:\Windows\System32\msvcp_win.dll
0x00007ffd10a40000 - 0x00007ffd10cdb000 	C:\Windows\WinSxS\amd64_microsoft.windows.common-controls_6595b64144ccf1df_6.0.19041.6280_none_60bc30a171f2f3f3\COMCTL32.dll
0x00007ffd24800000 - 0x00007ffd2480a000 	C:\Windows\SYSTEM32\VERSION.dll
0x00007ffd055b0000 - 0x00007ffd05624000 	C:\Inetpub\ftproot\Tipray\LdTerm\LdSmartEnc64.dll
0x00007ffd26ad0000 - 0x00007ffd26adb000 	C:\Windows\SYSTEM32\FLTLIB.DLL
0x00007ffd31a60000 - 0x00007ffd31a8f000 	C:\Windows\System32\IMM32.DLL
0x00007ffd053d0000 - 0x00007ffd053ef000 	C:\Inetpub\ftproot\Tipray\LdTerm\HookCreateProcessInternal64.dll
0x00007ffd05380000 - 0x00007ffd053c8000 	C:\Inetpub\ftproot\Tipray\LdTerm\LdUserInjectDll64.dll
0x00007ffd05230000 - 0x00007ffd05258000 	C:\Inetpub\ftproot\Tipray\LdTerm\HookDataInteractionx64.dll
0x00007ffd04ba0000 - 0x00007ffd04e2a000 	C:\Inetpub\ftproot\Tipray\LdTerm\LdHook64.dll
0x00007ffd30620000 - 0x00007ffd3074b000 	C:\Windows\System32\ole32.dll
0x00007ffd31500000 - 0x00007ffd31853000 	C:\Windows\System32\combase.dll
0x00007ffd31420000 - 0x00007ffd31428000 	C:\Windows\System32\PSAPI.DLL
0x00007ffd05630000 - 0x00007ffd056d4000 	C:\Windows\SYSTEM32\WINSPOOL.DRV
0x00007ffd303a0000 - 0x00007ffd3044d000 	C:\Windows\System32\shcore.dll
0x00007ffd2e960000 - 0x00007ffd2e96c000 	C:\Windows\SYSTEM32\CRYPTBASE.DLL
0x00007ffd04750000 - 0x00007ffd04775000 	C:\Inetpub\ftproot\Tipray\LdTerm\ghhlp64.dll
0x00007ffcad010000 - 0x00007ffcad086000 	C:\Inetpub\ftproot\Tipray\LdTerm\MonFileOp64.dll
0x00007ffd30840000 - 0x00007ffd30fb0000 	C:\Windows\System32\SHELL32.dll
0x00007ffd314a0000 - 0x00007ffd314fb000 	C:\Windows\System32\SHLWAPI.dll
0x00007ffd26d70000 - 0x00007ffd26d8d000 	C:\Windows\SYSTEM32\MPR.dll
0x00007ffd2b050000 - 0x00007ffd2b05c000 	D:\JDK\bin\vcruntime140_1.dll
0x00007ffcd11d0000 - 0x00007ffcd15bc000 	C:\Inetpub\ftproot\Tipray\LdTerm\LdWaterMarkHook64.dll
0x00007ffd129a0000 - 0x00007ffd12b48000 	C:\Windows\WinSxS\amd64_microsoft.windows.gdiplus_6595b64144ccf1df_1.1.19041.6216_none_919f98d0cc8c5626\gdiplus.dll
0x00007ffce10e0000 - 0x00007ffce116e000 	D:\JDK\bin\msvcp140.dll
0x00007ffd10d50000 - 0x00007ffd10f17000 	C:\Inetpub\ftproot\Tipray\LdTerm\LdPrintMonitor64.dll
0x00007ffd31430000 - 0x00007ffd3149b000 	C:\Windows\System32\WS2_32.dll
0x00007ffc70270000 - 0x00007ffc70e50000 	D:\JDK\bin\server\jvm.dll
0x00007ffd2b5e0000 - 0x00007ffd2b607000 	C:\Windows\SYSTEM32\WINMM.dll
0x00007ffce1570000 - 0x00007ffce1579000 	C:\Windows\SYSTEM32\WSOCK32.dll
0x00007ffd2d790000 - 0x00007ffd2d7a2000 	C:\Windows\SYSTEM32\kernel.appcore.dll
0x00007ffd28170000 - 0x00007ffd2817a000 	D:\JDK\bin\jimage.dll
0x00007ffd2d2b0000 - 0x00007ffd2d4b1000 	C:\Windows\SYSTEM32\DBGHELP.DLL
0x00007ffd07960000 - 0x00007ffd07994000 	C:\Windows\SYSTEM32\dbgcore.DLL
0x00007ffd2f2a0000 - 0x00007ffd2f322000 	C:\Windows\System32\bcryptPrimitives.dll
0x00007ffd10930000 - 0x00007ffd10955000 	D:\JDK\bin\java.dll
0x00007ffcd3ff0000 - 0x00007ffcd40c7000 	D:\JDK\bin\jsvml.dll
0x00007ffd2c190000 - 0x00007ffd2c935000 	C:\Windows\SYSTEM32\windows.storage.dll
0x00007ffd2e9f0000 - 0x00007ffd2ea1b000 	C:\Windows\SYSTEM32\Wldp.dll
0x00007ffd31930000 - 0x00007ffd319fd000 	C:\Windows\System32\OLEAUT32.dll
0x00007ffd2f0a0000 - 0x00007ffd2f0c4000 	C:\Windows\SYSTEM32\profapi.dll
0x00007ffd11220000 - 0x00007ffd11239000 	D:\JDK\bin\net.dll
0x00007ffd2ab40000 - 0x00007ffd2ac4a000 	C:\Windows\SYSTEM32\WINHTTP.dll
0x00007ffd2e7d0000 - 0x00007ffd2e83a000 	C:\Windows\system32\mswsock.dll
0x00007ffd104d0000 - 0x00007ffd104e6000 	D:\JDK\bin\nio.dll
0x00007ffd101d0000 - 0x00007ffd101e8000 	D:\JDK\bin\zip.dll
0x00007ffd12990000 - 0x00007ffd1299e000 	D:\JDK\bin\sunmscapi.dll
0x00007ffd2f330000 - 0x00007ffd2f48d000 	C:\Windows\System32\CRYPT32.dll
0x00007ffd2eba0000 - 0x00007ffd2ebc7000 	C:\Windows\SYSTEM32\ncrypt.dll
0x00007ffd2eb60000 - 0x00007ffd2eb9b000 	C:\Windows\SYSTEM32\NTASN1.dll
0x00007ffcf5960000 - 0x00007ffcf5967000 	C:\Windows\system32\wshunix.dll
0x00007ffd2ea30000 - 0x00007ffd2ea48000 	C:\Windows\SYSTEM32\CRYPTSP.dll
0x00007ffd2e110000 - 0x00007ffd2e148000 	C:\Windows\system32\rsaenh.dll
0x00007ffd2f060000 - 0x00007ffd2f08e000 	C:\Windows\SYSTEM32\USERENV.dll
0x00007ffd2e4d0000 - 0x00007ffd2e50b000 	C:\Windows\SYSTEM32\IPHLPAPI.DLL
0x00007ffd2fd40000 - 0x00007ffd2fd48000 	C:\Windows\System32\NSI.dll
0x00007ffd2a7e0000 - 0x00007ffd2a7f7000 	C:\Windows\SYSTEM32\dhcpcsvc6.DLL
0x00007ffd2a7a0000 - 0x00007ffd2a7bd000 	C:\Windows\SYSTEM32\dhcpcsvc.DLL
0x00007ffd2e510000 - 0x00007ffd2e5da000 	C:\Windows\SYSTEM32\DNSAPI.dll
0x00007ffd2a130000 - 0x00007ffd2a13a000 	D:\JDK\bin\management.dll
0x00007ffd29640000 - 0x00007ffd2964b000 	D:\JDK\bin\management_ext.dll
0x00007ffcfcec0000 - 0x00007ffcfced7000 	C:\Windows\system32\napinsp.dll
0x00007ffcfcea0000 - 0x00007ffcfcebb000 	C:\Windows\system32\pnrpnsp.dll
0x00007ffcfcb40000 - 0x00007ffcfcb5d000 	C:\Windows\system32\wshbth.dll
0x00007ffd2ab20000 - 0x00007ffd2ab3d000 	C:\Windows\system32\NLAapi.dll
0x00007ffcfca50000 - 0x00007ffcfca62000 	C:\Windows\System32\winrnr.dll
0x00007ffd2a380000 - 0x00007ffd2a38a000 	C:\Windows\System32\rasadhlp.dll
0x00007ffd2a800000 - 0x00007ffd2a880000 	C:\Windows\System32\fwpuclnt.dll

dbghelp: loaded successfully - version: 4.0.5 - missing functions: none
symbol engine: initialized successfully - sym options: 0x614 - pdb path: .;D:\JDK\bin;C:\Windows\SYSTEM32;C:\InetPub\ftproot\Tipray\Ldterm;C:\Windows\WinSxS\amd64_microsoft.windows.common-controls_6595b64144ccf1df_6.0.19041.6280_none_60bc30a171f2f3f3;C:\Windows\WinSxS\amd64_microsoft.windows.gdiplus_6595b64144ccf1df_1.1.19041.6216_none_919f98d0cc8c5626;D:\JDK\bin\server

VM Arguments:
jvm_args: -Xmx512m 
java_command: E:\command-line-tools\hvigor\hvigor\lib\hvigor-java-daemon.jar 45050 00000050ac4a9a2646bc8ec31bf57507ed90b0c3b14622dac1112f70ef00faca6551b96a9d456c047f7a67e0648af31ecc76e763164d508f5cf10539cfd4b78bac180727e87bd505f20572e769455182101b4bc4aa45f42c61178cfcb51793c1
java_class_path (initial): E:\command-line-tools\hvigor\hvigor\lib\hvigor-java-daemon.jar
Launcher Type: SUN_STANDARD

[Global flags]
     intx CICompilerCount                          = 12                                        {product} {ergonomic}
     uint ConcGCThreads                            = 3                                         {product} {ergonomic}
     uint G1ConcRefinementThreads                  = 13                                        {product} {ergonomic}
   size_t G1HeapRegionSize                         = 1048576                                   {product} {ergonomic}
    uintx GCDrainStackTargetSize                   = 64                                        {product} {ergonomic}
   size_t InitialHeapSize                          = 264241152                                 {product} {ergonomic}
   size_t MarkStackSize                            = 4194304                                   {product} {ergonomic}
   size_t MaxHeapSize                              = 536870912                                 {product} {command line}
   size_t MaxNewSize                               = 321912832                                 {product} {ergonomic}
   size_t MinHeapDeltaBytes                        = 1048576                                   {product} {ergonomic}
   size_t MinHeapSize                              = 8388608                                   {product} {ergonomic}
    uintx NonNMethodCodeHeapSize                   = 7602480                                {pd product} {ergonomic}
    uintx NonProfiledCodeHeapSize                  = 122027880                              {pd product} {ergonomic}
    uintx ProfiledCodeHeapSize                     = 122027880                              {pd product} {ergonomic}
    uintx ReservedCodeCacheSize                    = 251658240                              {pd product} {ergonomic}
     bool SegmentedCodeCache                       = true                                      {product} {ergonomic}
   size_t SoftMaxHeapSize                          = 536870912                              {manageable} {ergonomic}
     bool UseCompressedClassPointers               = true                           {product lp64_product} {ergonomic}
     bool UseCompressedOops                        = true                           {product lp64_product} {ergonomic}
     bool UseG1GC                                  = true                                      {product} {ergonomic}
     bool UseLargePagesIndividualAllocation        = false                                  {pd product} {ergonomic}

Logging:
Log output configuration:
 #0: stdout all=warning uptime,level,tags
 #1: stderr all=off uptime,level,tags

Environment Variables:
PATH=E:\command-line-tools\tool\node;C:\Program Files\PowerShell\7;C:\Python313\Scripts\;C:\Python313\;C:\Program Files\Common Files\Oracle\Java\javapath;C:\Users\AI008\AppData\Local\Android\Sdk\emulator;C:\Users\AI008\AppData\Local\Android\Sdk\tools;C:\Users\AI008\AppData\Local\Android\Sdk\bin;C:\Users\AI008\AppData\Local\Android\Sdk\platform-tools;D:\VMware\bin\;C:\Windows\system32;C:\Windows;C:\Windows\System32\Wbem;C:\Windows\System32\WindowsPowerShell\v1.0\;C:\Windows\System32\OpenSSH\;C:\Program Files (x86)\Microsoft VS Code\bin;D:\mingw64\bin;D:\Git\cmd;D:\JDK\bin;C:\Program Files\Go\bin;E:\New Folder\;C:\ProgramData\chocolatey\bin;C:\Users\AI008\.cargo\bin;E:\OpenSSL-Win64\bin;E:\nvm;E:\nodejs;C:\Users\AI008\npm-global;C:\Program Files (x86)\Windows Kits\10\Windows Performance Toolkit\;C:\Program Files\PowerShell\7\;D:\New Folder\bin;C:\Users\AI008\AppData\Local\Programs\Python\Python38\Scripts\;C:\Users\AI008\AppData\Local\Programs\Python\Python38\;C:\Python313\Scripts\;C:\Python313\;C:\Program Files\Common Files\Oracle\Java\javapath;C:\Users\AI008\AppData\Local\Android\Sdk\emulator;C:\Users\AI008\AppData\Local\Android\Sdk\tools;C:\Users\AI008\AppData\Local\Android\Sdk\bin;C:\Users\AI008\AppData\Local\Android\Sdk\platform-tools;D:\VMware\bin\;C:\Windows\system32;C:\Windows;C:\Windows\System32\Wbem;C:\Windows\System32\WindowsPowerShell\v1.0\;C:\Windows\System32\OpenSSH\;C:\Program Files (x86)\Microsoft VS Code\bin;D:\mingw64\bin;D:\Git\cmd;D:\JDK\bin;C:\Program Files\Go\bin;E:\New Folder\;C:\ProgramData\chocolatey\bin;C:\Users\AI008\.cargo\bin;E:\OpenSSL-Win64\bin;E:\nvm;E:\nodejs;C:\Users\AI008\AppData\Local\Programs\Python\Python38\Scripts\;C:\Users\AI008\AppData\Local\Programs\Python\Python38\;D:\cursor\resources\app\bin;E:\command-line-tools\bin;E:\huawei\DevEco Studio\bin;C:\Users\AI008\AppData\Local\OpenHarmony\Sdk\15\toolchains;D:\Microsoft VS Code\bin;E:\nvm;E:\nodejs;D:\cursor\resources\app\bin;E:\command-line-tools\bin;E:\huawei\DevEco Studio\bin;E:\O
USERNAME=AI008
OS=Windows_NT
PROCESSOR_IDENTIFIER=Intel64 Family 6 Model 186 Stepping 2, GenuineIntel



---------------  S Y S T E M  ---------------

OS:
 Windows 10 , 64 bit Build 19041 (10.0.19041.5915)
OS uptime: 2 days 2:44 hours
Hyper-V role detected

CPU: total 16 (initial active 16) (8 cores per cpu, 2 threads per core) family 6 model 186 stepping 2 microcode 0x4128, cx8, cmov, fxsr, ht, mmx, 3dnowpref, sse, sse2, sse3, ssse3, sse4.1, sse4.2, popcnt, lzcnt, tsc, tscinvbit, avx, avx2, aes, erms, clmul, bmi1, bmi2, adx, sha, fma, vzeroupper, clflush, clflushopt, clwb, hv

Memory: 4k page, system-wide physical 16016M (1272M free)
TotalPageFile size 35088M (AvailPageFile size 26M)
current process WorkingSet (physical memory assigned to process): 197M, peak: 300M
current process commit charge ("private bytes"): 463M, peak: 655M

vm_info: Java HotSpot(TM) 64-Bit Server VM (17.0.12+8-LTS-286) for windows-amd64 JRE (17.0.12+8-LTS-286), built on Jun  5 2024 06:46:59 by "mach5one" with MS VC++ 17.6 (VS2022)

END.
