#
# There is insufficient memory for the Java Runtime Environment to continue.
# Native memory allocation (mmap) failed to map 381681664 bytes. Error detail: G1 virtual space
# Possible reasons:
#   The system is out of physical RAM or swap space
#   This process is running with CompressedOops enabled, and the Java Heap may be blocking the growth of the native heap
# Possible solutions:
#   Reduce memory load on the system
#   Increase physical memory or swap space
#   Check if swap backing store is full
#   Decrease Java heap size (-Xmx/-Xms)
#   Decrease number of Java threads
#   Decrease Java thread stack sizes (-Xss)
#   Set larger code cache with -XX:ReservedCodeCacheSize=
#   JVM is running with Zero Based Compressed Oops mode in which the Java heap is
#     placed in the first 32GB address space. The Java Heap base address is the
#     maximum limit for the native heap growth. Please use -XX:HeapBaseMinAddress
#     to set the Java Heap base and to place the Java Heap above 32GB virtual address.
# This output file may be truncated or incomplete.
#
#  Out of Memory Error (os_windows.cpp:3925), pid=24184, tid=29056
#
# JRE version: OpenJDK Runtime Environment JBR-21.0.8+1-1038.71-jcef (21.0.8+1) (build 21.0.8+1-b1038.71)
# Java VM: OpenJDK 64-Bit Server VM JBR-21.0.8+1-1038.71-jcef (21.0.8+1-b1038.71, mixed mode, sharing, tiered, compressed oops, compressed class ptrs, g1 gc, windows-amd64)
# No core dump will be written. Minidumps are not enabled by default on client versions of Windows
#

---------------  S U M M A R Y ------------

Command Line: D:\DevEco Studio\sdk\default\openharmony\toolchains\lib\hap-sign-tool.jar sign-app -mode localSign -keystoreFile C:\Users\AI008\.ohos\config\default_my_harmony_SPJN74BO71QPne6Ku3F0ez742eX0d3_ruv_cyKVAz5k=.p12 -keystorePwd 03Y72cRsFf0 -keyAlias debugKey -keyPwd 03Y72cRsFf0 -signAlg SHA256withECDSA -profileFile C:\Users\AI008\.ohos\config\default_my_harmony_SPJN74BO71QPne6Ku3F0ez742eX0d3_ruv_cyKVAz5k=.p7b -appCertFile C:\Users\AI008\.ohos\config\default_my_harmony_SPJN74BO71QPne6Ku3F0ez742eX0d3_ruv_cyKVAz5k=.cer -inFile E:\new\my_harmony\entry\build\default\outputs\default\entry-default-unsigned.hap -outFile E:\new\my_harmony\entry\build\default\outputs\default\entry-default-signed.hap

Host: 13th Gen Intel(R) Core(TM) i5-1340P, 16 cores, 15G,  Windows 10 , 64 bit Build 19041 (10.0.19041.5915)
Time: Fri Feb  6 15:41:54 2026 elapsed time: 1.295701 seconds (0d 0h 0m 1s)

---------------  T H R E A D  ---------------

Current thread (0x0000025ae13f3710):  VMThread "VM Thread"          [id=29056, stack(0x000000cd74d00000,0x000000cd74e00000) (1024K)]

Stack: [0x000000cd74d00000,0x000000cd74e00000]
Native frames: (J=compiled Java code, j=interpreted, Vv=VM code, C=native code)
V  [jvm.dll+0x6ebeb9]
V  [jvm.dll+0x8cbec3]
V  [jvm.dll+0x8ce47e]
V  [jvm.dll+0x8ceb63]
V  [jvm.dll+0x28adf6]
V  [jvm.dll+0x6e8695]
V  [jvm.dll+0x6dbeea]
V  [jvm.dll+0x36689b]
V  [jvm.dll+0x36e466]
V  [jvm.dll+0x3c08c6]
V  [jvm.dll+0x3c0b98]
V  [jvm.dll+0x3390cc]
V  [jvm.dll+0x339157]
V  [jvm.dll+0x37ef5c]
V  [jvm.dll+0x37d70e]
V  [jvm.dll+0x338821]
V  [jvm.dll+0x37d13b]
V  [jvm.dll+0x8d48e8]
V  [jvm.dll+0x8d5c64]
V  [jvm.dll+0x8d61a0]
V  [jvm.dll+0x8d6433]
V  [jvm.dll+0x873a78]
V  [jvm.dll+0x6ea63d]
C  [ucrtbase.dll+0x21bb2]
C  [KERNEL32.DLL+0x17374]
C  [ntdll.dll+0x4cc91]

VM_Operation (0x000000cd746fe000): G1TryInitiateConcMark, mode: safepoint, requested by thread 0x0000025acda09250


---------------  P R O C E S S  ---------------

Threads class SMR info:
_java_thread_list=0x0000025b31ee7920, length=17, elements={
0x0000025acda09250, 0x0000025ae140dad0, 0x0000025ae1413b40, 0x0000025ae14145a0,
0x0000025ae1416c40, 0x0000025ae1417ab0, 0x0000025ae1419550, 0x0000025ae141e9c0,
0x0000025ae141b2f0, 0x0000025ae1423db0, 0x0000025ae92aae90, 0x0000025ae141d610,
0x0000025ae92a9a20, 0x0000025ae92ab560, 0x0000025ae92a8c80, 0x0000025ae92aa0f0,
0x0000025ae92a7ee0
}

Java Threads: ( => current thread )
  0x0000025acda09250 JavaThread "main"                              [_thread_blocked, id=30232, stack(0x000000cd74600000,0x000000cd74700000) (1024K)]
  0x0000025ae140dad0 JavaThread "Common-Cleaner"             daemon [_thread_blocked, id=19136, stack(0x000000cd74e00000,0x000000cd74f00000) (1024K)]
  0x0000025ae1413b40 JavaThread "Reference Handler"          daemon [_thread_blocked, id=23320, stack(0x000000cd74f00000,0x000000cd75000000) (1024K)]
  0x0000025ae14145a0 JavaThread "Finalizer"                  daemon [_thread_blocked, id=19132, stack(0x000000cd75000000,0x000000cd75100000) (1024K)]
  0x0000025ae1416c40 JavaThread "Signal Dispatcher"          daemon [_thread_blocked, id=30048, stack(0x000000cd75100000,0x000000cd75200000) (1024K)]
  0x0000025ae1417ab0 JavaThread "Attach Listener"            daemon [_thread_blocked, id=17032, stack(0x000000cd75200000,0x000000cd75300000) (1024K)]
  0x0000025ae1419550 JavaThread "Service Thread"             daemon [_thread_blocked, id=30776, stack(0x000000cd75300000,0x000000cd75400000) (1024K)]
  0x0000025ae141e9c0 JavaThread "Monitor Deflation Thread"   daemon [_thread_blocked, id=9644, stack(0x000000cd75400000,0x000000cd75500000) (1024K)]
  0x0000025ae141b2f0 JavaThread "C2 CompilerThread0"         daemon [_thread_blocked, id=6668, stack(0x000000cd75500000,0x000000cd75600000) (1024K)]
  0x0000025ae1423db0 JavaThread "C1 CompilerThread0"         daemon [_thread_blocked, id=27860, stack(0x000000cd75600000,0x000000cd75700000) (1024K)]
  0x0000025ae92aae90 JavaThread "C1 CompilerThread1"         daemon [_thread_blocked, id=12172, stack(0x000000cd75700000,0x000000cd75800000) (1024K)]
  0x0000025ae141d610 JavaThread "Notification Thread"        daemon [_thread_blocked, id=27004, stack(0x000000cd75800000,0x000000cd75900000) (1024K)]
  0x0000025ae92a9a20 JavaThread "C2 CompilerThread1"         daemon [_thread_blocked, id=28576, stack(0x000000cd75900000,0x000000cd75a00000) (1024K)]
  0x0000025ae92ab560 JavaThread "C1 CompilerThread2"         daemon [_thread_blocked, id=25864, stack(0x000000cd75a00000,0x000000cd75b00000) (1024K)]
  0x0000025ae92a8c80 JavaThread "C1 CompilerThread3"         daemon [_thread_blocked, id=28740, stack(0x000000cd75b00000,0x000000cd75c00000) (1024K)]
  0x0000025ae92aa0f0 JavaThread "C2 CompilerThread2"         daemon [_thread_blocked, id=28652, stack(0x000000cd76800000,0x000000cd76900000) (1024K)]
  0x0000025ae92a7ee0 JavaThread "C2 CompilerThread3"         daemon [_thread_blocked, id=24432, stack(0x000000cd76900000,0x000000cd76a00000) (1024K)]
Total: 17

Other Threads:
=>0x0000025ae13f3710 VMThread "VM Thread"                           [id=29056, stack(0x000000cd74d00000,0x000000cd74e00000) (1024K)]
  0x0000025ae13da9a0 WatcherThread "VM Periodic Task Thread"        [id=5608, stack(0x000000cd74c00000,0x000000cd74d00000) (1024K)]
  0x0000025acda2f280 WorkerThread "GC Thread#0"                     [id=19072, stack(0x000000cd74700000,0x000000cd74800000) (1024K)]
  0x0000025ae9a1d8d0 WorkerThread "GC Thread#1"                     [id=5208, stack(0x000000cd75c00000,0x000000cd75d00000) (1024K)]
  0x0000025ae9a1e080 WorkerThread "GC Thread#2"                     [id=10692, stack(0x000000cd75d00000,0x000000cd75e00000) (1024K)]
  0x0000025ae9de07a0 WorkerThread "GC Thread#3"                     [id=22152, stack(0x000000cd75e00000,0x000000cd75f00000) (1024K)]
  0x0000025ae9de0b40 WorkerThread "GC Thread#4"                     [id=20276, stack(0x000000cd75f00000,0x000000cd76000000) (1024K)]
  0x0000025ae9de0ee0 WorkerThread "GC Thread#5"                     [id=28016, stack(0x000000cd76000000,0x000000cd76100000) (1024K)]
  0x0000025ae9e2bb20 WorkerThread "GC Thread#6"                     [id=27328, stack(0x000000cd76100000,0x000000cd76200000) (1024K)]
  0x0000025ae9f12a00 WorkerThread "GC Thread#7"                     [id=7744, stack(0x000000cd76200000,0x000000cd76300000) (1024K)]
  0x0000025ae9f131b0 WorkerThread "GC Thread#8"                     [id=17896, stack(0x000000cd76300000,0x000000cd76400000) (1024K)]
  0x0000025ae9f13550 WorkerThread "GC Thread#9"                     [id=31556, stack(0x000000cd76400000,0x000000cd76500000) (1024K)]
  0x0000025ae9f15d10 WorkerThread "GC Thread#10"                    [id=2168, stack(0x000000cd76500000,0x000000cd76600000) (1024K)]
  0x0000025ae9f16f80 WorkerThread "GC Thread#11"                    [id=14164, stack(0x000000cd76600000,0x000000cd76700000) (1024K)]
  0x0000025ae9f16be0 WorkerThread "GC Thread#12"                    [id=20472, stack(0x000000cd76700000,0x000000cd76800000) (1024K)]
  0x0000025ae12830a0 ConcurrentGCThread "G1 Main Marker"            [id=28216, stack(0x000000cd74800000,0x000000cd74900000) (1024K)]
  0x0000025ae1283a40 WorkerThread "G1 Conc#0"                       [id=28400, stack(0x000000cd74900000,0x000000cd74a00000) (1024K)]
  0x0000025ae1331650 ConcurrentGCThread "G1 Refine#0"               [id=15224, stack(0x000000cd74a00000,0x000000cd74b00000) (1024K)]
  0x0000025ae1332060 ConcurrentGCThread "G1 Service"                [id=30280, stack(0x000000cd74b00000,0x000000cd74c00000) (1024K)]
Total: 19

Threads with active compile tasks:
Total: 0

VM state: at safepoint (normal execution)

VM Mutex/Monitor currently owned by a thread:  ([mutex/lock_event])
[0x00007fff6d747c58] Threads_lock - owner thread: 0x0000025ae13f3710
[0x00007fff6d747d58] Heap_lock - owner thread: 0x0000025acda09250

Heap address: 0x0000000705a00000, size: 4006 MB, Compressed Oops mode: Zero based, Oop shift amount: 3

CDS archive(s) mapped at: [0x0000025aea000000-0x0000025aebc00000-0x0000025aebc00000), size 29360128, SharedBaseAddress: 0x0000025aea000000, ArchiveRelocationMode: 1.
Compressed class space mapped at: 0x0000025aec000000-0x0000025b2c000000, reserved size: 1073741824
Narrow klass base: 0x0000025aea000000, Narrow klass shift: 0, Narrow klass range: 0x100000000

GC Precious Log:
 CardTable entry size: 512
 Card Set container configuration: InlinePtr #cards 4 size 8 Array Of Cards #cards 16 size 48 Howl #buckets 8 coarsen threshold 3686 Howl Bitmap #cards 512 size 80 coarsen threshold 460 Card regions per heap region 1 cards per card region 4096
 CPUs: 16 total, 16 available
 Memory: 16016M
 Large Page Support: Disabled
 NUMA Support: Disabled
 Compressed Oops: Enabled (Zero based)
 Heap Region Size: 2M
 Heap Min Capacity: 8M
 Heap Initial Capacity: 252M
 Heap Max Capacity: 4006M
 Pre-touch: Disabled
 Parallel Workers: 13
 Concurrent Workers: 3
 Concurrent Refinement Workers: 13
 Periodic GC: Disabled

Heap:
 garbage-first heap   total 372736K, used 10255K [0x0000000705a00000, 0x0000000800000000)
  region size 2048K, 3 young (6144K), 3 survivors (6144K)
 Metaspace       used 11044K, committed 11264K, reserved 1114112K
  class space    used 1422K, committed 1536K, reserved 1048576K

Heap Regions: E=young(eden), S=young(survivor), O=old, HS=humongous(starts), HC=humongous(continues), CS=collection set, F=free, TAMS=top-at-mark-start, PB=parsable bottom
|   0|0x0000000705a00000, 0x0000000705c00000, 0x0000000705c00000|100%| O|  |TAMS 0x0000000705c00000| PB 0x0000000705a00000| Untracked 
|   1|0x0000000705c00000, 0x0000000705e00000, 0x0000000705e00000|100%| O|  |TAMS 0x0000000705e00000| PB 0x0000000705c00000| Untracked 
|   2|0x0000000705e00000, 0x0000000705fbb4b8, 0x0000000706000000| 86%| O|  |TAMS 0x0000000705fbb4b8| PB 0x0000000705e00000| Untracked 
|   3|0x0000000706000000, 0x0000000706000000, 0x0000000706200000|  0%| F|  |TAMS 0x0000000706000000| PB 0x0000000706000000| Untracked 
|   4|0x0000000706200000, 0x0000000706200000, 0x0000000706400000|  0%| F|  |TAMS 0x0000000706200000| PB 0x0000000706200000| Untracked 
|   5|0x0000000706400000, 0x0000000706400000, 0x0000000706600000|  0%| F|  |TAMS 0x0000000706400000| PB 0x0000000706400000| Untracked 
|   6|0x0000000706600000, 0x0000000706600000, 0x0000000706800000|  0%| F|  |TAMS 0x0000000706600000| PB 0x0000000706600000| Untracked 
|   7|0x0000000706800000, 0x0000000706800000, 0x0000000706a00000|  0%| F|  |TAMS 0x0000000706800000| PB 0x0000000706800000| Untracked 
|   8|0x0000000706a00000, 0x0000000706a00000, 0x0000000706c00000|  0%| F|  |TAMS 0x0000000706a00000| PB 0x0000000706a00000| Untracked 
|   9|0x0000000706c00000, 0x0000000706c00000, 0x0000000706e00000|  0%| F|  |TAMS 0x0000000706c00000| PB 0x0000000706c00000| Untracked 
|  10|0x0000000706e00000, 0x0000000706e00000, 0x0000000707000000|  0%| F|  |TAMS 0x0000000706e00000| PB 0x0000000706e00000| Untracked 
|  11|0x0000000707000000, 0x0000000707000000, 0x0000000707200000|  0%| F|  |TAMS 0x0000000707000000| PB 0x0000000707000000| Untracked 
|  12|0x0000000707200000, 0x0000000707200000, 0x0000000707400000|  0%| F|  |TAMS 0x0000000707200000| PB 0x0000000707200000| Untracked 
|  13|0x0000000707400000, 0x0000000707400000, 0x0000000707600000|  0%| F|  |TAMS 0x0000000707400000| PB 0x0000000707400000| Untracked 
|  14|0x0000000707600000, 0x0000000707600000, 0x0000000707800000|  0%| F|  |TAMS 0x0000000707600000| PB 0x0000000707600000| Untracked 
|  15|0x0000000707800000, 0x0000000707800000, 0x0000000707a00000|  0%| F|  |TAMS 0x0000000707800000| PB 0x0000000707800000| Untracked 
|  16|0x0000000707a00000, 0x0000000707a00000, 0x0000000707c00000|  0%| F|  |TAMS 0x0000000707a00000| PB 0x0000000707a00000| Untracked 
|  17|0x0000000707c00000, 0x0000000707c00000, 0x0000000707e00000|  0%| F|  |TAMS 0x0000000707c00000| PB 0x0000000707c00000| Untracked 
|  18|0x0000000707e00000, 0x0000000707e00000, 0x0000000708000000|  0%| F|  |TAMS 0x0000000707e00000| PB 0x0000000707e00000| Untracked 
|  19|0x0000000708000000, 0x0000000708000000, 0x0000000708200000|  0%| F|  |TAMS 0x0000000708000000| PB 0x0000000708000000| Untracked 
|  20|0x0000000708200000, 0x0000000708200000, 0x0000000708400000|  0%| F|  |TAMS 0x0000000708200000| PB 0x0000000708200000| Untracked 
|  21|0x0000000708400000, 0x0000000708400000, 0x0000000708600000|  0%| F|  |TAMS 0x0000000708400000| PB 0x0000000708400000| Untracked 
|  22|0x0000000708600000, 0x0000000708600000, 0x0000000708800000|  0%| F|  |TAMS 0x0000000708600000| PB 0x0000000708600000| Untracked 
|  23|0x0000000708800000, 0x0000000708800000, 0x0000000708a00000|  0%| F|  |TAMS 0x0000000708800000| PB 0x0000000708800000| Untracked 
|  24|0x0000000708a00000, 0x0000000708a00000, 0x0000000708c00000|  0%| F|  |TAMS 0x0000000708a00000| PB 0x0000000708a00000| Untracked 
|  25|0x0000000708c00000, 0x0000000708c00000, 0x0000000708e00000|  0%| F|  |TAMS 0x0000000708c00000| PB 0x0000000708c00000| Untracked 
|  26|0x0000000708e00000, 0x0000000708e00000, 0x0000000709000000|  0%| F|  |TAMS 0x0000000708e00000| PB 0x0000000708e00000| Untracked 
|  27|0x0000000709000000, 0x0000000709000000, 0x0000000709200000|  0%| F|  |TAMS 0x0000000709000000| PB 0x0000000709000000| Untracked 
|  28|0x0000000709200000, 0x0000000709200000, 0x0000000709400000|  0%| F|  |TAMS 0x0000000709200000| PB 0x0000000709200000| Untracked 
|  29|0x0000000709400000, 0x0000000709400000, 0x0000000709600000|  0%| F|  |TAMS 0x0000000709400000| PB 0x0000000709400000| Untracked 
|  30|0x0000000709600000, 0x0000000709600000, 0x0000000709800000|  0%| F|  |TAMS 0x0000000709600000| PB 0x0000000709600000| Untracked 
|  31|0x0000000709800000, 0x0000000709800000, 0x0000000709a00000|  0%| F|  |TAMS 0x0000000709800000| PB 0x0000000709800000| Untracked 
|  32|0x0000000709a00000, 0x0000000709a00000, 0x0000000709c00000|  0%| F|  |TAMS 0x0000000709a00000| PB 0x0000000709a00000| Untracked 
|  33|0x0000000709c00000, 0x0000000709c00000, 0x0000000709e00000|  0%| F|  |TAMS 0x0000000709c00000| PB 0x0000000709c00000| Untracked 
|  34|0x0000000709e00000, 0x0000000709e00000, 0x000000070a000000|  0%| F|  |TAMS 0x0000000709e00000| PB 0x0000000709e00000| Untracked 
|  35|0x000000070a000000, 0x000000070a000000, 0x000000070a200000|  0%| F|  |TAMS 0x000000070a000000| PB 0x000000070a000000| Untracked 
|  36|0x000000070a200000, 0x000000070a200000, 0x000000070a400000|  0%| F|  |TAMS 0x000000070a200000| PB 0x000000070a200000| Untracked 
|  37|0x000000070a400000, 0x000000070a400000, 0x000000070a600000|  0%| F|  |TAMS 0x000000070a400000| PB 0x000000070a400000| Untracked 
|  38|0x000000070a600000, 0x000000070a600000, 0x000000070a800000|  0%| F|  |TAMS 0x000000070a600000| PB 0x000000070a600000| Untracked 
|  39|0x000000070a800000, 0x000000070a800000, 0x000000070aa00000|  0%| F|  |TAMS 0x000000070a800000| PB 0x000000070a800000| Untracked 
|  40|0x000000070aa00000, 0x000000070aa00000, 0x000000070ac00000|  0%| F|  |TAMS 0x000000070aa00000| PB 0x000000070aa00000| Untracked 
|  41|0x000000070ac00000, 0x000000070ac00000, 0x000000070ae00000|  0%| F|  |TAMS 0x000000070ac00000| PB 0x000000070ac00000| Untracked 
|  42|0x000000070ae00000, 0x000000070ae00000, 0x000000070b000000|  0%| F|  |TAMS 0x000000070ae00000| PB 0x000000070ae00000| Untracked 
|  43|0x000000070b000000, 0x000000070b000000, 0x000000070b200000|  0%| F|  |TAMS 0x000000070b000000| PB 0x000000070b000000| Untracked 
|  44|0x000000070b200000, 0x000000070b200000, 0x000000070b400000|  0%| F|  |TAMS 0x000000070b200000| PB 0x000000070b200000| Untracked 
|  45|0x000000070b400000, 0x000000070b400000, 0x000000070b600000|  0%| F|  |TAMS 0x000000070b400000| PB 0x000000070b400000| Untracked 
|  46|0x000000070b600000, 0x000000070b600000, 0x000000070b800000|  0%| F|  |TAMS 0x000000070b600000| PB 0x000000070b600000| Untracked 
|  47|0x000000070b800000, 0x000000070b800000, 0x000000070ba00000|  0%| F|  |TAMS 0x000000070b800000| PB 0x000000070b800000| Untracked 
|  48|0x000000070ba00000, 0x000000070ba00000, 0x000000070bc00000|  0%| F|  |TAMS 0x000000070ba00000| PB 0x000000070ba00000| Untracked 
|  49|0x000000070bc00000, 0x000000070bc00000, 0x000000070be00000|  0%| F|  |TAMS 0x000000070bc00000| PB 0x000000070bc00000| Untracked 
|  50|0x000000070be00000, 0x000000070be00000, 0x000000070c000000|  0%| F|  |TAMS 0x000000070be00000| PB 0x000000070be00000| Untracked 
|  51|0x000000070c000000, 0x000000070c000000, 0x000000070c200000|  0%| F|  |TAMS 0x000000070c000000| PB 0x000000070c000000| Untracked 
|  52|0x000000070c200000, 0x000000070c200000, 0x000000070c400000|  0%| F|  |TAMS 0x000000070c200000| PB 0x000000070c200000| Untracked 
|  53|0x000000070c400000, 0x000000070c400000, 0x000000070c600000|  0%| F|  |TAMS 0x000000070c400000| PB 0x000000070c400000| Untracked 
|  54|0x000000070c600000, 0x000000070c600000, 0x000000070c800000|  0%| F|  |TAMS 0x000000070c600000| PB 0x000000070c600000| Untracked 
|  55|0x000000070c800000, 0x000000070c800000, 0x000000070ca00000|  0%| F|  |TAMS 0x000000070c800000| PB 0x000000070c800000| Untracked 
|  56|0x000000070ca00000, 0x000000070ca00000, 0x000000070cc00000|  0%| F|  |TAMS 0x000000070ca00000| PB 0x000000070ca00000| Untracked 
|  57|0x000000070cc00000, 0x000000070cc00000, 0x000000070ce00000|  0%| F|  |TAMS 0x000000070cc00000| PB 0x000000070cc00000| Untracked 
|  58|0x000000070ce00000, 0x000000070ce00000, 0x000000070d000000|  0%| F|  |TAMS 0x000000070ce00000| PB 0x000000070ce00000| Untracked 
|  59|0x000000070d000000, 0x000000070d000000, 0x000000070d200000|  0%| F|  |TAMS 0x000000070d000000| PB 0x000000070d000000| Untracked 
|  60|0x000000070d200000, 0x000000070d200000, 0x000000070d400000|  0%| F|  |TAMS 0x000000070d200000| PB 0x000000070d200000| Untracked 
|  61|0x000000070d400000, 0x000000070d400000, 0x000000070d600000|  0%| F|  |TAMS 0x000000070d400000| PB 0x000000070d400000| Untracked 
|  62|0x000000070d600000, 0x000000070d600000, 0x000000070d800000|  0%| F|  |TAMS 0x000000070d600000| PB 0x000000070d600000| Untracked 
|  63|0x000000070d800000, 0x000000070d800000, 0x000000070da00000|  0%| F|  |TAMS 0x000000070d800000| PB 0x000000070d800000| Untracked 
|  64|0x000000070da00000, 0x000000070da00000, 0x000000070dc00000|  0%| F|  |TAMS 0x000000070da00000| PB 0x000000070da00000| Untracked 
|  65|0x000000070dc00000, 0x000000070dc00000, 0x000000070de00000|  0%| F|  |TAMS 0x000000070dc00000| PB 0x000000070dc00000| Untracked 
|  66|0x000000070de00000, 0x000000070de00000, 0x000000070e000000|  0%| F|  |TAMS 0x000000070de00000| PB 0x000000070de00000| Untracked 
|  67|0x000000070e000000, 0x000000070e000000, 0x000000070e200000|  0%| F|  |TAMS 0x000000070e000000| PB 0x000000070e000000| Untracked 
|  68|0x000000070e200000, 0x000000070e200000, 0x000000070e400000|  0%| F|  |TAMS 0x000000070e200000| PB 0x000000070e200000| Untracked 
|  69|0x000000070e400000, 0x000000070e400000, 0x000000070e600000|  0%| F|  |TAMS 0x000000070e400000| PB 0x000000070e400000| Untracked 
|  70|0x000000070e600000, 0x000000070e600000, 0x000000070e800000|  0%| F|  |TAMS 0x000000070e600000| PB 0x000000070e600000| Untracked 
|  71|0x000000070e800000, 0x000000070e800000, 0x000000070ea00000|  0%| F|  |TAMS 0x000000070e800000| PB 0x000000070e800000| Untracked 
|  72|0x000000070ea00000, 0x000000070ea00000, 0x000000070ec00000|  0%| F|  |TAMS 0x000000070ea00000| PB 0x000000070ea00000| Untracked 
|  73|0x000000070ec00000, 0x000000070ec00000, 0x000000070ee00000|  0%| F|  |TAMS 0x000000070ec00000| PB 0x000000070ec00000| Untracked 
|  74|0x000000070ee00000, 0x000000070ee00000, 0x000000070f000000|  0%| F|  |TAMS 0x000000070ee00000| PB 0x000000070ee00000| Untracked 
|  75|0x000000070f000000, 0x000000070f000000, 0x000000070f200000|  0%| F|  |TAMS 0x000000070f000000| PB 0x000000070f000000| Untracked 
|  76|0x000000070f200000, 0x000000070f200000, 0x000000070f400000|  0%| F|  |TAMS 0x000000070f200000| PB 0x000000070f200000| Untracked 
|  77|0x000000070f400000, 0x000000070f400000, 0x000000070f600000|  0%| F|  |TAMS 0x000000070f400000| PB 0x000000070f400000| Untracked 
|  78|0x000000070f600000, 0x000000070f600000, 0x000000070f800000|  0%| F|  |TAMS 0x000000070f600000| PB 0x000000070f600000| Untracked 
|  79|0x000000070f800000, 0x000000070f800000, 0x000000070fa00000|  0%| F|  |TAMS 0x000000070f800000| PB 0x000000070f800000| Untracked 
|  80|0x000000070fa00000, 0x000000070fa00000, 0x000000070fc00000|  0%| F|  |TAMS 0x000000070fa00000| PB 0x000000070fa00000| Untracked 
|  81|0x000000070fc00000, 0x000000070fc00000, 0x000000070fe00000|  0%| F|  |TAMS 0x000000070fc00000| PB 0x000000070fc00000| Untracked 
|  82|0x000000070fe00000, 0x000000070fe00000, 0x0000000710000000|  0%| F|  |TAMS 0x000000070fe00000| PB 0x000000070fe00000| Untracked 
|  83|0x0000000710000000, 0x0000000710000000, 0x0000000710200000|  0%| F|  |TAMS 0x0000000710000000| PB 0x0000000710000000| Untracked 
|  84|0x0000000710200000, 0x0000000710200000, 0x0000000710400000|  0%| F|  |TAMS 0x0000000710200000| PB 0x0000000710200000| Untracked 
|  85|0x0000000710400000, 0x0000000710400000, 0x0000000710600000|  0%| F|  |TAMS 0x0000000710400000| PB 0x0000000710400000| Untracked 
|  86|0x0000000710600000, 0x0000000710600000, 0x0000000710800000|  0%| F|  |TAMS 0x0000000710600000| PB 0x0000000710600000| Untracked 
|  87|0x0000000710800000, 0x0000000710800000, 0x0000000710a00000|  0%| F|  |TAMS 0x0000000710800000| PB 0x0000000710800000| Untracked 
|  88|0x0000000710a00000, 0x0000000710a00000, 0x0000000710c00000|  0%| F|  |TAMS 0x0000000710a00000| PB 0x0000000710a00000| Untracked 
|  89|0x0000000710c00000, 0x0000000710c00000, 0x0000000710e00000|  0%| F|  |TAMS 0x0000000710c00000| PB 0x0000000710c00000| Untracked 
|  90|0x0000000710e00000, 0x0000000710e00000, 0x0000000711000000|  0%| F|  |TAMS 0x0000000710e00000| PB 0x0000000710e00000| Untracked 
|  91|0x0000000711000000, 0x0000000711000000, 0x0000000711200000|  0%| F|  |TAMS 0x0000000711000000| PB 0x0000000711000000| Untracked 
|  92|0x0000000711200000, 0x0000000711200000, 0x0000000711400000|  0%| F|  |TAMS 0x0000000711200000| PB 0x0000000711200000| Untracked 
|  93|0x0000000711400000, 0x0000000711400000, 0x0000000711600000|  0%| F|  |TAMS 0x0000000711400000| PB 0x0000000711400000| Untracked 
|  94|0x0000000711600000, 0x0000000711600000, 0x0000000711800000|  0%| F|  |TAMS 0x0000000711600000| PB 0x0000000711600000| Untracked 
|  95|0x0000000711800000, 0x0000000711800000, 0x0000000711a00000|  0%| F|  |TAMS 0x0000000711800000| PB 0x0000000711800000| Untracked 
|  96|0x0000000711a00000, 0x0000000711a00000, 0x0000000711c00000|  0%| F|  |TAMS 0x0000000711a00000| PB 0x0000000711a00000| Untracked 
|  97|0x0000000711c00000, 0x0000000711c00000, 0x0000000711e00000|  0%| F|  |TAMS 0x0000000711c00000| PB 0x0000000711c00000| Untracked 
|  98|0x0000000711e00000, 0x0000000711e00000, 0x0000000712000000|  0%| F|  |TAMS 0x0000000711e00000| PB 0x0000000711e00000| Untracked 
|  99|0x0000000712000000, 0x0000000712000000, 0x0000000712200000|  0%| F|  |TAMS 0x0000000712000000| PB 0x0000000712000000| Untracked 
| 100|0x0000000712200000, 0x0000000712200000, 0x0000000712400000|  0%| F|  |TAMS 0x0000000712200000| PB 0x0000000712200000| Untracked 
| 101|0x0000000712400000, 0x0000000712400000, 0x0000000712600000|  0%| F|  |TAMS 0x0000000712400000| PB 0x0000000712400000| Untracked 
| 102|0x0000000712600000, 0x0000000712600000, 0x0000000712800000|  0%| F|  |TAMS 0x0000000712600000| PB 0x0000000712600000| Untracked 
| 103|0x0000000712800000, 0x0000000712800000, 0x0000000712a00000|  0%| F|  |TAMS 0x0000000712800000| PB 0x0000000712800000| Untracked 
| 104|0x0000000712a00000, 0x0000000712a00000, 0x0000000712c00000|  0%| F|  |TAMS 0x0000000712a00000| PB 0x0000000712a00000| Untracked 
| 105|0x0000000712c00000, 0x0000000712c00000, 0x0000000712e00000|  0%| F|  |TAMS 0x0000000712c00000| PB 0x0000000712c00000| Untracked 
| 106|0x0000000712e00000, 0x0000000712e00000, 0x0000000713000000|  0%| F|  |TAMS 0x0000000712e00000| PB 0x0000000712e00000| Untracked 
| 107|0x0000000713000000, 0x0000000713000000, 0x0000000713200000|  0%| F|  |TAMS 0x0000000713000000| PB 0x0000000713000000| Untracked 
| 108|0x0000000713200000, 0x0000000713200000, 0x0000000713400000|  0%| F|  |TAMS 0x0000000713200000| PB 0x0000000713200000| Untracked 
| 109|0x0000000713400000, 0x0000000713400000, 0x0000000713600000|  0%| F|  |TAMS 0x0000000713400000| PB 0x0000000713400000| Untracked 
| 110|0x0000000713600000, 0x0000000713600000, 0x0000000713800000|  0%| F|  |TAMS 0x0000000713600000| PB 0x0000000713600000| Untracked 
| 111|0x0000000713800000, 0x0000000713800000, 0x0000000713a00000|  0%| F|  |TAMS 0x0000000713800000| PB 0x0000000713800000| Untracked 
| 112|0x0000000713a00000, 0x0000000713a00000, 0x0000000713c00000|  0%| F|  |TAMS 0x0000000713a00000| PB 0x0000000713a00000| Untracked 
| 113|0x0000000713c00000, 0x0000000713c00000, 0x0000000713e00000|  0%| F|  |TAMS 0x0000000713c00000| PB 0x0000000713c00000| Untracked 
| 114|0x0000000713e00000, 0x0000000713e00000, 0x0000000714000000|  0%| F|  |TAMS 0x0000000713e00000| PB 0x0000000713e00000| Untracked 
| 115|0x0000000714000000, 0x0000000714000000, 0x0000000714200000|  0%| F|  |TAMS 0x0000000714000000| PB 0x0000000714000000| Untracked 
| 116|0x0000000714200000, 0x0000000714200000, 0x0000000714400000|  0%| F|  |TAMS 0x0000000714200000| PB 0x0000000714200000| Untracked 
| 117|0x0000000714400000, 0x0000000714400000, 0x0000000714600000|  0%| F|  |TAMS 0x0000000714400000| PB 0x0000000714400000| Untracked 
| 118|0x0000000714600000, 0x0000000714600000, 0x0000000714800000|  0%| F|  |TAMS 0x0000000714600000| PB 0x0000000714600000| Untracked 
| 119|0x0000000714800000, 0x0000000714800000, 0x0000000714a00000|  0%| F|  |TAMS 0x0000000714800000| PB 0x0000000714800000| Untracked 
| 120|0x0000000714a00000, 0x0000000714a00000, 0x0000000714c00000|  0%| F|  |TAMS 0x0000000714a00000| PB 0x0000000714a00000| Untracked 
| 121|0x0000000714c00000, 0x0000000714c00000, 0x0000000714e00000|  0%| F|  |TAMS 0x0000000714c00000| PB 0x0000000714c00000| Untracked 
| 122|0x0000000714e00000, 0x0000000714e00000, 0x0000000715000000|  0%| F|  |TAMS 0x0000000714e00000| PB 0x0000000714e00000| Untracked 
| 123|0x0000000715000000, 0x0000000715000000, 0x0000000715200000|  0%| F|  |TAMS 0x0000000715000000| PB 0x0000000715000000| Untracked 
| 124|0x0000000715200000, 0x0000000715200000, 0x0000000715400000|  0%| F|  |TAMS 0x0000000715200000| PB 0x0000000715200000| Untracked 
| 125|0x0000000715400000, 0x0000000715400000, 0x0000000715600000|  0%| F|  |TAMS 0x0000000715400000| PB 0x0000000715400000| Untracked 
| 126|0x0000000715600000, 0x0000000715600000, 0x0000000715800000|  0%| F|  |TAMS 0x0000000715600000| PB 0x0000000715600000| Untracked 
| 127|0x0000000715800000, 0x0000000715800000, 0x0000000715a00000|  0%| F|  |TAMS 0x0000000715800000| PB 0x0000000715800000| Untracked 
| 128|0x0000000715a00000, 0x0000000715a00000, 0x0000000715c00000|  0%| F|  |TAMS 0x0000000715a00000| PB 0x0000000715a00000| Untracked 
| 129|0x0000000715c00000, 0x0000000715c00000, 0x0000000715e00000|  0%| F|  |TAMS 0x0000000715c00000| PB 0x0000000715c00000| Untracked 
| 130|0x0000000715e00000, 0x0000000715e00000, 0x0000000716000000|  0%| F|  |TAMS 0x0000000715e00000| PB 0x0000000715e00000| Untracked 
| 131|0x0000000716000000, 0x0000000716000000, 0x0000000716200000|  0%| F|  |TAMS 0x0000000716000000| PB 0x0000000716000000| Untracked 
| 132|0x0000000716200000, 0x0000000716200000, 0x0000000716400000|  0%| F|  |TAMS 0x0000000716200000| PB 0x0000000716200000| Untracked 
| 133|0x0000000716400000, 0x0000000716400000, 0x0000000716600000|  0%| F|  |TAMS 0x0000000716400000| PB 0x0000000716400000| Untracked 
| 134|0x0000000716600000, 0x0000000716600000, 0x0000000716800000|  0%| F|  |TAMS 0x0000000716600000| PB 0x0000000716600000| Untracked 
| 135|0x0000000716800000, 0x0000000716800000, 0x0000000716a00000|  0%| F|  |TAMS 0x0000000716800000| PB 0x0000000716800000| Untracked 
| 136|0x0000000716a00000, 0x0000000716a00000, 0x0000000716c00000|  0%| F|  |TAMS 0x0000000716a00000| PB 0x0000000716a00000| Untracked 
| 137|0x0000000716c00000, 0x0000000716c00000, 0x0000000716e00000|  0%| F|  |TAMS 0x0000000716c00000| PB 0x0000000716c00000| Untracked 
| 138|0x0000000716e00000, 0x0000000716e00000, 0x0000000717000000|  0%| F|  |TAMS 0x0000000716e00000| PB 0x0000000716e00000| Untracked 
| 139|0x0000000717000000, 0x0000000717000000, 0x0000000717200000|  0%| F|  |TAMS 0x0000000717000000| PB 0x0000000717000000| Untracked 
| 140|0x0000000717200000, 0x0000000717200000, 0x0000000717400000|  0%| F|  |TAMS 0x0000000717200000| PB 0x0000000717200000| Untracked 
| 141|0x0000000717400000, 0x0000000717400000, 0x0000000717600000|  0%| F|  |TAMS 0x0000000717400000| PB 0x0000000717400000| Untracked 
| 142|0x0000000717600000, 0x0000000717600000, 0x0000000717800000|  0%| F|  |TAMS 0x0000000717600000| PB 0x0000000717600000| Untracked 
| 143|0x0000000717800000, 0x0000000717800000, 0x0000000717a00000|  0%| F|  |TAMS 0x0000000717800000| PB 0x0000000717800000| Untracked 
| 144|0x0000000717a00000, 0x0000000717a00000, 0x0000000717c00000|  0%| F|  |TAMS 0x0000000717a00000| PB 0x0000000717a00000| Untracked 
| 145|0x0000000717c00000, 0x0000000717c00000, 0x0000000717e00000|  0%| F|  |TAMS 0x0000000717c00000| PB 0x0000000717c00000| Untracked 
| 146|0x0000000717e00000, 0x0000000717e00000, 0x0000000718000000|  0%| F|  |TAMS 0x0000000717e00000| PB 0x0000000717e00000| Untracked 
| 147|0x0000000718000000, 0x0000000718000000, 0x0000000718200000|  0%| F|  |TAMS 0x0000000718000000| PB 0x0000000718000000| Untracked 
| 148|0x0000000718200000, 0x0000000718200000, 0x0000000718400000|  0%| F|  |TAMS 0x0000000718200000| PB 0x0000000718200000| Untracked 
| 149|0x0000000718400000, 0x0000000718400000, 0x0000000718600000|  0%| F|  |TAMS 0x0000000718400000| PB 0x0000000718400000| Untracked 
| 150|0x0000000718600000, 0x0000000718600000, 0x0000000718800000|  0%| F|  |TAMS 0x0000000718600000| PB 0x0000000718600000| Untracked 
| 151|0x0000000718800000, 0x0000000718800000, 0x0000000718a00000|  0%| F|  |TAMS 0x0000000718800000| PB 0x0000000718800000| Untracked 
| 152|0x0000000718a00000, 0x0000000718a00000, 0x0000000718c00000|  0%| F|  |TAMS 0x0000000718a00000| PB 0x0000000718a00000| Untracked 
| 153|0x0000000718c00000, 0x0000000718c00000, 0x0000000718e00000|  0%| F|  |TAMS 0x0000000718c00000| PB 0x0000000718c00000| Untracked 
| 154|0x0000000718e00000, 0x0000000718e00000, 0x0000000719000000|  0%| F|  |TAMS 0x0000000718e00000| PB 0x0000000718e00000| Untracked 
| 155|0x0000000719000000, 0x0000000719000000, 0x0000000719200000|  0%| F|  |TAMS 0x0000000719000000| PB 0x0000000719000000| Untracked 
| 156|0x0000000719200000, 0x0000000719200000, 0x0000000719400000|  0%| F|  |TAMS 0x0000000719200000| PB 0x0000000719200000| Untracked 
| 157|0x0000000719400000, 0x0000000719400000, 0x0000000719600000|  0%| F|  |TAMS 0x0000000719400000| PB 0x0000000719400000| Untracked 
| 158|0x0000000719600000, 0x0000000719600000, 0x0000000719800000|  0%| F|  |TAMS 0x0000000719600000| PB 0x0000000719600000| Untracked 
| 159|0x0000000719800000, 0x0000000719800000, 0x0000000719a00000|  0%| F|  |TAMS 0x0000000719800000| PB 0x0000000719800000| Untracked 
| 160|0x0000000719a00000, 0x0000000719a00000, 0x0000000719c00000|  0%| F|  |TAMS 0x0000000719a00000| PB 0x0000000719a00000| Untracked 
| 161|0x0000000719c00000, 0x0000000719c00000, 0x0000000719e00000|  0%| F|  |TAMS 0x0000000719c00000| PB 0x0000000719c00000| Untracked 
| 162|0x0000000719e00000, 0x0000000719e00000, 0x000000071a000000|  0%| F|  |TAMS 0x0000000719e00000| PB 0x0000000719e00000| Untracked 
| 163|0x000000071a000000, 0x000000071a000000, 0x000000071a200000|  0%| F|  |TAMS 0x000000071a000000| PB 0x000000071a000000| Untracked 
| 164|0x000000071a200000, 0x000000071a200000, 0x000000071a400000|  0%| F|  |TAMS 0x000000071a200000| PB 0x000000071a200000| Untracked 
| 165|0x000000071a400000, 0x000000071a400000, 0x000000071a600000|  0%| F|  |TAMS 0x000000071a400000| PB 0x000000071a400000| Untracked 
| 166|0x000000071a600000, 0x000000071a600000, 0x000000071a800000|  0%| F|  |TAMS 0x000000071a600000| PB 0x000000071a600000| Untracked 
| 167|0x000000071a800000, 0x000000071a800000, 0x000000071aa00000|  0%| F|  |TAMS 0x000000071a800000| PB 0x000000071a800000| Untracked 
| 168|0x000000071aa00000, 0x000000071aa00000, 0x000000071ac00000|  0%| F|  |TAMS 0x000000071aa00000| PB 0x000000071aa00000| Untracked 
| 169|0x000000071ac00000, 0x000000071ac00000, 0x000000071ae00000|  0%| F|  |TAMS 0x000000071ac00000| PB 0x000000071ac00000| Untracked 
| 170|0x000000071ae00000, 0x000000071ae00000, 0x000000071b000000|  0%| F|  |TAMS 0x000000071ae00000| PB 0x000000071ae00000| Untracked 
| 171|0x000000071b000000, 0x000000071b000000, 0x000000071b200000|  0%| F|  |TAMS 0x000000071b000000| PB 0x000000071b000000| Untracked 
| 172|0x000000071b200000, 0x000000071b200000, 0x000000071b400000|  0%| F|  |TAMS 0x000000071b200000| PB 0x000000071b200000| Untracked 
| 173|0x000000071b400000, 0x000000071b400000, 0x000000071b600000|  0%| F|  |TAMS 0x000000071b400000| PB 0x000000071b400000| Untracked 
| 174|0x000000071b600000, 0x000000071b600000, 0x000000071b800000|  0%| F|  |TAMS 0x000000071b600000| PB 0x000000071b600000| Untracked 
| 175|0x000000071b800000, 0x000000071b848b40, 0x000000071ba00000| 14%| S|CS|TAMS 0x000000071b800000| PB 0x000000071b800000| Complete 
| 176|0x000000071ba00000, 0x000000071bc00000, 0x000000071bc00000|100%| S|CS|TAMS 0x000000071ba00000| PB 0x000000071ba00000| Complete 
| 177|0x000000071bc00000, 0x000000071be00000, 0x000000071be00000|100%| S|CS|TAMS 0x000000071bc00000| PB 0x000000071bc00000| Complete 
| 178|0x000000071be00000, 0x000000071be00000, 0x000000071c000000|  0%| F|  |TAMS 0x000000071be00000| PB 0x000000071be00000| Untracked 
| 179|0x000000071c000000, 0x000000071c000000, 0x000000071c200000|  0%| F|  |TAMS 0x000000071c000000| PB 0x000000071c000000| Untracked 
| 180|0x000000071c200000, 0x000000071c200000, 0x000000071c400000|  0%| F|  |TAMS 0x000000071c200000| PB 0x000000071c200000| Untracked 
| 181|0x000000071c400000, 0x000000071c400000, 0x000000071c600000|  0%| F|  |TAMS 0x000000071c400000| PB 0x000000071c400000| Untracked 

Card table byte_map: [0x0000025ae1c20000,0x0000025ae2400000] _byte_map_base: 0x0000025ade3f3000

Marking Bits: (CMBitMap*) 0x0000025acda2f820
 Bits: [0x0000025ae2400000, 0x0000025ae6298000)

Polling page: 0x0000025ac9730000

Metaspace:

Usage:
  Non-class:      9.40 MB used.
      Class:      1.39 MB used.
       Both:     10.79 MB used.

Virtual space:
  Non-class space:       64.00 MB reserved,       9.50 MB ( 15%) committed,  1 nodes.
      Class space:        1.00 GB reserved,       1.50 MB ( <1%) committed,  1 nodes.
             Both:        1.06 GB reserved,      11.00 MB (  1%) committed. 

Chunk freelists:
   Non-Class:  5.81 MB
       Class:  14.34 MB
        Both:  20.16 MB

MaxMetaspaceSize: unlimited
CompressedClassSpaceSize: 1.00 GB
Initial GC threshold: 21.00 MB
Current GC threshold: 21.00 MB
CDS: on
 - commit_granule_bytes: 65536.
 - commit_granule_words: 8192.
 - virtual_space_node_default_size: 8388608.
 - enlarge_chunks_in_place: 1.
 - use_allocation_guard: 0.


Internal statistics:

num_allocs_failed_limit: 0.
num_arena_births: 152.
num_arena_deaths: 0.
num_vsnodes_births: 2.
num_vsnodes_deaths: 0.
num_space_committed: 176.
num_space_uncommitted: 0.
num_chunks_returned_to_freelist: 0.
num_chunks_taken_from_freelist: 462.
num_chunk_merges: 0.
num_chunk_splits: 332.
num_chunks_enlarged: 265.
num_inconsistent_stats: 0.

CodeHeap 'non-profiled nmethods': size=119168Kb used=1103Kb max_used=1103Kb free=118064Kb
 bounds [0x0000025ad9560000, 0x0000025ad97d0000, 0x0000025ae09c0000]
CodeHeap 'profiled nmethods': size=119104Kb used=3948Kb max_used=3948Kb free=115155Kb
 bounds [0x0000025ad19c0000, 0x0000025ad1da0000, 0x0000025ad8e10000]
CodeHeap 'non-nmethods': size=7488Kb used=3167Kb max_used=3214Kb free=4320Kb
 bounds [0x0000025ad8e10000, 0x0000025ad9140000, 0x0000025ad9560000]
CodeCache: size=245760Kb, used=8218Kb, max_used=8265Kb, free=237539Kb
 total_blobs=2792, nmethods=2236, adapters=457, full_count=0
Compilation: enabled, stopped_count=0, restarted_count=0

Compilation events (20 events):
Event: 1.218 Thread 0x0000025ae92aae90 nmethod 2225 0x0000025ad9671f90 code [0x0000025ad9672120, 0x0000025ad96721e8]
Event: 1.218 Thread 0x0000025ae92ab560 nmethod 2226 0x0000025ad9672290 code [0x0000025ad9672420, 0x0000025ad96724e8]
Event: 1.218 Thread 0x0000025ae92aae90 2229       1       com.ohos.hapsigntool.zip.ZipEntryHeader::getLength (5 bytes)
Event: 1.218 Thread 0x0000025ae92ab560 2230       1       com.ohos.hapsigntool.zip.ZipEntryHeader::getFlag (5 bytes)
Event: 1.218 Thread 0x0000025ae92a8c80 nmethod 2227 0x0000025ad9672590 code [0x0000025ad9672720, 0x0000025ad96727e8]
Event: 1.218 Thread 0x0000025ae92a8c80 2231       1       com.ohos.hapsigntool.zip.ZipEntryData::setZipEntryHeader (6 bytes)
Event: 1.218 Thread 0x0000025ae92aae90 nmethod 2229 0x0000025ad9672890 code [0x0000025ad9672a20, 0x0000025ad9672ae8]
Event: 1.218 Thread 0x0000025ae92ab560 nmethod 2230 0x0000025ad9672b90 code [0x0000025ad9672d20, 0x0000025ad9672df0]
Event: 1.218 Thread 0x0000025ae92aae90 2232       1       com.ohos.hapsigntool.zip.ZipEntryData::setLength (6 bytes)
Event: 1.218 Thread 0x0000025ae92ab560 2233       1       com.ohos.hapsigntool.zip.ZipEntryData::getLength (5 bytes)
Event: 1.218 Thread 0x0000025ae1423db0 nmethod 2228 0x0000025ad9672e90 code [0x0000025ad9673020, 0x0000025ad9673138]
Event: 1.218 Thread 0x0000025ae92a8c80 nmethod 2231 0x0000025ad9673190 code [0x0000025ad9673320, 0x0000025ad9673438]
Event: 1.218 Thread 0x0000025ae92aae90 nmethod 2232 0x0000025ad9673490 code [0x0000025ad9673620, 0x0000025ad96736e8]
Event: 1.218 Thread 0x0000025ae92a8c80 2234       1       com.ohos.hapsigntool.zip.ZipEntry::setZipEntryData (6 bytes)
Event: 1.218 Thread 0x0000025ae92ab560 nmethod 2233 0x0000025ad9673790 code [0x0000025ad9673920, 0x0000025ad96739e8]
Event: 1.218 Thread 0x0000025ae92a8c80 nmethod 2234 0x0000025ad9673a90 code [0x0000025ad9673c20, 0x0000025ad9673d38]
Event: 1.248 Thread 0x0000025ae92a8c80 2235       3       com.ohos.hapsigntool.utils.StringUtils::isEmpty (19 bytes)
Event: 1.248 Thread 0x0000025ae92a8c80 nmethod 2235 0x0000025ad1d9a690 code [0x0000025ad1d9a840, 0x0000025ad1d9aa78]
Event: 1.257 Thread 0x0000025ae92aae90 2236       3       java.io.File::isInvalid (47 bytes)
Event: 1.257 Thread 0x0000025ae92aae90 nmethod 2236 0x0000025ad1d9ab90 code [0x0000025ad1d9ad60, 0x0000025ad1d9b008]

GC Heap History (17 events):
Event: 0.446 GC heap before
{Heap before GC invocations=0 (full 0):
 garbage-first heap   total 258048K, used 22528K [0x0000000705a00000, 0x0000000800000000)
  region size 2048K, 11 young (22528K), 0 survivors (0K)
 Metaspace       used 4129K, committed 4288K, reserved 1114112K
  class space    used 499K, committed 576K, reserved 1048576K
}
Event: 0.451 GC heap after
{Heap after GC invocations=1 (full 0):
 garbage-first heap   total 258048K, used 5664K [0x0000000705a00000, 0x0000000800000000)
  region size 2048K, 2 young (4096K), 2 survivors (4096K)
 Metaspace       used 4129K, committed 4288K, reserved 1114112K
  class space    used 499K, committed 576K, reserved 1048576K
}
Event: 0.956 GC heap before
{Heap before GC invocations=1 (full 0):
 garbage-first heap   total 258048K, used 30240K [0x0000000705a00000, 0x0000000800000000)
  region size 2048K, 14 young (28672K), 2 survivors (4096K)
 Metaspace       used 9883K, committed 10176K, reserved 1114112K
  class space    used 1260K, committed 1408K, reserved 1048576K
}
Event: 0.962 GC heap after
{Heap after GC invocations=2 (full 0):
 garbage-first heap   total 258048K, used 9087K [0x0000000705a00000, 0x0000000800000000)
  region size 2048K, 2 young (4096K), 2 survivors (4096K)
 Metaspace       used 9883K, committed 10176K, reserved 1114112K
  class space    used 1260K, committed 1408K, reserved 1048576K
}
Event: 1.133 GC heap before
{Heap before GC invocations=2 (full 0):
 garbage-first heap   total 258048K, used 125823K [0x0000000705a00000, 0x0000000800000000)
  region size 2048K, 6 young (12288K), 2 survivors (4096K)
 Metaspace       used 11027K, committed 11200K, reserved 1114112K
  class space    used 1422K, committed 1536K, reserved 1048576K
}
Event: 1.138 GC heap after
{Heap after GC invocations=3 (full 0):
 garbage-first heap   total 258048K, used 10063K [0x0000000705a00000, 0x0000000800000000)
  region size 2048K, 3 young (6144K), 3 survivors (6144K)
 Metaspace       used 11027K, committed 11200K, reserved 1114112K
  class space    used 1422K, committed 1536K, reserved 1048576K
}
Event: 1.155 GC heap before
{Heap before GC invocations=3 (full 0):
 garbage-first heap   total 258048K, used 120655K [0x0000000705a00000, 0x0000000800000000)
  region size 2048K, 4 young (8192K), 3 survivors (6144K)
 Metaspace       used 11028K, committed 11200K, reserved 1114112K
  class space    used 1422K, committed 1536K, reserved 1048576K
}
Event: 1.158 GC heap after
{Heap after GC invocations=4 (full 0):
 garbage-first heap   total 258048K, used 10208K [0x0000000705a00000, 0x0000000800000000)
  region size 2048K, 3 young (6144K), 3 survivors (6144K)
 Metaspace       used 11028K, committed 11200K, reserved 1114112K
  class space    used 1422K, committed 1536K, reserved 1048576K
}
Event: 1.172 GC heap before
{Heap before GC invocations=4 (full 0):
 garbage-first heap   total 258048K, used 120800K [0x0000000705a00000, 0x0000000800000000)
  region size 2048K, 4 young (8192K), 3 survivors (6144K)
 Metaspace       used 11028K, committed 11200K, reserved 1114112K
  class space    used 1422K, committed 1536K, reserved 1048576K
}
Event: 1.175 GC heap after
{Heap after GC invocations=5 (full 0):
 garbage-first heap   total 372736K, used 10092K [0x0000000705a00000, 0x0000000800000000)
  region size 2048K, 3 young (6144K), 3 survivors (6144K)
 Metaspace       used 11028K, committed 11200K, reserved 1114112K
  class space    used 1422K, committed 1536K, reserved 1048576K
}
Event: 1.210 GC heap before
{Heap before GC invocations=5 (full 0):
 garbage-first heap   total 372736K, used 171884K [0x0000000705a00000, 0x0000000800000000)
  region size 2048K, 4 young (8192K), 3 survivors (6144K)
 Metaspace       used 11029K, committed 11264K, reserved 1114112K
  class space    used 1422K, committed 1536K, reserved 1048576K
}
Event: 1.213 GC heap after
{Heap after GC invocations=6 (full 0):
 garbage-first heap   total 372736K, used 10252K [0x0000000705a00000, 0x0000000800000000)
  region size 2048K, 3 young (6144K), 3 survivors (6144K)
 Metaspace       used 11029K, committed 11264K, reserved 1114112K
  class space    used 1422K, committed 1536K, reserved 1048576K
}
Event: 1.231 GC heap before
{Heap before GC invocations=6 (full 0):
 garbage-first heap   total 372736K, used 176140K [0x0000000705a00000, 0x0000000800000000)
  region size 2048K, 6 young (12288K), 3 survivors (6144K)
 Metaspace       used 11042K, committed 11264K, reserved 1114112K
  class space    used 1422K, committed 1536K, reserved 1048576K
}
Event: 1.233 GC heap after
{Heap after GC invocations=7 (full 0):
 garbage-first heap   total 372736K, used 10159K [0x0000000705a00000, 0x0000000800000000)
  region size 2048K, 3 young (6144K), 3 survivors (6144K)
 Metaspace       used 11042K, committed 11264K, reserved 1114112K
  class space    used 1422K, committed 1536K, reserved 1048576K
}
Event: 1.251 GC heap before
{Heap before GC invocations=7 (full 0):
 garbage-first heap   total 372736K, used 171951K [0x0000000705a00000, 0x0000000800000000)
  region size 2048K, 4 young (8192K), 3 survivors (6144K)
 Metaspace       used 11043K, committed 11264K, reserved 1114112K
  class space    used 1422K, committed 1536K, reserved 1048576K
}
Event: 1.253 GC heap after
{Heap after GC invocations=8 (full 0):
 garbage-first heap   total 372736K, used 10255K [0x0000000705a00000, 0x0000000800000000)
  region size 2048K, 3 young (6144K), 3 survivors (6144K)
 Metaspace       used 11043K, committed 11264K, reserved 1114112K
  class space    used 1422K, committed 1536K, reserved 1048576K
}
Event: 1.269 GC heap before
{Heap before GC invocations=8 (full 0):
 garbage-first heap   total 372736K, used 172047K [0x0000000705a00000, 0x0000000800000000)
  region size 2048K, 4 young (8192K), 3 survivors (6144K)
 Metaspace       used 11044K, committed 11264K, reserved 1114112K
  class space    used 1422K, committed 1536K, reserved 1048576K
}

Dll operation events (2 events):
Event: 0.008 Loaded shared library D:\DevEco Studio\jbr\bin\java.dll
Event: 0.043 Loaded shared library D:\DevEco Studio\jbr\bin\zip.dll

Deoptimization events (20 events):
Event: 1.004 Thread 0x0000025acda09250 DEOPT PACKING pc=0x0000025ad1d5c045 sp=0x000000cd746f90a0
Event: 1.004 Thread 0x0000025acda09250 DEOPT UNPACKING pc=0x0000025ad8e64e42 sp=0x000000cd746f84f0 mode 0
Event: 1.022 Thread 0x0000025acda09250 DEOPT PACKING pc=0x0000025ad1d5fcb1 sp=0x000000cd746f9b80
Event: 1.022 Thread 0x0000025acda09250 DEOPT UNPACKING pc=0x0000025ad8e64e42 sp=0x000000cd746f9090 mode 0
Event: 1.028 Thread 0x0000025acda09250 Uncommon trap: trap_request=0xffffff45 fr.pc=0x0000025ad96377b8 relative=0x00000000000062f8
Event: 1.028 Thread 0x0000025acda09250 Uncommon trap: reason=unstable_if action=reinterpret pc=0x0000025ad96377b8 method=java.security.Provider.parseLegacy(Ljava/lang/String;Ljava/lang/String;Ljava/security/Provider$OPType;)V @ 352 c2
Event: 1.028 Thread 0x0000025acda09250 DEOPT PACKING pc=0x0000025ad96377b8 sp=0x000000cd746fe320
Event: 1.028 Thread 0x0000025acda09250 DEOPT UNPACKING pc=0x0000025ad8e646a2 sp=0x000000cd746fe310 mode 2
Event: 1.054 Thread 0x0000025acda09250 Uncommon trap: trap_request=0xffffff3d fr.pc=0x0000025ad95f4de4 relative=0x00000000000002a4
Event: 1.054 Thread 0x0000025acda09250 Uncommon trap: reason=unstable_fused_if action=reinterpret pc=0x0000025ad95f4de4 method=java.lang.CharacterDataLatin1.equalsIgnoreCase(BB)Z @ 16 c2
Event: 1.054 Thread 0x0000025acda09250 DEOPT PACKING pc=0x0000025ad95f4de4 sp=0x000000cd746febe0
Event: 1.054 Thread 0x0000025acda09250 DEOPT UNPACKING pc=0x0000025ad8e646a2 sp=0x000000cd746fe9e0 mode 2
Event: 1.057 Thread 0x0000025acda09250 Uncommon trap: trap_request=0xffffff45 fr.pc=0x0000025ad95f8788 relative=0x0000000000000348
Event: 1.057 Thread 0x0000025acda09250 Uncommon trap: reason=unstable_if action=reinterpret pc=0x0000025ad95f8788 method=java.lang.String.regionMatches(ZILjava/lang/String;II)Z @ 36 c2
Event: 1.057 Thread 0x0000025acda09250 DEOPT PACKING pc=0x0000025ad95f8788 sp=0x000000cd746fe8e0
Event: 1.057 Thread 0x0000025acda09250 DEOPT UNPACKING pc=0x0000025ad8e646a2 sp=0x000000cd746fe878 mode 2
Event: 1.057 Thread 0x0000025acda09250 Uncommon trap: trap_request=0xffffff45 fr.pc=0x0000025ad95dec38 relative=0x0000000000000218
Event: 1.057 Thread 0x0000025acda09250 Uncommon trap: reason=unstable_if action=reinterpret pc=0x0000025ad95dec38 method=java.lang.StringUTF16.compress([CII)[B @ 13 c2
Event: 1.057 Thread 0x0000025acda09250 DEOPT PACKING pc=0x0000025ad95dec38 sp=0x000000cd746fea20
Event: 1.057 Thread 0x0000025acda09250 DEOPT UNPACKING pc=0x0000025ad8e646a2 sp=0x000000cd746fe9a8 mode 2

Classes loaded (20 events):
Event: 0.918 Loading class sun/util/locale/provider/LocaleServiceProviderPool$AllAvailableLocales
Event: 0.918 Loading class sun/util/locale/provider/LocaleServiceProviderPool$AllAvailableLocales done
Event: 0.919 Loading class sun/util/locale/provider/BreakIteratorProviderImpl
Event: 0.919 Loading class sun/util/locale/provider/BreakIteratorProviderImpl done
Event: 0.921 Loading class sun/util/locale/provider/JRELocaleConstants
Event: 0.921 Loading class sun/util/locale/provider/JRELocaleConstants done
Event: 0.921 Loading class java/util/Locale$LocaleKey
Event: 0.921 Loading class java/util/Locale$LocaleKey done
Event: 0.922 Loading class sun/util/locale/provider/CollatorProviderImpl
Event: 0.922 Loading class sun/util/locale/provider/CollatorProviderImpl done
Event: 0.943 Loading class sun/util/locale/provider/JRELocaleProviderAdapter$AvailableJRELocales
Event: 0.943 Loading class sun/util/locale/provider/JRELocaleProviderAdapter$AvailableJRELocales done
Event: 0.946 Loading class sun/util/locale/provider/CurrencyNameProviderImpl
Event: 0.946 Loading class sun/util/locale/provider/CurrencyNameProviderImpl done
Event: 0.952 Loading class sun/util/locale/provider/LocaleNameProviderImpl
Event: 0.952 Loading class sun/util/locale/provider/LocaleNameProviderImpl done
Event: 0.964 Loading class sun/util/cldr/CLDRTimeZoneNameProviderImpl
Event: 0.964 Loading class sun/util/locale/provider/TimeZoneNameProviderImpl
Event: 0.964 Loading class sun/util/locale/provider/TimeZoneNameProviderImpl done
Event: 0.964 Loading class sun/util/cldr/CLDRTimeZoneNameProviderImpl done

Classes unloaded (0 events):
No events

Classes redefined (0 events):
No events

Internal exceptions (12 events):
Event: 0.359 Thread 0x0000025acda09250 Exception <a 'java/lang/NoSuchMethodError'{0x00000007145de0d0}: 'void java.lang.invoke.DirectMethodHandle$Holder.invokeStatic(java.lang.Object, java.lang.Object, java.lang.Object, java.lang.Object)'> (0x00000007145de0d0) 
thrown [s\src\hotspot\share\interpreter\linkResolver.cpp, line 784]
Event: 0.371 Thread 0x0000025acda09250 Exception <a 'java/lang/NoSuchMethodError'{0x000000071422d210}: 'int java.lang.invoke.DirectMethodHandle$Holder.invokeStatic(java.lang.Object)'> (0x000000071422d210) 
thrown [s\src\hotspot\share\interpreter\linkResolver.cpp, line 784]
Event: 0.372 Thread 0x0000025acda09250 Exception <a 'java/lang/NoSuchMethodError'{0x0000000714230458}: 'int java.lang.invoke.DirectMethodHandle$Holder.invokeStaticInit(java.lang.Object)'> (0x0000000714230458) 
thrown [s\src\hotspot\share\interpreter\linkResolver.cpp, line 784]
Event: 0.393 Thread 0x0000025acda09250 Exception <a 'java/lang/IncompatibleClassChangeError'{0x00000007142b5f88}: Found class java.lang.Object, but interface was expected> (0x00000007142b5f88) 
thrown [s\src\hotspot\share\interpreter\linkResolver.cpp, line 851]
Event: 0.394 Thread 0x0000025acda09250 Exception <a 'java/lang/NoSuchMethodError'{0x00000007142c0028}: 'void java.lang.invoke.DirectMethodHandle$Holder.invokeSpecial(java.lang.Object, java.lang.Object, java.lang.Object)'> (0x00000007142c0028) 
thrown [s\src\hotspot\share\interpreter\linkResolver.cpp, line 784]
Event: 0.398 Thread 0x0000025acda09250 Exception <a 'java/lang/NoSuchMethodError'{0x00000007142d7bc8}: 'java.lang.Object java.lang.invoke.DirectMethodHandle$Holder.newInvokeSpecial(java.lang.Object, java.lang.Object, java.lang.Object, int, java.lang.Object)'> (0x00000007142d7bc8) 
thrown [s\src\hotspot\share\interpreter\linkResolver.cpp, line 784]
Event: 0.399 Thread 0x0000025acda09250 Exception <a 'java/lang/NoSuchMethodError'{0x00000007142df380}: 'java.lang.Object java.lang.invoke.Invokers$Holder.linkToTargetMethod(java.lang.Object, java.lang.Object, int, java.lang.Object, java.lang.Object)'> (0x00000007142df380) 
thrown [s\src\hotspot\share\interpreter\linkResolver.cpp, line 784]
Event: 0.480 Thread 0x0000025acda09250 Exception <a 'java/lang/NoSuchMethodError'{0x0000000715268878}: 'java.lang.Object java.lang.invoke.DirectMethodHandle$Holder.newInvokeSpecial(java.lang.Object, long, int, java.lang.Object)'> (0x0000000715268878) 
thrown [s\src\hotspot\share\interpreter\linkResolver.cpp, line 784]
Event: 0.486 Thread 0x0000025acda09250 Exception <a 'java/lang/NoSuchMethodError'{0x00000007152ad4c8}: 'void java.lang.invoke.DirectMethodHandle$Holder.invokeStaticInit(java.lang.Object, java.lang.Object, java.lang.Object, java.lang.Object)'> (0x00000007152ad4c8) 
thrown [s\src\hotspot\share\interpreter\linkResolver.cpp, line 784]
Event: 0.553 Thread 0x0000025acda09250 Exception <a 'java/lang/NoSuchMethodError'{0x0000000715141e98}: 'java.lang.Object java.lang.invoke.Invokers$Holder.invokeExact_MT(java.lang.Object, java.lang.Object, java.lang.Object, java.lang.Object, java.lang.Object)'> (0x0000000715141e98) 
thrown [s\src\hotspot\share\interpreter\linkResolver.cpp, line 784]
Event: 0.594 Thread 0x0000025acda09250 Exception <a 'java/lang/NoSuchMethodError'{0x00000007151ffc38}: 'int java.lang.invoke.DirectMethodHandle$Holder.invokeInterface(java.lang.Object, java.lang.Object)'> (0x00000007151ffc38) 
thrown [s\src\hotspot\share\interpreter\linkResolver.cpp, line 784]
Event: 0.595 Thread 0x0000025acda09250 Exception <a 'java/lang/IncompatibleClassChangeError'{0x0000000714e03200}: Found class java.lang.Object, but interface was expected> (0x0000000714e03200) 
thrown [s\src\hotspot\share\interpreter\linkResolver.cpp, line 851]

ZGC Phase Switch (0 events):
No events

VM Operations (20 events):
Event: 0.773 Executing VM operation: ICBufferFull done
Event: 0.783 Executing VM operation: HandshakeAllThreads (Deoptimize)
Event: 0.783 Executing VM operation: HandshakeAllThreads (Deoptimize) done
Event: 0.912 Executing VM operation: HandshakeAllThreads (Deoptimize)
Event: 0.912 Executing VM operation: HandshakeAllThreads (Deoptimize) done
Event: 0.956 Executing VM operation: G1CollectForAllocation (G1 Evacuation Pause)
Event: 0.962 Executing VM operation: G1CollectForAllocation (G1 Evacuation Pause) done
Event: 1.133 Executing VM operation: G1TryInitiateConcMark (G1 Humongous Allocation)
Event: 1.138 Executing VM operation: G1TryInitiateConcMark (G1 Humongous Allocation) done
Event: 1.155 Executing VM operation: G1TryInitiateConcMark (G1 Humongous Allocation)
Event: 1.158 Executing VM operation: G1TryInitiateConcMark (G1 Humongous Allocation) done
Event: 1.172 Executing VM operation: G1TryInitiateConcMark (G1 Humongous Allocation)
Event: 1.175 Executing VM operation: G1TryInitiateConcMark (G1 Humongous Allocation) done
Event: 1.210 Executing VM operation: G1TryInitiateConcMark (G1 Humongous Allocation)
Event: 1.213 Executing VM operation: G1TryInitiateConcMark (G1 Humongous Allocation) done
Event: 1.231 Executing VM operation: G1TryInitiateConcMark (G1 Humongous Allocation)
Event: 1.234 Executing VM operation: G1TryInitiateConcMark (G1 Humongous Allocation) done
Event: 1.251 Executing VM operation: G1TryInitiateConcMark (G1 Humongous Allocation)
Event: 1.253 Executing VM operation: G1TryInitiateConcMark (G1 Humongous Allocation) done
Event: 1.268 Executing VM operation: G1TryInitiateConcMark (G1 Humongous Allocation)

Memory protections (0 events):
No events

Nmethod flushes (0 events):
No events

Events (20 events):
Event: 0.052 Thread 0x0000025acda09250 Thread added: 0x0000025ae1419550
Event: 0.052 Thread 0x0000025acda09250 Thread added: 0x0000025ae141e9c0
Event: 0.052 Thread 0x0000025acda09250 Thread added: 0x0000025ae141b2f0
Event: 0.053 Thread 0x0000025acda09250 Thread added: 0x0000025ae1423db0
Event: 0.061 Thread 0x0000025ae1423db0 Thread added: 0x0000025ae92aae90
Event: 0.064 Thread 0x0000025acda09250 Thread added: 0x0000025ae141d610
Event: 0.068 Loaded shared library D:\DevEco Studio\jbr\bin\net.dll
Event: 0.071 Loaded shared library D:\DevEco Studio\jbr\bin\nio.dll
Event: 0.079 Thread 0x0000025ae141b2f0 Thread added: 0x0000025ae92a9a20
Event: 0.080 Loaded shared library D:\DevEco Studio\jbr\bin\zip.dll
Event: 0.099 Loaded shared library D:\DevEco Studio\jbr\bin\jimage.dll
Event: 0.106 Thread 0x0000025ae1423db0 Thread added: 0x0000025ae92ab560
Event: 0.106 Thread 0x0000025ae1423db0 Thread added: 0x0000025ae92a8c80
Event: 0.331 Loaded shared library D:\DevEco Studio\jbr\bin\sunmscapi.dll
Event: 0.498 Loaded shared library D:\DevEco Studio\jbr\bin\management.dll
Event: 0.502 Loaded shared library D:\DevEco Studio\jbr\bin\management_ext.dll
Event: 0.694 Thread 0x0000025ae92aae90 Thread added: 0x0000025ae92aa0f0
Event: 0.694 Thread 0x0000025ae92aae90 Thread added: 0x0000025ae92a7ee0
Event: 0.694 Thread 0x0000025ae92aae90 Thread added: 0x0000025ae92a85b0
Event: 1.214 Thread 0x0000025ae92a85b0 Thread exited: 0x0000025ae92a85b0


Dynamic libraries:
0x00007ff68d010000 - 0x00007ff68d01a000 	D:\DevEco Studio\jbr\bin\java.exe
0x00007fffe8050000 - 0x00007fffe8248000 	C:\Windows\SYSTEM32\ntdll.dll
0x00007fffe72a0000 - 0x00007fffe7362000 	C:\Windows\System32\KERNEL32.DLL
0x00007fffe5b50000 - 0x00007fffe5e46000 	C:\Windows\System32\KERNELBASE.dll
0x00007fffbb4d0000 - 0x00007fffbb4e6000 	C:\InetPub\ftproot\Tipray\Ldterm\ghijt64.DLL
0x00007fffe7a70000 - 0x00007fffe7b21000 	C:\Windows\System32\ADVAPI32.dll
0x00007fffe7f70000 - 0x00007fffe800e000 	C:\Windows\System32\msvcrt.dll
0x00007fffe77d0000 - 0x00007fffe786f000 	C:\Windows\System32\sechost.dll
0x00007fffe7870000 - 0x00007fffe7990000 	C:\Windows\System32\RPCRT4.dll
0x00007fffe5e50000 - 0x00007fffe5e77000 	C:\Windows\System32\bcrypt.dll
0x00007fffe5e80000 - 0x00007fffe5f80000 	C:\Windows\System32\ucrtbase.dll
0x00007fff70ec0000 - 0x00007fff70edb000 	D:\DevEco Studio\jbr\bin\VCRUNTIME140.dll
0x00007fffdf570000 - 0x00007fffdf588000 	D:\DevEco Studio\jbr\bin\jli.dll
0x00007fffe6070000 - 0x00007fffe6211000 	C:\Windows\System32\USER32.dll
0x00007fffe5b20000 - 0x00007fffe5b42000 	C:\Windows\System32\win32u.dll
0x00007fffe7270000 - 0x00007fffe729b000 	C:\Windows\System32\GDI32.dll
0x00007fffe56e0000 - 0x00007fffe57f9000 	C:\Windows\System32\gdi32full.dll
0x00007fffe5f80000 - 0x00007fffe601d000 	C:\Windows\System32\msvcp_win.dll
0x00007fffd1850000 - 0x00007fffd1aeb000 	C:\Windows\WinSxS\amd64_microsoft.windows.common-controls_6595b64144ccf1df_6.0.19041.6456_none_60b8a6cb71f64256\COMCTL32.dll
0x00007fffba1b0000 - 0x00007fffba224000 	C:\Inetpub\ftproot\Tipray\LdTerm\LdSmartEnc64.dll
0x00007fffd95e0000 - 0x00007fffd95eb000 	C:\Windows\SYSTEM32\FLTLIB.DLL
0x00007fffe7d30000 - 0x00007fffe7d5f000 	C:\Windows\System32\IMM32.DLL
0x00007fffb9f40000 - 0x00007fffb9f5f000 	C:\Inetpub\ftproot\Tipray\LdTerm\HookCreateProcessInternal64.dll
0x00007fffb9d00000 - 0x00007fffb9d48000 	C:\Inetpub\ftproot\Tipray\LdTerm\LdUserInjectDll64.dll
0x00007fffb99e0000 - 0x00007fffb9a08000 	C:\Inetpub\ftproot\Tipray\LdTerm\HookDataInteractionx64.dll
0x00007fffb9730000 - 0x00007fffb99ba000 	C:\Inetpub\ftproot\Tipray\LdTerm\LdHook64.dll
0x00007fffe7be0000 - 0x00007fffe7d0b000 	C:\Windows\System32\ole32.dll
0x00007fffe6f10000 - 0x00007fffe7264000 	C:\Windows\System32\combase.dll
0x00007fffe6a90000 - 0x00007fffe6a98000 	C:\Windows\System32\PSAPI.DLL
0x00007fffb9670000 - 0x00007fffb9714000 	C:\Windows\SYSTEM32\WINSPOOL.DRV
0x00007fffd7510000 - 0x00007fffd751a000 	C:\Windows\SYSTEM32\VERSION.dll
0x00007fffe7b30000 - 0x00007fffe7bdd000 	C:\Windows\System32\shcore.dll
0x00007fffe4ec0000 - 0x00007fffe4ecc000 	C:\Windows\SYSTEM32\CRYPTBASE.DLL
0x00007fffb8be0000 - 0x00007fffb8c05000 	C:\Inetpub\ftproot\Tipray\LdTerm\ghhlp64.dll
0x00007fffdf600000 - 0x00007fffdf676000 	C:\Inetpub\ftproot\Tipray\LdTerm\MonFileOp64.dll
0x00007fffe6220000 - 0x00007fffe6990000 	C:\Windows\System32\SHELL32.dll
0x00007fffe6990000 - 0x00007fffe69eb000 	C:\Windows\System32\SHLWAPI.dll
0x00007fffd9820000 - 0x00007fffd983d000 	C:\Windows\SYSTEM32\MPR.dll
0x00007fffd1bf0000 - 0x00007fffd1bfc000 	D:\DevEco Studio\jbr\bin\vcruntime140_1.dll
0x00007fff788e0000 - 0x00007fff78ccc000 	C:\Inetpub\ftproot\Tipray\LdTerm\LdWaterMarkHook64.dll
0x00007fffd2370000 - 0x00007fffd2518000 	C:\Windows\WinSxS\amd64_microsoft.windows.gdiplus_6595b64144ccf1df_1.1.19041.6456_none_91a399b0cc88bc24\gdiplus.dll
0x00007fffb46f0000 - 0x00007fffb477d000 	D:\DevEco Studio\jbr\bin\msvcp140.dll
0x00007fff6ca70000 - 0x00007fff6d83b000 	D:\DevEco Studio\jbr\bin\server\jvm.dll
0x00007fffe74f0000 - 0x00007fffe755b000 	C:\Windows\System32\WS2_32.dll
0x00007fffe5420000 - 0x00007fffe546b000 	C:\Windows\SYSTEM32\POWRPROF.dll
0x00007fffe1b60000 - 0x00007fffe1b87000 	C:\Windows\SYSTEM32\WINMM.dll
0x00007fffe5230000 - 0x00007fffe5242000 	C:\Windows\SYSTEM32\UMPDC.dll
0x00007fff6fb70000 - 0x00007fff6fd37000 	C:\Inetpub\ftproot\Tipray\LdTerm\LdPrintMonitor64.dll
0x00007fffe3dd0000 - 0x00007fffe3de2000 	C:\Windows\SYSTEM32\kernel.appcore.dll
0x00007fffd09b0000 - 0x00007fffd09ba000 	D:\DevEco Studio\jbr\bin\jimage.dll
0x00007fffe3810000 - 0x00007fffe3a11000 	C:\Windows\SYSTEM32\DBGHELP.DLL
0x00007fffc1ef0000 - 0x00007fffc1f24000 	C:\Windows\SYSTEM32\dbgcore.DLL
0x00007fffe5960000 - 0x00007fffe59e2000 	C:\Windows\System32\bcryptPrimitives.dll
0x00007fff70ea0000 - 0x00007fff70ec0000 	D:\DevEco Studio\jbr\bin\java.dll
0x00007fffe26f0000 - 0x00007fffe2e95000 	C:\Windows\SYSTEM32\windows.storage.dll
0x00007fffe4f50000 - 0x00007fffe4f7b000 	C:\Windows\SYSTEM32\Wldp.dll
0x00007fffe75d0000 - 0x00007fffe769d000 	C:\Windows\System32\OLEAUT32.dll
0x00007fffe5610000 - 0x00007fffe5634000 	C:\Windows\SYSTEM32\profapi.dll
0x00007fff721c0000 - 0x00007fff721d8000 	D:\DevEco Studio\jbr\bin\zip.dll
0x00007fffd06f0000 - 0x00007fffd0700000 	D:\DevEco Studio\jbr\bin\net.dll
0x00007fffe0630000 - 0x00007fffe073a000 	C:\Windows\SYSTEM32\WINHTTP.dll
0x00007fffe4d30000 - 0x00007fffe4d9a000 	C:\Windows\system32\mswsock.dll
0x00007fff709f0000 - 0x00007fff70a06000 	D:\DevEco Studio\jbr\bin\nio.dll
0x00007fffcebc0000 - 0x00007fffcebce000 	D:\DevEco Studio\jbr\bin\sunmscapi.dll
0x00007fffe5800000 - 0x00007fffe595d000 	C:\Windows\System32\CRYPT32.dll
0x00007fffe5110000 - 0x00007fffe5137000 	C:\Windows\SYSTEM32\ncrypt.dll
0x00007fffe50d0000 - 0x00007fffe510b000 	C:\Windows\SYSTEM32\NTASN1.dll
0x00007fffd9180000 - 0x00007fffd9189000 	D:\DevEco Studio\jbr\bin\management.dll
0x00007fffd1cb0000 - 0x00007fffd1cbb000 	D:\DevEco Studio\jbr\bin\management_ext.dll
0x00007fffc4b10000 - 0x00007fffc4b27000 	C:\Windows\system32\napinsp.dll
0x00007fffb1b60000 - 0x00007fffb1b7b000 	C:\Windows\system32\pnrpnsp.dll
0x00007fffe0760000 - 0x00007fffe077d000 	C:\Windows\system32\wshbth.dll
0x00007fffe0740000 - 0x00007fffe075d000 	C:\Windows\system32\NLAapi.dll
0x00007fffe4a30000 - 0x00007fffe4a6b000 	C:\Windows\SYSTEM32\IPHLPAPI.DLL
0x00007fffe4a70000 - 0x00007fffe4b3a000 	C:\Windows\SYSTEM32\DNSAPI.dll
0x00007fffe69f0000 - 0x00007fffe69f8000 	C:\Windows\System32\NSI.dll
0x00007fffb0f00000 - 0x00007fffb0f12000 	C:\Windows\System32\winrnr.dll
0x00007fffdfad0000 - 0x00007fffdfada000 	C:\Windows\System32\rasadhlp.dll
0x00007fffe0250000 - 0x00007fffe02d0000 	C:\Windows\System32\fwpuclnt.dll

JVMTI agents: none

dbghelp: loaded successfully - version: 4.0.5 - missing functions: none
symbol engine: initialized successfully - sym options: 0x614 - pdb path: .;D:\DevEco Studio\jbr\bin;C:\Windows\SYSTEM32;C:\InetPub\ftproot\Tipray\Ldterm;C:\Windows\WinSxS\amd64_microsoft.windows.common-controls_6595b64144ccf1df_6.0.19041.6456_none_60b8a6cb71f64256;C:\Windows\WinSxS\amd64_microsoft.windows.gdiplus_6595b64144ccf1df_1.1.19041.6456_none_91a399b0cc88bc24;D:\DevEco Studio\jbr\bin\server

VM Arguments:
java_command: D:\DevEco Studio\sdk\default\openharmony\toolchains\lib\hap-sign-tool.jar sign-app -mode localSign -keystoreFile C:\Users\AI008\.ohos\config\default_my_harmony_SPJN74BO71QPne6Ku3F0ez742eX0d3_ruv_cyKVAz5k=.p12 -keystorePwd 03Y72cRsFf0 -keyAlias debugKey -keyPwd 03Y72cRsFf0 -signAlg SHA256withECDSA -profileFile C:\Users\AI008\.ohos\config\default_my_harmony_SPJN74BO71QPne6Ku3F0ez742eX0d3_ruv_cyKVAz5k=.p7b -appCertFile C:\Users\AI008\.ohos\config\default_my_harmony_SPJN74BO71QPne6Ku3F0ez742eX0d3_ruv_cyKVAz5k=.cer -inFile E:\new\my_harmony\entry\build\default\outputs\default\entry-default-unsigned.hap -outFile E:\new\my_harmony\entry\build\default\outputs\default\entry-default-signed.hap
java_class_path (initial): D:\DevEco Studio\sdk\default\openharmony\toolchains\lib\hap-sign-tool.jar
Launcher Type: SUN_STANDARD

[Global flags]
     intx CICompilerCount                          = 12                                        {product} {ergonomic}
     uint ConcGCThreads                            = 3                                         {product} {ergonomic}
     uint G1ConcRefinementThreads                  = 13                                        {product} {ergonomic}
   size_t G1HeapRegionSize                         = 2097152                                   {product} {ergonomic}
    uintx GCDrainStackTargetSize                   = 64                                        {product} {ergonomic}
   size_t InitialHeapSize                          = 264241152                                 {product} {ergonomic}
   size_t MarkStackSize                            = 4194304                                   {product} {ergonomic}
   size_t MaxHeapSize                              = 4200595456                                {product} {ergonomic}
   size_t MaxNewSize                               = 2518679552                                {product} {ergonomic}
   size_t MinHeapDeltaBytes                        = 2097152                                   {product} {ergonomic}
   size_t MinHeapSize                              = 8388608                                   {product} {ergonomic}
    uintx NonNMethodCodeHeapSize                   = 7602480                                {pd product} {ergonomic}
    uintx NonProfiledCodeHeapSize                  = 122027880                              {pd product} {ergonomic}
    uintx ProfiledCodeHeapSize                     = 122027880                              {pd product} {ergonomic}
    uintx ReservedCodeCacheSize                    = 251658240                              {pd product} {ergonomic}
     bool SegmentedCodeCache                       = true                                      {product} {ergonomic}
   size_t SoftMaxHeapSize                          = 4200595456                             {manageable} {ergonomic}
     bool UseCompressedOops                        = true                           {product lp64_product} {ergonomic}
     bool UseG1GC                                  = true                                      {product} {ergonomic}
     bool UseLargePagesIndividualAllocation        = false                                  {pd product} {ergonomic}

Logging:
Log output configuration:
 #0: stdout all=warning uptime,level,tags foldmultilines=false
 #1: stderr all=off uptime,level,tags foldmultilines=false

Environment Variables:
JAVA_HOME=D:\DevEco Studio\jbr
PATH=D:\DevEco Studio\tools\node;D:\DevEco Studio\jbr\bin;C:\Python313\Scripts\;C:\Python313\;C:\Program Files\Common Files\Oracle\Java\javapath;C:\Users\AI008\AppData\Local\Android\Sdk\emulator;C:\Users\AI008\AppData\Local\Android\Sdk\tools;C:\Users\AI008\AppData\Local\Android\Sdk\bin;C:\Users\AI008\AppData\Local\Android\Sdk\platform-tools;D:\VMware\bin\;C:\Windows\system32;C:\Windows;C:\Windows\System32\Wbem;C:\Windows\System32\WindowsPowerShell\v1.0\;C:\Windows\System32\OpenSSH\;C:\Program Files (x86)\Microsoft VS Code\bin;D:\mingw64\bin;D:\Git\cmd;D:\JDK\bin;C:\Program Files\Go\bin;C:\ProgramData\chocolatey\bin;C:\Users\AI008\.cargo\bin;E:\OpenSSL-Win64\bin;E:\nvm;E:\nodejs;C:\Users\AI008\npm-global;C:\Program Files\PowerShell\7\;D:\New Folder\bin;D:\cursor\resources\app\bin;D:\Cangjie\bin;D:\Cangjie\tools\bin;D:\Cangjie\tools\lib;D:\Cangjie\runtime\lib\windows_x86_64_llvm;C:\Windows\system32\config\systemprofile\.cjpm\bin;D:\k6\;C:\Program Files\dotnet\;D:\harmSdk\command-line-tools\bin;e:\Trae\bin;C:\Users\AI008\AppData\Local\Programs\Python\Python38\Scripts\;C:\Users\AI008\AppData\Local\Programs\Python\Python38\;C:\Python313\Scripts\;C:\Python313\;C:\Program Files\Common Files\Oracle\Java\javapath;C:\Users\AI008\AppData\Local\Android\Sdk\emulator;C:\Users\AI008\AppData\Local\Android\Sdk\tools;C:\Users\AI008\AppData\Local\Android\Sdk\bin;C:\Users\AI008\AppData\Local\Android\Sdk\platform-tools;D:\VMware\bin\;C:\Windows\system32;C:\Windows;C:\Windows\System32\Wbem;C:\Windows\System32\WindowsPowerShell\v1.0\;C:\Windows\System32\OpenSSH\;C:\Program Files (x86)\Microsoft VS Code\bin;D:\mingw64\bin;D:\Git\cmd;D:\JDK\bin;C:\Program Files\Go\bin;E:\New Folder\;C:\ProgramData\chocolatey\bin;C:\Users\AI008\.cargo\bin;E:\OpenSSL-Win64\bin;E:\nvm;E:\nodejs;C:\Users\AI008\AppData\Local\Programs\Python\Python38\Scripts\;C:\Users\AI008\AppData\Local\Programs\Python\Python38\;E:\command-line-tools\bin;E:\huawei\DevEco Studio\bin;C:\Users\AI008\AppData\Local\OpenHarmony\Sdk\15\toolchains;D:\Microsoft VS Code\bin;E:\nvm;E:\nodejs;E:\command-line-tools\bin;E:\huawei\DevEco Studio\bin;E:\OpenHarmonySdk\15\toolchains;D:\Microsoft VS Code\bin;E:\nvm;E:\nodejs;C:\Users\AI008\Desktop\npm-global\node_modules\.bin;E:\nvm;E:\nodejs;E:\npm-global;C:\Users\AI008\npm-global;C:\sqlite;C:\Users\AI008\.dotnet\tools
USERNAME=AI008
OS=Windows_NT
PROCESSOR_IDENTIFIER=Intel64 Family 6 Model 186 Stepping 2, GenuineIntel
TMP=C:\Users\AI008\AppData\Local\Temp
TEMP=C:\Users\AI008\AppData\Local\Temp




Periodic native trim disabled

JNI global refs:
JNI global refs: 25, weak refs: 0

JNI global refs memory usage: 835, weak refs: 833

Process memory usage:
Resident Set Size: 249708K (1% of 16400704K total physical memory with 976868K free physical memory)

OOME stack traces (most recent first):
Classloader memory used:
Loader jdk.internal.loader.ClassLoaders$AppClassLoader                                 : 6930K
Loader bootstrap                                                                       : 3781K
Loader jdk.internal.loader.ClassLoaders$PlatformClassLoader                            : 333K

---------------  S Y S T E M  ---------------

OS:
 Windows 10 , 64 bit Build 19041 (10.0.19041.5915)
OS uptime: 1 days 1:32 hours
Hyper-V role detected

CPU: total 16 (initial active 16) (8 cores per cpu, 2 threads per core) family 6 model 186 stepping 2 microcode 0x4129, cx8, cmov, fxsr, ht, mmx, 3dnowpref, sse, sse2, sse3, ssse3, sse4.1, sse4.2, popcnt, lzcnt, tsc, tscinvbit, avx, avx2, aes, erms, clmul, bmi1, bmi2, adx, sha, fma, vzeroupper, clflush, clflushopt, clwb, hv, rdtscp, rdpid, fsrm, f16c, cet_ibt, cet_ss
Processor Information for the first 16 processors :
  Max Mhz: 1900, Current Mhz: 1900, Mhz Limit: 1900

Memory: 4k page, system-wide physical 16016M (953M free)
TotalPageFile size 35791M (AvailPageFile size 269M)
current process WorkingSet (physical memory assigned to process): 244M, peak: 244M
current process commit charge ("private bytes"): 534M, peak: 898M

vm_info: OpenJDK 64-Bit Server VM (21.0.8+1-b1038.71) for windows-amd64 JRE (21.0.8+1-b1038.71), built on 2025-09-04 by "builduser" with MS VC++ 16.10 / 16.11 (VS2019)

END.
