#
# There is insufficient memory for the Java Runtime Environment to continue.
# Native memory allocation (mmap) failed to map 608174080 bytes for G1 virtual space
# Possible reasons:
#   The system is out of physical RAM or swap space
#   The process is running with CompressedOops enabled, and the Java Heap may be blocking the growth of the native heap
# Possible solutions:
#   Reduce memory load on the system
#   Increase physical memory or swap space
#   Check if swap backing store is full
#   Decrease Java heap size (-Xmx/-Xms)
#   Decrease number of Java threads
#   Decrease Java thread stack sizes (-Xss)
#   Set larger code cache with -XX:ReservedCodeCacheSize=
#   JVM is running with Zero Based Compressed Oops mode in which the Java heap is
#     placed in the first 32GB address space. The Java Heap base address is the
#     maximum limit for the native heap growth. Please use -XX:HeapBaseMinAddress
#     to set the Java Heap base and to place the Java Heap above 32GB virtual address.
# This output file may be truncated or incomplete.
#
#  Out of Memory Error (os_windows.cpp:3548), pid=28440, tid=24504
#
# JRE version: Java(TM) SE Runtime Environment (17.0.12+8) (build 17.0.12+8-LTS-286)
# Java VM: Java HotSpot(TM) 64-Bit Server VM (17.0.12+8-LTS-286, mixed mode, sharing, tiered, compressed oops, compressed class ptrs, g1 gc, windows-amd64)
# No core dump will be written. Minidumps are not enabled by default on client versions of Windows
#

---------------  S U M M A R Y ------------

Command Line: E:\command-line-tools\sdk\default\openharmony\toolchains\lib\hap-sign-tool.jar sign-app -mode localSign -keystoreFile C:\Users\AI008\.ohos\config\default_my_-harmony-master_1V8hOf65nuchsZenh4-sAEUYSHK5dPm45Zy5sDU6aOk=.p12 -keystorePwd Cqdc3jQaG5c -keyAlias debugKey -keyPwd Cqdc3jQaG5c -signAlg SHA256withECDSA -profileFile C:\Users\AI008\.ohos\config\default_my_-harmony-master_1V8hOf65nuchsZenh4-sAEUYSHK5dPm45Zy5sDU6aOk=.p7b -appCertFile C:\Users\AI008\.ohos\config\default_my_-harmony-master_1V8hOf65nuchsZenh4-sAEUYSHK5dPm45Zy5sDU6aOk=.cer -inFile C:\Users\AI008\Desktop\my_-harmony-master\entry\build\default\outputs\default\entry-default-unsigned.hap -outFile C:\Users\AI008\Desktop\my_-harmony-master\entry\build\default\outputs\default\entry-default-signed.hap

Host: 13th Gen Intel(R) Core(TM) i5-1340P, 16 cores, 15G,  Windows 10 , 64 bit Build 19041 (10.0.19041.5915)
Time: Wed Oct 15 11:17:48 2025  Windows 10 , 64 bit Build 19041 (10.0.19041.5915) elapsed time: 1.376595 seconds (0d 0h 0m 1s)

---------------  T H R E A D  ---------------

Current thread (0x000001e9a8f31540):  VMThread "VM Thread" [stack: 0x000000bf9bf00000,0x000000bf9c000000] [id=24504]

Stack: [0x000000bf9bf00000,0x000000bf9c000000]
Native frames: (J=compiled Java code, j=interpreted, Vv=VM code, C=native code)
V  [jvm.dll+0x67a04a]
V  [jvm.dll+0x7da4ed]
V  [jvm.dll+0x7dbe33]
V  [jvm.dll+0x7dc4a3]
V  [jvm.dll+0x24508f]
V  [jvm.dll+0x677089]
V  [jvm.dll+0x66bd32]
V  [jvm.dll+0x301fa6]
V  [jvm.dll+0x309546]
V  [jvm.dll+0x359d2e]
V  [jvm.dll+0x359f5f]
V  [jvm.dll+0x2d9078]
V  [jvm.dll+0x2d74ad]
V  [jvm.dll+0x2d6afc]
V  [jvm.dll+0x31a981]
V  [jvm.dll+0x7e0d9b]
V  [jvm.dll+0x7e1ad4]
V  [jvm.dll+0x7e1fed]
V  [jvm.dll+0x7e23c4]
V  [jvm.dll+0x7e2490]
V  [jvm.dll+0x78abea]
V  [jvm.dll+0x678f35]
C  [ucrtbase.dll+0x21bb2]
C  [KERNEL32.DLL+0x17374]
C  [ntdll.dll+0x4cc91]

VM_Operation (0x000000bf9b9fe0e8): G1TryInitiateConcMark, mode: safepoint, requested by thread 0x000001e9ff8e9660


---------------  P R O C E S S  ---------------

Threads class SMR info:
_java_thread_list=0x000001e9f4768cf0, length=21, elements={
0x000001e9ff8e9660, 0x000001e9a8f396d0, 0x000001e9a8f3b1b0, 0x000001e9ed08ff70,
0x000001e9ed090840, 0x000001e9ed095140, 0x000001e9ed095a10, 0x000001e9ed096a20,
0x000001e9ed097c00, 0x000001e9ed0a9fe0, 0x000001e9ed154260, 0x000001e9ed1fcfc0,
0x000001e9ed2040a0, 0x000001e9ed244940, 0x000001e9ed322970, 0x000001e9ed2ffbf0,
0x000001e9ed7c7850, 0x000001e9ed9afd50, 0x000001e9ed9fa830, 0x000001e9f2acbb90,
0x000001e9f26eefd0
}

Java Threads: ( => current thread )
  0x000001e9ff8e9660 JavaThread "main" [_thread_blocked, id=19808, stack(0x000000bf9b900000,0x000000bf9ba00000)]
  0x000001e9a8f396d0 JavaThread "Reference Handler" daemon [_thread_blocked, id=7700, stack(0x000000bf9c000000,0x000000bf9c100000)]
  0x000001e9a8f3b1b0 JavaThread "Finalizer" daemon [_thread_blocked, id=26772, stack(0x000000bf9c100000,0x000000bf9c200000)]
  0x000001e9ed08ff70 JavaThread "Signal Dispatcher" daemon [_thread_blocked, id=25800, stack(0x000000bf9c200000,0x000000bf9c300000)]
  0x000001e9ed090840 JavaThread "Attach Listener" daemon [_thread_blocked, id=17096, stack(0x000000bf9c300000,0x000000bf9c400000)]
  0x000001e9ed095140 JavaThread "Service Thread" daemon [_thread_blocked, id=27992, stack(0x000000bf9c400000,0x000000bf9c500000)]
  0x000001e9ed095a10 JavaThread "Monitor Deflation Thread" daemon [_thread_blocked, id=5592, stack(0x000000bf9c500000,0x000000bf9c600000)]
  0x000001e9ed096a20 JavaThread "C2 CompilerThread0" daemon [_thread_blocked, id=28280, stack(0x000000bf9c600000,0x000000bf9c700000)]
  0x000001e9ed097c00 JavaThread "C1 CompilerThread0" daemon [_thread_blocked, id=26196, stack(0x000000bf9c700000,0x000000bf9c800000)]
  0x000001e9ed0a9fe0 JavaThread "Sweeper thread" daemon [_thread_blocked, id=18024, stack(0x000000bf9c800000,0x000000bf9c900000)]
  0x000001e9ed154260 JavaThread "C1 CompilerThread1" daemon [_thread_blocked, id=13024, stack(0x000000bf9c900000,0x000000bf9ca00000)]
  0x000001e9ed1fcfc0 JavaThread "Notification Thread" daemon [_thread_blocked, id=23116, stack(0x000000bf9ca00000,0x000000bf9cb00000)]
  0x000001e9ed2040a0 JavaThread "Common-Cleaner" daemon [_thread_blocked, id=24460, stack(0x000000bf9cc00000,0x000000bf9cd00000)]
  0x000001e9ed244940 JavaThread "C2 CompilerThread1" daemon [_thread_blocked, id=4516, stack(0x000000bf9cd00000,0x000000bf9ce00000)]
  0x000001e9ed322970 JavaThread "C1 CompilerThread2" daemon [_thread_blocked, id=19028, stack(0x000000bf9ce00000,0x000000bf9cf00000)]
  0x000001e9ed2ffbf0 JavaThread "C1 CompilerThread3" daemon [_thread_blocked, id=25504, stack(0x000000bf9cf00000,0x000000bf9d000000)]
  0x000001e9ed7c7850 JavaThread "C2 CompilerThread2" daemon [_thread_blocked, id=496, stack(0x000000bf9db00000,0x000000bf9dc00000)]
  0x000001e9ed9afd50 JavaThread "C2 CompilerThread3" daemon [_thread_blocked, id=5732, stack(0x000000bf9dc00000,0x000000bf9dd00000)]
  0x000001e9ed9fa830 JavaThread "C2 CompilerThread4" daemon [_thread_blocked, id=16368, stack(0x000000bf9dd00000,0x000000bf9de00000)]
  0x000001e9f2acbb90 JavaThread "C2 CompilerThread5" daemon [_thread_blocked, id=16152, stack(0x000000bf9de00000,0x000000bf9df00000)]
  0x000001e9f26eefd0 JavaThread "C2 CompilerThread6" daemon [_thread_blocked, id=5340, stack(0x000000bf9df00000,0x000000bf9e000000)]

Other Threads:
=>0x000001e9a8f31540 VMThread "VM Thread" [stack: 0x000000bf9bf00000,0x000000bf9c000000] [id=24504]
  0x000001e9a8dafe30 WatcherThread [stack: 0x000000bf9cb00000,0x000000bf9cc00000] [id=28080]
  0x000001e9ff92e850 GCTaskThread "GC Thread#0" [stack: 0x000000bf9ba00000,0x000000bf9bb00000] [id=27564]
  0x000001e9ed57e660 GCTaskThread "GC Thread#1" [stack: 0x000000bf9d000000,0x000000bf9d100000] [id=23152]
  0x000001e9ed57ed30 GCTaskThread "GC Thread#2" [stack: 0x000000bf9d100000,0x000000bf9d200000] [id=17660]
  0x000001e9ed792e70 GCTaskThread "GC Thread#3" [stack: 0x000000bf9d200000,0x000000bf9d300000] [id=27544]
  0x000001e9ed793b60 GCTaskThread "GC Thread#4" [stack: 0x000000bf9d300000,0x000000bf9d400000] [id=28036]
  0x000001e9ed839250 GCTaskThread "GC Thread#5" [stack: 0x000000bf9d400000,0x000000bf9d500000] [id=23488]
  0x000001e9ed839a90 GCTaskThread "GC Thread#6" [stack: 0x000000bf9d500000,0x000000bf9d600000] [id=19580]
  0x000001e9ed83a850 GCTaskThread "GC Thread#7" [stack: 0x000000bf9d600000,0x000000bf9d700000] [id=25040]
  0x000001e9ed839510 GCTaskThread "GC Thread#8" [stack: 0x000000bf9d700000,0x000000bf9d800000] [id=22168]
  0x000001e9ed83a2d0 GCTaskThread "GC Thread#9" [stack: 0x000000bf9d800000,0x000000bf9d900000] [id=26308]
  0x000001e9ed838f90 GCTaskThread "GC Thread#10" [stack: 0x000000bf9d900000,0x000000bf9da00000] [id=1168]
  0x000001e9ed8397d0 GCTaskThread "GC Thread#11" [stack: 0x000000bf9da00000,0x000000bf9db00000] [id=21056]
  0x000001e9ed839d50 GCTaskThread "GC Thread#12" [stack: 0x000000bf9e100000,0x000000bf9e200000] [id=26940]
  0x000001e9a8d75d00 ConcurrentGCThread "G1 Main Marker" [stack: 0x000000bf9bb00000,0x000000bf9bc00000] [id=16236]
  0x000001e9a8d773d0 ConcurrentGCThread "G1 Conc#0" [stack: 0x000000bf9bc00000,0x000000bf9bd00000] [id=25308]
  0x000001e9a8e68a80 ConcurrentGCThread "G1 Refine#0" [stack: 0x000000bf9bd00000,0x000000bf9be00000] [id=22364]
  0x000001e9a8e69260 ConcurrentGCThread "G1 Service" [stack: 0x000000bf9be00000,0x000000bf9bf00000] [id=22260]

Threads with active compile tasks:

VM state: at safepoint (normal execution)

VM Mutex/Monitor currently owned by a thread:  ([mutex/lock_event])
[0x000001e9ff8e3630] Threads_lock - owner thread: 0x000001e9a8f31540
[0x000001e9ff8e3b40] Heap_lock - owner thread: 0x000001e9ff8e9660

Heap address: 0x0000000705a00000, size: 4006 MB, Compressed Oops mode: Zero based, Oop shift amount: 3

CDS archive(s) mapped at: [0x000001e9ac000000-0x000001e9acbd0000-0x000001e9acbd0000), size 12386304, SharedBaseAddress: 0x000001e9ac000000, ArchiveRelocationMode: 1.
Compressed class space mapped at: 0x000001e9ad000000-0x000001e9ed000000, reserved size: 1073741824
Narrow klass base: 0x000001e9ac000000, Narrow klass shift: 0, Narrow klass range: 0x100000000

GC Precious Log:
 CPUs: 16 total, 16 available
 Memory: 16016M
 Large Page Support: Disabled
 NUMA Support: Disabled
 Compressed Oops: Enabled (Zero based)
 Heap Region Size: 2M
 Heap Min Capacity: 8M
 Heap Initial Capacity: 252M
 Heap Max Capacity: 4006M
 Pre-touch: Disabled
 Parallel Workers: 13
 Concurrent Workers: 3
 Concurrent Refinement Workers: 13
 Periodic GC: Disabled

Heap:
 garbage-first heap   total 749568K, used 10000K [0x0000000705a00000, 0x0000000800000000)
  region size 2048K, 3 young (6144K), 3 survivors (6144K)
 Metaspace       used 12806K, committed 13056K, reserved 1114112K
  class space    used 1594K, committed 1728K, reserved 1048576K

Heap Regions: E=young(eden), S=young(survivor), O=old, HS=humongous(starts), HC=humongous(continues), CS=collection set, F=free, OA=open archive, CA=closed archive, TAMS=top-at-mark-start (previous, next)
|   0|0x0000000705a00000, 0x0000000705c00000, 0x0000000705c00000|100%| O|  |TAMS 0x0000000705a00000, 0x0000000705c00000| Untracked 
|   1|0x0000000705c00000, 0x0000000705e00000, 0x0000000705e00000|100%| O|  |TAMS 0x0000000705c00000, 0x0000000705e00000| Untracked 
|   2|0x0000000705e00000, 0x0000000705f46600, 0x0000000706000000| 63%| O|  |TAMS 0x0000000705e00000, 0x0000000705f46600| Untracked 
|   3|0x0000000706000000, 0x0000000706000000, 0x0000000706200000|  0%| F|  |TAMS 0x0000000706000000, 0x0000000706000000| Untracked 
|   4|0x0000000706200000, 0x0000000706200000, 0x0000000706400000|  0%| F|  |TAMS 0x0000000706200000, 0x0000000706200000| Untracked 
|   5|0x0000000706400000, 0x0000000706400000, 0x0000000706600000|  0%| F|  |TAMS 0x0000000706400000, 0x0000000706400000| Untracked 
|   6|0x0000000706600000, 0x0000000706600000, 0x0000000706800000|  0%| F|  |TAMS 0x0000000706600000, 0x0000000706600000| Untracked 
|   7|0x0000000706800000, 0x0000000706800000, 0x0000000706a00000|  0%| F|  |TAMS 0x0000000706800000, 0x0000000706800000| Untracked 
|   8|0x0000000706a00000, 0x0000000706a00000, 0x0000000706c00000|  0%| F|  |TAMS 0x0000000706a00000, 0x0000000706a00000| Untracked 
|   9|0x0000000706c00000, 0x0000000706c00000, 0x0000000706e00000|  0%| F|  |TAMS 0x0000000706c00000, 0x0000000706c00000| Untracked 
|  10|0x0000000706e00000, 0x0000000706e00000, 0x0000000707000000|  0%| F|  |TAMS 0x0000000706e00000, 0x0000000706e00000| Untracked 
|  11|0x0000000707000000, 0x0000000707000000, 0x0000000707200000|  0%| F|  |TAMS 0x0000000707000000, 0x0000000707000000| Untracked 
|  12|0x0000000707200000, 0x0000000707200000, 0x0000000707400000|  0%| F|  |TAMS 0x0000000707200000, 0x0000000707200000| Untracked 
|  13|0x0000000707400000, 0x0000000707400000, 0x0000000707600000|  0%| F|  |TAMS 0x0000000707400000, 0x0000000707400000| Untracked 
|  14|0x0000000707600000, 0x0000000707600000, 0x0000000707800000|  0%| F|  |TAMS 0x0000000707600000, 0x0000000707600000| Untracked 
|  15|0x0000000707800000, 0x0000000707800000, 0x0000000707a00000|  0%| F|  |TAMS 0x0000000707800000, 0x0000000707800000| Untracked 
|  16|0x0000000707a00000, 0x0000000707a00000, 0x0000000707c00000|  0%| F|  |TAMS 0x0000000707a00000, 0x0000000707a00000| Untracked 
|  17|0x0000000707c00000, 0x0000000707c00000, 0x0000000707e00000|  0%| F|  |TAMS 0x0000000707c00000, 0x0000000707c00000| Untracked 
|  18|0x0000000707e00000, 0x0000000707e00000, 0x0000000708000000|  0%| F|  |TAMS 0x0000000707e00000, 0x0000000707e00000| Untracked 
|  19|0x0000000708000000, 0x0000000708000000, 0x0000000708200000|  0%| F|  |TAMS 0x0000000708000000, 0x0000000708000000| Untracked 
|  20|0x0000000708200000, 0x0000000708200000, 0x0000000708400000|  0%| F|  |TAMS 0x0000000708200000, 0x0000000708200000| Untracked 
|  21|0x0000000708400000, 0x0000000708400000, 0x0000000708600000|  0%| F|  |TAMS 0x0000000708400000, 0x0000000708400000| Untracked 
|  22|0x0000000708600000, 0x0000000708600000, 0x0000000708800000|  0%| F|  |TAMS 0x0000000708600000, 0x0000000708600000| Untracked 
|  23|0x0000000708800000, 0x0000000708800000, 0x0000000708a00000|  0%| F|  |TAMS 0x0000000708800000, 0x0000000708800000| Untracked 
|  24|0x0000000708a00000, 0x0000000708a00000, 0x0000000708c00000|  0%| F|  |TAMS 0x0000000708a00000, 0x0000000708a00000| Untracked 
|  25|0x0000000708c00000, 0x0000000708c00000, 0x0000000708e00000|  0%| F|  |TAMS 0x0000000708c00000, 0x0000000708c00000| Untracked 
|  26|0x0000000708e00000, 0x0000000708e00000, 0x0000000709000000|  0%| F|  |TAMS 0x0000000708e00000, 0x0000000708e00000| Untracked 
|  27|0x0000000709000000, 0x0000000709000000, 0x0000000709200000|  0%| F|  |TAMS 0x0000000709000000, 0x0000000709000000| Untracked 
|  28|0x0000000709200000, 0x0000000709200000, 0x0000000709400000|  0%| F|  |TAMS 0x0000000709200000, 0x0000000709200000| Untracked 
|  29|0x0000000709400000, 0x0000000709400000, 0x0000000709600000|  0%| F|  |TAMS 0x0000000709400000, 0x0000000709400000| Untracked 
|  30|0x0000000709600000, 0x0000000709600000, 0x0000000709800000|  0%| F|  |TAMS 0x0000000709600000, 0x0000000709600000| Untracked 
|  31|0x0000000709800000, 0x0000000709800000, 0x0000000709a00000|  0%| F|  |TAMS 0x0000000709800000, 0x0000000709800000| Untracked 
|  32|0x0000000709a00000, 0x0000000709a00000, 0x0000000709c00000|  0%| F|  |TAMS 0x0000000709a00000, 0x0000000709a00000| Untracked 
|  33|0x0000000709c00000, 0x0000000709c00000, 0x0000000709e00000|  0%| F|  |TAMS 0x0000000709c00000, 0x0000000709c00000| Untracked 
|  34|0x0000000709e00000, 0x0000000709e00000, 0x000000070a000000|  0%| F|  |TAMS 0x0000000709e00000, 0x0000000709e00000| Untracked 
|  35|0x000000070a000000, 0x000000070a000000, 0x000000070a200000|  0%| F|  |TAMS 0x000000070a000000, 0x000000070a000000| Untracked 
|  36|0x000000070a200000, 0x000000070a200000, 0x000000070a400000|  0%| F|  |TAMS 0x000000070a200000, 0x000000070a200000| Untracked 
|  37|0x000000070a400000, 0x000000070a400000, 0x000000070a600000|  0%| F|  |TAMS 0x000000070a400000, 0x000000070a400000| Untracked 
|  38|0x000000070a600000, 0x000000070a600000, 0x000000070a800000|  0%| F|  |TAMS 0x000000070a600000, 0x000000070a600000| Untracked 
|  39|0x000000070a800000, 0x000000070a800000, 0x000000070aa00000|  0%| F|  |TAMS 0x000000070a800000, 0x000000070a800000| Untracked 
|  40|0x000000070aa00000, 0x000000070aa00000, 0x000000070ac00000|  0%| F|  |TAMS 0x000000070aa00000, 0x000000070aa00000| Untracked 
|  41|0x000000070ac00000, 0x000000070ac00000, 0x000000070ae00000|  0%| F|  |TAMS 0x000000070ac00000, 0x000000070ac00000| Untracked 
|  42|0x000000070ae00000, 0x000000070ae00000, 0x000000070b000000|  0%| F|  |TAMS 0x000000070ae00000, 0x000000070ae00000| Untracked 
|  43|0x000000070b000000, 0x000000070b000000, 0x000000070b200000|  0%| F|  |TAMS 0x000000070b000000, 0x000000070b000000| Untracked 
|  44|0x000000070b200000, 0x000000070b200000, 0x000000070b400000|  0%| F|  |TAMS 0x000000070b200000, 0x000000070b200000| Untracked 
|  45|0x000000070b400000, 0x000000070b400000, 0x000000070b600000|  0%| F|  |TAMS 0x000000070b400000, 0x000000070b400000| Untracked 
|  46|0x000000070b600000, 0x000000070b600000, 0x000000070b800000|  0%| F|  |TAMS 0x000000070b600000, 0x000000070b600000| Untracked 
|  47|0x000000070b800000, 0x000000070b800000, 0x000000070ba00000|  0%| F|  |TAMS 0x000000070b800000, 0x000000070b800000| Untracked 
|  48|0x000000070ba00000, 0x000000070ba00000, 0x000000070bc00000|  0%| F|  |TAMS 0x000000070ba00000, 0x000000070ba00000| Untracked 
|  49|0x000000070bc00000, 0x000000070bc00000, 0x000000070be00000|  0%| F|  |TAMS 0x000000070bc00000, 0x000000070bc00000| Untracked 
|  50|0x000000070be00000, 0x000000070be00000, 0x000000070c000000|  0%| F|  |TAMS 0x000000070be00000, 0x000000070be00000| Untracked 
|  51|0x000000070c000000, 0x000000070c000000, 0x000000070c200000|  0%| F|  |TAMS 0x000000070c000000, 0x000000070c000000| Untracked 
|  52|0x000000070c200000, 0x000000070c200000, 0x000000070c400000|  0%| F|  |TAMS 0x000000070c200000, 0x000000070c200000| Untracked 
|  53|0x000000070c400000, 0x000000070c400000, 0x000000070c600000|  0%| F|  |TAMS 0x000000070c400000, 0x000000070c400000| Untracked 
|  54|0x000000070c600000, 0x000000070c600000, 0x000000070c800000|  0%| F|  |TAMS 0x000000070c600000, 0x000000070c600000| Untracked 
|  55|0x000000070c800000, 0x000000070c800000, 0x000000070ca00000|  0%| F|  |TAMS 0x000000070c800000, 0x000000070c800000| Untracked 
|  56|0x000000070ca00000, 0x000000070ca00000, 0x000000070cc00000|  0%| F|  |TAMS 0x000000070ca00000, 0x000000070ca00000| Untracked 
|  57|0x000000070cc00000, 0x000000070cc00000, 0x000000070ce00000|  0%| F|  |TAMS 0x000000070cc00000, 0x000000070cc00000| Untracked 
|  58|0x000000070ce00000, 0x000000070ce00000, 0x000000070d000000|  0%| F|  |TAMS 0x000000070ce00000, 0x000000070ce00000| Untracked 
|  59|0x000000070d000000, 0x000000070d000000, 0x000000070d200000|  0%| F|  |TAMS 0x000000070d000000, 0x000000070d000000| Untracked 
|  60|0x000000070d200000, 0x000000070d200000, 0x000000070d400000|  0%| F|  |TAMS 0x000000070d200000, 0x000000070d200000| Untracked 
|  61|0x000000070d400000, 0x000000070d400000, 0x000000070d600000|  0%| F|  |TAMS 0x000000070d400000, 0x000000070d400000| Untracked 
|  62|0x000000070d600000, 0x000000070d600000, 0x000000070d800000|  0%| F|  |TAMS 0x000000070d600000, 0x000000070d600000| Untracked 
|  63|0x000000070d800000, 0x000000070d800000, 0x000000070da00000|  0%| F|  |TAMS 0x000000070d800000, 0x000000070d800000| Untracked 
|  64|0x000000070da00000, 0x000000070da00000, 0x000000070dc00000|  0%| F|  |TAMS 0x000000070da00000, 0x000000070da00000| Untracked 
|  65|0x000000070dc00000, 0x000000070dc00000, 0x000000070de00000|  0%| F|  |TAMS 0x000000070dc00000, 0x000000070dc00000| Untracked 
|  66|0x000000070de00000, 0x000000070de00000, 0x000000070e000000|  0%| F|  |TAMS 0x000000070de00000, 0x000000070de00000| Untracked 
|  67|0x000000070e000000, 0x000000070e000000, 0x000000070e200000|  0%| F|  |TAMS 0x000000070e000000, 0x000000070e000000| Untracked 
|  68|0x000000070e200000, 0x000000070e200000, 0x000000070e400000|  0%| F|  |TAMS 0x000000070e200000, 0x000000070e200000| Untracked 
|  69|0x000000070e400000, 0x000000070e400000, 0x000000070e600000|  0%| F|  |TAMS 0x000000070e400000, 0x000000070e400000| Untracked 
|  70|0x000000070e600000, 0x000000070e600000, 0x000000070e800000|  0%| F|  |TAMS 0x000000070e600000, 0x000000070e600000| Untracked 
|  71|0x000000070e800000, 0x000000070e800000, 0x000000070ea00000|  0%| F|  |TAMS 0x000000070e800000, 0x000000070e800000| Untracked 
|  72|0x000000070ea00000, 0x000000070ea00000, 0x000000070ec00000|  0%| F|  |TAMS 0x000000070ea00000, 0x000000070ea00000| Untracked 
|  73|0x000000070ec00000, 0x000000070ec00000, 0x000000070ee00000|  0%| F|  |TAMS 0x000000070ec00000, 0x000000070ec00000| Untracked 
|  74|0x000000070ee00000, 0x000000070ee00000, 0x000000070f000000|  0%| F|  |TAMS 0x000000070ee00000, 0x000000070ee00000| Untracked 
|  75|0x000000070f000000, 0x000000070f000000, 0x000000070f200000|  0%| F|  |TAMS 0x000000070f000000, 0x000000070f000000| Untracked 
|  76|0x000000070f200000, 0x000000070f200000, 0x000000070f400000|  0%| F|  |TAMS 0x000000070f200000, 0x000000070f200000| Untracked 
|  77|0x000000070f400000, 0x000000070f400000, 0x000000070f600000|  0%| F|  |TAMS 0x000000070f400000, 0x000000070f400000| Untracked 
|  78|0x000000070f600000, 0x000000070f600000, 0x000000070f800000|  0%| F|  |TAMS 0x000000070f600000, 0x000000070f600000| Untracked 
|  79|0x000000070f800000, 0x000000070f800000, 0x000000070fa00000|  0%| F|  |TAMS 0x000000070f800000, 0x000000070f800000| Untracked 
|  80|0x000000070fa00000, 0x000000070fa00000, 0x000000070fc00000|  0%| F|  |TAMS 0x000000070fa00000, 0x000000070fa00000| Untracked 
|  81|0x000000070fc00000, 0x000000070fc00000, 0x000000070fe00000|  0%| F|  |TAMS 0x000000070fc00000, 0x000000070fc00000| Untracked 
|  82|0x000000070fe00000, 0x000000070fe00000, 0x0000000710000000|  0%| F|  |TAMS 0x000000070fe00000, 0x000000070fe00000| Untracked 
|  83|0x0000000710000000, 0x0000000710000000, 0x0000000710200000|  0%| F|  |TAMS 0x0000000710000000, 0x0000000710000000| Untracked 
|  84|0x0000000710200000, 0x0000000710200000, 0x0000000710400000|  0%| F|  |TAMS 0x0000000710200000, 0x0000000710200000| Untracked 
|  85|0x0000000710400000, 0x0000000710400000, 0x0000000710600000|  0%| F|  |TAMS 0x0000000710400000, 0x0000000710400000| Untracked 
|  86|0x0000000710600000, 0x0000000710600000, 0x0000000710800000|  0%| F|  |TAMS 0x0000000710600000, 0x0000000710600000| Untracked 
|  87|0x0000000710800000, 0x0000000710800000, 0x0000000710a00000|  0%| F|  |TAMS 0x0000000710800000, 0x0000000710800000| Untracked 
|  88|0x0000000710a00000, 0x0000000710a00000, 0x0000000710c00000|  0%| F|  |TAMS 0x0000000710a00000, 0x0000000710a00000| Untracked 
|  89|0x0000000710c00000, 0x0000000710c00000, 0x0000000710e00000|  0%| F|  |TAMS 0x0000000710c00000, 0x0000000710c00000| Untracked 
|  90|0x0000000710e00000, 0x0000000710e00000, 0x0000000711000000|  0%| F|  |TAMS 0x0000000710e00000, 0x0000000710e00000| Untracked 
|  91|0x0000000711000000, 0x0000000711000000, 0x0000000711200000|  0%| F|  |TAMS 0x0000000711000000, 0x0000000711000000| Untracked 
|  92|0x0000000711200000, 0x0000000711200000, 0x0000000711400000|  0%| F|  |TAMS 0x0000000711200000, 0x0000000711200000| Untracked 
|  93|0x0000000711400000, 0x0000000711400000, 0x0000000711600000|  0%| F|  |TAMS 0x0000000711400000, 0x0000000711400000| Untracked 
|  94|0x0000000711600000, 0x0000000711600000, 0x0000000711800000|  0%| F|  |TAMS 0x0000000711600000, 0x0000000711600000| Untracked 
|  95|0x0000000711800000, 0x0000000711800000, 0x0000000711a00000|  0%| F|  |TAMS 0x0000000711800000, 0x0000000711800000| Untracked 
|  96|0x0000000711a00000, 0x0000000711a00000, 0x0000000711c00000|  0%| F|  |TAMS 0x0000000711a00000, 0x0000000711a00000| Untracked 
|  97|0x0000000711c00000, 0x0000000711c00000, 0x0000000711e00000|  0%| F|  |TAMS 0x0000000711c00000, 0x0000000711c00000| Untracked 
|  98|0x0000000711e00000, 0x0000000711e00000, 0x0000000712000000|  0%| F|  |TAMS 0x0000000711e00000, 0x0000000711e00000| Untracked 
|  99|0x0000000712000000, 0x0000000712000000, 0x0000000712200000|  0%| F|  |TAMS 0x0000000712000000, 0x0000000712000000| Untracked 
| 100|0x0000000712200000, 0x0000000712200000, 0x0000000712400000|  0%| F|  |TAMS 0x0000000712200000, 0x0000000712200000| Untracked 
| 101|0x0000000712400000, 0x0000000712400000, 0x0000000712600000|  0%| F|  |TAMS 0x0000000712400000, 0x0000000712400000| Untracked 
| 102|0x0000000712600000, 0x0000000712600000, 0x0000000712800000|  0%| F|  |TAMS 0x0000000712600000, 0x0000000712600000| Untracked 
| 103|0x0000000712800000, 0x0000000712800000, 0x0000000712a00000|  0%| F|  |TAMS 0x0000000712800000, 0x0000000712800000| Untracked 
| 104|0x0000000712a00000, 0x0000000712a00000, 0x0000000712c00000|  0%| F|  |TAMS 0x0000000712a00000, 0x0000000712a00000| Untracked 
| 105|0x0000000712c00000, 0x0000000712c00000, 0x0000000712e00000|  0%| F|  |TAMS 0x0000000712c00000, 0x0000000712c00000| Untracked 
| 106|0x0000000712e00000, 0x0000000712e00000, 0x0000000713000000|  0%| F|  |TAMS 0x0000000712e00000, 0x0000000712e00000| Untracked 
| 107|0x0000000713000000, 0x0000000713000000, 0x0000000713200000|  0%| F|  |TAMS 0x0000000713000000, 0x0000000713000000| Untracked 
| 108|0x0000000713200000, 0x0000000713200000, 0x0000000713400000|  0%| F|  |TAMS 0x0000000713200000, 0x0000000713200000| Untracked 
| 109|0x0000000713400000, 0x0000000713400000, 0x0000000713600000|  0%| F|  |TAMS 0x0000000713400000, 0x0000000713400000| Untracked 
| 110|0x0000000713600000, 0x0000000713600000, 0x0000000713800000|  0%| F|  |TAMS 0x0000000713600000, 0x0000000713600000| Untracked 
| 111|0x0000000713800000, 0x0000000713800000, 0x0000000713a00000|  0%| F|  |TAMS 0x0000000713800000, 0x0000000713800000| Untracked 
| 112|0x0000000713a00000, 0x0000000713a00000, 0x0000000713c00000|  0%| F|  |TAMS 0x0000000713a00000, 0x0000000713a00000| Untracked 
| 113|0x0000000713c00000, 0x0000000713c00000, 0x0000000713e00000|  0%| F|  |TAMS 0x0000000713c00000, 0x0000000713c00000| Untracked 
| 114|0x0000000713e00000, 0x0000000713e00000, 0x0000000714000000|  0%| F|  |TAMS 0x0000000713e00000, 0x0000000713e00000| Untracked 
| 115|0x0000000714000000, 0x0000000714000000, 0x0000000714200000|  0%| F|  |TAMS 0x0000000714000000, 0x0000000714000000| Untracked 
| 116|0x0000000714200000, 0x0000000714200000, 0x0000000714400000|  0%| F|  |TAMS 0x0000000714200000, 0x0000000714200000| Untracked 
| 117|0x0000000714400000, 0x0000000714400000, 0x0000000714600000|  0%| F|  |TAMS 0x0000000714400000, 0x0000000714400000| Untracked 
| 118|0x0000000714600000, 0x0000000714600000, 0x0000000714800000|  0%| F|  |TAMS 0x0000000714600000, 0x0000000714600000| Untracked 
| 119|0x0000000714800000, 0x0000000714800000, 0x0000000714a00000|  0%| F|  |TAMS 0x0000000714800000, 0x0000000714800000| Untracked 
| 120|0x0000000714a00000, 0x0000000714a00000, 0x0000000714c00000|  0%| F|  |TAMS 0x0000000714a00000, 0x0000000714a00000| Untracked 
| 121|0x0000000714c00000, 0x0000000714c00000, 0x0000000714e00000|  0%| F|  |TAMS 0x0000000714c00000, 0x0000000714c00000| Untracked 
| 122|0x0000000714e00000, 0x0000000714e00000, 0x0000000715000000|  0%| F|  |TAMS 0x0000000714e00000, 0x0000000714e00000| Untracked 
| 123|0x0000000715000000, 0x0000000715000000, 0x0000000715200000|  0%| F|  |TAMS 0x0000000715000000, 0x0000000715000000| Untracked 
| 124|0x0000000715200000, 0x0000000715200000, 0x0000000715400000|  0%| F|  |TAMS 0x0000000715200000, 0x0000000715200000| Untracked 
| 125|0x0000000715400000, 0x0000000715400000, 0x0000000715600000|  0%| F|  |TAMS 0x0000000715400000, 0x0000000715400000| Untracked 
| 126|0x0000000715600000, 0x0000000715600000, 0x0000000715800000|  0%| F|  |TAMS 0x0000000715600000, 0x0000000715600000| Untracked 
| 127|0x0000000715800000, 0x0000000715800000, 0x0000000715a00000|  0%| F|  |TAMS 0x0000000715800000, 0x0000000715800000| Untracked 
| 128|0x0000000715a00000, 0x0000000715a00000, 0x0000000715c00000|  0%| F|  |TAMS 0x0000000715a00000, 0x0000000715a00000| Untracked 
| 129|0x0000000715c00000, 0x0000000715c00000, 0x0000000715e00000|  0%| F|  |TAMS 0x0000000715c00000, 0x0000000715c00000| Untracked 
| 130|0x0000000715e00000, 0x0000000715e00000, 0x0000000716000000|  0%| F|  |TAMS 0x0000000715e00000, 0x0000000715e00000| Untracked 
| 131|0x0000000716000000, 0x0000000716000000, 0x0000000716200000|  0%| F|  |TAMS 0x0000000716000000, 0x0000000716000000| Untracked 
| 132|0x0000000716200000, 0x0000000716200000, 0x0000000716400000|  0%| F|  |TAMS 0x0000000716200000, 0x0000000716200000| Untracked 
| 133|0x0000000716400000, 0x0000000716400000, 0x0000000716600000|  0%| F|  |TAMS 0x0000000716400000, 0x0000000716400000| Untracked 
| 134|0x0000000716600000, 0x0000000716600000, 0x0000000716800000|  0%| F|  |TAMS 0x0000000716600000, 0x0000000716600000| Untracked 
| 135|0x0000000716800000, 0x0000000716800000, 0x0000000716a00000|  0%| F|  |TAMS 0x0000000716800000, 0x0000000716800000| Untracked 
| 136|0x0000000716a00000, 0x0000000716a00000, 0x0000000716c00000|  0%| F|  |TAMS 0x0000000716a00000, 0x0000000716a00000| Untracked 
| 137|0x0000000716c00000, 0x0000000716c00000, 0x0000000716e00000|  0%| F|  |TAMS 0x0000000716c00000, 0x0000000716c00000| Untracked 
| 138|0x0000000716e00000, 0x0000000716e00000, 0x0000000717000000|  0%| F|  |TAMS 0x0000000716e00000, 0x0000000716e00000| Untracked 
| 139|0x0000000717000000, 0x0000000717000000, 0x0000000717200000|  0%| F|  |TAMS 0x0000000717000000, 0x0000000717000000| Untracked 
| 140|0x0000000717200000, 0x0000000717200000, 0x0000000717400000|  0%| F|  |TAMS 0x0000000717200000, 0x0000000717200000| Untracked 
| 141|0x0000000717400000, 0x0000000717400000, 0x0000000717600000|  0%| F|  |TAMS 0x0000000717400000, 0x0000000717400000| Untracked 
| 142|0x0000000717600000, 0x0000000717600000, 0x0000000717800000|  0%| F|  |TAMS 0x0000000717600000, 0x0000000717600000| Untracked 
| 143|0x0000000717800000, 0x0000000717800000, 0x0000000717a00000|  0%| F|  |TAMS 0x0000000717800000, 0x0000000717800000| Untracked 
| 144|0x0000000717a00000, 0x0000000717a00000, 0x0000000717c00000|  0%| F|  |TAMS 0x0000000717a00000, 0x0000000717a00000| Untracked 
| 145|0x0000000717c00000, 0x0000000717c00000, 0x0000000717e00000|  0%| F|  |TAMS 0x0000000717c00000, 0x0000000717c00000| Untracked 
| 146|0x0000000717e00000, 0x0000000717e00000, 0x0000000718000000|  0%| F|  |TAMS 0x0000000717e00000, 0x0000000717e00000| Untracked 
| 147|0x0000000718000000, 0x0000000718000000, 0x0000000718200000|  0%| F|  |TAMS 0x0000000718000000, 0x0000000718000000| Untracked 
| 148|0x0000000718200000, 0x0000000718200000, 0x0000000718400000|  0%| F|  |TAMS 0x0000000718200000, 0x0000000718200000| Untracked 
| 149|0x0000000718400000, 0x0000000718400000, 0x0000000718600000|  0%| F|  |TAMS 0x0000000718400000, 0x0000000718400000| Untracked 
| 150|0x0000000718600000, 0x0000000718600000, 0x0000000718800000|  0%| F|  |TAMS 0x0000000718600000, 0x0000000718600000| Untracked 
| 151|0x0000000718800000, 0x0000000718800000, 0x0000000718a00000|  0%| F|  |TAMS 0x0000000718800000, 0x0000000718800000| Untracked 
| 152|0x0000000718a00000, 0x0000000718a00000, 0x0000000718c00000|  0%| F|  |TAMS 0x0000000718a00000, 0x0000000718a00000| Untracked 
| 153|0x0000000718c00000, 0x0000000718c00000, 0x0000000718e00000|  0%| F|  |TAMS 0x0000000718c00000, 0x0000000718c00000| Untracked 
| 154|0x0000000718e00000, 0x0000000718e00000, 0x0000000719000000|  0%| F|  |TAMS 0x0000000718e00000, 0x0000000718e00000| Untracked 
| 155|0x0000000719000000, 0x0000000719000000, 0x0000000719200000|  0%| F|  |TAMS 0x0000000719000000, 0x0000000719000000| Untracked 
| 156|0x0000000719200000, 0x0000000719200000, 0x0000000719400000|  0%| F|  |TAMS 0x0000000719200000, 0x0000000719200000| Untracked 
| 157|0x0000000719400000, 0x0000000719400000, 0x0000000719600000|  0%| F|  |TAMS 0x0000000719400000, 0x0000000719400000| Untracked 
| 158|0x0000000719600000, 0x0000000719600000, 0x0000000719800000|  0%| F|  |TAMS 0x0000000719600000, 0x0000000719600000| Untracked 
| 159|0x0000000719800000, 0x0000000719800000, 0x0000000719a00000|  0%| F|  |TAMS 0x0000000719800000, 0x0000000719800000| Untracked 
| 160|0x0000000719a00000, 0x0000000719a00000, 0x0000000719c00000|  0%| F|  |TAMS 0x0000000719a00000, 0x0000000719a00000| Untracked 
| 161|0x0000000719c00000, 0x0000000719c00000, 0x0000000719e00000|  0%| F|  |TAMS 0x0000000719c00000, 0x0000000719c00000| Untracked 
| 162|0x0000000719e00000, 0x0000000719e00000, 0x000000071a000000|  0%| F|  |TAMS 0x0000000719e00000, 0x0000000719e00000| Untracked 
| 163|0x000000071a000000, 0x000000071a000000, 0x000000071a200000|  0%| F|  |TAMS 0x000000071a000000, 0x000000071a000000| Untracked 
| 164|0x000000071a200000, 0x000000071a200000, 0x000000071a400000|  0%| F|  |TAMS 0x000000071a200000, 0x000000071a200000| Untracked 
| 165|0x000000071a400000, 0x000000071a400000, 0x000000071a600000|  0%| F|  |TAMS 0x000000071a400000, 0x000000071a400000| Untracked 
| 166|0x000000071a600000, 0x000000071a600000, 0x000000071a800000|  0%| F|  |TAMS 0x000000071a600000, 0x000000071a600000| Untracked 
| 167|0x000000071a800000, 0x000000071a800000, 0x000000071aa00000|  0%| F|  |TAMS 0x000000071a800000, 0x000000071a800000| Untracked 
| 168|0x000000071aa00000, 0x000000071aa00000, 0x000000071ac00000|  0%| F|  |TAMS 0x000000071aa00000, 0x000000071aa00000| Untracked 
| 169|0x000000071ac00000, 0x000000071ac00000, 0x000000071ae00000|  0%| F|  |TAMS 0x000000071ac00000, 0x000000071ac00000| Untracked 
| 170|0x000000071ae00000, 0x000000071ae00000, 0x000000071b000000|  0%| F|  |TAMS 0x000000071ae00000, 0x000000071ae00000| Untracked 
| 171|0x000000071b000000, 0x000000071b000000, 0x000000071b200000|  0%| F|  |TAMS 0x000000071b000000, 0x000000071b000000| Untracked 
| 172|0x000000071b200000, 0x000000071b200000, 0x000000071b400000|  0%| F|  |TAMS 0x000000071b200000, 0x000000071b200000| Untracked 
| 173|0x000000071b400000, 0x000000071b400000, 0x000000071b600000|  0%| F|  |TAMS 0x000000071b400000, 0x000000071b400000| Untracked 
| 174|0x000000071b600000, 0x000000071b600000, 0x000000071b800000|  0%| F|  |TAMS 0x000000071b600000, 0x000000071b600000| Untracked 
| 175|0x000000071b800000, 0x000000071b800000, 0x000000071ba00000|  0%| F|  |TAMS 0x000000071b800000, 0x000000071b800000| Untracked 
| 176|0x000000071ba00000, 0x000000071ba00000, 0x000000071bc00000|  0%| F|  |TAMS 0x000000071ba00000, 0x000000071ba00000| Untracked 
| 177|0x000000071bc00000, 0x000000071bc00000, 0x000000071be00000|  0%| F|  |TAMS 0x000000071bc00000, 0x000000071bc00000| Untracked 
| 178|0x000000071be00000, 0x000000071be00000, 0x000000071c000000|  0%| F|  |TAMS 0x000000071be00000, 0x000000071be00000| Untracked 
| 179|0x000000071c000000, 0x000000071c000000, 0x000000071c200000|  0%| F|  |TAMS 0x000000071c000000, 0x000000071c000000| Untracked 
| 180|0x000000071c200000, 0x000000071c200000, 0x000000071c400000|  0%| F|  |TAMS 0x000000071c200000, 0x000000071c200000| Untracked 
| 181|0x000000071c400000, 0x000000071c400000, 0x000000071c600000|  0%| F|  |TAMS 0x000000071c400000, 0x000000071c400000| Untracked 
| 182|0x000000071c600000, 0x000000071c600000, 0x000000071c800000|  0%| F|  |TAMS 0x000000071c600000, 0x000000071c600000| Untracked 
| 183|0x000000071c800000, 0x000000071c800000, 0x000000071ca00000|  0%| F|  |TAMS 0x000000071c800000, 0x000000071c800000| Untracked 
| 184|0x000000071ca00000, 0x000000071ca00000, 0x000000071cc00000|  0%| F|  |TAMS 0x000000071ca00000, 0x000000071ca00000| Untracked 
| 185|0x000000071cc00000, 0x000000071cc00000, 0x000000071ce00000|  0%| F|  |TAMS 0x000000071cc00000, 0x000000071cc00000| Untracked 
| 186|0x000000071ce00000, 0x000000071ce00000, 0x000000071d000000|  0%| F|  |TAMS 0x000000071ce00000, 0x000000071ce00000| Untracked 
| 187|0x000000071d000000, 0x000000071d000000, 0x000000071d200000|  0%| F|  |TAMS 0x000000071d000000, 0x000000071d000000| Untracked 
| 188|0x000000071d200000, 0x000000071d200000, 0x000000071d400000|  0%| F|  |TAMS 0x000000071d200000, 0x000000071d200000| Untracked 
| 189|0x000000071d400000, 0x000000071d400000, 0x000000071d600000|  0%| F|  |TAMS 0x000000071d400000, 0x000000071d400000| Untracked 
| 190|0x000000071d600000, 0x000000071d600000, 0x000000071d800000|  0%| F|  |TAMS 0x000000071d600000, 0x000000071d600000| Untracked 
| 191|0x000000071d800000, 0x000000071d800000, 0x000000071da00000|  0%| F|  |TAMS 0x000000071d800000, 0x000000071d800000| Untracked 
| 192|0x000000071da00000, 0x000000071da00000, 0x000000071dc00000|  0%| F|  |TAMS 0x000000071da00000, 0x000000071da00000| Untracked 
| 193|0x000000071dc00000, 0x000000071dc00000, 0x000000071de00000|  0%| F|  |TAMS 0x000000071dc00000, 0x000000071dc00000| Untracked 
| 194|0x000000071de00000, 0x000000071de00000, 0x000000071e000000|  0%| F|  |TAMS 0x000000071de00000, 0x000000071de00000| Untracked 
| 195|0x000000071e000000, 0x000000071e000000, 0x000000071e200000|  0%| F|  |TAMS 0x000000071e000000, 0x000000071e000000| Untracked 
| 196|0x000000071e200000, 0x000000071e200000, 0x000000071e400000|  0%| F|  |TAMS 0x000000071e200000, 0x000000071e200000| Untracked 
| 197|0x000000071e400000, 0x000000071e400000, 0x000000071e600000|  0%| F|  |TAMS 0x000000071e400000, 0x000000071e400000| Untracked 
| 198|0x000000071e600000, 0x000000071e600000, 0x000000071e800000|  0%| F|  |TAMS 0x000000071e600000, 0x000000071e600000| Untracked 
| 199|0x000000071e800000, 0x000000071e800000, 0x000000071ea00000|  0%| F|  |TAMS 0x000000071e800000, 0x000000071e800000| Untracked 
| 200|0x000000071ea00000, 0x000000071ea00000, 0x000000071ec00000|  0%| F|  |TAMS 0x000000071ea00000, 0x000000071ea00000| Untracked 
| 201|0x000000071ec00000, 0x000000071ec00000, 0x000000071ee00000|  0%| F|  |TAMS 0x000000071ec00000, 0x000000071ec00000| Untracked 
| 202|0x000000071ee00000, 0x000000071ee00000, 0x000000071f000000|  0%| F|  |TAMS 0x000000071ee00000, 0x000000071ee00000| Untracked 
| 203|0x000000071f000000, 0x000000071f000000, 0x000000071f200000|  0%| F|  |TAMS 0x000000071f000000, 0x000000071f000000| Untracked 
| 204|0x000000071f200000, 0x000000071f200000, 0x000000071f400000|  0%| F|  |TAMS 0x000000071f200000, 0x000000071f200000| Untracked 
| 205|0x000000071f400000, 0x000000071f400000, 0x000000071f600000|  0%| F|  |TAMS 0x000000071f400000, 0x000000071f400000| Untracked 
| 206|0x000000071f600000, 0x000000071f600000, 0x000000071f800000|  0%| F|  |TAMS 0x000000071f600000, 0x000000071f600000| Untracked 
| 207|0x000000071f800000, 0x000000071f800000, 0x000000071fa00000|  0%| F|  |TAMS 0x000000071f800000, 0x000000071f800000| Untracked 
| 208|0x000000071fa00000, 0x000000071fa00000, 0x000000071fc00000|  0%| F|  |TAMS 0x000000071fa00000, 0x000000071fa00000| Untracked 
| 209|0x000000071fc00000, 0x000000071fc00000, 0x000000071fe00000|  0%| F|  |TAMS 0x000000071fc00000, 0x000000071fc00000| Untracked 
| 210|0x000000071fe00000, 0x000000071fe00000, 0x0000000720000000|  0%| F|  |TAMS 0x000000071fe00000, 0x000000071fe00000| Untracked 
| 211|0x0000000720000000, 0x0000000720000000, 0x0000000720200000|  0%| F|  |TAMS 0x0000000720000000, 0x0000000720000000| Untracked 
| 212|0x0000000720200000, 0x0000000720200000, 0x0000000720400000|  0%| F|  |TAMS 0x0000000720200000, 0x0000000720200000| Untracked 
| 213|0x0000000720400000, 0x0000000720400000, 0x0000000720600000|  0%| F|  |TAMS 0x0000000720400000, 0x0000000720400000| Untracked 
| 214|0x0000000720600000, 0x0000000720600000, 0x0000000720800000|  0%| F|  |TAMS 0x0000000720600000, 0x0000000720600000| Untracked 
| 215|0x0000000720800000, 0x0000000720800000, 0x0000000720a00000|  0%| F|  |TAMS 0x0000000720800000, 0x0000000720800000| Untracked 
| 216|0x0000000720a00000, 0x0000000720a00000, 0x0000000720c00000|  0%| F|  |TAMS 0x0000000720a00000, 0x0000000720a00000| Untracked 
| 217|0x0000000720c00000, 0x0000000720c00000, 0x0000000720e00000|  0%| F|  |TAMS 0x0000000720c00000, 0x0000000720c00000| Untracked 
| 218|0x0000000720e00000, 0x0000000720e00000, 0x0000000721000000|  0%| F|  |TAMS 0x0000000720e00000, 0x0000000720e00000| Untracked 
| 219|0x0000000721000000, 0x0000000721000000, 0x0000000721200000|  0%| F|  |TAMS 0x0000000721000000, 0x0000000721000000| Untracked 
| 220|0x0000000721200000, 0x0000000721200000, 0x0000000721400000|  0%| F|  |TAMS 0x0000000721200000, 0x0000000721200000| Untracked 
| 221|0x0000000721400000, 0x0000000721400000, 0x0000000721600000|  0%| F|  |TAMS 0x0000000721400000, 0x0000000721400000| Untracked 
| 222|0x0000000721600000, 0x0000000721600000, 0x0000000721800000|  0%| F|  |TAMS 0x0000000721600000, 0x0000000721600000| Untracked 
| 223|0x0000000721800000, 0x0000000721800000, 0x0000000721a00000|  0%| F|  |TAMS 0x0000000721800000, 0x0000000721800000| Untracked 
| 224|0x0000000721a00000, 0x0000000721a00000, 0x0000000721c00000|  0%| F|  |TAMS 0x0000000721a00000, 0x0000000721a00000| Untracked 
| 225|0x0000000721c00000, 0x0000000721c00000, 0x0000000721e00000|  0%| F|  |TAMS 0x0000000721c00000, 0x0000000721c00000| Untracked 
| 226|0x0000000721e00000, 0x0000000721e00000, 0x0000000722000000|  0%| F|  |TAMS 0x0000000721e00000, 0x0000000721e00000| Untracked 
| 227|0x0000000722000000, 0x0000000722000000, 0x0000000722200000|  0%| F|  |TAMS 0x0000000722000000, 0x0000000722000000| Untracked 
| 228|0x0000000722200000, 0x0000000722200000, 0x0000000722400000|  0%| F|  |TAMS 0x0000000722200000, 0x0000000722200000| Untracked 
| 229|0x0000000722400000, 0x0000000722400000, 0x0000000722600000|  0%| F|  |TAMS 0x0000000722400000, 0x0000000722400000| Untracked 
| 230|0x0000000722600000, 0x0000000722600000, 0x0000000722800000|  0%| F|  |TAMS 0x0000000722600000, 0x0000000722600000| Untracked 
| 231|0x0000000722800000, 0x0000000722800000, 0x0000000722a00000|  0%| F|  |TAMS 0x0000000722800000, 0x0000000722800000| Untracked 
| 232|0x0000000722a00000, 0x0000000722a00000, 0x0000000722c00000|  0%| F|  |TAMS 0x0000000722a00000, 0x0000000722a00000| Untracked 
| 233|0x0000000722c00000, 0x0000000722c00000, 0x0000000722e00000|  0%| F|  |TAMS 0x0000000722c00000, 0x0000000722c00000| Untracked 
| 234|0x0000000722e00000, 0x0000000722e00000, 0x0000000723000000|  0%| F|  |TAMS 0x0000000722e00000, 0x0000000722e00000| Untracked 
| 235|0x0000000723000000, 0x0000000723000000, 0x0000000723200000|  0%| F|  |TAMS 0x0000000723000000, 0x0000000723000000| Untracked 
| 236|0x0000000723200000, 0x0000000723200000, 0x0000000723400000|  0%| F|  |TAMS 0x0000000723200000, 0x0000000723200000| Untracked 
| 237|0x0000000723400000, 0x0000000723400000, 0x0000000723600000|  0%| F|  |TAMS 0x0000000723400000, 0x0000000723400000| Untracked 
| 238|0x0000000723600000, 0x0000000723600000, 0x0000000723800000|  0%| F|  |TAMS 0x0000000723600000, 0x0000000723600000| Untracked 
| 239|0x0000000723800000, 0x0000000723800000, 0x0000000723a00000|  0%| F|  |TAMS 0x0000000723800000, 0x0000000723800000| Untracked 
| 240|0x0000000723a00000, 0x0000000723a00000, 0x0000000723c00000|  0%| F|  |TAMS 0x0000000723a00000, 0x0000000723a00000| Untracked 
| 241|0x0000000723c00000, 0x0000000723c00000, 0x0000000723e00000|  0%| F|  |TAMS 0x0000000723c00000, 0x0000000723c00000| Untracked 
| 242|0x0000000723e00000, 0x0000000723e00000, 0x0000000724000000|  0%| F|  |TAMS 0x0000000723e00000, 0x0000000723e00000| Untracked 
| 243|0x0000000724000000, 0x0000000724000000, 0x0000000724200000|  0%| F|  |TAMS 0x0000000724000000, 0x0000000724000000| Untracked 
| 244|0x0000000724200000, 0x0000000724200000, 0x0000000724400000|  0%| F|  |TAMS 0x0000000724200000, 0x0000000724200000| Untracked 
| 245|0x0000000724400000, 0x0000000724400000, 0x0000000724600000|  0%| F|  |TAMS 0x0000000724400000, 0x0000000724400000| Untracked 
| 246|0x0000000724600000, 0x0000000724600000, 0x0000000724800000|  0%| F|  |TAMS 0x0000000724600000, 0x0000000724600000| Untracked 
| 247|0x0000000724800000, 0x0000000724800000, 0x0000000724a00000|  0%| F|  |TAMS 0x0000000724800000, 0x0000000724800000| Untracked 
| 248|0x0000000724a00000, 0x0000000724a00000, 0x0000000724c00000|  0%| F|  |TAMS 0x0000000724a00000, 0x0000000724a00000| Untracked 
| 249|0x0000000724c00000, 0x0000000724c00000, 0x0000000724e00000|  0%| F|  |TAMS 0x0000000724c00000, 0x0000000724c00000| Untracked 
| 250|0x0000000724e00000, 0x0000000724e00000, 0x0000000725000000|  0%| F|  |TAMS 0x0000000724e00000, 0x0000000724e00000| Untracked 
| 251|0x0000000725000000, 0x0000000725000000, 0x0000000725200000|  0%| F|  |TAMS 0x0000000725000000, 0x0000000725000000| Untracked 
| 252|0x0000000725200000, 0x0000000725200000, 0x0000000725400000|  0%| F|  |TAMS 0x0000000725200000, 0x0000000725200000| Untracked 
| 253|0x0000000725400000, 0x0000000725400000, 0x0000000725600000|  0%| F|  |TAMS 0x0000000725400000, 0x0000000725400000| Untracked 
| 254|0x0000000725600000, 0x0000000725600000, 0x0000000725800000|  0%| F|  |TAMS 0x0000000725600000, 0x0000000725600000| Untracked 
| 255|0x0000000725800000, 0x0000000725800000, 0x0000000725a00000|  0%| F|  |TAMS 0x0000000725800000, 0x0000000725800000| Untracked 
| 256|0x0000000725a00000, 0x0000000725a00000, 0x0000000725c00000|  0%| F|  |TAMS 0x0000000725a00000, 0x0000000725a00000| Untracked 
| 257|0x0000000725c00000, 0x0000000725c00000, 0x0000000725e00000|  0%| F|  |TAMS 0x0000000725c00000, 0x0000000725c00000| Untracked 
| 258|0x0000000725e00000, 0x0000000725e00000, 0x0000000726000000|  0%| F|  |TAMS 0x0000000725e00000, 0x0000000725e00000| Untracked 
| 259|0x0000000726000000, 0x0000000726000000, 0x0000000726200000|  0%| F|  |TAMS 0x0000000726000000, 0x0000000726000000| Untracked 
| 260|0x0000000726200000, 0x0000000726200000, 0x0000000726400000|  0%| F|  |TAMS 0x0000000726200000, 0x0000000726200000| Untracked 
| 261|0x0000000726400000, 0x0000000726400000, 0x0000000726600000|  0%| F|  |TAMS 0x0000000726400000, 0x0000000726400000| Untracked 
| 262|0x0000000726600000, 0x0000000726600000, 0x0000000726800000|  0%| F|  |TAMS 0x0000000726600000, 0x0000000726600000| Untracked 
| 263|0x0000000726800000, 0x0000000726800000, 0x0000000726a00000|  0%| F|  |TAMS 0x0000000726800000, 0x0000000726800000| Untracked 
| 264|0x0000000726a00000, 0x0000000726a00000, 0x0000000726c00000|  0%| F|  |TAMS 0x0000000726a00000, 0x0000000726a00000| Untracked 
| 265|0x0000000726c00000, 0x0000000726c00000, 0x0000000726e00000|  0%| F|  |TAMS 0x0000000726c00000, 0x0000000726c00000| Untracked 
| 266|0x0000000726e00000, 0x0000000726e00000, 0x0000000727000000|  0%| F|  |TAMS 0x0000000726e00000, 0x0000000726e00000| Untracked 
| 267|0x0000000727000000, 0x0000000727000000, 0x0000000727200000|  0%| F|  |TAMS 0x0000000727000000, 0x0000000727000000| Untracked 
| 268|0x0000000727200000, 0x0000000727200000, 0x0000000727400000|  0%| F|  |TAMS 0x0000000727200000, 0x0000000727200000| Untracked 
| 269|0x0000000727400000, 0x0000000727400000, 0x0000000727600000|  0%| F|  |TAMS 0x0000000727400000, 0x0000000727400000| Untracked 
| 270|0x0000000727600000, 0x0000000727600000, 0x0000000727800000|  0%| F|  |TAMS 0x0000000727600000, 0x0000000727600000| Untracked 
| 271|0x0000000727800000, 0x0000000727800000, 0x0000000727a00000|  0%| F|  |TAMS 0x0000000727800000, 0x0000000727800000| Untracked 
| 272|0x0000000727a00000, 0x0000000727a00000, 0x0000000727c00000|  0%| F|  |TAMS 0x0000000727a00000, 0x0000000727a00000| Untracked 
| 273|0x0000000727c00000, 0x0000000727c00000, 0x0000000727e00000|  0%| F|  |TAMS 0x0000000727c00000, 0x0000000727c00000| Untracked 
| 274|0x0000000727e00000, 0x0000000727e00000, 0x0000000728000000|  0%| F|  |TAMS 0x0000000727e00000, 0x0000000727e00000| Untracked 
| 275|0x0000000728000000, 0x0000000728000000, 0x0000000728200000|  0%| F|  |TAMS 0x0000000728000000, 0x0000000728000000| Untracked 
| 276|0x0000000728200000, 0x0000000728200000, 0x0000000728400000|  0%| F|  |TAMS 0x0000000728200000, 0x0000000728200000| Untracked 
| 277|0x0000000728400000, 0x0000000728400000, 0x0000000728600000|  0%| F|  |TAMS 0x0000000728400000, 0x0000000728400000| Untracked 
| 278|0x0000000728600000, 0x0000000728600000, 0x0000000728800000|  0%| F|  |TAMS 0x0000000728600000, 0x0000000728600000| Untracked 
| 279|0x0000000728800000, 0x0000000728800000, 0x0000000728a00000|  0%| F|  |TAMS 0x0000000728800000, 0x0000000728800000| Untracked 
| 280|0x0000000728a00000, 0x0000000728a00000, 0x0000000728c00000|  0%| F|  |TAMS 0x0000000728a00000, 0x0000000728a00000| Untracked 
| 281|0x0000000728c00000, 0x0000000728c00000, 0x0000000728e00000|  0%| F|  |TAMS 0x0000000728c00000, 0x0000000728c00000| Untracked 
| 282|0x0000000728e00000, 0x0000000728e00000, 0x0000000729000000|  0%| F|  |TAMS 0x0000000728e00000, 0x0000000728e00000| Untracked 
| 283|0x0000000729000000, 0x0000000729000000, 0x0000000729200000|  0%| F|  |TAMS 0x0000000729000000, 0x0000000729000000| Untracked 
| 284|0x0000000729200000, 0x0000000729200000, 0x0000000729400000|  0%| F|  |TAMS 0x0000000729200000, 0x0000000729200000| Untracked 
| 285|0x0000000729400000, 0x0000000729400000, 0x0000000729600000|  0%| F|  |TAMS 0x0000000729400000, 0x0000000729400000| Untracked 
| 286|0x0000000729600000, 0x0000000729600000, 0x0000000729800000|  0%| F|  |TAMS 0x0000000729600000, 0x0000000729600000| Untracked 
| 287|0x0000000729800000, 0x0000000729800000, 0x0000000729a00000|  0%| F|  |TAMS 0x0000000729800000, 0x0000000729800000| Untracked 
| 288|0x0000000729a00000, 0x0000000729a00000, 0x0000000729c00000|  0%| F|  |TAMS 0x0000000729a00000, 0x0000000729a00000| Untracked 
| 289|0x0000000729c00000, 0x0000000729c00000, 0x0000000729e00000|  0%| F|  |TAMS 0x0000000729c00000, 0x0000000729c00000| Untracked 
| 290|0x0000000729e00000, 0x0000000729e00000, 0x000000072a000000|  0%| F|  |TAMS 0x0000000729e00000, 0x0000000729e00000| Untracked 
| 291|0x000000072a000000, 0x000000072a000000, 0x000000072a200000|  0%| F|  |TAMS 0x000000072a000000, 0x000000072a000000| Untracked 
| 292|0x000000072a200000, 0x000000072a200000, 0x000000072a400000|  0%| F|  |TAMS 0x000000072a200000, 0x000000072a200000| Untracked 
| 293|0x000000072a400000, 0x000000072a400000, 0x000000072a600000|  0%| F|  |TAMS 0x000000072a400000, 0x000000072a400000| Untracked 
| 294|0x000000072a600000, 0x000000072a600000, 0x000000072a800000|  0%| F|  |TAMS 0x000000072a600000, 0x000000072a600000| Untracked 
| 295|0x000000072a800000, 0x000000072a800000, 0x000000072aa00000|  0%| F|  |TAMS 0x000000072a800000, 0x000000072a800000| Untracked 
| 296|0x000000072aa00000, 0x000000072aa00000, 0x000000072ac00000|  0%| F|  |TAMS 0x000000072aa00000, 0x000000072aa00000| Untracked 
| 297|0x000000072ac00000, 0x000000072ac00000, 0x000000072ae00000|  0%| F|  |TAMS 0x000000072ac00000, 0x000000072ac00000| Untracked 
| 298|0x000000072ae00000, 0x000000072ae00000, 0x000000072b000000|  0%| F|  |TAMS 0x000000072ae00000, 0x000000072ae00000| Untracked 
| 299|0x000000072b000000, 0x000000072b000000, 0x000000072b200000|  0%| F|  |TAMS 0x000000072b000000, 0x000000072b000000| Untracked 
| 300|0x000000072b200000, 0x000000072b200000, 0x000000072b400000|  0%| F|  |TAMS 0x000000072b200000, 0x000000072b200000| Untracked 
| 301|0x000000072b400000, 0x000000072b400000, 0x000000072b600000|  0%| F|  |TAMS 0x000000072b400000, 0x000000072b400000| Untracked 
| 302|0x000000072b600000, 0x000000072b600000, 0x000000072b800000|  0%| F|  |TAMS 0x000000072b600000, 0x000000072b600000| Untracked 
| 303|0x000000072b800000, 0x000000072b800000, 0x000000072ba00000|  0%| F|  |TAMS 0x000000072b800000, 0x000000072b800000| Untracked 
| 304|0x000000072ba00000, 0x000000072ba00000, 0x000000072bc00000|  0%| F|  |TAMS 0x000000072ba00000, 0x000000072ba00000| Untracked 
| 305|0x000000072bc00000, 0x000000072bc00000, 0x000000072be00000|  0%| F|  |TAMS 0x000000072bc00000, 0x000000072bc00000| Untracked 
| 306|0x000000072be00000, 0x000000072be00000, 0x000000072c000000|  0%| F|  |TAMS 0x000000072be00000, 0x000000072be00000| Untracked 
| 307|0x000000072c000000, 0x000000072c000000, 0x000000072c200000|  0%| F|  |TAMS 0x000000072c000000, 0x000000072c000000| Untracked 
| 308|0x000000072c200000, 0x000000072c200000, 0x000000072c400000|  0%| F|  |TAMS 0x000000072c200000, 0x000000072c200000| Untracked 
| 309|0x000000072c400000, 0x000000072c400000, 0x000000072c600000|  0%| F|  |TAMS 0x000000072c400000, 0x000000072c400000| Untracked 
| 310|0x000000072c600000, 0x000000072c600000, 0x000000072c800000|  0%| F|  |TAMS 0x000000072c600000, 0x000000072c600000| Untracked 
| 311|0x000000072c800000, 0x000000072c800000, 0x000000072ca00000|  0%| F|  |TAMS 0x000000072c800000, 0x000000072c800000| Untracked 
| 312|0x000000072ca00000, 0x000000072ca00000, 0x000000072cc00000|  0%| F|  |TAMS 0x000000072ca00000, 0x000000072ca00000| Untracked 
| 313|0x000000072cc00000, 0x000000072cc00000, 0x000000072ce00000|  0%| F|  |TAMS 0x000000072cc00000, 0x000000072cc00000| Untracked 
| 314|0x000000072ce00000, 0x000000072ce00000, 0x000000072d000000|  0%| F|  |TAMS 0x000000072ce00000, 0x000000072ce00000| Untracked 
| 315|0x000000072d000000, 0x000000072d000000, 0x000000072d200000|  0%| F|  |TAMS 0x000000072d000000, 0x000000072d000000| Untracked 
| 316|0x000000072d200000, 0x000000072d200000, 0x000000072d400000|  0%| F|  |TAMS 0x000000072d200000, 0x000000072d200000| Untracked 
| 317|0x000000072d400000, 0x000000072d400000, 0x000000072d600000|  0%| F|  |TAMS 0x000000072d400000, 0x000000072d400000| Untracked 
| 318|0x000000072d600000, 0x000000072d600000, 0x000000072d800000|  0%| F|  |TAMS 0x000000072d600000, 0x000000072d600000| Untracked 
| 319|0x000000072d800000, 0x000000072d800000, 0x000000072da00000|  0%| F|  |TAMS 0x000000072d800000, 0x000000072d800000| Untracked 
| 320|0x000000072da00000, 0x000000072da00000, 0x000000072dc00000|  0%| F|  |TAMS 0x000000072da00000, 0x000000072da00000| Untracked 
| 321|0x000000072dc00000, 0x000000072dc00000, 0x000000072de00000|  0%| F|  |TAMS 0x000000072dc00000, 0x000000072dc00000| Untracked 
| 322|0x000000072de00000, 0x000000072de00000, 0x000000072e000000|  0%| F|  |TAMS 0x000000072de00000, 0x000000072de00000| Untracked 
| 323|0x000000072e000000, 0x000000072e000000, 0x000000072e200000|  0%| F|  |TAMS 0x000000072e000000, 0x000000072e000000| Untracked 
| 324|0x000000072e200000, 0x000000072e200000, 0x000000072e400000|  0%| F|  |TAMS 0x000000072e200000, 0x000000072e200000| Untracked 
| 325|0x000000072e400000, 0x000000072e400000, 0x000000072e600000|  0%| F|  |TAMS 0x000000072e400000, 0x000000072e400000| Untracked 
| 326|0x000000072e600000, 0x000000072e600000, 0x000000072e800000|  0%| F|  |TAMS 0x000000072e600000, 0x000000072e600000| Untracked 
| 327|0x000000072e800000, 0x000000072e800000, 0x000000072ea00000|  0%| F|  |TAMS 0x000000072e800000, 0x000000072e800000| Untracked 
| 328|0x000000072ea00000, 0x000000072ea00000, 0x000000072ec00000|  0%| F|  |TAMS 0x000000072ea00000, 0x000000072ea00000| Untracked 
| 329|0x000000072ec00000, 0x000000072ec00000, 0x000000072ee00000|  0%| F|  |TAMS 0x000000072ec00000, 0x000000072ec00000| Untracked 
| 330|0x000000072ee00000, 0x000000072ee00000, 0x000000072f000000|  0%| F|  |TAMS 0x000000072ee00000, 0x000000072ee00000| Untracked 
| 331|0x000000072f000000, 0x000000072f000000, 0x000000072f200000|  0%| F|  |TAMS 0x000000072f000000, 0x000000072f000000| Untracked 
| 332|0x000000072f200000, 0x000000072f200000, 0x000000072f400000|  0%| F|  |TAMS 0x000000072f200000, 0x000000072f200000| Untracked 
| 333|0x000000072f400000, 0x000000072f400000, 0x000000072f600000|  0%| F|  |TAMS 0x000000072f400000, 0x000000072f400000| Untracked 
| 334|0x000000072f600000, 0x000000072f600000, 0x000000072f800000|  0%| F|  |TAMS 0x000000072f600000, 0x000000072f600000| Untracked 
| 335|0x000000072f800000, 0x000000072f800000, 0x000000072fa00000|  0%| F|  |TAMS 0x000000072f800000, 0x000000072f800000| Untracked 
| 336|0x000000072fa00000, 0x000000072fa00000, 0x000000072fc00000|  0%| F|  |TAMS 0x000000072fa00000, 0x000000072fa00000| Untracked 
| 337|0x000000072fc00000, 0x000000072fc00000, 0x000000072fe00000|  0%| F|  |TAMS 0x000000072fc00000, 0x000000072fc00000| Untracked 
| 338|0x000000072fe00000, 0x000000072fe00000, 0x0000000730000000|  0%| F|  |TAMS 0x000000072fe00000, 0x000000072fe00000| Untracked 
| 339|0x0000000730000000, 0x0000000730000000, 0x0000000730200000|  0%| F|  |TAMS 0x0000000730000000, 0x0000000730000000| Untracked 
| 340|0x0000000730200000, 0x0000000730200000, 0x0000000730400000|  0%| F|  |TAMS 0x0000000730200000, 0x0000000730200000| Untracked 
| 341|0x0000000730400000, 0x0000000730400000, 0x0000000730600000|  0%| F|  |TAMS 0x0000000730400000, 0x0000000730400000| Untracked 
| 342|0x0000000730600000, 0x0000000730600000, 0x0000000730800000|  0%| F|  |TAMS 0x0000000730600000, 0x0000000730600000| Untracked 
| 343|0x0000000730800000, 0x0000000730800000, 0x0000000730a00000|  0%| F|  |TAMS 0x0000000730800000, 0x0000000730800000| Untracked 
| 344|0x0000000730a00000, 0x0000000730a00000, 0x0000000730c00000|  0%| F|  |TAMS 0x0000000730a00000, 0x0000000730a00000| Untracked 
| 345|0x0000000730c00000, 0x0000000730c00000, 0x0000000730e00000|  0%| F|  |TAMS 0x0000000730c00000, 0x0000000730c00000| Untracked 
| 346|0x0000000730e00000, 0x0000000730e00000, 0x0000000731000000|  0%| F|  |TAMS 0x0000000730e00000, 0x0000000730e00000| Untracked 
| 347|0x0000000731000000, 0x0000000731000000, 0x0000000731200000|  0%| F|  |TAMS 0x0000000731000000, 0x0000000731000000| Untracked 
| 348|0x0000000731200000, 0x0000000731200000, 0x0000000731400000|  0%| F|  |TAMS 0x0000000731200000, 0x0000000731200000| Untracked 
| 349|0x0000000731400000, 0x0000000731400000, 0x0000000731600000|  0%| F|  |TAMS 0x0000000731400000, 0x0000000731400000| Untracked 
| 350|0x0000000731600000, 0x0000000731600000, 0x0000000731800000|  0%| F|  |TAMS 0x0000000731600000, 0x0000000731600000| Untracked 
| 351|0x0000000731800000, 0x0000000731800000, 0x0000000731a00000|  0%| F|  |TAMS 0x0000000731800000, 0x0000000731800000| Untracked 
| 352|0x0000000731a00000, 0x0000000731a00000, 0x0000000731c00000|  0%| F|  |TAMS 0x0000000731a00000, 0x0000000731a00000| Untracked 
| 353|0x0000000731c00000, 0x0000000731c00000, 0x0000000731e00000|  0%| F|  |TAMS 0x0000000731c00000, 0x0000000731c00000| Untracked 
| 354|0x0000000731e00000, 0x0000000731e00000, 0x0000000732000000|  0%| F|  |TAMS 0x0000000731e00000, 0x0000000731e00000| Untracked 
| 355|0x0000000732000000, 0x0000000732000000, 0x0000000732200000|  0%| F|  |TAMS 0x0000000732000000, 0x0000000732000000| Untracked 
| 356|0x0000000732200000, 0x0000000732200000, 0x0000000732400000|  0%| F|  |TAMS 0x0000000732200000, 0x0000000732200000| Untracked 
| 357|0x0000000732400000, 0x0000000732400000, 0x0000000732600000|  0%| F|  |TAMS 0x0000000732400000, 0x0000000732400000| Untracked 
| 358|0x0000000732600000, 0x0000000732600000, 0x0000000732800000|  0%| F|  |TAMS 0x0000000732600000, 0x0000000732600000| Untracked 
| 359|0x0000000732800000, 0x000000073287dac0, 0x0000000732a00000| 24%| S|CS|TAMS 0x0000000732800000, 0x0000000732800000| Complete 
| 360|0x0000000732a00000, 0x0000000732c00000, 0x0000000732c00000|100%| S|CS|TAMS 0x0000000732a00000, 0x0000000732a00000| Complete 
| 361|0x0000000732c00000, 0x0000000732e00000, 0x0000000732e00000|100%| S|CS|TAMS 0x0000000732c00000, 0x0000000732c00000| Complete 
| 362|0x0000000732e00000, 0x0000000732e00000, 0x0000000733000000|  0%| F|  |TAMS 0x0000000732e00000, 0x0000000732e00000| Untracked 
| 363|0x0000000733000000, 0x0000000733000000, 0x0000000733200000|  0%| F|  |TAMS 0x0000000733000000, 0x0000000733000000| Untracked 
| 364|0x0000000733200000, 0x0000000733200000, 0x0000000733400000|  0%| F|  |TAMS 0x0000000733200000, 0x0000000733200000| Untracked 
| 365|0x0000000733400000, 0x0000000733400000, 0x0000000733600000|  0%| F|  |TAMS 0x0000000733400000, 0x0000000733400000| Untracked 

Card table byte_map: [0x000001e99ff80000,0x000001e9a0760000] _byte_map_base: 0x000001e99c753000

Marking Bits (Prev, Next): (CMBitMap*) 0x000001e9a8d65bc0, (CMBitMap*) 0x000001e9a8d65c00
 Prev Bits: [0x000001e9a0f40000, 0x000001e9a4dd8000)
 Next Bits: [0x000001e9a4de0000, 0x000001e9a8c78000)

Polling page: 0x000001e9ff600000

Metaspace:

Usage:
  Non-class:     10.95 MB used.
      Class:      1.56 MB used.
       Both:     12.51 MB used.

Virtual space:
  Non-class space:       64.00 MB reserved,      11.06 MB ( 17%) committed,  1 nodes.
      Class space:        1.00 GB reserved,       1.69 MB ( <1%) committed,  1 nodes.
             Both:        1.06 GB reserved,      12.75 MB (  1%) committed. 

Chunk freelists:
   Non-Class:  4.73 MB
       Class:  14.36 MB
        Both:  19.09 MB

MaxMetaspaceSize: unlimited
CompressedClassSpaceSize: 1.00 GB
Initial GC threshold: 21.00 MB
Current GC threshold: 21.00 MB
CDS: on
MetaspaceReclaimPolicy: balanced
 - commit_granule_bytes: 65536.
 - commit_granule_words: 8192.
 - virtual_space_node_default_size: 8388608.
 - enlarge_chunks_in_place: 1.
 - new_chunks_are_fully_committed: 0.
 - uncommit_free_chunks: 1.
 - use_allocation_guard: 0.
 - handle_deallocations: 1.


Internal statistics:

num_allocs_failed_limit: 0.
num_arena_births: 144.
num_arena_deaths: 0.
num_vsnodes_births: 2.
num_vsnodes_deaths: 0.
num_space_committed: 204.
num_space_uncommitted: 0.
num_chunks_returned_to_freelist: 0.
num_chunks_taken_from_freelist: 433.
num_chunk_merges: 0.
num_chunk_splits: 316.
num_chunks_enlarged: 250.
num_inconsistent_stats: 0.

CodeHeap 'non-profiled nmethods': size=119168Kb used=954Kb max_used=954Kb free=118214Kb
 bounds [0x000001e997990000, 0x000001e997c00000, 0x000001e99edf0000]
CodeHeap 'profiled nmethods': size=119104Kb used=3432Kb max_used=3432Kb free=115671Kb
 bounds [0x000001e98fdf0000, 0x000001e990150000, 0x000001e997240000]
CodeHeap 'non-nmethods': size=7488Kb used=2915Kb max_used=2966Kb free=4572Kb
 bounds [0x000001e997240000, 0x000001e997540000, 0x000001e997990000]
 total_blobs=2459 nmethods=1932 adapters=436
 compilation: enabled
              stopped_count=0, restarted_count=0
 full_count=0

Compilation events (20 events):
Event: 1.223 Thread 0x000001e9ed322970 nmethod 1919 0x000001e990142810 code [0x000001e990142a80, 0x000001e990143588]
Event: 1.223 Thread 0x000001e9ed2ffbf0 nmethod 1924 0x000001e990143990 code [0x000001e990143b60, 0x000001e990144078]
Event: 1.223 Thread 0x000001e9f2acbb90 nmethod 1692 0x000001e997a67d10 code [0x000001e997a68280, 0x000001e997a6d600]
Event: 1.224 Thread 0x000001e9ed322970 1925       3       com.ohos.hapsigntool.utils.FileUtils::readInputByOffsetAndLength (12 bytes)
Event: 1.225 Thread 0x000001e9ed322970 nmethod 1925 0x000001e990144290 code [0x000001e990144440, 0x000001e990144638]
Event: 1.225 Thread 0x000001e9ed097c00 1926   !   3       com.ohos.hapsigntool.zip.ZipEntryData::getZipEntry (377 bytes)
Event: 1.225 Thread 0x000001e9ed322970 1927       3       com.ohos.hapsigntool.zip.ZipEntryHeader::getZipEntryHeader (126 bytes)
Event: 1.225 Thread 0x000001e9ed2ffbf0 1928       3       com.ohos.hapsigntool.zip.ZipEntryHeader::<init> (5 bytes)
Event: 1.225 Thread 0x000001e9ed154260 1929       3       com.ohos.hapsigntool.zip.ZipEntryHeader::updateLength (17 bytes)
Event: 1.225 Thread 0x000001e9ed154260 nmethod 1929 0x000001e990144710 code [0x000001e9901448a0, 0x000001e9901449b8]
Event: 1.225 Thread 0x000001e9ed2ffbf0 nmethod 1928 0x000001e990144a90 code [0x000001e990144c20, 0x000001e990144d78]
Event: 1.225 Thread 0x000001e9ed154260 1930       3       com.ohos.hapsigntool.zip.ZipEntryData::<init> (5 bytes)
Event: 1.225 Thread 0x000001e9ed2ffbf0 1931       3       com.ohos.hapsigntool.utils.FileUtils::isRunnableFile (42 bytes)
Event: 1.226 Thread 0x000001e9ed154260 nmethod 1930 0x000001e990144e10 code [0x000001e990144fa0, 0x000001e9901450f8]
Event: 1.226 Thread 0x000001e9ed322970 nmethod 1927 0x000001e990145190 code [0x000001e990145480, 0x000001e9901464d8]
Event: 1.226 Thread 0x000001e9ed097c00 nmethod 1926 0x000001e990146910 code [0x000001e990146c80, 0x000001e990147de8]
Event: 1.227 Thread 0x000001e9ed2ffbf0 nmethod 1931 0x000001e990148710 code [0x000001e990148980, 0x000001e9901493e8]
Event: 1.302 Thread 0x000001e9ed2ffbf0 1932       3       com.ohos.hapsigntool.zip.ZipEntryHeader::readFileName (49 bytes)
Event: 1.303 Thread 0x000001e9ed2ffbf0 nmethod 1932 0x000001e990149790 code [0x000001e990149980, 0x000001e990149f38]
Event: 1.315 Thread 0x000001e9ed244940 nmethod 1722 0x000001e997a70a10 code [0x000001e997a710e0, 0x000001e997a796a0]

GC Heap History (20 events):
Event: 1.087 GC heap after
{Heap after GC invocations=3 (full 0):
 garbage-first heap   total 258048K, used 9819K [0x0000000705a00000, 0x0000000800000000)
  region size 2048K, 3 young (6144K), 3 survivors (6144K)
 Metaspace       used 12781K, committed 13056K, reserved 1114112K
  class space    used 1594K, committed 1728K, reserved 1048576K
}
Event: 1.100 GC heap before
{Heap before GC invocations=3 (full 0):
 garbage-first heap   total 258048K, used 120411K [0x0000000705a00000, 0x0000000800000000)
  region size 2048K, 4 young (8192K), 3 survivors (6144K)
 Metaspace       used 12781K, committed 13056K, reserved 1114112K
  class space    used 1594K, committed 1728K, reserved 1048576K
}
Event: 1.103 GC heap after
{Heap after GC invocations=4 (full 0):
 garbage-first heap   total 258048K, used 9882K [0x0000000705a00000, 0x0000000800000000)
  region size 2048K, 3 young (6144K), 3 survivors (6144K)
 Metaspace       used 12781K, committed 13056K, reserved 1114112K
  class space    used 1594K, committed 1728K, reserved 1048576K
}
Event: 1.115 GC heap before
{Heap before GC invocations=4 (full 0):
 garbage-first heap   total 258048K, used 120474K [0x0000000705a00000, 0x0000000800000000)
  region size 2048K, 4 young (8192K), 3 survivors (6144K)
 Metaspace       used 12783K, committed 13056K, reserved 1114112K
  class space    used 1594K, committed 1728K, reserved 1048576K
}
Event: 1.117 GC heap after
{Heap after GC invocations=5 (full 0):
 garbage-first heap   total 374784K, used 9764K [0x0000000705a00000, 0x0000000800000000)
  region size 2048K, 3 young (6144K), 3 survivors (6144K)
 Metaspace       used 12783K, committed 13056K, reserved 1114112K
  class space    used 1594K, committed 1728K, reserved 1048576K
}
Event: 1.150 GC heap before
{Heap before GC invocations=5 (full 0):
 garbage-first heap   total 374784K, used 171556K [0x0000000705a00000, 0x0000000800000000)
  region size 2048K, 4 young (8192K), 3 survivors (6144K)
 Metaspace       used 12784K, committed 13056K, reserved 1114112K
  class space    used 1594K, committed 1728K, reserved 1048576K
}
Event: 1.152 GC heap after
{Heap after GC invocations=6 (full 0):
 garbage-first heap   total 374784K, used 9996K [0x0000000705a00000, 0x0000000800000000)
  region size 2048K, 3 young (6144K), 3 survivors (6144K)
 Metaspace       used 12784K, committed 13056K, reserved 1114112K
  class space    used 1594K, committed 1728K, reserved 1048576K
}
Event: 1.171 GC heap before
{Heap before GC invocations=6 (full 0):
 garbage-first heap   total 374784K, used 173836K [0x0000000705a00000, 0x0000000800000000)
  region size 2048K, 5 young (10240K), 3 survivors (6144K)
 Metaspace       used 12788K, committed 13056K, reserved 1114112K
  class space    used 1594K, committed 1728K, reserved 1048576K
}
Event: 1.174 GC heap after
{Heap after GC invocations=7 (full 0):
 garbage-first heap   total 374784K, used 9898K [0x0000000705a00000, 0x0000000800000000)
  region size 2048K, 3 young (6144K), 3 survivors (6144K)
 Metaspace       used 12788K, committed 13056K, reserved 1114112K
  class space    used 1594K, committed 1728K, reserved 1048576K
}
Event: 1.193 GC heap before
{Heap before GC invocations=7 (full 0):
 garbage-first heap   total 374784K, used 171690K [0x0000000705a00000, 0x0000000800000000)
  region size 2048K, 4 young (8192K), 3 survivors (6144K)
 Metaspace       used 12789K, committed 13056K, reserved 1114112K
  class space    used 1594K, committed 1728K, reserved 1048576K
}
Event: 1.195 GC heap after
{Heap after GC invocations=8 (full 0):
 garbage-first heap   total 374784K, used 9898K [0x0000000705a00000, 0x0000000800000000)
  region size 2048K, 3 young (6144K), 3 survivors (6144K)
 Metaspace       used 12789K, committed 13056K, reserved 1114112K
  class space    used 1594K, committed 1728K, reserved 1048576K
}
Event: 1.212 GC heap before
{Heap before GC invocations=8 (full 0):
 garbage-first heap   total 374784K, used 171690K [0x0000000705a00000, 0x0000000800000000)
  region size 2048K, 4 young (8192K), 3 survivors (6144K)
 Metaspace       used 12790K, committed 13056K, reserved 1114112K
  class space    used 1594K, committed 1728K, reserved 1048576K
}
Event: 1.216 GC heap after
{Heap after GC invocations=9 (full 0):
 garbage-first heap   total 749568K, used 9799K [0x0000000705a00000, 0x0000000800000000)
  region size 2048K, 3 young (6144K), 3 survivors (6144K)
 Metaspace       used 12790K, committed 13056K, reserved 1114112K
  class space    used 1594K, committed 1728K, reserved 1048576K
}
Event: 1.277 GC heap before
{Heap before GC invocations=9 (full 0):
 garbage-first heap   total 749568K, used 341575K [0x0000000705a00000, 0x0000000800000000)
  region size 2048K, 4 young (8192K), 3 survivors (6144K)
 Metaspace       used 12806K, committed 13056K, reserved 1114112K
  class space    used 1594K, committed 1728K, reserved 1048576K
}
Event: 1.280 GC heap after
{Heap after GC invocations=10 (full 0):
 garbage-first heap   total 749568K, used 9835K [0x0000000705a00000, 0x0000000800000000)
  region size 2048K, 3 young (6144K), 3 survivors (6144K)
 Metaspace       used 12806K, committed 13056K, reserved 1114112K
  class space    used 1594K, committed 1728K, reserved 1048576K
}
Event: 1.309 GC heap before
{Heap before GC invocations=10 (full 0):
 garbage-first heap   total 749568K, used 341611K [0x0000000705a00000, 0x0000000800000000)
  region size 2048K, 4 young (8192K), 3 survivors (6144K)
 Metaspace       used 12806K, committed 13056K, reserved 1114112K
  class space    used 1594K, committed 1728K, reserved 1048576K
}
Event: 1.312 GC heap after
{Heap after GC invocations=11 (full 0):
 garbage-first heap   total 749568K, used 10057K [0x0000000705a00000, 0x0000000800000000)
  region size 2048K, 3 young (6144K), 3 survivors (6144K)
 Metaspace       used 12806K, committed 13056K, reserved 1114112K
  class space    used 1594K, committed 1728K, reserved 1048576K
}
Event: 1.339 GC heap before
{Heap before GC invocations=11 (full 0):
 garbage-first heap   total 749568K, used 341833K [0x0000000705a00000, 0x0000000800000000)
  region size 2048K, 4 young (8192K), 3 survivors (6144K)
 Metaspace       used 12806K, committed 13056K, reserved 1114112K
  class space    used 1594K, committed 1728K, reserved 1048576K
}
Event: 1.341 GC heap after
{Heap after GC invocations=12 (full 0):
 garbage-first heap   total 749568K, used 10001K [0x0000000705a00000, 0x0000000800000000)
  region size 2048K, 3 young (6144K), 3 survivors (6144K)
 Metaspace       used 12806K, committed 13056K, reserved 1114112K
  class space    used 1594K, committed 1728K, reserved 1048576K
}
Event: 1.367 GC heap before
{Heap before GC invocations=12 (full 0):
 garbage-first heap   total 749568K, used 341777K [0x0000000705a00000, 0x0000000800000000)
  region size 2048K, 4 young (8192K), 3 survivors (6144K)
 Metaspace       used 12806K, committed 13056K, reserved 1114112K
  class space    used 1594K, committed 1728K, reserved 1048576K
}

Deoptimization events (20 events):
Event: 0.794 Thread 0x000001e9ff8e9660 DEOPT PACKING pc=0x000001e9979b78c8 sp=0x000000bf9b9fe470
Event: 0.794 Thread 0x000001e9ff8e9660 DEOPT UNPACKING pc=0x000001e9972923a3 sp=0x000000bf9b9fe3e8 mode 2
Event: 0.835 Thread 0x000001e9ff8e9660 DEOPT PACKING pc=0x000001e9900e1163 sp=0x000000bf9b9f98c0
Event: 0.835 Thread 0x000001e9ff8e9660 DEOPT UNPACKING pc=0x000001e997292b43 sp=0x000000bf9b9f8dd0 mode 0
Event: 0.861 Thread 0x000001e9ff8e9660 DEOPT PACKING pc=0x000001e9900fe965 sp=0x000000bf9b9f9300
Event: 0.861 Thread 0x000001e9ff8e9660 DEOPT UNPACKING pc=0x000001e997292b43 sp=0x000000bf9b9f8750 mode 0
Event: 0.896 Thread 0x000001e9ff8e9660 DEOPT PACKING pc=0x000001e9900e1142 sp=0x000000bf9b9f9cf0
Event: 0.896 Thread 0x000001e9ff8e9660 DEOPT UNPACKING pc=0x000001e997292b43 sp=0x000000bf9b9f9200 mode 0
Event: 0.990 Thread 0x000001e9ff8e9660 Uncommon trap: trap_request=0xffffff45 fr.pc=0x000001e997a098f8 relative=0x0000000000000178
Event: 0.990 Thread 0x000001e9ff8e9660 Uncommon trap: reason=unstable_if action=reinterpret pc=0x000001e997a098f8 method=java.lang.String.indexOf(II)I @ 4 c2
Event: 0.990 Thread 0x000001e9ff8e9660 DEOPT PACKING pc=0x000001e997a098f8 sp=0x000000bf9b9fe9a0
Event: 0.990 Thread 0x000001e9ff8e9660 DEOPT UNPACKING pc=0x000001e9972923a3 sp=0x000000bf9b9fe8d0 mode 2
Event: 0.990 Thread 0x000001e9ff8e9660 Uncommon trap: trap_request=0xffffff45 fr.pc=0x000001e9979a8ddc relative=0x00000000000001bc
Event: 0.990 Thread 0x000001e9ff8e9660 Uncommon trap: reason=unstable_if action=reinterpret pc=0x000001e9979a8ddc method=java.lang.String.indexOf(II)I @ 4 c2
Event: 0.990 Thread 0x000001e9ff8e9660 DEOPT PACKING pc=0x000001e9979a8ddc sp=0x000000bf9b9fe7f0
Event: 0.991 Thread 0x000001e9ff8e9660 DEOPT UNPACKING pc=0x000001e9972923a3 sp=0x000000bf9b9fe790 mode 2
Event: 0.991 Thread 0x000001e9ff8e9660 Uncommon trap: trap_request=0xffffff45 fr.pc=0x000001e9979acdd4 relative=0x0000000000000134
Event: 0.991 Thread 0x000001e9ff8e9660 Uncommon trap: reason=unstable_if action=reinterpret pc=0x000001e9979acdd4 method=java.lang.AbstractStringBuilder.putStringAt(ILjava/lang/String;II)V @ 8 c2
Event: 0.991 Thread 0x000001e9ff8e9660 DEOPT PACKING pc=0x000001e9979acdd4 sp=0x000000bf9b9fe880
Event: 0.991 Thread 0x000001e9ff8e9660 DEOPT UNPACKING pc=0x000001e9972923a3 sp=0x000000bf9b9fe7b0 mode 2

Classes unloaded (0 events):
No events

Classes redefined (0 events):
No events

Internal exceptions (20 events):
Event: 0.101 Thread 0x000001e9ff8e9660 Exception <a 'java/lang/NoSuchMethodError'{0x0000000714e1eba8}: 'int java.lang.invoke.DirectMethodHandle$Holder.invokeStaticInit(java.lang.Object, java.lang.Object)'> (0x0000000714e1eba8) 
thrown [s\open\src\hotspot\share\interpreter\linkResolver.cpp, line 759]
Event: 0.247 Thread 0x000001e9ff8e9660 Exception <a 'java/lang/NoSuchMethodError'{0x00000007146e8c28}: 'void java.lang.invoke.DirectMethodHandle$Holder.invokeStatic(java.lang.Object, java.lang.Object, java.lang.Object, java.lang.Object)'> (0x00000007146e8c28) 
thrown [s\open\src\hotspot\share\interpreter\linkResolver.cpp, line 759]
Event: 0.252 Thread 0x000001e9ff8e9660 Exception <a 'java/lang/NoSuchMethodError'{0x0000000714724ce0}: 'int java.lang.invoke.DirectMethodHandle$Holder.invokeStatic(java.lang.Object, java.lang.Object, int)'> (0x0000000714724ce0) 
thrown [s\open\src\hotspot\share\interpreter\linkResolver.cpp, line 759]
Event: 0.256 Thread 0x000001e9ff8e9660 Exception <a 'java/lang/NoSuchMethodError'{0x0000000714740e58}: 'int java.lang.invoke.DirectMethodHandle$Holder.invokeStatic(java.lang.Object)'> (0x0000000714740e58) 
thrown [s\open\src\hotspot\share\interpreter\linkResolver.cpp, line 759]
Event: 0.256 Thread 0x000001e9ff8e9660 Exception <a 'java/lang/NoSuchMethodError'{0x0000000714744308}: 'int java.lang.invoke.DirectMethodHandle$Holder.invokeStaticInit(java.lang.Object)'> (0x0000000714744308) 
thrown [s\open\src\hotspot\share\interpreter\linkResolver.cpp, line 759]
Event: 0.261 Thread 0x000001e9ff8e9660 Exception <a 'java/lang/NoSuchMethodError'{0x000000071475a4e0}: 'java.lang.Object java.lang.invoke.DirectMethodHandle$Holder.invokeStaticInit(java.lang.Object)'> (0x000000071475a4e0) 
thrown [s\open\src\hotspot\share\interpreter\linkResolver.cpp, line 759]
Event: 0.265 Thread 0x000001e9ff8e9660 Exception <a 'java/lang/NoSuchMethodError'{0x0000000714778ec0}: 'void java.lang.invoke.DirectMethodHandle$Holder.invokeStatic(java.lang.Object, java.lang.Object, java.lang.Object)'> (0x0000000714778ec0) 
thrown [s\open\src\hotspot\share\interpreter\linkResolver.cpp, line 759]
Event: 0.271 Thread 0x000001e9ff8e9660 Exception <a 'java/lang/NoSuchMethodError'{0x000000071479d378}: 'java.lang.Object java.lang.invoke.DirectMethodHandle$Holder.invokeStatic(java.lang.Object, java.lang.Object, int)'> (0x000000071479d378) 
thrown [s\open\src\hotspot\share\interpreter\linkResolver.cpp, line 759]
Event: 0.272 Thread 0x000001e9ff8e9660 Exception <a 'java/lang/NoSuchMethodError'{0x00000007147a9160}: 'void java.lang.invoke.DelegatingMethodHandle$Holder.delegate(java.lang.Object, java.lang.Object, int, java.lang.Object)'> (0x00000007147a9160) 
thrown [s\open\src\hotspot\share\interpreter\linkResolver.cpp, line 759]
Event: 0.273 Thread 0x000001e9ff8e9660 Exception <a 'java/lang/NoSuchMethodError'{0x00000007147ad2a8}: 'int java.lang.invoke.DirectMethodHandle$Holder.invokeSpecial(java.lang.Object, java.lang.Object, java.lang.Object)'> (0x00000007147ad2a8) 
thrown [s\open\src\hotspot\share\interpreter\linkResolver.cpp, line 759]
Event: 0.283 Thread 0x000001e9ff8e9660 Exception <a 'java/lang/NoSuchMethodError'{0x00000007147e9090}: 'java.lang.Object java.lang.invoke.DirectMethodHandle$Holder.invokeInterface(java.lang.Object, java.lang.Object)'> (0x00000007147e9090) 
thrown [s\open\src\hotspot\share\interpreter\linkResolver.cpp, line 759]
Event: 0.283 Thread 0x000001e9ff8e9660 Exception <a 'java/lang/IncompatibleClassChangeError'{0x00000007147ec5e0}: Found class java.lang.Object, but interface was expected> (0x00000007147ec5e0) 
thrown [s\open\src\hotspot\share\interpreter\linkResolver.cpp, line 826]
Event: 0.285 Thread 0x000001e9ff8e9660 Exception <a 'java/lang/NoSuchMethodError'{0x00000007147f78d8}: 'void java.lang.invoke.DirectMethodHandle$Holder.invokeSpecial(java.lang.Object, java.lang.Object, java.lang.Object)'> (0x00000007147f78d8) 
thrown [s\open\src\hotspot\share\interpreter\linkResolver.cpp, line 759]
Event: 0.288 Thread 0x000001e9ff8e9660 Exception <a 'java/lang/NoSuchMethodError'{0x0000000714413160}: 'java.lang.Object java.lang.invoke.DirectMethodHandle$Holder.newInvokeSpecial(java.lang.Object, java.lang.Object, java.lang.Object, int, java.lang.Object)'> (0x0000000714413160) 
thrown [s\open\src\hotspot\share\interpreter\linkResolver.cpp, line 759]
Event: 0.289 Thread 0x000001e9ff8e9660 Exception <a 'java/lang/NoSuchMethodError'{0x000000071441ad20}: 'java.lang.Object java.lang.invoke.Invokers$Holder.linkToTargetMethod(java.lang.Object, java.lang.Object, int, java.lang.Object, java.lang.Object)'> (0x000000071441ad20) 
thrown [s\open\src\hotspot\share\interpreter\linkResolver.cpp, line 759]
Event: 0.367 Thread 0x000001e9ff8e9660 Exception <a 'java/lang/NoSuchMethodError'{0x00000007141b3090}: 'java.lang.Object java.lang.invoke.DirectMethodHandle$Holder.newInvokeSpecial(java.lang.Object, long, int, java.lang.Object)'> (0x00000007141b3090) 
thrown [s\open\src\hotspot\share\interpreter\linkResolver.cpp, line 759]
Event: 0.373 Thread 0x000001e9ff8e9660 Exception <a 'java/lang/NoSuchMethodError'{0x00000007141fce48}: 'void java.lang.invoke.DirectMethodHandle$Holder.invokeStaticInit(java.lang.Object, java.lang.Object, java.lang.Object, java.lang.Object)'> (0x00000007141fce48) 
thrown [s\open\src\hotspot\share\interpreter\linkResolver.cpp, line 759]
Event: 0.482 Thread 0x000001e9ff8e9660 Exception <a 'java/lang/NoSuchMethodError'{0x0000000715358a30}: 'int java.lang.invoke.DirectMethodHandle$Holder.invokeInterface(java.lang.Object, java.lang.Object)'> (0x0000000715358a30) 
thrown [s\open\src\hotspot\share\interpreter\linkResolver.cpp, line 759]
Event: 0.483 Thread 0x000001e9ff8e9660 Exception <a 'java/lang/IncompatibleClassChangeError'{0x000000071535bd18}: Found class java.lang.Object, but interface was expected> (0x000000071535bd18) 
thrown [s\open\src\hotspot\share\interpreter\linkResolver.cpp, line 826]
Event: 0.483 Thread 0x000001e9ff8e9660 Exception <a 'java/lang/NoSuchMethodError'{0x00000007153617e0}: 'void java.lang.invoke.DirectMethodHandle$Holder.invokeStatic(java.lang.Object, java.lang.Object)'> (0x00000007153617e0) 
thrown [s\open\src\hotspot\share\interpreter\linkResolver.cpp, line 759]

VM Operations (20 events):
Event: 1.088 Executing VM operation: G1TryInitiateConcMark done
Event: 1.100 Executing VM operation: G1TryInitiateConcMark
Event: 1.103 Executing VM operation: G1TryInitiateConcMark done
Event: 1.115 Executing VM operation: G1TryInitiateConcMark
Event: 1.117 Executing VM operation: G1TryInitiateConcMark done
Event: 1.150 Executing VM operation: G1TryInitiateConcMark
Event: 1.153 Executing VM operation: G1TryInitiateConcMark done
Event: 1.171 Executing VM operation: G1TryInitiateConcMark
Event: 1.174 Executing VM operation: G1TryInitiateConcMark done
Event: 1.193 Executing VM operation: G1TryInitiateConcMark
Event: 1.195 Executing VM operation: G1TryInitiateConcMark done
Event: 1.212 Executing VM operation: G1TryInitiateConcMark
Event: 1.216 Executing VM operation: G1TryInitiateConcMark done
Event: 1.276 Executing VM operation: G1TryInitiateConcMark
Event: 1.280 Executing VM operation: G1TryInitiateConcMark done
Event: 1.309 Executing VM operation: G1TryInitiateConcMark
Event: 1.312 Executing VM operation: G1TryInitiateConcMark done
Event: 1.339 Executing VM operation: G1TryInitiateConcMark
Event: 1.341 Executing VM operation: G1TryInitiateConcMark done
Event: 1.366 Executing VM operation: G1TryInitiateConcMark

Events (20 events):
Event: 0.778 loading class sun/util/locale/provider/TimeZoneNameProviderImpl done
Event: 0.778 loading class sun/util/cldr/CLDRTimeZoneNameProviderImpl done
Event: 0.781 Thread 0x000001e9f2acbb90 Thread added: 0x000001e9f2acbb90
Event: 0.781 Thread 0x000001e9f26eefd0 Thread added: 0x000001e9f26eefd0
Event: 0.781 Thread 0x000001e9f26ef4f0 Thread added: 0x000001e9f26ef4f0
Event: 0.787 loading class java/util/ArrayList$SubList$1
Event: 0.788 loading class java/util/ArrayList$SubList$1 done
Event: 0.788 loading class sun/text/resources/cldr/FormatData_en
Event: 0.788 loading class sun/text/resources/cldr/FormatData_en done
Event: 0.792 loading class java/text/ParsePosition
Event: 0.792 loading class java/text/ParsePosition done
Event: 0.792 loading class java/text/CalendarBuilder
Event: 0.792 loading class java/text/CalendarBuilder done
Event: 0.987 loading class sun/security/util/Cache$EqualByteArray
Event: 0.987 loading class sun/security/util/Cache$EqualByteArray done
Event: 0.988 loading class sun/security/util/MemoryCache$SoftCacheEntry
Event: 0.988 loading class sun/security/util/MemoryCache$CacheEntry
Event: 0.988 loading class sun/security/util/MemoryCache$CacheEntry done
Event: 0.988 loading class sun/security/util/MemoryCache$SoftCacheEntry done
Event: 1.225 Thread 0x000001e9f26ef4f0 Thread exited: 0x000001e9f26ef4f0


Dynamic libraries:
0x00007ff680f60000 - 0x00007ff680f70000 	D:\JDK\bin\java.exe
0x00007ffd31ad0000 - 0x00007ffd31cc8000 	C:\Windows\SYSTEM32\ntdll.dll
0x00007ffd31860000 - 0x00007ffd31922000 	C:\Windows\System32\KERNEL32.DLL
0x00007ffd2f510000 - 0x00007ffd2f806000 	C:\Windows\System32\KERNELBASE.dll
0x00007ffd058f0000 - 0x00007ffd05906000 	C:\InetPub\ftproot\Tipray\Ldterm\ghijt64.DLL
0x00007ffd2fc20000 - 0x00007ffd2fcd1000 	C:\Windows\System32\ADVAPI32.dll
0x00007ffd30580000 - 0x00007ffd3061e000 	C:\Windows\System32\msvcrt.dll
0x00007ffd30130000 - 0x00007ffd301cf000 	C:\Windows\System32\sechost.dll
0x00007ffd301d0000 - 0x00007ffd302f0000 	C:\Windows\System32\RPCRT4.dll
0x00007ffd2f4e0000 - 0x00007ffd2f507000 	C:\Windows\System32\bcrypt.dll
0x00007ffd2f1a0000 - 0x00007ffd2f2a0000 	C:\Windows\System32\ucrtbase.dll
0x00007ffd29cf0000 - 0x00007ffd29d09000 	D:\JDK\bin\jli.dll
0x00007ffd29cd0000 - 0x00007ffd29ceb000 	D:\JDK\bin\VCRUNTIME140.dll
0x00007ffd2ff90000 - 0x00007ffd3012d000 	C:\Windows\System32\USER32.dll
0x00007ffd2f170000 - 0x00007ffd2f192000 	C:\Windows\System32\win32u.dll
0x00007ffd30370000 - 0x00007ffd3039b000 	C:\Windows\System32\GDI32.dll
0x00007ffd2f9e0000 - 0x00007ffd2faf9000 	C:\Windows\System32\gdi32full.dll
0x00007ffd2f940000 - 0x00007ffd2f9dd000 	C:\Windows\System32\msvcp_win.dll
0x00007ffd10a40000 - 0x00007ffd10cdb000 	C:\Windows\WinSxS\amd64_microsoft.windows.common-controls_6595b64144ccf1df_6.0.19041.6280_none_60bc30a171f2f3f3\COMCTL32.dll
0x00007ffd24800000 - 0x00007ffd2480a000 	C:\Windows\SYSTEM32\VERSION.dll
0x00007ffd055b0000 - 0x00007ffd05624000 	C:\Inetpub\ftproot\Tipray\LdTerm\LdSmartEnc64.dll
0x00007ffd26ad0000 - 0x00007ffd26adb000 	C:\Windows\SYSTEM32\FLTLIB.DLL
0x00007ffd31a60000 - 0x00007ffd31a8f000 	C:\Windows\System32\IMM32.DLL
0x00007ffd053d0000 - 0x00007ffd053ef000 	C:\Inetpub\ftproot\Tipray\LdTerm\HookCreateProcessInternal64.dll
0x00007ffd05380000 - 0x00007ffd053c8000 	C:\Inetpub\ftproot\Tipray\LdTerm\LdUserInjectDll64.dll
0x00007ffd05230000 - 0x00007ffd05258000 	C:\Inetpub\ftproot\Tipray\LdTerm\HookDataInteractionx64.dll
0x00007ffd04ba0000 - 0x00007ffd04e2a000 	C:\Inetpub\ftproot\Tipray\LdTerm\LdHook64.dll
0x00007ffd30620000 - 0x00007ffd3074b000 	C:\Windows\System32\ole32.dll
0x00007ffd31500000 - 0x00007ffd31853000 	C:\Windows\System32\combase.dll
0x00007ffd31420000 - 0x00007ffd31428000 	C:\Windows\System32\PSAPI.DLL
0x00007ffd05630000 - 0x00007ffd056d4000 	C:\Windows\SYSTEM32\WINSPOOL.DRV
0x00007ffd303a0000 - 0x00007ffd3044d000 	C:\Windows\System32\shcore.dll
0x00007ffd2e960000 - 0x00007ffd2e96c000 	C:\Windows\SYSTEM32\CRYPTBASE.DLL
0x00007ffd04750000 - 0x00007ffd04775000 	C:\Inetpub\ftproot\Tipray\LdTerm\ghhlp64.dll
0x00007ffcad010000 - 0x00007ffcad086000 	C:\Inetpub\ftproot\Tipray\LdTerm\MonFileOp64.dll
0x00007ffd30840000 - 0x00007ffd30fb0000 	C:\Windows\System32\SHELL32.dll
0x00007ffd314a0000 - 0x00007ffd314fb000 	C:\Windows\System32\SHLWAPI.dll
0x00007ffd26d70000 - 0x00007ffd26d8d000 	C:\Windows\SYSTEM32\MPR.dll
0x00007ffd2a130000 - 0x00007ffd2a13c000 	D:\JDK\bin\vcruntime140_1.dll
0x00007ffcd11d0000 - 0x00007ffcd15bc000 	C:\Inetpub\ftproot\Tipray\LdTerm\LdWaterMarkHook64.dll
0x00007ffd129a0000 - 0x00007ffd12b48000 	C:\Windows\WinSxS\amd64_microsoft.windows.gdiplus_6595b64144ccf1df_1.1.19041.6216_none_919f98d0cc8c5626\gdiplus.dll
0x00007ffce3fb0000 - 0x00007ffce403e000 	D:\JDK\bin\msvcp140.dll
0x00007ffc8a1d0000 - 0x00007ffc8adb0000 	D:\JDK\bin\server\jvm.dll
0x00007ffd2b5e0000 - 0x00007ffd2b607000 	C:\Windows\SYSTEM32\WINMM.dll
0x00007ffce1570000 - 0x00007ffce1579000 	C:\Windows\SYSTEM32\WSOCK32.dll
0x00007ffd31430000 - 0x00007ffd3149b000 	C:\Windows\System32\ws2_32.DLL
0x00007ffd10d50000 - 0x00007ffd10f17000 	C:\Inetpub\ftproot\Tipray\LdTerm\LdPrintMonitor64.dll
0x00007ffd2d790000 - 0x00007ffd2d7a2000 	C:\Windows\SYSTEM32\kernel.appcore.dll
0x00007ffd29cc0000 - 0x00007ffd29cca000 	D:\JDK\bin\jimage.dll
0x00007ffd2d2b0000 - 0x00007ffd2d4b1000 	C:\Windows\SYSTEM32\DBGHELP.DLL
0x00007ffd07960000 - 0x00007ffd07994000 	C:\Windows\SYSTEM32\dbgcore.DLL
0x00007ffd2f2a0000 - 0x00007ffd2f322000 	C:\Windows\System32\bcryptPrimitives.dll
0x00007ffd10930000 - 0x00007ffd10955000 	D:\JDK\bin\java.dll
0x00007ffce28f0000 - 0x00007ffce29c7000 	D:\JDK\bin\jsvml.dll
0x00007ffd2c190000 - 0x00007ffd2c935000 	C:\Windows\SYSTEM32\windows.storage.dll
0x00007ffd2e9f0000 - 0x00007ffd2ea1b000 	C:\Windows\SYSTEM32\Wldp.dll
0x00007ffd31930000 - 0x00007ffd319fd000 	C:\Windows\System32\OLEAUT32.dll
0x00007ffd2f0a0000 - 0x00007ffd2f0c4000 	C:\Windows\SYSTEM32\profapi.dll
0x00007ffd292b0000 - 0x00007ffd292c9000 	D:\JDK\bin\net.dll
0x00007ffd2ab40000 - 0x00007ffd2ac4a000 	C:\Windows\SYSTEM32\WINHTTP.dll
0x00007ffd2e7d0000 - 0x00007ffd2e83a000 	C:\Windows\system32\mswsock.dll
0x00007ffd11220000 - 0x00007ffd11236000 	D:\JDK\bin\nio.dll
0x00007ffd104d0000 - 0x00007ffd104e8000 	D:\JDK\bin\zip.dll
0x00007ffd29cb0000 - 0x00007ffd29cbe000 	D:\JDK\bin\sunmscapi.dll
0x00007ffd2f330000 - 0x00007ffd2f48d000 	C:\Windows\System32\CRYPT32.dll
0x00007ffd2eba0000 - 0x00007ffd2ebc7000 	C:\Windows\SYSTEM32\ncrypt.dll
0x00007ffd2eb60000 - 0x00007ffd2eb9b000 	C:\Windows\SYSTEM32\NTASN1.dll
0x00007ffd29640000 - 0x00007ffd2964a000 	D:\JDK\bin\management.dll
0x00007ffd28170000 - 0x00007ffd2817b000 	D:\JDK\bin\management_ext.dll
0x00007ffcfcec0000 - 0x00007ffcfced7000 	C:\Windows\system32\napinsp.dll
0x00007ffcfcea0000 - 0x00007ffcfcebb000 	C:\Windows\system32\pnrpnsp.dll
0x00007ffcfcb40000 - 0x00007ffcfcb5d000 	C:\Windows\system32\wshbth.dll
0x00007ffd2ab20000 - 0x00007ffd2ab3d000 	C:\Windows\system32\NLAapi.dll
0x00007ffd2e4d0000 - 0x00007ffd2e50b000 	C:\Windows\SYSTEM32\IPHLPAPI.DLL
0x00007ffd2e510000 - 0x00007ffd2e5da000 	C:\Windows\SYSTEM32\DNSAPI.dll
0x00007ffd2fd40000 - 0x00007ffd2fd48000 	C:\Windows\System32\NSI.dll
0x00007ffcfca50000 - 0x00007ffcfca62000 	C:\Windows\System32\winrnr.dll
0x00007ffd2a380000 - 0x00007ffd2a38a000 	C:\Windows\System32\rasadhlp.dll
0x00007ffd2a800000 - 0x00007ffd2a880000 	C:\Windows\System32\fwpuclnt.dll

dbghelp: loaded successfully - version: 4.0.5 - missing functions: none
symbol engine: initialized successfully - sym options: 0x614 - pdb path: .;D:\JDK\bin;C:\Windows\SYSTEM32;C:\InetPub\ftproot\Tipray\Ldterm;C:\Windows\WinSxS\amd64_microsoft.windows.common-controls_6595b64144ccf1df_6.0.19041.6280_none_60bc30a171f2f3f3;C:\Windows\WinSxS\amd64_microsoft.windows.gdiplus_6595b64144ccf1df_1.1.19041.6216_none_919f98d0cc8c5626;D:\JDK\bin\server

VM Arguments:
java_command: E:\command-line-tools\sdk\default\openharmony\toolchains\lib\hap-sign-tool.jar sign-app -mode localSign -keystoreFile C:\Users\AI008\.ohos\config\default_my_-harmony-master_1V8hOf65nuchsZenh4-sAEUYSHK5dPm45Zy5sDU6aOk=.p12 -keystorePwd Cqdc3jQaG5c -keyAlias debugKey -keyPwd Cqdc3jQaG5c -signAlg SHA256withECDSA -profileFile C:\Users\AI008\.ohos\config\default_my_-harmony-master_1V8hOf65nuchsZenh4-sAEUYSHK5dPm45Zy5sDU6aOk=.p7b -appCertFile C:\Users\AI008\.ohos\config\default_my_-harmony-master_1V8hOf65nuchsZenh4-sAEUYSHK5dPm45Zy5sDU6aOk=.cer -inFile C:\Users\AI008\Desktop\my_-harmony-master\entry\build\default\outputs\default\entry-default-unsigned.hap -outFile C:\Users\AI008\Desktop\my_-harmony-master\entry\build\default\outputs\default\entry-default-signed.hap
java_class_path (initial): E:\command-line-tools\sdk\default\openharmony\toolchains\lib\hap-sign-tool.jar
Launcher Type: SUN_STANDARD

[Global flags]
     intx CICompilerCount                          = 12                                        {product} {ergonomic}
     uint ConcGCThreads                            = 3                                         {product} {ergonomic}
     uint G1ConcRefinementThreads                  = 13                                        {product} {ergonomic}
   size_t G1HeapRegionSize                         = 2097152                                   {product} {ergonomic}
    uintx GCDrainStackTargetSize                   = 64                                        {product} {ergonomic}
   size_t InitialHeapSize                          = 264241152                                 {product} {ergonomic}
   size_t MarkStackSize                            = 4194304                                   {product} {ergonomic}
   size_t MaxHeapSize                              = 4200595456                                {product} {ergonomic}
   size_t MaxNewSize                               = 2518679552                                {product} {ergonomic}
   size_t MinHeapDeltaBytes                        = 2097152                                   {product} {ergonomic}
   size_t MinHeapSize                              = 8388608                                   {product} {ergonomic}
    uintx NonNMethodCodeHeapSize                   = 7602480                                {pd product} {ergonomic}
    uintx NonProfiledCodeHeapSize                  = 122027880                              {pd product} {ergonomic}
    uintx ProfiledCodeHeapSize                     = 122027880                              {pd product} {ergonomic}
    uintx ReservedCodeCacheSize                    = 251658240                              {pd product} {ergonomic}
     bool SegmentedCodeCache                       = true                                      {product} {ergonomic}
   size_t SoftMaxHeapSize                          = 4200595456                             {manageable} {ergonomic}
     bool UseCompressedClassPointers               = true                           {product lp64_product} {ergonomic}
     bool UseCompressedOops                        = true                           {product lp64_product} {ergonomic}
     bool UseG1GC                                  = true                                      {product} {ergonomic}
     bool UseLargePagesIndividualAllocation        = false                                  {pd product} {ergonomic}

Logging:
Log output configuration:
 #0: stdout all=warning uptime,level,tags
 #1: stderr all=off uptime,level,tags

Environment Variables:
PATH=E:\command-line-tools\tool\node;C:\Program Files\PowerShell\7;C:\Python313\Scripts\;C:\Python313\;C:\Program Files\Common Files\Oracle\Java\javapath;C:\Users\AI008\AppData\Local\Android\Sdk\emulator;C:\Users\AI008\AppData\Local\Android\Sdk\tools;C:\Users\AI008\AppData\Local\Android\Sdk\bin;C:\Users\AI008\AppData\Local\Android\Sdk\platform-tools;D:\VMware\bin\;C:\Windows\system32;C:\Windows;C:\Windows\System32\Wbem;C:\Windows\System32\WindowsPowerShell\v1.0\;C:\Windows\System32\OpenSSH\;C:\Program Files (x86)\Microsoft VS Code\bin;D:\mingw64\bin;D:\Git\cmd;D:\JDK\bin;C:\Program Files\Go\bin;E:\New Folder\;C:\ProgramData\chocolatey\bin;C:\Users\AI008\.cargo\bin;E:\OpenSSL-Win64\bin;E:\nvm;E:\nodejs;C:\Users\AI008\npm-global;C:\Program Files (x86)\Windows Kits\10\Windows Performance Toolkit\;C:\Program Files\PowerShell\7\;D:\New Folder\bin;C:\Users\AI008\AppData\Local\Programs\Python\Python38\Scripts\;C:\Users\AI008\AppData\Local\Programs\Python\Python38\;C:\Python313\Scripts\;C:\Python313\;C:\Program Files\Common Files\Oracle\Java\javapath;C:\Users\AI008\AppData\Local\Android\Sdk\emulator;C:\Users\AI008\AppData\Local\Android\Sdk\tools;C:\Users\AI008\AppData\Local\Android\Sdk\bin;C:\Users\AI008\AppData\Local\Android\Sdk\platform-tools;D:\VMware\bin\;C:\Windows\system32;C:\Windows;C:\Windows\System32\Wbem;C:\Windows\System32\WindowsPowerShell\v1.0\;C:\Windows\System32\OpenSSH\;C:\Program Files (x86)\Microsoft VS Code\bin;D:\mingw64\bin;D:\Git\cmd;D:\JDK\bin;C:\Program Files\Go\bin;E:\New Folder\;C:\ProgramData\chocolatey\bin;C:\Users\AI008\.cargo\bin;E:\OpenSSL-Win64\bin;E:\nvm;E:\nodejs;C:\Users\AI008\AppData\Local\Programs\Python\Python38\Scripts\;C:\Users\AI008\AppData\Local\Programs\Python\Python38\;D:\cursor\resources\app\bin;E:\command-line-tools\bin;E:\huawei\DevEco Studio\bin;C:\Users\AI008\AppData\Local\OpenHarmony\Sdk\15\toolchains;D:\Microsoft VS Code\bin;E:\nvm;E:\nodejs;D:\cursor\resources\app\bin;E:\command-line-tools\bin;E:\huawei\DevEco Studio\bin;E:\O
USERNAME=AI008
OS=Windows_NT
PROCESSOR_IDENTIFIER=Intel64 Family 6 Model 186 Stepping 2, GenuineIntel



---------------  S Y S T E M  ---------------

OS:
 Windows 10 , 64 bit Build 19041 (10.0.19041.5915)
OS uptime: 2 days 2:45 hours
Hyper-V role detected

CPU: total 16 (initial active 16) (8 cores per cpu, 2 threads per core) family 6 model 186 stepping 2 microcode 0x4128, cx8, cmov, fxsr, ht, mmx, 3dnowpref, sse, sse2, sse3, ssse3, sse4.1, sse4.2, popcnt, lzcnt, tsc, tscinvbit, avx, avx2, aes, erms, clmul, bmi1, bmi2, adx, sha, fma, vzeroupper, clflush, clflushopt, clwb, hv

Memory: 4k page, system-wide physical 16016M (1846M free)
TotalPageFile size 35088M (AvailPageFile size 364M)
current process WorkingSet (physical memory assigned to process): 320M, peak: 327M
current process commit charge ("private bytes"): 910M, peak: 1490M

vm_info: Java HotSpot(TM) 64-Bit Server VM (17.0.12+8-LTS-286) for windows-amd64 JRE (17.0.12+8-LTS-286), built on Jun  5 2024 06:46:59 by "mach5one" with MS VC++ 17.6 (VS2022)

END.
