#
# There is insufficient memory for the Java Runtime Environment to continue.
# Native memory allocation (mmap) failed to map 505413632 bytes for G1 virtual space
# Possible reasons:
#   The system is out of physical RAM or swap space
#   The process is running with CompressedOops enabled, and the Java Heap may be blocking the growth of the native heap
# Possible solutions:
#   Reduce memory load on the system
#   Increase physical memory or swap space
#   Check if swap backing store is full
#   Decrease Java heap size (-Xmx/-Xms)
#   Decrease number of Java threads
#   Decrease Java thread stack sizes (-Xss)
#   Set larger code cache with -XX:ReservedCodeCacheSize=
#   JVM is running with Zero Based Compressed Oops mode in which the Java heap is
#     placed in the first 32GB address space. The Java Heap base address is the
#     maximum limit for the native heap growth. Please use -XX:HeapBaseMinAddress
#     to set the Java Heap base and to place the Java Heap above 32GB virtual address.
# This output file may be truncated or incomplete.
#
#  Out of Memory Error (os_windows.cpp:3548), pid=12664, tid=9336
#
# JRE version: Java(TM) SE Runtime Environment (17.0.12+8) (build 17.0.12+8-LTS-286)
# Java VM: Java HotSpot(TM) 64-Bit Server VM (17.0.12+8-LTS-286, mixed mode, sharing, tiered, compressed oops, compressed class ptrs, g1 gc, windows-amd64)
# No core dump will be written. Minidumps are not enabled by default on client versions of Windows
#

---------------  S U M M A R Y ------------

Command Line: E:\command-line-tools\sdk\default\openharmony\toolchains\lib\hap-sign-tool.jar sign-app -mode localSign -keystoreFile C:\Users\AI008\.ohos\config\default_my_-harmony-master_1V8hOf65nuchsZenh4-sAEUYSHK5dPm45Zy5sDU6aOk=.p12 -keystorePwd Cqdc3jQaG5c -keyAlias debugKey -keyPwd Cqdc3jQaG5c -signAlg SHA256withECDSA -profileFile C:\Users\AI008\.ohos\config\default_my_-harmony-master_1V8hOf65nuchsZenh4-sAEUYSHK5dPm45Zy5sDU6aOk=.p7b -appCertFile C:\Users\AI008\.ohos\config\default_my_-harmony-master_1V8hOf65nuchsZenh4-sAEUYSHK5dPm45Zy5sDU6aOk=.cer -inFile C:\Users\AI008\Desktop\my_-harmony-master\entry\build\default\outputs\default\entry-default-unsigned.hap -outFile C:\Users\AI008\Desktop\my_-harmony-master\entry\build\default\outputs\default\entry-default-signed.hap

Host: 13th Gen Intel(R) Core(TM) i5-1340P, 16 cores, 15G,  Windows 10 , 64 bit Build 19041 (10.0.19041.5915)
Time: Wed Oct 15 11:18:38 2025  Windows 10 , 64 bit Build 19041 (10.0.19041.5915) elapsed time: 1.510507 seconds (0d 0h 0m 1s)

---------------  T H R E A D  ---------------

Current thread (0x0000017da0fbbca0):  VMThread "VM Thread" [stack: 0x0000000c6de00000,0x0000000c6df00000] [id=9336]

Stack: [0x0000000c6de00000,0x0000000c6df00000]
Native frames: (J=compiled Java code, j=interpreted, Vv=VM code, C=native code)
V  [jvm.dll+0x67a04a]
V  [jvm.dll+0x7da4ed]
V  [jvm.dll+0x7dbe33]
V  [jvm.dll+0x7dc4a3]
V  [jvm.dll+0x24508f]
V  [jvm.dll+0x677089]
V  [jvm.dll+0x66bd32]
V  [jvm.dll+0x301fa6]
V  [jvm.dll+0x309546]
V  [jvm.dll+0x359d2e]
V  [jvm.dll+0x359f5f]
V  [jvm.dll+0x2d9078]
V  [jvm.dll+0x2d74ad]
V  [jvm.dll+0x2d6afc]
V  [jvm.dll+0x31a981]
V  [jvm.dll+0x7e0d9b]
V  [jvm.dll+0x7e1ad4]
V  [jvm.dll+0x7e1fed]
V  [jvm.dll+0x7e23c4]
V  [jvm.dll+0x7e2490]
V  [jvm.dll+0x78abea]
V  [jvm.dll+0x678f35]
C  [ucrtbase.dll+0x21bb2]
C  [KERNEL32.DLL+0x17374]
C  [ntdll.dll+0x4cc91]

VM_Operation (0x0000000c6d8fe2d8): G1TryInitiateConcMark, mode: safepoint, requested by thread 0x0000017df8db9e00


---------------  P R O C E S S  ---------------

Threads class SMR info:
_java_thread_list=0x0000017df3757b80, length=22, elements={
0x0000017df8db9e00, 0x0000017dad3b71d0, 0x0000017dad3b92c0, 0x0000017dad3dd260,
0x0000017dad3cc8f0, 0x0000017dad3cf400, 0x0000017dad3d04f0, 0x0000017dad3d10f0,
0x0000017dad3d1cc0, 0x0000017dad3d25d0, 0x0000017dad3d8af0, 0x0000017dad54de80,
0x0000017dad556be0, 0x0000017dad59eee0, 0x0000017dad5a19f0, 0x0000017dad6c4a80,
0x0000017df354a260, 0x0000017df3ec0160, 0x0000017df358bf60, 0x0000017df3f396d0,
0x0000017df3f39bf0, 0x0000017df3ef2320
}

Java Threads: ( => current thread )
  0x0000017df8db9e00 JavaThread "main" [_thread_blocked, id=16024, stack(0x0000000c6d800000,0x0000000c6d900000)]
  0x0000017dad3b71d0 JavaThread "Reference Handler" daemon [_thread_blocked, id=26888, stack(0x0000000c6df00000,0x0000000c6e000000)]
  0x0000017dad3b92c0 JavaThread "Finalizer" daemon [_thread_blocked, id=22312, stack(0x0000000c6e000000,0x0000000c6e100000)]
  0x0000017dad3dd260 JavaThread "Signal Dispatcher" daemon [_thread_blocked, id=27724, stack(0x0000000c6e100000,0x0000000c6e200000)]
  0x0000017dad3cc8f0 JavaThread "Attach Listener" daemon [_thread_blocked, id=25028, stack(0x0000000c6e200000,0x0000000c6e300000)]
  0x0000017dad3cf400 JavaThread "Service Thread" daemon [_thread_blocked, id=27832, stack(0x0000000c6e300000,0x0000000c6e400000)]
  0x0000017dad3d04f0 JavaThread "Monitor Deflation Thread" daemon [_thread_blocked, id=3416, stack(0x0000000c6e400000,0x0000000c6e500000)]
  0x0000017dad3d10f0 JavaThread "C2 CompilerThread0" daemon [_thread_blocked, id=13328, stack(0x0000000c6e500000,0x0000000c6e600000)]
  0x0000017dad3d1cc0 JavaThread "C1 CompilerThread0" daemon [_thread_blocked, id=14588, stack(0x0000000c6e600000,0x0000000c6e700000)]
  0x0000017dad3d25d0 JavaThread "Sweeper thread" daemon [_thread_blocked, id=27980, stack(0x0000000c6e700000,0x0000000c6e800000)]
  0x0000017dad3d8af0 JavaThread "C1 CompilerThread1" daemon [_thread_blocked, id=18944, stack(0x0000000c6e800000,0x0000000c6e900000)]
  0x0000017dad54de80 JavaThread "Notification Thread" daemon [_thread_blocked, id=5328, stack(0x0000000c6e900000,0x0000000c6ea00000)]
  0x0000017dad556be0 JavaThread "Common-Cleaner" daemon [_thread_blocked, id=24308, stack(0x0000000c6eb00000,0x0000000c6ec00000)]
  0x0000017dad59eee0 JavaThread "C1 CompilerThread2" daemon [_thread_blocked, id=21616, stack(0x0000000c6ec00000,0x0000000c6ed00000)]
  0x0000017dad5a19f0 JavaThread "C2 CompilerThread1" daemon [_thread_blocked, id=11768, stack(0x0000000c6ed00000,0x0000000c6ee00000)]
  0x0000017dad6c4a80 JavaThread "C1 CompilerThread3" daemon [_thread_blocked, id=23976, stack(0x0000000c6ee00000,0x0000000c6ef00000)]
  0x0000017df354a260 JavaThread "C2 CompilerThread2" daemon [_thread_blocked, id=27628, stack(0x0000000c6fa00000,0x0000000c6fb00000)]
  0x0000017df3ec0160 JavaThread "C2 CompilerThread3" daemon [_thread_blocked, id=18772, stack(0x0000000c6fb00000,0x0000000c6fc00000)]
  0x0000017df358bf60 JavaThread "C2 CompilerThread4" daemon [_thread_blocked, id=27812, stack(0x0000000c6fc00000,0x0000000c6fd00000)]
  0x0000017df3f396d0 JavaThread "C2 CompilerThread5" daemon [_thread_blocked, id=15748, stack(0x0000000c6fd00000,0x0000000c6fe00000)]
  0x0000017df3f39bf0 JavaThread "C2 CompilerThread6" daemon [_thread_blocked, id=20124, stack(0x0000000c6fe00000,0x0000000c6ff00000)]
  0x0000017df3ef2320 JavaThread "C2 CompilerThread7" daemon [_thread_blocked, id=26276, stack(0x0000000c6ff00000,0x0000000c70000000)]

Other Threads:
=>0x0000017da0fbbca0 VMThread "VM Thread" [stack: 0x0000000c6de00000,0x0000000c6df00000] [id=9336]
  0x0000017dad552790 WatcherThread [stack: 0x0000000c6ea00000,0x0000000c6eb00000] [id=21996]
  0x0000017da0e00a20 GCTaskThread "GC Thread#0" [stack: 0x0000000c6d900000,0x0000000c6da00000] [id=16008]
  0x0000017df33f8a50 GCTaskThread "GC Thread#1" [stack: 0x0000000c6ef00000,0x0000000c6f000000] [id=24416]
  0x0000017df33f8d10 GCTaskThread "GC Thread#2" [stack: 0x0000000c6f000000,0x0000000c6f100000] [id=7936]
  0x0000017df341fb50 GCTaskThread "GC Thread#3" [stack: 0x0000000c6f100000,0x0000000c6f200000] [id=20544]
  0x0000017df341fe10 GCTaskThread "GC Thread#4" [stack: 0x0000000c6f200000,0x0000000c6f300000] [id=19812]
  0x0000017df346a460 GCTaskThread "GC Thread#5" [stack: 0x0000000c6f300000,0x0000000c6f400000] [id=28012]
  0x0000017df3495d10 GCTaskThread "GC Thread#6" [stack: 0x0000000c6f400000,0x0000000c6f500000] [id=24108]
  0x0000017df3496290 GCTaskThread "GC Thread#7" [stack: 0x0000000c6f500000,0x0000000c6f600000] [id=25016]
  0x0000017df3494f50 GCTaskThread "GC Thread#8" [stack: 0x0000000c6f600000,0x0000000c6f700000] [id=21060]
  0x0000017df3495790 GCTaskThread "GC Thread#9" [stack: 0x0000000c6f700000,0x0000000c6f800000] [id=28320]
  0x0000017df3495210 GCTaskThread "GC Thread#10" [stack: 0x0000000c6f800000,0x0000000c6f900000] [id=9220]
  0x0000017df3495a50 GCTaskThread "GC Thread#11" [stack: 0x0000000c6f900000,0x0000000c6fa00000] [id=28344]
  0x0000017df3495fd0 GCTaskThread "GC Thread#12" [stack: 0x0000000c70000000,0x0000000c70100000] [id=24896]
  0x0000017da0e08b20 ConcurrentGCThread "G1 Main Marker" [stack: 0x0000000c6da00000,0x0000000c6db00000] [id=26960]
  0x0000017d89d4d720 ConcurrentGCThread "G1 Conc#0" [stack: 0x0000000c6db00000,0x0000000c6dc00000] [id=27340]
  0x0000017da0ef4c20 ConcurrentGCThread "G1 Refine#0" [stack: 0x0000000c6dc00000,0x0000000c6dd00000] [id=20024]
  0x0000017da0ef5400 ConcurrentGCThread "G1 Service" [stack: 0x0000000c6dd00000,0x0000000c6de00000] [id=5364]

Threads with active compile tasks:
C2 CompilerThread5     1555 1714       4       java.security.Provider::parseLegacyPut (434 bytes)

VM state: at safepoint (normal execution)

VM Mutex/Monitor currently owned by a thread:  ([mutex/lock_event])
[0x0000017d89d17b70] Threads_lock - owner thread: 0x0000017da0fbbca0
[0x0000017d89d17db0] Heap_lock - owner thread: 0x0000017df8db9e00

Heap address: 0x0000000705a00000, size: 4006 MB, Compressed Oops mode: Zero based, Oop shift amount: 3

CDS archive(s) mapped at: [0x0000017dae000000-0x0000017daebd0000-0x0000017daebd0000), size 12386304, SharedBaseAddress: 0x0000017dae000000, ArchiveRelocationMode: 1.
Compressed class space mapped at: 0x0000017daf000000-0x0000017def000000, reserved size: 1073741824
Narrow klass base: 0x0000017dae000000, Narrow klass shift: 0, Narrow klass range: 0x100000000

GC Precious Log:
 CPUs: 16 total, 16 available
 Memory: 16016M
 Large Page Support: Disabled
 NUMA Support: Disabled
 Compressed Oops: Enabled (Zero based)
 Heap Region Size: 2M
 Heap Min Capacity: 8M
 Heap Initial Capacity: 252M
 Heap Max Capacity: 4006M
 Pre-touch: Disabled
 Parallel Workers: 13
 Concurrent Workers: 3
 Concurrent Refinement Workers: 13
 Periodic GC: Disabled

Heap:
 garbage-first heap   total 493568K, used 9890K [0x0000000705a00000, 0x0000000800000000)
  region size 2048K, 3 young (6144K), 3 survivors (6144K)
 Metaspace       used 12806K, committed 13056K, reserved 1114112K
  class space    used 1594K, committed 1728K, reserved 1048576K

Heap Regions: E=young(eden), S=young(survivor), O=old, HS=humongous(starts), HC=humongous(continues), CS=collection set, F=free, OA=open archive, CA=closed archive, TAMS=top-at-mark-start (previous, next)
|   0|0x0000000705a00000, 0x0000000705c00000, 0x0000000705c00000|100%| O|  |TAMS 0x0000000705a00000, 0x0000000705c00000| Untracked 
|   1|0x0000000705c00000, 0x0000000705e00000, 0x0000000705e00000|100%| O|  |TAMS 0x0000000705c00000, 0x0000000705e00000| Untracked 
|   2|0x0000000705e00000, 0x0000000705f4ca00, 0x0000000706000000| 64%| O|  |TAMS 0x0000000705e00000, 0x0000000705f4ca00| Untracked 
|   3|0x0000000706000000, 0x0000000706000000, 0x0000000706200000|  0%| F|  |TAMS 0x0000000706000000, 0x0000000706000000| Untracked 
|   4|0x0000000706200000, 0x0000000706200000, 0x0000000706400000|  0%| F|  |TAMS 0x0000000706200000, 0x0000000706200000| Untracked 
|   5|0x0000000706400000, 0x0000000706400000, 0x0000000706600000|  0%| F|  |TAMS 0x0000000706400000, 0x0000000706400000| Untracked 
|   6|0x0000000706600000, 0x0000000706600000, 0x0000000706800000|  0%| F|  |TAMS 0x0000000706600000, 0x0000000706600000| Untracked 
|   7|0x0000000706800000, 0x0000000706800000, 0x0000000706a00000|  0%| F|  |TAMS 0x0000000706800000, 0x0000000706800000| Untracked 
|   8|0x0000000706a00000, 0x0000000706a00000, 0x0000000706c00000|  0%| F|  |TAMS 0x0000000706a00000, 0x0000000706a00000| Untracked 
|   9|0x0000000706c00000, 0x0000000706c00000, 0x0000000706e00000|  0%| F|  |TAMS 0x0000000706c00000, 0x0000000706c00000| Untracked 
|  10|0x0000000706e00000, 0x0000000706e00000, 0x0000000707000000|  0%| F|  |TAMS 0x0000000706e00000, 0x0000000706e00000| Untracked 
|  11|0x0000000707000000, 0x0000000707000000, 0x0000000707200000|  0%| F|  |TAMS 0x0000000707000000, 0x0000000707000000| Untracked 
|  12|0x0000000707200000, 0x0000000707200000, 0x0000000707400000|  0%| F|  |TAMS 0x0000000707200000, 0x0000000707200000| Untracked 
|  13|0x0000000707400000, 0x0000000707400000, 0x0000000707600000|  0%| F|  |TAMS 0x0000000707400000, 0x0000000707400000| Untracked 
|  14|0x0000000707600000, 0x0000000707600000, 0x0000000707800000|  0%| F|  |TAMS 0x0000000707600000, 0x0000000707600000| Untracked 
|  15|0x0000000707800000, 0x0000000707800000, 0x0000000707a00000|  0%| F|  |TAMS 0x0000000707800000, 0x0000000707800000| Untracked 
|  16|0x0000000707a00000, 0x0000000707a00000, 0x0000000707c00000|  0%| F|  |TAMS 0x0000000707a00000, 0x0000000707a00000| Untracked 
|  17|0x0000000707c00000, 0x0000000707c00000, 0x0000000707e00000|  0%| F|  |TAMS 0x0000000707c00000, 0x0000000707c00000| Untracked 
|  18|0x0000000707e00000, 0x0000000707e00000, 0x0000000708000000|  0%| F|  |TAMS 0x0000000707e00000, 0x0000000707e00000| Untracked 
|  19|0x0000000708000000, 0x0000000708000000, 0x0000000708200000|  0%| F|  |TAMS 0x0000000708000000, 0x0000000708000000| Untracked 
|  20|0x0000000708200000, 0x0000000708200000, 0x0000000708400000|  0%| F|  |TAMS 0x0000000708200000, 0x0000000708200000| Untracked 
|  21|0x0000000708400000, 0x0000000708400000, 0x0000000708600000|  0%| F|  |TAMS 0x0000000708400000, 0x0000000708400000| Untracked 
|  22|0x0000000708600000, 0x0000000708600000, 0x0000000708800000|  0%| F|  |TAMS 0x0000000708600000, 0x0000000708600000| Untracked 
|  23|0x0000000708800000, 0x0000000708800000, 0x0000000708a00000|  0%| F|  |TAMS 0x0000000708800000, 0x0000000708800000| Untracked 
|  24|0x0000000708a00000, 0x0000000708a00000, 0x0000000708c00000|  0%| F|  |TAMS 0x0000000708a00000, 0x0000000708a00000| Untracked 
|  25|0x0000000708c00000, 0x0000000708c00000, 0x0000000708e00000|  0%| F|  |TAMS 0x0000000708c00000, 0x0000000708c00000| Untracked 
|  26|0x0000000708e00000, 0x0000000708e00000, 0x0000000709000000|  0%| F|  |TAMS 0x0000000708e00000, 0x0000000708e00000| Untracked 
|  27|0x0000000709000000, 0x0000000709000000, 0x0000000709200000|  0%| F|  |TAMS 0x0000000709000000, 0x0000000709000000| Untracked 
|  28|0x0000000709200000, 0x0000000709200000, 0x0000000709400000|  0%| F|  |TAMS 0x0000000709200000, 0x0000000709200000| Untracked 
|  29|0x0000000709400000, 0x0000000709400000, 0x0000000709600000|  0%| F|  |TAMS 0x0000000709400000, 0x0000000709400000| Untracked 
|  30|0x0000000709600000, 0x0000000709600000, 0x0000000709800000|  0%| F|  |TAMS 0x0000000709600000, 0x0000000709600000| Untracked 
|  31|0x0000000709800000, 0x0000000709800000, 0x0000000709a00000|  0%| F|  |TAMS 0x0000000709800000, 0x0000000709800000| Untracked 
|  32|0x0000000709a00000, 0x0000000709a00000, 0x0000000709c00000|  0%| F|  |TAMS 0x0000000709a00000, 0x0000000709a00000| Untracked 
|  33|0x0000000709c00000, 0x0000000709c00000, 0x0000000709e00000|  0%| F|  |TAMS 0x0000000709c00000, 0x0000000709c00000| Untracked 
|  34|0x0000000709e00000, 0x0000000709e00000, 0x000000070a000000|  0%| F|  |TAMS 0x0000000709e00000, 0x0000000709e00000| Untracked 
|  35|0x000000070a000000, 0x000000070a000000, 0x000000070a200000|  0%| F|  |TAMS 0x000000070a000000, 0x000000070a000000| Untracked 
|  36|0x000000070a200000, 0x000000070a200000, 0x000000070a400000|  0%| F|  |TAMS 0x000000070a200000, 0x000000070a200000| Untracked 
|  37|0x000000070a400000, 0x000000070a400000, 0x000000070a600000|  0%| F|  |TAMS 0x000000070a400000, 0x000000070a400000| Untracked 
|  38|0x000000070a600000, 0x000000070a600000, 0x000000070a800000|  0%| F|  |TAMS 0x000000070a600000, 0x000000070a600000| Untracked 
|  39|0x000000070a800000, 0x000000070a800000, 0x000000070aa00000|  0%| F|  |TAMS 0x000000070a800000, 0x000000070a800000| Untracked 
|  40|0x000000070aa00000, 0x000000070aa00000, 0x000000070ac00000|  0%| F|  |TAMS 0x000000070aa00000, 0x000000070aa00000| Untracked 
|  41|0x000000070ac00000, 0x000000070ac00000, 0x000000070ae00000|  0%| F|  |TAMS 0x000000070ac00000, 0x000000070ac00000| Untracked 
|  42|0x000000070ae00000, 0x000000070ae00000, 0x000000070b000000|  0%| F|  |TAMS 0x000000070ae00000, 0x000000070ae00000| Untracked 
|  43|0x000000070b000000, 0x000000070b000000, 0x000000070b200000|  0%| F|  |TAMS 0x000000070b000000, 0x000000070b000000| Untracked 
|  44|0x000000070b200000, 0x000000070b200000, 0x000000070b400000|  0%| F|  |TAMS 0x000000070b200000, 0x000000070b200000| Untracked 
|  45|0x000000070b400000, 0x000000070b400000, 0x000000070b600000|  0%| F|  |TAMS 0x000000070b400000, 0x000000070b400000| Untracked 
|  46|0x000000070b600000, 0x000000070b600000, 0x000000070b800000|  0%| F|  |TAMS 0x000000070b600000, 0x000000070b600000| Untracked 
|  47|0x000000070b800000, 0x000000070b800000, 0x000000070ba00000|  0%| F|  |TAMS 0x000000070b800000, 0x000000070b800000| Untracked 
|  48|0x000000070ba00000, 0x000000070ba00000, 0x000000070bc00000|  0%| F|  |TAMS 0x000000070ba00000, 0x000000070ba00000| Untracked 
|  49|0x000000070bc00000, 0x000000070bc00000, 0x000000070be00000|  0%| F|  |TAMS 0x000000070bc00000, 0x000000070bc00000| Untracked 
|  50|0x000000070be00000, 0x000000070be00000, 0x000000070c000000|  0%| F|  |TAMS 0x000000070be00000, 0x000000070be00000| Untracked 
|  51|0x000000070c000000, 0x000000070c000000, 0x000000070c200000|  0%| F|  |TAMS 0x000000070c000000, 0x000000070c000000| Untracked 
|  52|0x000000070c200000, 0x000000070c200000, 0x000000070c400000|  0%| F|  |TAMS 0x000000070c200000, 0x000000070c200000| Untracked 
|  53|0x000000070c400000, 0x000000070c400000, 0x000000070c600000|  0%| F|  |TAMS 0x000000070c400000, 0x000000070c400000| Untracked 
|  54|0x000000070c600000, 0x000000070c600000, 0x000000070c800000|  0%| F|  |TAMS 0x000000070c600000, 0x000000070c600000| Untracked 
|  55|0x000000070c800000, 0x000000070c800000, 0x000000070ca00000|  0%| F|  |TAMS 0x000000070c800000, 0x000000070c800000| Untracked 
|  56|0x000000070ca00000, 0x000000070ca00000, 0x000000070cc00000|  0%| F|  |TAMS 0x000000070ca00000, 0x000000070ca00000| Untracked 
|  57|0x000000070cc00000, 0x000000070cc00000, 0x000000070ce00000|  0%| F|  |TAMS 0x000000070cc00000, 0x000000070cc00000| Untracked 
|  58|0x000000070ce00000, 0x000000070ce00000, 0x000000070d000000|  0%| F|  |TAMS 0x000000070ce00000, 0x000000070ce00000| Untracked 
|  59|0x000000070d000000, 0x000000070d000000, 0x000000070d200000|  0%| F|  |TAMS 0x000000070d000000, 0x000000070d000000| Untracked 
|  60|0x000000070d200000, 0x000000070d200000, 0x000000070d400000|  0%| F|  |TAMS 0x000000070d200000, 0x000000070d200000| Untracked 
|  61|0x000000070d400000, 0x000000070d400000, 0x000000070d600000|  0%| F|  |TAMS 0x000000070d400000, 0x000000070d400000| Untracked 
|  62|0x000000070d600000, 0x000000070d600000, 0x000000070d800000|  0%| F|  |TAMS 0x000000070d600000, 0x000000070d600000| Untracked 
|  63|0x000000070d800000, 0x000000070d800000, 0x000000070da00000|  0%| F|  |TAMS 0x000000070d800000, 0x000000070d800000| Untracked 
|  64|0x000000070da00000, 0x000000070da00000, 0x000000070dc00000|  0%| F|  |TAMS 0x000000070da00000, 0x000000070da00000| Untracked 
|  65|0x000000070dc00000, 0x000000070dc00000, 0x000000070de00000|  0%| F|  |TAMS 0x000000070dc00000, 0x000000070dc00000| Untracked 
|  66|0x000000070de00000, 0x000000070de00000, 0x000000070e000000|  0%| F|  |TAMS 0x000000070de00000, 0x000000070de00000| Untracked 
|  67|0x000000070e000000, 0x000000070e000000, 0x000000070e200000|  0%| F|  |TAMS 0x000000070e000000, 0x000000070e000000| Untracked 
|  68|0x000000070e200000, 0x000000070e200000, 0x000000070e400000|  0%| F|  |TAMS 0x000000070e200000, 0x000000070e200000| Untracked 
|  69|0x000000070e400000, 0x000000070e400000, 0x000000070e600000|  0%| F|  |TAMS 0x000000070e400000, 0x000000070e400000| Untracked 
|  70|0x000000070e600000, 0x000000070e600000, 0x000000070e800000|  0%| F|  |TAMS 0x000000070e600000, 0x000000070e600000| Untracked 
|  71|0x000000070e800000, 0x000000070e800000, 0x000000070ea00000|  0%| F|  |TAMS 0x000000070e800000, 0x000000070e800000| Untracked 
|  72|0x000000070ea00000, 0x000000070ea00000, 0x000000070ec00000|  0%| F|  |TAMS 0x000000070ea00000, 0x000000070ea00000| Untracked 
|  73|0x000000070ec00000, 0x000000070ec00000, 0x000000070ee00000|  0%| F|  |TAMS 0x000000070ec00000, 0x000000070ec00000| Untracked 
|  74|0x000000070ee00000, 0x000000070ee00000, 0x000000070f000000|  0%| F|  |TAMS 0x000000070ee00000, 0x000000070ee00000| Untracked 
|  75|0x000000070f000000, 0x000000070f000000, 0x000000070f200000|  0%| F|  |TAMS 0x000000070f000000, 0x000000070f000000| Untracked 
|  76|0x000000070f200000, 0x000000070f200000, 0x000000070f400000|  0%| F|  |TAMS 0x000000070f200000, 0x000000070f200000| Untracked 
|  77|0x000000070f400000, 0x000000070f400000, 0x000000070f600000|  0%| F|  |TAMS 0x000000070f400000, 0x000000070f400000| Untracked 
|  78|0x000000070f600000, 0x000000070f600000, 0x000000070f800000|  0%| F|  |TAMS 0x000000070f600000, 0x000000070f600000| Untracked 
|  79|0x000000070f800000, 0x000000070f800000, 0x000000070fa00000|  0%| F|  |TAMS 0x000000070f800000, 0x000000070f800000| Untracked 
|  80|0x000000070fa00000, 0x000000070fa00000, 0x000000070fc00000|  0%| F|  |TAMS 0x000000070fa00000, 0x000000070fa00000| Untracked 
|  81|0x000000070fc00000, 0x000000070fc00000, 0x000000070fe00000|  0%| F|  |TAMS 0x000000070fc00000, 0x000000070fc00000| Untracked 
|  82|0x000000070fe00000, 0x000000070fe00000, 0x0000000710000000|  0%| F|  |TAMS 0x000000070fe00000, 0x000000070fe00000| Untracked 
|  83|0x0000000710000000, 0x0000000710000000, 0x0000000710200000|  0%| F|  |TAMS 0x0000000710000000, 0x0000000710000000| Untracked 
|  84|0x0000000710200000, 0x0000000710200000, 0x0000000710400000|  0%| F|  |TAMS 0x0000000710200000, 0x0000000710200000| Untracked 
|  85|0x0000000710400000, 0x0000000710400000, 0x0000000710600000|  0%| F|  |TAMS 0x0000000710400000, 0x0000000710400000| Untracked 
|  86|0x0000000710600000, 0x0000000710600000, 0x0000000710800000|  0%| F|  |TAMS 0x0000000710600000, 0x0000000710600000| Untracked 
|  87|0x0000000710800000, 0x0000000710800000, 0x0000000710a00000|  0%| F|  |TAMS 0x0000000710800000, 0x0000000710800000| Untracked 
|  88|0x0000000710a00000, 0x0000000710a00000, 0x0000000710c00000|  0%| F|  |TAMS 0x0000000710a00000, 0x0000000710a00000| Untracked 
|  89|0x0000000710c00000, 0x0000000710c00000, 0x0000000710e00000|  0%| F|  |TAMS 0x0000000710c00000, 0x0000000710c00000| Untracked 
|  90|0x0000000710e00000, 0x0000000710e00000, 0x0000000711000000|  0%| F|  |TAMS 0x0000000710e00000, 0x0000000710e00000| Untracked 
|  91|0x0000000711000000, 0x0000000711000000, 0x0000000711200000|  0%| F|  |TAMS 0x0000000711000000, 0x0000000711000000| Untracked 
|  92|0x0000000711200000, 0x0000000711200000, 0x0000000711400000|  0%| F|  |TAMS 0x0000000711200000, 0x0000000711200000| Untracked 
|  93|0x0000000711400000, 0x0000000711400000, 0x0000000711600000|  0%| F|  |TAMS 0x0000000711400000, 0x0000000711400000| Untracked 
|  94|0x0000000711600000, 0x0000000711600000, 0x0000000711800000|  0%| F|  |TAMS 0x0000000711600000, 0x0000000711600000| Untracked 
|  95|0x0000000711800000, 0x0000000711800000, 0x0000000711a00000|  0%| F|  |TAMS 0x0000000711800000, 0x0000000711800000| Untracked 
|  96|0x0000000711a00000, 0x0000000711a00000, 0x0000000711c00000|  0%| F|  |TAMS 0x0000000711a00000, 0x0000000711a00000| Untracked 
|  97|0x0000000711c00000, 0x0000000711c00000, 0x0000000711e00000|  0%| F|  |TAMS 0x0000000711c00000, 0x0000000711c00000| Untracked 
|  98|0x0000000711e00000, 0x0000000711e00000, 0x0000000712000000|  0%| F|  |TAMS 0x0000000711e00000, 0x0000000711e00000| Untracked 
|  99|0x0000000712000000, 0x0000000712000000, 0x0000000712200000|  0%| F|  |TAMS 0x0000000712000000, 0x0000000712000000| Untracked 
| 100|0x0000000712200000, 0x0000000712200000, 0x0000000712400000|  0%| F|  |TAMS 0x0000000712200000, 0x0000000712200000| Untracked 
| 101|0x0000000712400000, 0x0000000712400000, 0x0000000712600000|  0%| F|  |TAMS 0x0000000712400000, 0x0000000712400000| Untracked 
| 102|0x0000000712600000, 0x0000000712600000, 0x0000000712800000|  0%| F|  |TAMS 0x0000000712600000, 0x0000000712600000| Untracked 
| 103|0x0000000712800000, 0x0000000712800000, 0x0000000712a00000|  0%| F|  |TAMS 0x0000000712800000, 0x0000000712800000| Untracked 
| 104|0x0000000712a00000, 0x0000000712a00000, 0x0000000712c00000|  0%| F|  |TAMS 0x0000000712a00000, 0x0000000712a00000| Untracked 
| 105|0x0000000712c00000, 0x0000000712c00000, 0x0000000712e00000|  0%| F|  |TAMS 0x0000000712c00000, 0x0000000712c00000| Untracked 
| 106|0x0000000712e00000, 0x0000000712e00000, 0x0000000713000000|  0%| F|  |TAMS 0x0000000712e00000, 0x0000000712e00000| Untracked 
| 107|0x0000000713000000, 0x0000000713000000, 0x0000000713200000|  0%| F|  |TAMS 0x0000000713000000, 0x0000000713000000| Untracked 
| 108|0x0000000713200000, 0x0000000713200000, 0x0000000713400000|  0%| F|  |TAMS 0x0000000713200000, 0x0000000713200000| Untracked 
| 109|0x0000000713400000, 0x0000000713400000, 0x0000000713600000|  0%| F|  |TAMS 0x0000000713400000, 0x0000000713400000| Untracked 
| 110|0x0000000713600000, 0x0000000713600000, 0x0000000713800000|  0%| F|  |TAMS 0x0000000713600000, 0x0000000713600000| Untracked 
| 111|0x0000000713800000, 0x0000000713800000, 0x0000000713a00000|  0%| F|  |TAMS 0x0000000713800000, 0x0000000713800000| Untracked 
| 112|0x0000000713a00000, 0x0000000713a00000, 0x0000000713c00000|  0%| F|  |TAMS 0x0000000713a00000, 0x0000000713a00000| Untracked 
| 113|0x0000000713c00000, 0x0000000713c00000, 0x0000000713e00000|  0%| F|  |TAMS 0x0000000713c00000, 0x0000000713c00000| Untracked 
| 114|0x0000000713e00000, 0x0000000713e00000, 0x0000000714000000|  0%| F|  |TAMS 0x0000000713e00000, 0x0000000713e00000| Untracked 
| 115|0x0000000714000000, 0x0000000714000000, 0x0000000714200000|  0%| F|  |TAMS 0x0000000714000000, 0x0000000714000000| Untracked 
| 116|0x0000000714200000, 0x0000000714200000, 0x0000000714400000|  0%| F|  |TAMS 0x0000000714200000, 0x0000000714200000| Untracked 
| 117|0x0000000714400000, 0x0000000714400000, 0x0000000714600000|  0%| F|  |TAMS 0x0000000714400000, 0x0000000714400000| Untracked 
| 118|0x0000000714600000, 0x0000000714600000, 0x0000000714800000|  0%| F|  |TAMS 0x0000000714600000, 0x0000000714600000| Untracked 
| 119|0x0000000714800000, 0x0000000714800000, 0x0000000714a00000|  0%| F|  |TAMS 0x0000000714800000, 0x0000000714800000| Untracked 
| 120|0x0000000714a00000, 0x0000000714a00000, 0x0000000714c00000|  0%| F|  |TAMS 0x0000000714a00000, 0x0000000714a00000| Untracked 
| 121|0x0000000714c00000, 0x0000000714c00000, 0x0000000714e00000|  0%| F|  |TAMS 0x0000000714c00000, 0x0000000714c00000| Untracked 
| 122|0x0000000714e00000, 0x0000000714e00000, 0x0000000715000000|  0%| F|  |TAMS 0x0000000714e00000, 0x0000000714e00000| Untracked 
| 123|0x0000000715000000, 0x0000000715000000, 0x0000000715200000|  0%| F|  |TAMS 0x0000000715000000, 0x0000000715000000| Untracked 
| 124|0x0000000715200000, 0x0000000715200000, 0x0000000715400000|  0%| F|  |TAMS 0x0000000715200000, 0x0000000715200000| Untracked 
| 125|0x0000000715400000, 0x0000000715400000, 0x0000000715600000|  0%| F|  |TAMS 0x0000000715400000, 0x0000000715400000| Untracked 
| 126|0x0000000715600000, 0x0000000715600000, 0x0000000715800000|  0%| F|  |TAMS 0x0000000715600000, 0x0000000715600000| Untracked 
| 127|0x0000000715800000, 0x0000000715800000, 0x0000000715a00000|  0%| F|  |TAMS 0x0000000715800000, 0x0000000715800000| Untracked 
| 128|0x0000000715a00000, 0x0000000715a00000, 0x0000000715c00000|  0%| F|  |TAMS 0x0000000715a00000, 0x0000000715a00000| Untracked 
| 129|0x0000000715c00000, 0x0000000715c00000, 0x0000000715e00000|  0%| F|  |TAMS 0x0000000715c00000, 0x0000000715c00000| Untracked 
| 130|0x0000000715e00000, 0x0000000715e00000, 0x0000000716000000|  0%| F|  |TAMS 0x0000000715e00000, 0x0000000715e00000| Untracked 
| 131|0x0000000716000000, 0x0000000716000000, 0x0000000716200000|  0%| F|  |TAMS 0x0000000716000000, 0x0000000716000000| Untracked 
| 132|0x0000000716200000, 0x0000000716200000, 0x0000000716400000|  0%| F|  |TAMS 0x0000000716200000, 0x0000000716200000| Untracked 
| 133|0x0000000716400000, 0x0000000716400000, 0x0000000716600000|  0%| F|  |TAMS 0x0000000716400000, 0x0000000716400000| Untracked 
| 134|0x0000000716600000, 0x0000000716600000, 0x0000000716800000|  0%| F|  |TAMS 0x0000000716600000, 0x0000000716600000| Untracked 
| 135|0x0000000716800000, 0x0000000716800000, 0x0000000716a00000|  0%| F|  |TAMS 0x0000000716800000, 0x0000000716800000| Untracked 
| 136|0x0000000716a00000, 0x0000000716a00000, 0x0000000716c00000|  0%| F|  |TAMS 0x0000000716a00000, 0x0000000716a00000| Untracked 
| 137|0x0000000716c00000, 0x0000000716c00000, 0x0000000716e00000|  0%| F|  |TAMS 0x0000000716c00000, 0x0000000716c00000| Untracked 
| 138|0x0000000716e00000, 0x0000000716e00000, 0x0000000717000000|  0%| F|  |TAMS 0x0000000716e00000, 0x0000000716e00000| Untracked 
| 139|0x0000000717000000, 0x0000000717000000, 0x0000000717200000|  0%| F|  |TAMS 0x0000000717000000, 0x0000000717000000| Untracked 
| 140|0x0000000717200000, 0x0000000717200000, 0x0000000717400000|  0%| F|  |TAMS 0x0000000717200000, 0x0000000717200000| Untracked 
| 141|0x0000000717400000, 0x0000000717400000, 0x0000000717600000|  0%| F|  |TAMS 0x0000000717400000, 0x0000000717400000| Untracked 
| 142|0x0000000717600000, 0x0000000717600000, 0x0000000717800000|  0%| F|  |TAMS 0x0000000717600000, 0x0000000717600000| Untracked 
| 143|0x0000000717800000, 0x0000000717800000, 0x0000000717a00000|  0%| F|  |TAMS 0x0000000717800000, 0x0000000717800000| Untracked 
| 144|0x0000000717a00000, 0x0000000717a00000, 0x0000000717c00000|  0%| F|  |TAMS 0x0000000717a00000, 0x0000000717a00000| Untracked 
| 145|0x0000000717c00000, 0x0000000717c00000, 0x0000000717e00000|  0%| F|  |TAMS 0x0000000717c00000, 0x0000000717c00000| Untracked 
| 146|0x0000000717e00000, 0x0000000717e00000, 0x0000000718000000|  0%| F|  |TAMS 0x0000000717e00000, 0x0000000717e00000| Untracked 
| 147|0x0000000718000000, 0x0000000718000000, 0x0000000718200000|  0%| F|  |TAMS 0x0000000718000000, 0x0000000718000000| Untracked 
| 148|0x0000000718200000, 0x0000000718200000, 0x0000000718400000|  0%| F|  |TAMS 0x0000000718200000, 0x0000000718200000| Untracked 
| 149|0x0000000718400000, 0x0000000718400000, 0x0000000718600000|  0%| F|  |TAMS 0x0000000718400000, 0x0000000718400000| Untracked 
| 150|0x0000000718600000, 0x0000000718600000, 0x0000000718800000|  0%| F|  |TAMS 0x0000000718600000, 0x0000000718600000| Untracked 
| 151|0x0000000718800000, 0x0000000718800000, 0x0000000718a00000|  0%| F|  |TAMS 0x0000000718800000, 0x0000000718800000| Untracked 
| 152|0x0000000718a00000, 0x0000000718a00000, 0x0000000718c00000|  0%| F|  |TAMS 0x0000000718a00000, 0x0000000718a00000| Untracked 
| 153|0x0000000718c00000, 0x0000000718c00000, 0x0000000718e00000|  0%| F|  |TAMS 0x0000000718c00000, 0x0000000718c00000| Untracked 
| 154|0x0000000718e00000, 0x0000000718e00000, 0x0000000719000000|  0%| F|  |TAMS 0x0000000718e00000, 0x0000000718e00000| Untracked 
| 155|0x0000000719000000, 0x0000000719000000, 0x0000000719200000|  0%| F|  |TAMS 0x0000000719000000, 0x0000000719000000| Untracked 
| 156|0x0000000719200000, 0x0000000719200000, 0x0000000719400000|  0%| F|  |TAMS 0x0000000719200000, 0x0000000719200000| Untracked 
| 157|0x0000000719400000, 0x0000000719400000, 0x0000000719600000|  0%| F|  |TAMS 0x0000000719400000, 0x0000000719400000| Untracked 
| 158|0x0000000719600000, 0x0000000719600000, 0x0000000719800000|  0%| F|  |TAMS 0x0000000719600000, 0x0000000719600000| Untracked 
| 159|0x0000000719800000, 0x0000000719800000, 0x0000000719a00000|  0%| F|  |TAMS 0x0000000719800000, 0x0000000719800000| Untracked 
| 160|0x0000000719a00000, 0x0000000719a00000, 0x0000000719c00000|  0%| F|  |TAMS 0x0000000719a00000, 0x0000000719a00000| Untracked 
| 161|0x0000000719c00000, 0x0000000719c00000, 0x0000000719e00000|  0%| F|  |TAMS 0x0000000719c00000, 0x0000000719c00000| Untracked 
| 162|0x0000000719e00000, 0x0000000719e00000, 0x000000071a000000|  0%| F|  |TAMS 0x0000000719e00000, 0x0000000719e00000| Untracked 
| 163|0x000000071a000000, 0x000000071a000000, 0x000000071a200000|  0%| F|  |TAMS 0x000000071a000000, 0x000000071a000000| Untracked 
| 164|0x000000071a200000, 0x000000071a200000, 0x000000071a400000|  0%| F|  |TAMS 0x000000071a200000, 0x000000071a200000| Untracked 
| 165|0x000000071a400000, 0x000000071a400000, 0x000000071a600000|  0%| F|  |TAMS 0x000000071a400000, 0x000000071a400000| Untracked 
| 166|0x000000071a600000, 0x000000071a600000, 0x000000071a800000|  0%| F|  |TAMS 0x000000071a600000, 0x000000071a600000| Untracked 
| 167|0x000000071a800000, 0x000000071a800000, 0x000000071aa00000|  0%| F|  |TAMS 0x000000071a800000, 0x000000071a800000| Untracked 
| 168|0x000000071aa00000, 0x000000071aa00000, 0x000000071ac00000|  0%| F|  |TAMS 0x000000071aa00000, 0x000000071aa00000| Untracked 
| 169|0x000000071ac00000, 0x000000071ac00000, 0x000000071ae00000|  0%| F|  |TAMS 0x000000071ac00000, 0x000000071ac00000| Untracked 
| 170|0x000000071ae00000, 0x000000071ae00000, 0x000000071b000000|  0%| F|  |TAMS 0x000000071ae00000, 0x000000071ae00000| Untracked 
| 171|0x000000071b000000, 0x000000071b000000, 0x000000071b200000|  0%| F|  |TAMS 0x000000071b000000, 0x000000071b000000| Untracked 
| 172|0x000000071b200000, 0x000000071b200000, 0x000000071b400000|  0%| F|  |TAMS 0x000000071b200000, 0x000000071b200000| Untracked 
| 173|0x000000071b400000, 0x000000071b400000, 0x000000071b600000|  0%| F|  |TAMS 0x000000071b400000, 0x000000071b400000| Untracked 
| 174|0x000000071b600000, 0x000000071b600000, 0x000000071b800000|  0%| F|  |TAMS 0x000000071b600000, 0x000000071b600000| Untracked 
| 175|0x000000071b800000, 0x000000071b800000, 0x000000071ba00000|  0%| F|  |TAMS 0x000000071b800000, 0x000000071b800000| Untracked 
| 176|0x000000071ba00000, 0x000000071ba00000, 0x000000071bc00000|  0%| F|  |TAMS 0x000000071ba00000, 0x000000071ba00000| Untracked 
| 177|0x000000071bc00000, 0x000000071bc00000, 0x000000071be00000|  0%| F|  |TAMS 0x000000071bc00000, 0x000000071bc00000| Untracked 
| 178|0x000000071be00000, 0x000000071be00000, 0x000000071c000000|  0%| F|  |TAMS 0x000000071be00000, 0x000000071be00000| Untracked 
| 179|0x000000071c000000, 0x000000071c000000, 0x000000071c200000|  0%| F|  |TAMS 0x000000071c000000, 0x000000071c000000| Untracked 
| 180|0x000000071c200000, 0x000000071c200000, 0x000000071c400000|  0%| F|  |TAMS 0x000000071c200000, 0x000000071c200000| Untracked 
| 181|0x000000071c400000, 0x000000071c400000, 0x000000071c600000|  0%| F|  |TAMS 0x000000071c400000, 0x000000071c400000| Untracked 
| 182|0x000000071c600000, 0x000000071c600000, 0x000000071c800000|  0%| F|  |TAMS 0x000000071c600000, 0x000000071c600000| Untracked 
| 183|0x000000071c800000, 0x000000071c800000, 0x000000071ca00000|  0%| F|  |TAMS 0x000000071c800000, 0x000000071c800000| Untracked 
| 184|0x000000071ca00000, 0x000000071ca00000, 0x000000071cc00000|  0%| F|  |TAMS 0x000000071ca00000, 0x000000071ca00000| Untracked 
| 185|0x000000071cc00000, 0x000000071cc00000, 0x000000071ce00000|  0%| F|  |TAMS 0x000000071cc00000, 0x000000071cc00000| Untracked 
| 186|0x000000071ce00000, 0x000000071ce00000, 0x000000071d000000|  0%| F|  |TAMS 0x000000071ce00000, 0x000000071ce00000| Untracked 
| 187|0x000000071d000000, 0x000000071d000000, 0x000000071d200000|  0%| F|  |TAMS 0x000000071d000000, 0x000000071d000000| Untracked 
| 188|0x000000071d200000, 0x000000071d200000, 0x000000071d400000|  0%| F|  |TAMS 0x000000071d200000, 0x000000071d200000| Untracked 
| 189|0x000000071d400000, 0x000000071d400000, 0x000000071d600000|  0%| F|  |TAMS 0x000000071d400000, 0x000000071d400000| Untracked 
| 190|0x000000071d600000, 0x000000071d600000, 0x000000071d800000|  0%| F|  |TAMS 0x000000071d600000, 0x000000071d600000| Untracked 
| 191|0x000000071d800000, 0x000000071d800000, 0x000000071da00000|  0%| F|  |TAMS 0x000000071d800000, 0x000000071d800000| Untracked 
| 192|0x000000071da00000, 0x000000071da00000, 0x000000071dc00000|  0%| F|  |TAMS 0x000000071da00000, 0x000000071da00000| Untracked 
| 193|0x000000071dc00000, 0x000000071dc00000, 0x000000071de00000|  0%| F|  |TAMS 0x000000071dc00000, 0x000000071dc00000| Untracked 
| 194|0x000000071de00000, 0x000000071de00000, 0x000000071e000000|  0%| F|  |TAMS 0x000000071de00000, 0x000000071de00000| Untracked 
| 195|0x000000071e000000, 0x000000071e000000, 0x000000071e200000|  0%| F|  |TAMS 0x000000071e000000, 0x000000071e000000| Untracked 
| 196|0x000000071e200000, 0x000000071e200000, 0x000000071e400000|  0%| F|  |TAMS 0x000000071e200000, 0x000000071e200000| Untracked 
| 197|0x000000071e400000, 0x000000071e400000, 0x000000071e600000|  0%| F|  |TAMS 0x000000071e400000, 0x000000071e400000| Untracked 
| 198|0x000000071e600000, 0x000000071e600000, 0x000000071e800000|  0%| F|  |TAMS 0x000000071e600000, 0x000000071e600000| Untracked 
| 199|0x000000071e800000, 0x000000071e800000, 0x000000071ea00000|  0%| F|  |TAMS 0x000000071e800000, 0x000000071e800000| Untracked 
| 200|0x000000071ea00000, 0x000000071ea00000, 0x000000071ec00000|  0%| F|  |TAMS 0x000000071ea00000, 0x000000071ea00000| Untracked 
| 201|0x000000071ec00000, 0x000000071ec00000, 0x000000071ee00000|  0%| F|  |TAMS 0x000000071ec00000, 0x000000071ec00000| Untracked 
| 202|0x000000071ee00000, 0x000000071ee00000, 0x000000071f000000|  0%| F|  |TAMS 0x000000071ee00000, 0x000000071ee00000| Untracked 
| 203|0x000000071f000000, 0x000000071f000000, 0x000000071f200000|  0%| F|  |TAMS 0x000000071f000000, 0x000000071f000000| Untracked 
| 204|0x000000071f200000, 0x000000071f200000, 0x000000071f400000|  0%| F|  |TAMS 0x000000071f200000, 0x000000071f200000| Untracked 
| 205|0x000000071f400000, 0x000000071f400000, 0x000000071f600000|  0%| F|  |TAMS 0x000000071f400000, 0x000000071f400000| Untracked 
| 206|0x000000071f600000, 0x000000071f600000, 0x000000071f800000|  0%| F|  |TAMS 0x000000071f600000, 0x000000071f600000| Untracked 
| 207|0x000000071f800000, 0x000000071f800000, 0x000000071fa00000|  0%| F|  |TAMS 0x000000071f800000, 0x000000071f800000| Untracked 
| 208|0x000000071fa00000, 0x000000071fa00000, 0x000000071fc00000|  0%| F|  |TAMS 0x000000071fa00000, 0x000000071fa00000| Untracked 
| 209|0x000000071fc00000, 0x000000071fc00000, 0x000000071fe00000|  0%| F|  |TAMS 0x000000071fc00000, 0x000000071fc00000| Untracked 
| 210|0x000000071fe00000, 0x000000071fe00000, 0x0000000720000000|  0%| F|  |TAMS 0x000000071fe00000, 0x000000071fe00000| Untracked 
| 211|0x0000000720000000, 0x0000000720000000, 0x0000000720200000|  0%| F|  |TAMS 0x0000000720000000, 0x0000000720000000| Untracked 
| 212|0x0000000720200000, 0x0000000720200000, 0x0000000720400000|  0%| F|  |TAMS 0x0000000720200000, 0x0000000720200000| Untracked 
| 213|0x0000000720400000, 0x0000000720400000, 0x0000000720600000|  0%| F|  |TAMS 0x0000000720400000, 0x0000000720400000| Untracked 
| 214|0x0000000720600000, 0x0000000720600000, 0x0000000720800000|  0%| F|  |TAMS 0x0000000720600000, 0x0000000720600000| Untracked 
| 215|0x0000000720800000, 0x0000000720800000, 0x0000000720a00000|  0%| F|  |TAMS 0x0000000720800000, 0x0000000720800000| Untracked 
| 216|0x0000000720a00000, 0x0000000720a00000, 0x0000000720c00000|  0%| F|  |TAMS 0x0000000720a00000, 0x0000000720a00000| Untracked 
| 217|0x0000000720c00000, 0x0000000720c00000, 0x0000000720e00000|  0%| F|  |TAMS 0x0000000720c00000, 0x0000000720c00000| Untracked 
| 218|0x0000000720e00000, 0x0000000720e00000, 0x0000000721000000|  0%| F|  |TAMS 0x0000000720e00000, 0x0000000720e00000| Untracked 
| 219|0x0000000721000000, 0x0000000721000000, 0x0000000721200000|  0%| F|  |TAMS 0x0000000721000000, 0x0000000721000000| Untracked 
| 220|0x0000000721200000, 0x0000000721200000, 0x0000000721400000|  0%| F|  |TAMS 0x0000000721200000, 0x0000000721200000| Untracked 
| 221|0x0000000721400000, 0x0000000721400000, 0x0000000721600000|  0%| F|  |TAMS 0x0000000721400000, 0x0000000721400000| Untracked 
| 222|0x0000000721600000, 0x0000000721600000, 0x0000000721800000|  0%| F|  |TAMS 0x0000000721600000, 0x0000000721600000| Untracked 
| 223|0x0000000721800000, 0x0000000721800000, 0x0000000721a00000|  0%| F|  |TAMS 0x0000000721800000, 0x0000000721800000| Untracked 
| 224|0x0000000721a00000, 0x0000000721a00000, 0x0000000721c00000|  0%| F|  |TAMS 0x0000000721a00000, 0x0000000721a00000| Untracked 
| 225|0x0000000721c00000, 0x0000000721c00000, 0x0000000721e00000|  0%| F|  |TAMS 0x0000000721c00000, 0x0000000721c00000| Untracked 
| 226|0x0000000721e00000, 0x0000000721e00000, 0x0000000722000000|  0%| F|  |TAMS 0x0000000721e00000, 0x0000000721e00000| Untracked 
| 227|0x0000000722000000, 0x0000000722000000, 0x0000000722200000|  0%| F|  |TAMS 0x0000000722000000, 0x0000000722000000| Untracked 
| 228|0x0000000722200000, 0x0000000722200000, 0x0000000722400000|  0%| F|  |TAMS 0x0000000722200000, 0x0000000722200000| Untracked 
| 229|0x0000000722400000, 0x0000000722400000, 0x0000000722600000|  0%| F|  |TAMS 0x0000000722400000, 0x0000000722400000| Untracked 
| 230|0x0000000722600000, 0x0000000722600000, 0x0000000722800000|  0%| F|  |TAMS 0x0000000722600000, 0x0000000722600000| Untracked 
| 231|0x0000000722800000, 0x0000000722800000, 0x0000000722a00000|  0%| F|  |TAMS 0x0000000722800000, 0x0000000722800000| Untracked 
| 232|0x0000000722a00000, 0x0000000722a00000, 0x0000000722c00000|  0%| F|  |TAMS 0x0000000722a00000, 0x0000000722a00000| Untracked 
| 233|0x0000000722c00000, 0x0000000722c00000, 0x0000000722e00000|  0%| F|  |TAMS 0x0000000722c00000, 0x0000000722c00000| Untracked 
| 234|0x0000000722e00000, 0x0000000722e5c058, 0x0000000723000000| 17%| S|CS|TAMS 0x0000000722e00000, 0x0000000722e00000| Complete 
| 235|0x0000000723000000, 0x0000000723200000, 0x0000000723200000|100%| S|CS|TAMS 0x0000000723000000, 0x0000000723000000| Complete 
| 236|0x0000000723200000, 0x0000000723200000, 0x0000000723400000|  0%| F|  |TAMS 0x0000000723200000, 0x0000000723200000| Untracked 
| 237|0x0000000723400000, 0x0000000723400000, 0x0000000723600000|  0%| F|  |TAMS 0x0000000723400000, 0x0000000723400000| Untracked 
| 238|0x0000000723600000, 0x0000000723600000, 0x0000000723800000|  0%| F|  |TAMS 0x0000000723600000, 0x0000000723600000| Untracked 
| 239|0x0000000723800000, 0x0000000723a00000, 0x0000000723a00000|100%| S|CS|TAMS 0x0000000723800000, 0x0000000723800000| Complete 
| 240|0x0000000723a00000, 0x0000000723a00000, 0x0000000723c00000|  0%| F|  |TAMS 0x0000000723a00000, 0x0000000723a00000| Untracked 

Card table byte_map: [0x0000017da17a0000,0x0000017da1f80000] _byte_map_base: 0x0000017d9df73000

Marking Bits (Prev, Next): (CMBitMap*) 0x0000017d89d438e0, (CMBitMap*) 0x0000017d89d43920
 Prev Bits: [0x0000017da2760000, 0x0000017da65f8000)
 Next Bits: [0x0000017da6600000, 0x0000017daa498000)

Polling page: 0x0000017d89450000

Metaspace:

Usage:
  Non-class:     10.95 MB used.
      Class:      1.56 MB used.
       Both:     12.51 MB used.

Virtual space:
  Non-class space:       64.00 MB reserved,      11.06 MB ( 17%) committed,  1 nodes.
      Class space:        1.00 GB reserved,       1.69 MB ( <1%) committed,  1 nodes.
             Both:        1.06 GB reserved,      12.75 MB (  1%) committed. 

Chunk freelists:
   Non-Class:  4.73 MB
       Class:  14.36 MB
        Both:  19.09 MB

MaxMetaspaceSize: unlimited
CompressedClassSpaceSize: 1.00 GB
Initial GC threshold: 21.00 MB
Current GC threshold: 21.00 MB
CDS: on
MetaspaceReclaimPolicy: balanced
 - commit_granule_bytes: 65536.
 - commit_granule_words: 8192.
 - virtual_space_node_default_size: 8388608.
 - enlarge_chunks_in_place: 1.
 - new_chunks_are_fully_committed: 0.
 - uncommit_free_chunks: 1.
 - use_allocation_guard: 0.
 - handle_deallocations: 1.


Internal statistics:

num_allocs_failed_limit: 0.
num_arena_births: 144.
num_arena_deaths: 0.
num_vsnodes_births: 2.
num_vsnodes_deaths: 0.
num_space_committed: 204.
num_space_uncommitted: 0.
num_chunks_returned_to_freelist: 0.
num_chunks_taken_from_freelist: 433.
num_chunk_merges: 0.
num_chunk_splits: 316.
num_chunks_enlarged: 250.
num_inconsistent_stats: 0.

CodeHeap 'non-profiled nmethods': size=119168Kb used=899Kb max_used=899Kb free=118268Kb
 bounds [0x0000017d990e0000, 0x0000017d99350000, 0x0000017da0540000]
CodeHeap 'profiled nmethods': size=119104Kb used=3404Kb max_used=3404Kb free=115699Kb
 bounds [0x0000017d91540000, 0x0000017d918a0000, 0x0000017d98990000]
CodeHeap 'non-nmethods': size=7488Kb used=2916Kb max_used=2959Kb free=4571Kb
 bounds [0x0000017d98990000, 0x0000017d98c80000, 0x0000017d990e0000]
 total_blobs=2455 nmethods=1928 adapters=436
 compilation: enabled
              stopped_count=0, restarted_count=0
 full_count=0

Compilation events (20 events):
Event: 1.469 Thread 0x0000017dad59eee0 1920       3       java.io.FileInputStream::open (6 bytes)
Event: 1.469 Thread 0x0000017dad59eee0 nmethod 1920 0x0000017d91888a90 code [0x0000017d91888c20, 0x0000017d91888d68]
Event: 1.469 Thread 0x0000017dad59eee0 1922   !   3       java.io.FileInputStream::close (69 bytes)
Event: 1.469 Thread 0x0000017dad6c4a80 nmethod 1914 0x0000017d91888e10 code [0x0000017d91889080, 0x0000017d91889f28]
Event: 1.469 Thread 0x0000017dad3d8af0 nmethod 1919 0x0000017d9188a590 code [0x0000017d9188a800, 0x0000017d9188b308]
Event: 1.469 Thread 0x0000017dad3d8af0 1923       3       java.io.FileInputStream$1::<init> (10 bytes)
Event: 1.469 Thread 0x0000017dad3d1cc0 1924       3       java.io.FileInputStream$1::close (11 bytes)
Event: 1.469 Thread 0x0000017dad3d8af0 nmethod 1923 0x0000017d9188b710 code [0x0000017d9188b8a0, 0x0000017d9188ba78]
Event: 1.469 Thread 0x0000017dad59eee0 nmethod 1922 0x0000017d9188bb10 code [0x0000017d9188bd00, 0x0000017d9188c258]
Event: 1.470 Thread 0x0000017dad3d1cc0 nmethod 1924 0x0000017d9188c410 code [0x0000017d9188c5e0, 0x0000017d9188caf8]
Event: 1.472 Thread 0x0000017dad6c4a80 1925       3       com.ohos.hapsigntool.utils.FileUtils::readInputByOffsetAndLength (12 bytes)
Event: 1.472 Thread 0x0000017dad6c4a80 nmethod 1925 0x0000017d9188cd10 code [0x0000017d9188cec0, 0x0000017d9188d0b8]
Event: 1.473 Thread 0x0000017dad3d8af0 1926   !   3       com.ohos.hapsigntool.zip.ZipEntryData::getZipEntry (377 bytes)
Event: 1.473 Thread 0x0000017dad6c4a80 1927       3       com.ohos.hapsigntool.zip.ZipEntryHeader::<init> (5 bytes)
Event: 1.473 Thread 0x0000017dad3d1cc0 1928       3       com.ohos.hapsigntool.zip.ZipEntryHeader::updateLength (17 bytes)
Event: 1.474 Thread 0x0000017dad3d1cc0 nmethod 1928 0x0000017d9188d190 code [0x0000017d9188d320, 0x0000017d9188d438]
Event: 1.474 Thread 0x0000017dad6c4a80 nmethod 1927 0x0000017d9188d510 code [0x0000017d9188d6a0, 0x0000017d9188d7f8]
Event: 1.474 Thread 0x0000017dad3d8af0 nmethod 1926 0x0000017d9188d890 code [0x0000017d9188dc00, 0x0000017d9188ed68]
Event: 1.498 Thread 0x0000017dad59eee0 1929   !   3       java.lang.String::<init> (842 bytes)
Event: 1.500 Thread 0x0000017dad59eee0 nmethod 1929 0x0000017d9188f690 code [0x0000017d9188fba0, 0x0000017d91892788]

GC Heap History (19 events):
Event: 0.514 GC heap before
{Heap before GC invocations=0 (full 0):
 garbage-first heap   total 258048K, used 20480K [0x0000000705a00000, 0x0000000800000000)
  region size 2048K, 11 young (22528K), 0 survivors (0K)
 Metaspace       used 5246K, committed 5440K, reserved 1114112K
  class space    used 668K, committed 768K, reserved 1048576K
}
Event: 0.518 GC heap after
{Heap after GC invocations=1 (full 0):
 garbage-first heap   total 258048K, used 5346K [0x0000000705a00000, 0x0000000800000000)
  region size 2048K, 2 young (4096K), 2 survivors (4096K)
 Metaspace       used 5246K, committed 5440K, reserved 1114112K
  class space    used 668K, committed 768K, reserved 1048576K
}
Event: 1.112 GC heap before
{Heap before GC invocations=1 (full 0):
 garbage-first heap   total 258048K, used 31970K [0x0000000705a00000, 0x0000000800000000)
  region size 2048K, 15 young (30720K), 2 survivors (4096K)
 Metaspace       used 12505K, committed 12672K, reserved 1114112K
  class space    used 1573K, committed 1664K, reserved 1048576K
}
Event: 1.121 GC heap after
{Heap after GC invocations=2 (full 0):
 garbage-first heap   total 258048K, used 8988K [0x0000000705a00000, 0x0000000800000000)
  region size 2048K, 2 young (4096K), 2 survivors (4096K)
 Metaspace       used 12505K, committed 12672K, reserved 1114112K
  class space    used 1573K, committed 1664K, reserved 1048576K
}
Event: 1.286 GC heap before
{Heap before GC invocations=2 (full 0):
 garbage-first heap   total 258048K, used 123676K [0x0000000705a00000, 0x0000000800000000)
  region size 2048K, 5 young (10240K), 2 survivors (4096K)
 Metaspace       used 12781K, committed 13056K, reserved 1114112K
  class space    used 1594K, committed 1728K, reserved 1048576K
}
Event: 1.290 GC heap after
{Heap after GC invocations=3 (full 0):
 garbage-first heap   total 258048K, used 9840K [0x0000000705a00000, 0x0000000800000000)
  region size 2048K, 3 young (6144K), 3 survivors (6144K)
 Metaspace       used 12781K, committed 13056K, reserved 1114112K
  class space    used 1594K, committed 1728K, reserved 1048576K
}
Event: 1.307 GC heap before
{Heap before GC invocations=3 (full 0):
 garbage-first heap   total 258048K, used 120432K [0x0000000705a00000, 0x0000000800000000)
  region size 2048K, 4 young (8192K), 3 survivors (6144K)
 Metaspace       used 12781K, committed 13056K, reserved 1114112K
  class space    used 1594K, committed 1728K, reserved 1048576K
}
Event: 1.310 GC heap after
{Heap after GC invocations=4 (full 0):
 garbage-first heap   total 258048K, used 9902K [0x0000000705a00000, 0x0000000800000000)
  region size 2048K, 3 young (6144K), 3 survivors (6144K)
 Metaspace       used 12781K, committed 13056K, reserved 1114112K
  class space    used 1594K, committed 1728K, reserved 1048576K
}
Event: 1.326 GC heap before
{Heap before GC invocations=4 (full 0):
 garbage-first heap   total 258048K, used 120494K [0x0000000705a00000, 0x0000000800000000)
  region size 2048K, 4 young (8192K), 3 survivors (6144K)
 Metaspace       used 12783K, committed 13056K, reserved 1114112K
  class space    used 1594K, committed 1728K, reserved 1048576K
}
Event: 1.329 GC heap after
{Heap after GC invocations=5 (full 0):
 garbage-first heap   total 258048K, used 10047K [0x0000000705a00000, 0x0000000800000000)
  region size 2048K, 3 young (6144K), 3 survivors (6144K)
 Metaspace       used 12783K, committed 13056K, reserved 1114112K
  class space    used 1594K, committed 1728K, reserved 1048576K
}
Event: 1.347 GC heap before
{Heap before GC invocations=5 (full 0):
 garbage-first heap   total 258048K, used 120639K [0x0000000705a00000, 0x0000000800000000)
  region size 2048K, 4 young (8192K), 3 survivors (6144K)
 Metaspace       used 12784K, committed 13056K, reserved 1114112K
  class space    used 1594K, committed 1728K, reserved 1048576K
}
Event: 1.351 GC heap after
{Heap after GC invocations=6 (full 0):
 garbage-first heap   total 493568K, used 9924K [0x0000000705a00000, 0x0000000800000000)
  region size 2048K, 3 young (6144K), 3 survivors (6144K)
 Metaspace       used 12784K, committed 13056K, reserved 1114112K
  class space    used 1594K, committed 1728K, reserved 1048576K
}
Event: 1.417 GC heap before
{Heap before GC invocations=6 (full 0):
 garbage-first heap   total 493568K, used 227012K [0x0000000705a00000, 0x0000000800000000)
  region size 2048K, 5 young (10240K), 3 survivors (6144K)
 Metaspace       used 12788K, committed 13056K, reserved 1114112K
  class space    used 1594K, committed 1728K, reserved 1048576K
}
Event: 1.420 GC heap after
{Heap after GC invocations=7 (full 0):
 garbage-first heap   total 493568K, used 9966K [0x0000000705a00000, 0x0000000800000000)
  region size 2048K, 3 young (6144K), 3 survivors (6144K)
 Metaspace       used 12788K, committed 13056K, reserved 1114112K
  class space    used 1594K, committed 1728K, reserved 1048576K
}
Event: 1.447 GC heap before
{Heap before GC invocations=7 (full 0):
 garbage-first heap   total 493568K, used 225006K [0x0000000705a00000, 0x0000000800000000)
  region size 2048K, 4 young (8192K), 3 survivors (6144K)
 Metaspace       used 12790K, committed 13056K, reserved 1114112K
  class space    used 1594K, committed 1728K, reserved 1048576K
}
Event: 1.450 GC heap after
{Heap after GC invocations=8 (full 0):
 garbage-first heap   total 493568K, used 9965K [0x0000000705a00000, 0x0000000800000000)
  region size 2048K, 3 young (6144K), 3 survivors (6144K)
 Metaspace       used 12790K, committed 13056K, reserved 1114112K
  class space    used 1594K, committed 1728K, reserved 1048576K
}
Event: 1.477 GC heap before
{Heap before GC invocations=8 (full 0):
 garbage-first heap   total 493568K, used 225005K [0x0000000705a00000, 0x0000000800000000)
  region size 2048K, 4 young (8192K), 3 survivors (6144K)
 Metaspace       used 12806K, committed 13056K, reserved 1114112K
  class space    used 1594K, committed 1728K, reserved 1048576K
}
Event: 1.480 GC heap after
{Heap after GC invocations=9 (full 0):
 garbage-first heap   total 493568K, used 10038K [0x0000000705a00000, 0x0000000800000000)
  region size 2048K, 3 young (6144K), 3 survivors (6144K)
 Metaspace       used 12806K, committed 13056K, reserved 1114112K
  class space    used 1594K, committed 1728K, reserved 1048576K
}
Event: 1.505 GC heap before
{Heap before GC invocations=9 (full 0):
 garbage-first heap   total 493568K, used 225078K [0x0000000705a00000, 0x0000000800000000)
  region size 2048K, 4 young (8192K), 3 survivors (6144K)
 Metaspace       used 12806K, committed 13056K, reserved 1114112K
  class space    used 1594K, committed 1728K, reserved 1048576K
}

Deoptimization events (20 events):
Event: 1.001 Thread 0x0000017df8db9e00 DEOPT PACKING pc=0x0000017d918272e3 sp=0x0000000c6d8f9b40
Event: 1.001 Thread 0x0000017df8db9e00 DEOPT UNPACKING pc=0x0000017d989e2b43 sp=0x0000000c6d8f9050 mode 0
Event: 1.023 Thread 0x0000017df8db9e00 DEOPT PACKING pc=0x0000017d91845b65 sp=0x0000000c6d8f94f0
Event: 1.023 Thread 0x0000017df8db9e00 DEOPT UNPACKING pc=0x0000017d989e2b43 sp=0x0000000c6d8f8940 mode 0
Event: 1.073 Thread 0x0000017df8db9e00 DEOPT PACKING pc=0x0000017d918272c2 sp=0x0000000c6d8f9f70
Event: 1.073 Thread 0x0000017df8db9e00 DEOPT UNPACKING pc=0x0000017d989e2b43 sp=0x0000000c6d8f9480 mode 0
Event: 1.180 Thread 0x0000017df8db9e00 Uncommon trap: trap_request=0xffffff45 fr.pc=0x0000017d99157478 relative=0x0000000000000178
Event: 1.180 Thread 0x0000017df8db9e00 Uncommon trap: reason=unstable_if action=reinterpret pc=0x0000017d99157478 method=java.lang.String.indexOf(II)I @ 4 c2
Event: 1.180 Thread 0x0000017df8db9e00 DEOPT PACKING pc=0x0000017d99157478 sp=0x0000000c6d8feb90
Event: 1.180 Thread 0x0000017df8db9e00 DEOPT UNPACKING pc=0x0000017d989e23a3 sp=0x0000000c6d8feac0 mode 2
Event: 1.180 Thread 0x0000017df8db9e00 Uncommon trap: trap_request=0xffffff45 fr.pc=0x0000017d990f87dc relative=0x00000000000001bc
Event: 1.180 Thread 0x0000017df8db9e00 Uncommon trap: reason=unstable_if action=reinterpret pc=0x0000017d990f87dc method=java.lang.String.indexOf(II)I @ 4 c2
Event: 1.180 Thread 0x0000017df8db9e00 DEOPT PACKING pc=0x0000017d990f87dc sp=0x0000000c6d8fe9e0
Event: 1.180 Thread 0x0000017df8db9e00 DEOPT UNPACKING pc=0x0000017d989e23a3 sp=0x0000000c6d8fe980 mode 2
Event: 1.181 Thread 0x0000017df8db9e00 Uncommon trap: trap_request=0xffffff45 fr.pc=0x0000017d990fd054 relative=0x0000000000000134
Event: 1.181 Thread 0x0000017df8db9e00 Uncommon trap: reason=unstable_if action=reinterpret pc=0x0000017d990fd054 method=java.lang.AbstractStringBuilder.putStringAt(ILjava/lang/String;II)V @ 8 c2
Event: 1.181 Thread 0x0000017df8db9e00 DEOPT PACKING pc=0x0000017d990fd054 sp=0x0000000c6d8fea70
Event: 1.181 Thread 0x0000017df8db9e00 DEOPT UNPACKING pc=0x0000017d989e23a3 sp=0x0000000c6d8fe9a0 mode 2
Event: 1.498 Thread 0x0000017df8db9e00 DEOPT PACKING pc=0x0000017d9187a30c sp=0x0000000c6d8feaf0
Event: 1.498 Thread 0x0000017df8db9e00 DEOPT UNPACKING pc=0x0000017d989e2b43 sp=0x0000000c6d8fdf78 mode 0

Classes unloaded (0 events):
No events

Classes redefined (0 events):
No events

Internal exceptions (20 events):
Event: 0.154 Thread 0x0000017df8db9e00 Exception <a 'java/lang/NoSuchMethodError'{0x0000000714e57478}: 'int java.lang.invoke.DirectMethodHandle$Holder.invokeStaticInit(java.lang.Object, java.lang.Object)'> (0x0000000714e57478) 
thrown [s\open\src\hotspot\share\interpreter\linkResolver.cpp, line 759]
Event: 0.348 Thread 0x0000017df8db9e00 Exception <a 'java/lang/NoSuchMethodError'{0x0000000714728c38}: 'void java.lang.invoke.DirectMethodHandle$Holder.invokeStatic(java.lang.Object, java.lang.Object, java.lang.Object, java.lang.Object)'> (0x0000000714728c38) 
thrown [s\open\src\hotspot\share\interpreter\linkResolver.cpp, line 759]
Event: 0.354 Thread 0x0000017df8db9e00 Exception <a 'java/lang/NoSuchMethodError'{0x0000000714764cf0}: 'int java.lang.invoke.DirectMethodHandle$Holder.invokeStatic(java.lang.Object, java.lang.Object, int)'> (0x0000000714764cf0) 
thrown [s\open\src\hotspot\share\interpreter\linkResolver.cpp, line 759]
Event: 0.358 Thread 0x0000017df8db9e00 Exception <a 'java/lang/NoSuchMethodError'{0x0000000714780e68}: 'int java.lang.invoke.DirectMethodHandle$Holder.invokeStatic(java.lang.Object)'> (0x0000000714780e68) 
thrown [s\open\src\hotspot\share\interpreter\linkResolver.cpp, line 759]
Event: 0.358 Thread 0x0000017df8db9e00 Exception <a 'java/lang/NoSuchMethodError'{0x0000000714784318}: 'int java.lang.invoke.DirectMethodHandle$Holder.invokeStaticInit(java.lang.Object)'> (0x0000000714784318) 
thrown [s\open\src\hotspot\share\interpreter\linkResolver.cpp, line 759]
Event: 0.364 Thread 0x0000017df8db9e00 Exception <a 'java/lang/NoSuchMethodError'{0x000000071479a4f0}: 'java.lang.Object java.lang.invoke.DirectMethodHandle$Holder.invokeStaticInit(java.lang.Object)'> (0x000000071479a4f0) 
thrown [s\open\src\hotspot\share\interpreter\linkResolver.cpp, line 759]
Event: 0.372 Thread 0x0000017df8db9e00 Exception <a 'java/lang/NoSuchMethodError'{0x00000007147b8118}: 'void java.lang.invoke.DirectMethodHandle$Holder.invokeStatic(java.lang.Object, java.lang.Object, java.lang.Object)'> (0x00000007147b8118) 
thrown [s\open\src\hotspot\share\interpreter\linkResolver.cpp, line 759]
Event: 0.379 Thread 0x0000017df8db9e00 Exception <a 'java/lang/NoSuchMethodError'{0x00000007147dc1b8}: 'java.lang.Object java.lang.invoke.DirectMethodHandle$Holder.invokeStatic(java.lang.Object, java.lang.Object, int)'> (0x00000007147dc1b8) 
thrown [s\open\src\hotspot\share\interpreter\linkResolver.cpp, line 759]
Event: 0.380 Thread 0x0000017df8db9e00 Exception <a 'java/lang/NoSuchMethodError'{0x00000007147e7fa0}: 'void java.lang.invoke.DelegatingMethodHandle$Holder.delegate(java.lang.Object, java.lang.Object, int, java.lang.Object)'> (0x00000007147e7fa0) 
thrown [s\open\src\hotspot\share\interpreter\linkResolver.cpp, line 759]
Event: 0.381 Thread 0x0000017df8db9e00 Exception <a 'java/lang/NoSuchMethodError'{0x00000007147ec0e8}: 'int java.lang.invoke.DirectMethodHandle$Holder.invokeSpecial(java.lang.Object, java.lang.Object, java.lang.Object)'> (0x00000007147ec0e8) 
thrown [s\open\src\hotspot\share\interpreter\linkResolver.cpp, line 759]
Event: 0.393 Thread 0x0000017df8db9e00 Exception <a 'java/lang/NoSuchMethodError'{0x0000000714426fb8}: 'java.lang.Object java.lang.invoke.DirectMethodHandle$Holder.invokeInterface(java.lang.Object, java.lang.Object)'> (0x0000000714426fb8) 
thrown [s\open\src\hotspot\share\interpreter\linkResolver.cpp, line 759]
Event: 0.393 Thread 0x0000017df8db9e00 Exception <a 'java/lang/IncompatibleClassChangeError'{0x000000071442a508}: Found class java.lang.Object, but interface was expected> (0x000000071442a508) 
thrown [s\open\src\hotspot\share\interpreter\linkResolver.cpp, line 826]
Event: 0.396 Thread 0x0000017df8db9e00 Exception <a 'java/lang/NoSuchMethodError'{0x0000000714435800}: 'void java.lang.invoke.DirectMethodHandle$Holder.invokeSpecial(java.lang.Object, java.lang.Object, java.lang.Object)'> (0x0000000714435800) 
thrown [s\open\src\hotspot\share\interpreter\linkResolver.cpp, line 759]
Event: 0.404 Thread 0x0000017df8db9e00 Exception <a 'java/lang/NoSuchMethodError'{0x0000000714450480}: 'java.lang.Object java.lang.invoke.DirectMethodHandle$Holder.newInvokeSpecial(java.lang.Object, java.lang.Object, java.lang.Object, int, java.lang.Object)'> (0x0000000714450480) 
thrown [s\open\src\hotspot\share\interpreter\linkResolver.cpp, line 759]
Event: 0.405 Thread 0x0000017df8db9e00 Exception <a 'java/lang/NoSuchMethodError'{0x0000000714458040}: 'java.lang.Object java.lang.invoke.Invokers$Holder.linkToTargetMethod(java.lang.Object, java.lang.Object, int, java.lang.Object, java.lang.Object)'> (0x0000000714458040) 
thrown [s\open\src\hotspot\share\interpreter\linkResolver.cpp, line 759]
Event: 0.512 Thread 0x0000017df8db9e00 Exception <a 'java/lang/NoSuchMethodError'{0x00000007141f5260}: 'java.lang.Object java.lang.invoke.DirectMethodHandle$Holder.newInvokeSpecial(java.lang.Object, long, int, java.lang.Object)'> (0x00000007141f5260) 
thrown [s\open\src\hotspot\share\interpreter\linkResolver.cpp, line 759]
Event: 0.524 Thread 0x0000017df8db9e00 Exception <a 'java/lang/NoSuchMethodError'{0x000000071543f148}: 'void java.lang.invoke.DirectMethodHandle$Holder.invokeStaticInit(java.lang.Object, java.lang.Object, java.lang.Object, java.lang.Object)'> (0x000000071543f148) 
thrown [s\open\src\hotspot\share\interpreter\linkResolver.cpp, line 759]
Event: 0.641 Thread 0x0000017df8db9e00 Exception <a 'java/lang/NoSuchMethodError'{0x000000071539de60}: 'int java.lang.invoke.DirectMethodHandle$Holder.invokeInterface(java.lang.Object, java.lang.Object)'> (0x000000071539de60) 
thrown [s\open\src\hotspot\share\interpreter\linkResolver.cpp, line 759]
Event: 0.641 Thread 0x0000017df8db9e00 Exception <a 'java/lang/IncompatibleClassChangeError'{0x00000007153a1148}: Found class java.lang.Object, but interface was expected> (0x00000007153a1148) 
thrown [s\open\src\hotspot\share\interpreter\linkResolver.cpp, line 826]
Event: 0.642 Thread 0x0000017df8db9e00 Exception <a 'java/lang/NoSuchMethodError'{0x00000007153a6c10}: 'void java.lang.invoke.DirectMethodHandle$Holder.invokeStatic(java.lang.Object, java.lang.Object)'> (0x00000007153a6c10) 
thrown [s\open\src\hotspot\share\interpreter\linkResolver.cpp, line 759]

VM Operations (20 events):
Event: 0.761 Executing VM operation: HandshakeAllThreads done
Event: 0.905 Executing VM operation: HandshakeAllThreads
Event: 0.905 Executing VM operation: HandshakeAllThreads done
Event: 1.112 Executing VM operation: G1CollectForAllocation
Event: 1.121 Executing VM operation: G1CollectForAllocation done
Event: 1.286 Executing VM operation: G1TryInitiateConcMark
Event: 1.290 Executing VM operation: G1TryInitiateConcMark done
Event: 1.307 Executing VM operation: G1TryInitiateConcMark
Event: 1.310 Executing VM operation: G1TryInitiateConcMark done
Event: 1.326 Executing VM operation: G1TryInitiateConcMark
Event: 1.329 Executing VM operation: G1TryInitiateConcMark done
Event: 1.347 Executing VM operation: G1TryInitiateConcMark
Event: 1.351 Executing VM operation: G1TryInitiateConcMark done
Event: 1.417 Executing VM operation: G1TryInitiateConcMark
Event: 1.420 Executing VM operation: G1TryInitiateConcMark done
Event: 1.447 Executing VM operation: G1TryInitiateConcMark
Event: 1.450 Executing VM operation: G1TryInitiateConcMark done
Event: 1.477 Executing VM operation: G1TryInitiateConcMark
Event: 1.480 Executing VM operation: G1TryInitiateConcMark done
Event: 1.505 Executing VM operation: G1TryInitiateConcMark

Events (20 events):
Event: 0.943 loading class sun/util/locale/provider/TimeZoneNameProviderImpl
Event: 0.943 loading class sun/util/locale/provider/TimeZoneNameProviderImpl done
Event: 0.943 loading class sun/util/cldr/CLDRTimeZoneNameProviderImpl done
Event: 0.947 Thread 0x0000017df3f396d0 Thread added: 0x0000017df3f396d0
Event: 0.947 Thread 0x0000017df3f39bf0 Thread added: 0x0000017df3f39bf0
Event: 0.947 Thread 0x0000017df3ef2320 Thread added: 0x0000017df3ef2320
Event: 0.952 loading class java/util/ArrayList$SubList$1
Event: 0.952 loading class java/util/ArrayList$SubList$1 done
Event: 0.952 loading class sun/text/resources/cldr/FormatData_en
Event: 0.952 loading class sun/text/resources/cldr/FormatData_en done
Event: 0.956 loading class java/text/ParsePosition
Event: 0.956 loading class java/text/ParsePosition done
Event: 0.956 loading class java/text/CalendarBuilder
Event: 0.957 loading class java/text/CalendarBuilder done
Event: 1.176 loading class sun/security/util/Cache$EqualByteArray
Event: 1.176 loading class sun/security/util/Cache$EqualByteArray done
Event: 1.177 loading class sun/security/util/MemoryCache$SoftCacheEntry
Event: 1.177 loading class sun/security/util/MemoryCache$CacheEntry
Event: 1.177 loading class sun/security/util/MemoryCache$CacheEntry done
Event: 1.177 loading class sun/security/util/MemoryCache$SoftCacheEntry done


Dynamic libraries:
0x00007ff680f60000 - 0x00007ff680f70000 	D:\JDK\bin\java.exe
0x00007ffd31ad0000 - 0x00007ffd31cc8000 	C:\Windows\SYSTEM32\ntdll.dll
0x00007ffd31860000 - 0x00007ffd31922000 	C:\Windows\System32\KERNEL32.DLL
0x00007ffd2f510000 - 0x00007ffd2f806000 	C:\Windows\System32\KERNELBASE.dll
0x00007ffd058f0000 - 0x00007ffd05906000 	C:\InetPub\ftproot\Tipray\Ldterm\ghijt64.DLL
0x00007ffd2fc20000 - 0x00007ffd2fcd1000 	C:\Windows\System32\ADVAPI32.dll
0x00007ffd30580000 - 0x00007ffd3061e000 	C:\Windows\System32\msvcrt.dll
0x00007ffd30130000 - 0x00007ffd301cf000 	C:\Windows\System32\sechost.dll
0x00007ffd301d0000 - 0x00007ffd302f0000 	C:\Windows\System32\RPCRT4.dll
0x00007ffd2f4e0000 - 0x00007ffd2f507000 	C:\Windows\System32\bcrypt.dll
0x00007ffd2f1a0000 - 0x00007ffd2f2a0000 	C:\Windows\System32\ucrtbase.dll
0x00007ffd11220000 - 0x00007ffd11239000 	D:\JDK\bin\jli.dll
0x00007ffd104d0000 - 0x00007ffd104eb000 	D:\JDK\bin\VCRUNTIME140.dll
0x00007ffd2ff90000 - 0x00007ffd3012d000 	C:\Windows\System32\USER32.dll
0x00007ffd2f170000 - 0x00007ffd2f192000 	C:\Windows\System32\win32u.dll
0x00007ffd30370000 - 0x00007ffd3039b000 	C:\Windows\System32\GDI32.dll
0x00007ffd2f9e0000 - 0x00007ffd2faf9000 	C:\Windows\System32\gdi32full.dll
0x00007ffd2f940000 - 0x00007ffd2f9dd000 	C:\Windows\System32\msvcp_win.dll
0x00007ffd10a40000 - 0x00007ffd10cdb000 	C:\Windows\WinSxS\amd64_microsoft.windows.common-controls_6595b64144ccf1df_6.0.19041.6280_none_60bc30a171f2f3f3\COMCTL32.dll
0x00007ffd24800000 - 0x00007ffd2480a000 	C:\Windows\SYSTEM32\VERSION.dll
0x00007ffd055b0000 - 0x00007ffd05624000 	C:\Inetpub\ftproot\Tipray\LdTerm\LdSmartEnc64.dll
0x00007ffd26ad0000 - 0x00007ffd26adb000 	C:\Windows\SYSTEM32\FLTLIB.DLL
0x00007ffd31a60000 - 0x00007ffd31a8f000 	C:\Windows\System32\IMM32.DLL
0x00007ffd053d0000 - 0x00007ffd053ef000 	C:\Inetpub\ftproot\Tipray\LdTerm\HookCreateProcessInternal64.dll
0x00007ffd05380000 - 0x00007ffd053c8000 	C:\Inetpub\ftproot\Tipray\LdTerm\LdUserInjectDll64.dll
0x00007ffd05230000 - 0x00007ffd05258000 	C:\Inetpub\ftproot\Tipray\LdTerm\HookDataInteractionx64.dll
0x00007ffd04ba0000 - 0x00007ffd04e2a000 	C:\Inetpub\ftproot\Tipray\LdTerm\LdHook64.dll
0x00007ffd30620000 - 0x00007ffd3074b000 	C:\Windows\System32\ole32.dll
0x00007ffd31500000 - 0x00007ffd31853000 	C:\Windows\System32\combase.dll
0x00007ffd31420000 - 0x00007ffd31428000 	C:\Windows\System32\PSAPI.DLL
0x00007ffd05630000 - 0x00007ffd056d4000 	C:\Windows\SYSTEM32\WINSPOOL.DRV
0x00007ffd303a0000 - 0x00007ffd3044d000 	C:\Windows\System32\shcore.dll
0x00007ffd2e960000 - 0x00007ffd2e96c000 	C:\Windows\SYSTEM32\CRYPTBASE.DLL
0x00007ffd04750000 - 0x00007ffd04775000 	C:\Inetpub\ftproot\Tipray\LdTerm\ghhlp64.dll
0x00007ffcad010000 - 0x00007ffcad086000 	C:\Inetpub\ftproot\Tipray\LdTerm\MonFileOp64.dll
0x00007ffd30840000 - 0x00007ffd30fb0000 	C:\Windows\System32\SHELL32.dll
0x00007ffd314a0000 - 0x00007ffd314fb000 	C:\Windows\System32\SHLWAPI.dll
0x00007ffd26d70000 - 0x00007ffd26d8d000 	C:\Windows\SYSTEM32\MPR.dll
0x00007ffd2b050000 - 0x00007ffd2b05c000 	D:\JDK\bin\vcruntime140_1.dll
0x00007ffcd11d0000 - 0x00007ffcd15bc000 	C:\Inetpub\ftproot\Tipray\LdTerm\LdWaterMarkHook64.dll
0x00007ffd129a0000 - 0x00007ffd12b48000 	C:\Windows\WinSxS\amd64_microsoft.windows.gdiplus_6595b64144ccf1df_1.1.19041.6216_none_919f98d0cc8c5626\gdiplus.dll
0x00007ffce3fb0000 - 0x00007ffce403e000 	D:\JDK\bin\msvcp140.dll
0x00007ffc8a1d0000 - 0x00007ffc8adb0000 	D:\JDK\bin\server\jvm.dll
0x00007ffd2b5e0000 - 0x00007ffd2b607000 	C:\Windows\SYSTEM32\WINMM.dll
0x00007ffce1570000 - 0x00007ffce1579000 	C:\Windows\SYSTEM32\WSOCK32.dll
0x00007ffd31430000 - 0x00007ffd3149b000 	C:\Windows\System32\WS2_32.dll
0x00007ffd10d50000 - 0x00007ffd10f17000 	C:\Inetpub\ftproot\Tipray\LdTerm\LdPrintMonitor64.dll
0x00007ffd2d790000 - 0x00007ffd2d7a2000 	C:\Windows\SYSTEM32\kernel.appcore.dll
0x00007ffd29e10000 - 0x00007ffd29e1a000 	D:\JDK\bin\jimage.dll
0x00007ffd2d2b0000 - 0x00007ffd2d4b1000 	C:\Windows\SYSTEM32\DBGHELP.DLL
0x00007ffd07960000 - 0x00007ffd07994000 	C:\Windows\SYSTEM32\dbgcore.DLL
0x00007ffd2f2a0000 - 0x00007ffd2f322000 	C:\Windows\System32\bcryptPrimitives.dll
0x00007ffd10930000 - 0x00007ffd10955000 	D:\JDK\bin\java.dll
0x00007ffce26d0000 - 0x00007ffce27a7000 	D:\JDK\bin\jsvml.dll
0x00007ffd2c190000 - 0x00007ffd2c935000 	C:\Windows\SYSTEM32\windows.storage.dll
0x00007ffd2e9f0000 - 0x00007ffd2ea1b000 	C:\Windows\SYSTEM32\Wldp.dll
0x00007ffd31930000 - 0x00007ffd319fd000 	C:\Windows\System32\OLEAUT32.dll
0x00007ffd2f0a0000 - 0x00007ffd2f0c4000 	C:\Windows\SYSTEM32\profapi.dll
0x00007ffd29df0000 - 0x00007ffd29e09000 	D:\JDK\bin\net.dll
0x00007ffd2ab40000 - 0x00007ffd2ac4a000 	C:\Windows\SYSTEM32\WINHTTP.dll
0x00007ffd2e7d0000 - 0x00007ffd2e83a000 	C:\Windows\system32\mswsock.dll
0x00007ffd101d0000 - 0x00007ffd101e6000 	D:\JDK\bin\nio.dll
0x00007ffd00d30000 - 0x00007ffd00d48000 	D:\JDK\bin\zip.dll
0x00007ffd29640000 - 0x00007ffd2964e000 	D:\JDK\bin\sunmscapi.dll
0x00007ffd2f330000 - 0x00007ffd2f48d000 	C:\Windows\System32\CRYPT32.dll
0x00007ffd2eba0000 - 0x00007ffd2ebc7000 	C:\Windows\SYSTEM32\ncrypt.dll
0x00007ffd2eb60000 - 0x00007ffd2eb9b000 	C:\Windows\SYSTEM32\NTASN1.dll
0x00007ffd28170000 - 0x00007ffd2817a000 	D:\JDK\bin\management.dll
0x00007ffd24810000 - 0x00007ffd2481b000 	D:\JDK\bin\management_ext.dll
0x00007ffcfcec0000 - 0x00007ffcfced7000 	C:\Windows\system32\napinsp.dll
0x00007ffcfcea0000 - 0x00007ffcfcebb000 	C:\Windows\system32\pnrpnsp.dll
0x00007ffcfcb40000 - 0x00007ffcfcb5d000 	C:\Windows\system32\wshbth.dll
0x00007ffd2ab20000 - 0x00007ffd2ab3d000 	C:\Windows\system32\NLAapi.dll
0x00007ffd2e4d0000 - 0x00007ffd2e50b000 	C:\Windows\SYSTEM32\IPHLPAPI.DLL
0x00007ffd2e510000 - 0x00007ffd2e5da000 	C:\Windows\SYSTEM32\DNSAPI.dll
0x00007ffd2fd40000 - 0x00007ffd2fd48000 	C:\Windows\System32\NSI.dll
0x00007ffcfca50000 - 0x00007ffcfca62000 	C:\Windows\System32\winrnr.dll
0x00007ffd2a380000 - 0x00007ffd2a38a000 	C:\Windows\System32\rasadhlp.dll
0x00007ffd2a800000 - 0x00007ffd2a880000 	C:\Windows\System32\fwpuclnt.dll

dbghelp: loaded successfully - version: 4.0.5 - missing functions: none
symbol engine: initialized successfully - sym options: 0x614 - pdb path: .;D:\JDK\bin;C:\Windows\SYSTEM32;C:\InetPub\ftproot\Tipray\Ldterm;C:\Windows\WinSxS\amd64_microsoft.windows.common-controls_6595b64144ccf1df_6.0.19041.6280_none_60bc30a171f2f3f3;C:\Windows\WinSxS\amd64_microsoft.windows.gdiplus_6595b64144ccf1df_1.1.19041.6216_none_919f98d0cc8c5626;D:\JDK\bin\server

VM Arguments:
java_command: E:\command-line-tools\sdk\default\openharmony\toolchains\lib\hap-sign-tool.jar sign-app -mode localSign -keystoreFile C:\Users\AI008\.ohos\config\default_my_-harmony-master_1V8hOf65nuchsZenh4-sAEUYSHK5dPm45Zy5sDU6aOk=.p12 -keystorePwd Cqdc3jQaG5c -keyAlias debugKey -keyPwd Cqdc3jQaG5c -signAlg SHA256withECDSA -profileFile C:\Users\AI008\.ohos\config\default_my_-harmony-master_1V8hOf65nuchsZenh4-sAEUYSHK5dPm45Zy5sDU6aOk=.p7b -appCertFile C:\Users\AI008\.ohos\config\default_my_-harmony-master_1V8hOf65nuchsZenh4-sAEUYSHK5dPm45Zy5sDU6aOk=.cer -inFile C:\Users\AI008\Desktop\my_-harmony-master\entry\build\default\outputs\default\entry-default-unsigned.hap -outFile C:\Users\AI008\Desktop\my_-harmony-master\entry\build\default\outputs\default\entry-default-signed.hap
java_class_path (initial): E:\command-line-tools\sdk\default\openharmony\toolchains\lib\hap-sign-tool.jar
Launcher Type: SUN_STANDARD

[Global flags]
     intx CICompilerCount                          = 12                                        {product} {ergonomic}
     uint ConcGCThreads                            = 3                                         {product} {ergonomic}
     uint G1ConcRefinementThreads                  = 13                                        {product} {ergonomic}
   size_t G1HeapRegionSize                         = 2097152                                   {product} {ergonomic}
    uintx GCDrainStackTargetSize                   = 64                                        {product} {ergonomic}
   size_t InitialHeapSize                          = 264241152                                 {product} {ergonomic}
   size_t MarkStackSize                            = 4194304                                   {product} {ergonomic}
   size_t MaxHeapSize                              = 4200595456                                {product} {ergonomic}
   size_t MaxNewSize                               = 2518679552                                {product} {ergonomic}
   size_t MinHeapDeltaBytes                        = 2097152                                   {product} {ergonomic}
   size_t MinHeapSize                              = 8388608                                   {product} {ergonomic}
    uintx NonNMethodCodeHeapSize                   = 7602480                                {pd product} {ergonomic}
    uintx NonProfiledCodeHeapSize                  = 122027880                              {pd product} {ergonomic}
    uintx ProfiledCodeHeapSize                     = 122027880                              {pd product} {ergonomic}
    uintx ReservedCodeCacheSize                    = 251658240                              {pd product} {ergonomic}
     bool SegmentedCodeCache                       = true                                      {product} {ergonomic}
   size_t SoftMaxHeapSize                          = 4200595456                             {manageable} {ergonomic}
     bool UseCompressedClassPointers               = true                           {product lp64_product} {ergonomic}
     bool UseCompressedOops                        = true                           {product lp64_product} {ergonomic}
     bool UseG1GC                                  = true                                      {product} {ergonomic}
     bool UseLargePagesIndividualAllocation        = false                                  {pd product} {ergonomic}

Logging:
Log output configuration:
 #0: stdout all=warning uptime,level,tags
 #1: stderr all=off uptime,level,tags

Environment Variables:
PATH=E:\command-line-tools\tool\node;C:\Program Files\PowerShell\7;C:\Python313\Scripts\;C:\Python313\;C:\Program Files\Common Files\Oracle\Java\javapath;C:\Users\AI008\AppData\Local\Android\Sdk\emulator;C:\Users\AI008\AppData\Local\Android\Sdk\tools;C:\Users\AI008\AppData\Local\Android\Sdk\bin;C:\Users\AI008\AppData\Local\Android\Sdk\platform-tools;D:\VMware\bin\;C:\Windows\system32;C:\Windows;C:\Windows\System32\Wbem;C:\Windows\System32\WindowsPowerShell\v1.0\;C:\Windows\System32\OpenSSH\;C:\Program Files (x86)\Microsoft VS Code\bin;D:\mingw64\bin;D:\Git\cmd;D:\JDK\bin;C:\Program Files\Go\bin;E:\New Folder\;C:\ProgramData\chocolatey\bin;C:\Users\AI008\.cargo\bin;E:\OpenSSL-Win64\bin;E:\nvm;E:\nodejs;C:\Users\AI008\npm-global;C:\Program Files (x86)\Windows Kits\10\Windows Performance Toolkit\;C:\Program Files\PowerShell\7\;D:\New Folder\bin;C:\Users\AI008\AppData\Local\Programs\Python\Python38\Scripts\;C:\Users\AI008\AppData\Local\Programs\Python\Python38\;C:\Python313\Scripts\;C:\Python313\;C:\Program Files\Common Files\Oracle\Java\javapath;C:\Users\AI008\AppData\Local\Android\Sdk\emulator;C:\Users\AI008\AppData\Local\Android\Sdk\tools;C:\Users\AI008\AppData\Local\Android\Sdk\bin;C:\Users\AI008\AppData\Local\Android\Sdk\platform-tools;D:\VMware\bin\;C:\Windows\system32;C:\Windows;C:\Windows\System32\Wbem;C:\Windows\System32\WindowsPowerShell\v1.0\;C:\Windows\System32\OpenSSH\;C:\Program Files (x86)\Microsoft VS Code\bin;D:\mingw64\bin;D:\Git\cmd;D:\JDK\bin;C:\Program Files\Go\bin;E:\New Folder\;C:\ProgramData\chocolatey\bin;C:\Users\AI008\.cargo\bin;E:\OpenSSL-Win64\bin;E:\nvm;E:\nodejs;C:\Users\AI008\AppData\Local\Programs\Python\Python38\Scripts\;C:\Users\AI008\AppData\Local\Programs\Python\Python38\;D:\cursor\resources\app\bin;E:\command-line-tools\bin;E:\huawei\DevEco Studio\bin;C:\Users\AI008\AppData\Local\OpenHarmony\Sdk\15\toolchains;D:\Microsoft VS Code\bin;E:\nvm;E:\nodejs;D:\cursor\resources\app\bin;E:\command-line-tools\bin;E:\huawei\DevEco Studio\bin;E:\O
USERNAME=AI008
OS=Windows_NT
PROCESSOR_IDENTIFIER=Intel64 Family 6 Model 186 Stepping 2, GenuineIntel



---------------  S Y S T E M  ---------------

OS:
 Windows 10 , 64 bit Build 19041 (10.0.19041.5915)
OS uptime: 2 days 2:46 hours
Hyper-V role detected

CPU: total 16 (initial active 16) (8 cores per cpu, 2 threads per core) family 6 model 186 stepping 2 microcode 0x4128, cx8, cmov, fxsr, ht, mmx, 3dnowpref, sse, sse2, sse3, ssse3, sse4.1, sse4.2, popcnt, lzcnt, tsc, tscinvbit, avx, avx2, aes, erms, clmul, bmi1, bmi2, adx, sha, fma, vzeroupper, clflush, clflushopt, clwb, hv

Memory: 4k page, system-wide physical 16016M (1497M free)
TotalPageFile size 35088M (AvailPageFile size 180M)
current process WorkingSet (physical memory assigned to process): 274M, peak: 276M
current process commit charge ("private bytes"): 659M, peak: 1143M

vm_info: Java HotSpot(TM) 64-Bit Server VM (17.0.12+8-LTS-286) for windows-amd64 JRE (17.0.12+8-LTS-286), built on Jun  5 2024 06:46:59 by "mach5one" with MS VC++ 17.6 (VS2022)

END.
